ERROR: 'start_year' no ID: 001AAN005121
ERROR: 'start_year' no ID: 001AAN005122
ERROR: 'start_year' no ID: 001AAN005123
ERROR: 'start_year' no ID: 001AAN005124
ERROR: 'start_year' no ID: 001AAN005125
ERROR: 'start_year' no ID: 001AAN005126
ERROR: 'start_year' no ID: 001AAN005127
ERROR: 'start_year' no ID: 001AAN005128
ERROR: 'start_year' no ID: 001AAN005129
ERROR: 'start_year' no ID: 001AAN005135
ERROR: 'start_year' no ID: 001AAN005136
ERROR: 'start_year' no ID: 001AAN005137
ERROR: 'start_year' no ID: 001AAN005138
ERROR: 'start_year' no ID: 001AAN005139
ERROR: 'start_year' no ID: 001AAN005140
ERROR: 'start_year' no ID: 001AAN005141
ERROR: 'start_year' no ID: 001AAN005142
ERROR: 'start_year' no ID: 001AAN005143
ERROR: 'start_year' no ID: 001AAN005144
ERROR: 'start_year' no ID: 001AAN005145
ERROR: 'start_year' no ID: 001AAN005146
ERROR: 'start_year' no ID: 001AAN005147
ERROR: 'start_year' no ID: 001AAN005148
ERROR: 'start_year' no ID: 001AAN005149
ERROR: 'start_year' no ID: 001AAN005150
ERROR: 'start_year' no ID: 001AAN005151
ERROR: 'start_year' no ID: 001AAN014010
ERROR: 'start_year' no ID: 001AAN014011
ERROR: 'start_year' no ID: 001AAN014015
ERROR: 'start_year' no ID: 001AAN014016
ERROR: 'start_year' no ID: 001ACL017002
ERROR: 'start_year' no ID: 001ACL017006
ERROR: 'start_year' no ID: 001ACL017018
ERROR: 'start_year' no ID: 001ACL017022
ERROR: 'start_year' no ID: 001ACL018002
ERROR: 'start_year' no ID: 001ACL018004
ERROR: 'start_year' no ID: 001ACL019001
ERROR: 'start_year' no ID: 001ACL019003
ERROR: 'start_year' no ID: 001ACL019004
ERROR: 'start_year' no ID: 001ACL019005
ERROR: 'start_year' no ID: 001ACL019007
ERROR: 'start_year' no ID: 001ACL019009
ERROR: 'start_year' no ID: 001ACL019014
ERROR: 'start_year' no ID: 001ACL019026
ERROR: 'start_year' no ID: 001ACL019029
ERROR: 'start_year' no ID: 001ACL019030
ERROR: 'start_year' no ID: 001ACL019043
ERROR: 'start_year' no ID: 001ACL019053
ERROR: 'start_year' no ID: 001ACL019059
ERROR: 'start_year' no ID: 001ACL019093
ERROR: 'start_year' no ID: 001AE001001
ERROR: 'start_year' no ID: 001AE001002
ERROR: 'start_year' no ID: 001AE001003
ERROR: 'start_year' no ID: 001AF001001
ERROR: 'start_year' no ID: 001ALA011001
ERROR: 'start_year' no ID: 001ALA011002
ERROR: 'start_year' no ID: 001ALA011003
ERROR: 'start_year' no ID: 001ALA011004
ERROR: 'start_year' no ID: 001ALA011005
ERROR: 'start_year' no ID: 001ALA011006
ERROR: 'start_year' no ID: 001ALA011007
ERROR: 'start_year' no ID: 001ALA011008
ERROR: 'start_year' no ID: 001ALA011009
ERROR: 'start_year' no ID: 001ALA011010
ERROR: 'start_year' no ID: 001ALA011011
ERROR: 'start_year' no ID: 001ALA011012
ERROR: 'start_year' no ID: 001ALA011013
ERROR: 'start_year' no ID: 001ALA011014
ERROR: 'start_year' no ID: 001ALA011015
ERROR: 'start_year' no ID: 001ALA011016
ERROR: 'start_year' no ID: 001ALA011017
ERROR: 'start_year' no ID: 001ALA011018
ERROR: 'start_year' no ID: 001ALA011019
ERROR: 'start_year' no ID: 001ALA011020
ERROR: 'start_year' no ID: 001AM001001
ERROR: 'start_year' no ID: 001AM002001
ERROR: 'start_year' no ID: 001AM002002
ERROR: 'start_year' no ID: 001AM003
ERROR: 'start_year' no ID: 001AM004
ERROR: 'start_year' no ID: 001AM005001
ERROR: 'start_year' no ID: 001AM005002
ERROR: 'start_year' no ID: 001AM006
ERROR: 'start_year' no ID: 001AM008
ERROR: 'start_year' no ID: 001AM010
ERROR: 'start_year' no ID: 001AM011
ERROR: 'start_year' no ID: 001AM012001
ERROR: 'start_year' no ID: 001AM012002
ERROR: 'start_year' no ID: 001AM012003
ERROR: 'start_year' no ID: 001AM013
ERROR: 'start_year' no ID: 001AM014001
ERROR: 'start_year' no ID: 001AM014002
ERROR: 'start_year' no ID: 001AMF013001
ERROR: 'start_year' no ID: 001AMF013002
ERROR: 'start_year' no ID: 001AMF013003
ERROR: 'start_year' no ID: 001AMF013005
ERROR: 'start_year' no ID: 001AMF013007
ERROR: 'start_year' no ID: 001AMF013009
ERROR: 'start_year' no ID: 001AMF013010
ERROR: 'start_year' no ID: 001AMF015001
ERROR: 'start_year' no ID: 001AMF015002
ERROR: 'start_year' no ID: 001AMF015008
ERROR: 'start_year' no ID: 001AMF015015
ERROR: 'start_year' no ID: 001AMF015016
ERROR: 'start_year' no ID: 001AMF015020
ERROR: 'start_year' no ID: 001AMF015022
ERROR: 'start_year' no ID: 001AMF015024
ERROR: 'start_year' no ID: 001AMF015025
ERROR: 'start_year' no ID: 001AMF016001
ERROR: 'start_year' no ID: 001AMF016002
ERROR: 'start_year' no ID: 001AMF016005
ERROR: 'start_year' no ID: 001AMF016006
ERROR: 'start_year' no ID: 001AMF016008
ERROR: 'start_year' no ID: 001AMF016016
ERROR: 'start_year' no ID: 001AMF016025
ERROR: 'start_year' no ID: 001AMF016042
ERROR: 'start_year' no ID: 001AN01001001
ERROR: 'start_year' no ID: 001AN01001002
ERROR: 'start_year' no ID: 001AN01001003
ERROR: 'start_year' no ID: 001AN01001004
ERROR: 'start_year' no ID: 001AN01001006
ERROR: 'start_year' no ID: 001AN01001007
ERROR: 'start_year' no ID: 001AN01001008
ERROR: 'start_year' no ID: 001AN01001009
ERROR: 'start_year' no ID: 001AN01001010
ERROR: 'start_year' no ID: 001AN01001011
ERROR: 'start_year' no ID: 001AN01001018
ERROR: 'start_year' no ID: 001AN01001019
ERROR: 'start_year' no ID: 001AN01001020
ERROR: 'start_year' no ID: 001AN01001026
ERROR: 'start_year' no ID: 001AN01001027
ERROR: 'start_year' no ID: 001AN01001029
ERROR: 'start_year' no ID: 001AN01001030
ERROR: 'start_year' no ID: 001AN01001031
ERROR: 'start_year' no ID: 001AN01002001
ERROR: 'start_year' no ID: 001AN01002002
ERROR: 'start_year' no ID: 001AN01002003
ERROR: 'start_year' no ID: 001AN01002004
ERROR: 'start_year' no ID: 001AN01002005
ERROR: 'start_year' no ID: 001AN01002006
ERROR: 'start_year' no ID: 001AN01002007
ERROR: 'start_year' no ID: 001AN01002008
ERROR: 'start_year' no ID: 001AN01002009A
ERROR: 'start_year' no ID: 001AN01002009B
ERROR: 'start_year' no ID: 001AN01002010
ERROR: 'start_year' no ID: 001AN01002011
ERROR: 'start_year' no ID: 001AN01002012
ERROR: 'start_year' no ID: 001AN01002013
ERROR: 'start_year' no ID: 001AN01002014
ERROR: 'start_year' no ID: 001AN01002015
ERROR: 'start_year' no ID: 001AN01002016
ERROR: 'start_year' no ID: 001AN01002017A
ERROR: 'start_year' no ID: 001AN01002017B
ERROR: 'start_year' no ID: 001AN01002018
ERROR: 'start_year' no ID: 001AN01002019
ERROR: 'start_year' no ID: 001AN01002020
ERROR: 'start_year' no ID: 001AN01002021
ERROR: 'start_year' no ID: 001AN01002022
ERROR: 'start_year' no ID: 001AN01002023
ERROR: 'start_year' no ID: 001AN01002025
ERROR: 'start_year' no ID: 001AN01002026
ERROR: 'start_year' no ID: 001AN01002027
ERROR: 'start_year' no ID: 001AN01002028
ERROR: 'start_year' no ID: 001AN01002029
ERROR: 'start_year' no ID: 001AN01002030
ERROR: 'start_year' no ID: 001AN01002031
ERROR: 'start_year' no ID: 001AN01002032
ERROR: 'start_year' no ID: 001AN01002034
ERROR: 'start_year' no ID: 001AN01002035
ERROR: 'start_year' no ID: 001AN01002037
ERROR: 'start_year' no ID: 001AN01002038
ERROR: 'start_year' no ID: 001AN01002039
ERROR: 'start_year' no ID: 001AN01002040
ERROR: 'start_year' no ID: 001AN01002041
ERROR: 'start_year' no ID: 001AN01002045
ERROR: 'start_year' no ID: 001AN01002047
ERROR: 'start_year' no ID: 001AN01002048
ERROR: 'start_year' no ID: 001AN01002049
ERROR: 'start_year' no ID: 001AN01002050
ERROR: 'start_year' no ID: 001AN01002051
ERROR: 'start_year' no ID: 001AN01002052
ERROR: 'start_year' no ID: 001AN01002053
ERROR: 'start_year' no ID: 001AN01002054
ERROR: 'start_year' no ID: 001AN01002055
ERROR: 'start_year' no ID: 001AN01002056
ERROR: 'start_year' no ID: 001AN01002057
ERROR: 'start_year' no ID: 001AN01002059
ERROR: 'start_year' no ID: 001AN01002060
ERROR: 'start_year' no ID: 001AN01002067A
ERROR: 'start_year' no ID: 001AN01002067B
ERROR: 'start_year' no ID: 001AN01002074
ERROR: 'start_year' no ID: 001AN01002075
ERROR: 'start_year' no ID: 001AN01002076
ERROR: 'start_year' no ID: 001AN01002077
ERROR: 'start_year' no ID: 001AN01002078
ERROR: 'start_year' no ID: 001AN02001002
ERROR: 'start_year' no ID: 001AN02001004
ERROR: 'start_year' no ID: 001AN02001005
ERROR: 'start_year' no ID: 001AN02001006
ERROR: 'start_year' no ID: 001AN16001001
ERROR: 'start_year' no ID: 001AN16001002
ERROR: 'start_year' no ID: 001AN16001004
ERROR: 'start_year' no ID: 001AN16001006
ERROR: 'start_year' no ID: 001AN16001007
ERROR: 'start_year' no ID: 001AN16001008
ERROR: 'start_year' no ID: 001AN16001009
ERROR: 'start_year' no ID: 001AN16001012
ERROR: 'start_year' no ID: 001AN16001013
ERROR: 'start_year' no ID: 001AN24001003
ERROR: 'start_year' no ID: 001AN25001001
ERROR: 'start_year' no ID: 001AN25001002
ERROR: 'start_year' no ID: 001AN25001003
ERROR: 'start_year' no ID: 001AN29001001
ERROR: 'start_year' no ID: 001AN29001002
ERROR: 'start_year' no ID: 001AN29001003
ERROR: 'start_year' no ID: 001AN29001004
ERROR: 'start_year' no ID: 001AN30001001
ERROR: 'start_year' no ID: 001AN31001001
ERROR: 'start_year' no ID: 001AN31001002
ERROR: 'start_year' no ID: 001AN32001
ERROR: 'start_year' no ID: 001ANV022001
ERROR: 'start_year' no ID: 001ANV022002
ERROR: 'start_year' no ID: 001ANV022003
ERROR: 'start_year' no ID: 001ANV022004
ERROR: 'start_year' no ID: 001ANV022005
ERROR: 'start_year' no ID: 001ANV022006
ERROR: 'start_year' no ID: 001ANV022007
ERROR: 'start_year' no ID: 001ANV022009
ERROR: 'start_year' no ID: 001ANV022010
ERROR: 'start_year' no ID: 001ANV022011
ERROR: 'start_year' no ID: 001ANV022012
ERROR: 'start_year' no ID: 001ANV022013
ERROR: 'start_year' no ID: 001ANV022014
ERROR: 'start_year' no ID: 001ANV022015
ERROR: 'start_year' no ID: 001ANV022016
ERROR: 'start_year' no ID: 001ANV022017
ERROR: 'start_year' no ID: 001ANV022018
ERROR: 'start_year' no ID: 001ANV022019
ERROR: 'start_year' no ID: 001ANV022020
ERROR: 'start_year' no ID: 001ANV022021
ERROR: 'start_year' no ID: 001ANV022022
ERROR: 'start_year' no ID: 001ANV022023
ERROR: 'start_year' no ID: 001ANV022024
ERROR: 'start_year' no ID: 001AS001001
ERROR: 'start_year' no ID: 001AS001002
ERROR: 'start_year' no ID: 001AS001004
ERROR: 'start_year' no ID: 001ATK012001
ERROR: 'start_year' no ID: 001ATK012002
ERROR: 'start_year' no ID: 001ATK012003
ERROR: 'start_year' no ID: 001ATK012004
ERROR: 'start_year' no ID: 001ATK012005
ERROR: 'start_year' no ID: 001ATK012006
ERROR: 'start_year' no ID: 001ATK012007
ERROR: 'start_year' no ID: 001ATK012008
ERROR: 'start_year' no ID: 001ATK012009
ERROR: 'start_year' no ID: 001ATK012010
ERROR: 'start_year' no ID: 001ATK012011
ERROR: 'start_year' no ID: 001ATK012012
ERROR: 'start_year' no ID: 001ATK012013
ERROR: 'start_year' no ID: 001ATK012014
ERROR: 'start_year' no ID: 001ATK012015
ERROR: 'start_year' no ID: 001ATK012016
ERROR: 'start_year' no ID: 001ATK012017
ERROR: 'start_year' no ID: 001ATK012018
ERROR: 'start_year' no ID: 001ATK012019
ERROR: 'start_year' no ID: 001ATK012020
ERROR: 'start_year' no ID: 001ATK012021
ERROR: 'start_year' no ID: 001ATK012022
ERROR: 'start_year' no ID: 001ATK012023
ERROR: 'start_year' no ID: 001ATK012024
ERROR: 'start_year' no ID: 001AZ001
ERROR: 'start_year' no ID: 001BA001001
ERROR: 'start_year' no ID: 001BA001002
ERROR: 'start_year' no ID: 001BA001003
ERROR: 'start_year' no ID: 001BA002003
ERROR: 'start_year' no ID: 001BA002004
ERROR: 'start_year' no ID: 001BA003001
ERROR: 'start_year' no ID: 001BA003006
ERROR: 'start_year' no ID: 001BA003007
ERROR: 'start_year' no ID: 001BA003008
ERROR: 'start_year' no ID: 001BA003009
ERROR: 'start_year' no ID: 001BO001001
ERROR: 'start_year' no ID: 001BO002
ERROR: 'start_year' no ID: 001CC001024
ERROR: 'start_year' no ID: 001CC001027
ERROR: 'start_year' no ID: 001CC001032
ERROR: 'start_year' no ID: 001CC002
ERROR: 'start_year' no ID: 001CC003001
ERROR: 'start_year' no ID: 001CC006002
ERROR: 'start_year' no ID: 001CC007001
ERROR: 'start_year' no ID: 001CC007003
ERROR: 'start_year' no ID: 001CC007004
ERROR: 'start_year' no ID: 001CC007005
ERROR: 'start_year' no ID: 001CC007007
ERROR: 'start_year' no ID: 001CC007014
ERROR: 'start_year' no ID: 001CC007015
ERROR: 'start_year' no ID: 001CC007016
ERROR: 'start_year' no ID: 001CC007019
ERROR: 'start_year' no ID: 001CC007020
ERROR: 'start_year' no ID: 001CC007022
ERROR: 'start_year' no ID: 001CC007025
ERROR: 'start_year' no ID: 001CC008005
ERROR: 'start_year' no ID: 001CC008007
ERROR: 'start_year' no ID: 001CC011
ERROR: 'start_year' no ID: 001CC013
ERROR: 'start_year' no ID: 001CC015001
ERROR: 'start_year' no ID: 001CC015002
ERROR: 'start_year' no ID: 001CC015003
ERROR: 'start_year' no ID: 001CC015005
ERROR: 'start_year' no ID: 001CC016001
ERROR: 'start_year' no ID: 001CC016002
ERROR: 'start_year' no ID: 001CC016003
ERROR: 'start_year' no ID: 001CC017001
ERROR: 'start_year' no ID: 001CC017002
ERROR: 'start_year' no ID: 001CC018
ERROR: 'start_year' no ID: 001CC019001
ERROR: 'start_year' no ID: 001CC019002
ERROR: 'start_year' no ID: 001CC019005
ERROR: 'start_year' no ID: 001CC019007
ERROR: 'start_year' no ID: 001CC019008
ERROR: 'start_year' no ID: 001CC019010
ERROR: 'start_year' no ID: 001CC019011
ERROR: 'start_year' no ID: 001CC019012
ERROR: 'start_year' no ID: 001CC019013
ERROR: 'start_year' no ID: 001CC019014
ERROR: 'start_year' no ID: 001CC020001
ERROR: 'start_year' no ID: 001CC020002
ERROR: 'start_year' no ID: 001CC021
ERROR: 'start_year' no ID: 001CC023002
ERROR: 'start_year' no ID: 001CC023003
ERROR: 'start_year' no ID: 001CC025
ERROR: 'start_year' no ID: 001CC031
ERROR: 'start_year' no ID: 001CC032
ERROR: 'start_year' no ID: 001CC045
ERROR: 'start_year' no ID: 001CC047
ERROR: 'start_year' no ID: 001CE001
ERROR: 'start_year' no ID: 001CO001002
ERROR: 'start_year' no ID: 001CO001003
ERROR: 'start_year' no ID: 001CO001004
ERROR: 'start_year' no ID: 001CO001005
ERROR: 'start_year' no ID: 001CO001007
ERROR: 'start_year' no ID: 001FE001
ERROR: 'start_year' no ID: 001FM001001
ERROR: 'start_year' no ID: 001FM001002
ERROR: 'start_year' no ID: 001FM001003
ERROR: 'start_year' no ID: 001GU001001
ERROR: 'start_year' no ID: 001GU001002
ERROR: 'start_year' no ID: 001GU001003
ERROR: 'start_year' no ID: 001GU001005
ERROR: 'start_year' no ID: 001GU001006
ERROR: 'start_year' no ID: 001GU001007
ERROR: 'start_year' no ID: 001GU001008
ERROR: 'start_year' no ID: 001GU001009
ERROR: 'start_year' no ID: 001GU001010
ERROR: 'start_year' no ID: 001GU001011
ERROR: 'start_year' no ID: 001GU001012
ERROR: 'start_year' no ID: 001GU001013
ERROR: 'start_year' no ID: 001GU001014
ERROR: 'start_year' no ID: 001GU001015
ERROR: 'start_year' no ID: 001GU001016
ERROR: 'start_year' no ID: 001GU001017
ERROR: 'start_year' no ID: 001GU001018
ERROR: 'start_year' no ID: 001GU001019
ERROR: 'start_year' no ID: 001GU001020
ERROR: 'start_year' no ID: 001GU001021
ERROR: 'start_year' no ID: 001GU001022
ERROR: 'start_year' no ID: 001GU001023
ERROR: 'start_year' no ID: 001GU001024
ERROR: 'start_year' no ID: 001GU001025
ERROR: 'start_year' no ID: 001GU001026
ERROR: 'start_year' no ID: 001GU001027
ERROR: 'start_year' no ID: 001GU001028
ERROR: 'start_year' no ID: 001GU001029
ERROR: 'start_year' no ID: 001GU001030
ERROR: 'start_year' no ID: 001GU001031
ERROR: 'start_year' no ID: 001GU001032
ERROR: 'start_year' no ID: 001GU001033
ERROR: 'start_year' no ID: 001GU001034
ERROR: 'start_year' no ID: 001GU001035
ERROR: 'start_year' no ID: 001GU001036
ERROR: 'start_year' no ID: 001GU010001
ERROR: 'start_year' no ID: 001GU010002
ERROR: 'start_year' no ID: 001LE004001
ERROR: 'start_year' no ID: 001LN001001
ERROR: 'start_year' no ID: 001MC001001
ERROR: 'start_year' no ID: 001MF001001
ERROR: 'start_year' no ID: 001MF001002
ERROR: 'start_year' no ID: 001MF002001
ERROR: 'start_year' no ID: 001MF002003
ERROR: 'start_year' no ID: 001MF002004
ERROR: 'start_year' no ID: 001MF002005
ERROR: 'start_year' no ID: 001MF002006
ERROR: 'start_year' no ID: 001MF002007
ERROR: 'start_year' no ID: 001MF002008
ERROR: 'start_year' no ID: 001MF003001
ERROR: 'start_year' no ID: 001MF003002
ERROR: 'start_year' no ID: 001MF003003
ERROR: 'start_year' no ID: 001MF003004
ERROR: 'start_year' no ID: 001MF003005
ERROR: 'start_year' no ID: 001MF003007
ERROR: 'start_year' no ID: 001MF003008
ERROR: 'start_year' no ID: 001MF006001
ERROR: 'start_year' no ID: 001MF006002
ERROR: 'start_year' no ID: 001MF006003
ERROR: 'start_year' no ID: 001MF007001
ERROR: 'start_year' no ID: 001MF007002
ERROR: 'start_year' no ID: 001MF007003
ERROR: 'start_year' no ID: 001MF007004
ERROR: 'start_year' no ID: 001MF007005
ERROR: 'start_year' no ID: 001MF007007
ERROR: 'start_year' no ID: 001MF007008
ERROR: 'start_year' no ID: 001MF007010
ERROR: 'start_year' no ID: 001MF007011
ERROR: 'start_year' no ID: 001MF009
ERROR: 'start_year' no ID: 001MF011001
ERROR: 'start_year' no ID: 001MF011002
ERROR: 'start_year' no ID: 001MF012001
ERROR: 'start_year' no ID: 001MF012002
ERROR: 'start_year' no ID: 001MF012003
ERROR: 'start_year' no ID: 001MF012004
ERROR: 'start_year' no ID: 001MF014001
ERROR: 'start_year' no ID: 001MF014002
ERROR: 'start_year' no ID: 001MF014003
ERROR: 'start_year' no ID: 001MF014004
ERROR: 'start_year' no ID: 001MF014005
ERROR: 'start_year' no ID: 001MF015003
ERROR: 'start_year' no ID: 001MF015004
ERROR: 'start_year' no ID: 001MF015014
ERROR: 'start_year' no ID: 001MF015019
ERROR: 'start_year' no ID: 001MF017
ERROR: 'start_year' no ID: 001MF018001
ERROR: 'start_year' no ID: 001MF018002
ERROR: 'start_year' no ID: 001MF018003
ERROR: 'start_year' no ID: 001MF018005
ERROR: 'start_year' no ID: 001MF019
ERROR: 'start_year' no ID: 001MF020
ERROR: 'start_year' no ID: 001MF029014
ERROR: 'start_year' no ID: 001NV001001
ERROR: 'start_year' no ID: 001NV001002
ERROR: 'start_year' no ID: 001RJ001001
ERROR: 'start_year' no ID: 001RJ002
ERROR: 'start_year' no ID: 001RJ003
ERROR: 'start_year' no ID: 001RJ004003
ERROR: 'start_year' no ID: 001RJ005003
ERROR: 'start_year' no ID: 001RJ005004
ERROR: 'start_year' no ID: 001RJ005005
ERROR: 'start_year' no ID: 001RJ005006
ERROR: 'start_year' no ID: 001RJ007001
ERROR: 'start_year' no ID: 001RJ007002
ERROR: 'start_year' no ID: 001RJ007003
ERROR: 'start_year' no ID: 001RJ008001
ERROR: 'start_year' no ID: 001RO001002
ERROR: 'start_year' no ID: 001RO001003
ERROR: 'start_year' no ID: 001RO001004
ERROR: 'start_year' no ID: 001RO001006
ERROR: 'start_year' no ID: 001RO001007
ERROR: 'start_year' no ID: 001RO001008
ERROR: 'start_year' no ID: 001RO001009
ERROR: 'start_year' no ID: 001RO001010
ERROR: 'start_year' no ID: 001RO001011
ERROR: 'start_year' no ID: 001RO001013
ERROR: 'start_year' no ID: 001RO001014
ERROR: 'start_year' no ID: 001RO001015
ERROR: 'start_year' no ID: 001RO001025
ERROR: 'start_year' no ID: 001RO002001
ERROR: 'start_year' no ID: 001RO002002
ERROR: 'start_year' no ID: 001RO002003
ERROR: 'start_year' no ID: 001RO002004
ERROR: 'start_year' no ID: 001RO002005
ERROR: 'start_year' no ID: 001RO002006
ERROR: 'start_year' no ID: 001RO002007
ERROR: 'start_year' no ID: 001RO002008
ERROR: 'start_year' no ID: 001RO002009
ERROR: 'start_year' no ID: 001RO002010
ERROR: 'start_year' no ID: 001RO002011
ERROR: 'start_year' no ID: 001RO002012
ERROR: 'start_year' no ID: 001RO002013
ERROR: 'start_year' no ID: 001RO002014
ERROR: 'start_year' no ID: 001RO002016
ERROR: 'start_year' no ID: 001RO002017
ERROR: 'start_year' no ID: 001RO002018
ERROR: 'start_year' no ID: 001RO002019
ERROR: 'start_year' no ID: 001RO002020
ERROR: 'start_year' no ID: 001RO002021
ERROR: 'start_year' no ID: 001RO002022
ERROR: 'start_year' no ID: 001RO002023
ERROR: 'start_year' no ID: 001RO002024
ERROR: 'start_year' no ID: 001RO002025
ERROR: 'start_year' no ID: 001RO002026
ERROR: 'start_year' no ID: 001RO002027
ERROR: 'start_year' no ID: 001RO002029
ERROR: 'start_year' no ID: 001RO002032
ERROR: 'start_year' no ID: 001RO002033
ERROR: 'start_year' no ID: 001RO002034
ERROR: 'start_year' no ID: 001RO002035
ERROR: 'start_year' no ID: 001RO002036
ERROR: 'start_year' no ID: 001RO002037
ERROR: 'start_year' no ID: 001RO002038
ERROR: 'start_year' no ID: 001RO002039
ERROR: 'start_year' no ID: 001RR002
ERROR: 'start_year' no ID: 001RR004001
ERROR: 'start_year' no ID: 001RR004002
ERROR: 'start_year' no ID: 001RR004003
ERROR: 'start_year' no ID: 001RR004004
ERROR: 'start_year' no ID: 001RR004007
ERROR: 'start_year' no ID: 001RR005
ERROR: 'start_year' no ID: 001RR006001
ERROR: 'start_year' no ID: 001RR006002
ERROR: 'start_year' no ID: 001RR006003
ERROR: 'start_year' no ID: 001RR006004
ERROR: 'start_year' no ID: 001RR006006
ERROR: 'start_year' no ID: 001RR006007
ERROR: 'start_year' no ID: 001RR006008
ERROR: 'start_year' no ID: 001RR006009
ERROR: 'start_year' no ID: 001RR006010
ERROR: 'start_year' no ID: 001RR007001
ERROR: 'start_year' no ID: 001RR007002
ERROR: 'start_year' no ID: 001RR008
ERROR: 'start_year' no ID: 001SW001001
ERROR: 'start_year' no ID: 001SW001003
ERROR: 'start_year' no ID: 001SW001004
ERROR: 'start_year' no ID: 001SW001005
ERROR: 'start_year' no ID: 001TP001
ERROR: 'start_year' no ID: 002001MF002001
ERROR: 'start_year' no ID: 002002AMF002001
ERROR: 'start_year' no ID: 002002AMF002002
ERROR: 'start_year' no ID: 002002AMF002004
ERROR: 'start_year' no ID: 002002AMF002008
ERROR: 'start_year' no ID: 002003AM001
ERROR: 'start_year' no ID: 002003AM002
ERROR: 'start_year' no ID: 002003AM003
ERROR: 'start_year' no ID: 002003AM004
ERROR: 'start_year' no ID: 002008AV001
ERROR: 'start_year' no ID: 002008AV003
ERROR: 'start_year' no ID: 002008AV004
ERROR: 'start_year' no ID: 002008AV005-
ERROR: 'start_year' no ID: 002008AV006
ERROR: 'start_year' no ID: 002008AV007
ERROR: 'start_year' no ID: 002008AV008
ERROR: 'start_year' no ID: 002008AV009
ERROR: 'start_year' no ID: 002008AV010
ERROR: 'start_year' no ID: 002008AV011
ERROR: 'start_year' no ID: 002008AV012
ERROR: 'start_year' no ID: 002008AV013
ERROR: 'start_year' no ID: 002008AV014
ERROR: 'start_year' no ID: 002008AV015
ERROR: 'start_year' no ID: 002008AV018
ERROR: 'start_year' no ID: 002008AV019
ERROR: 'start_year' no ID: 002008AV020
ERROR: 'start_year' no ID: 002008AV021
ERROR: 'start_year' no ID: 002008AV022
ERROR: 'start_year' no ID: 002008AV023
ERROR: 'start_year' no ID: 002008AV025
ERROR: 'start_year' no ID: 002008AV026
ERROR: 'start_year' no ID: 002008AV028
ERROR: 'start_year' no ID: 002008AV029
ERROR: 'start_year' no ID: 002008AV030
ERROR: 'start_year' no ID: 002008AV032
ERROR: 'start_year' no ID: 002008CP001
ERROR: 'start_year' no ID: 002008CP005
ERROR: 'start_year' no ID: 002008CP009
ERROR: 'start_year' no ID: 002008DV001
ERROR: 'start_year' no ID: 002008DV002
ERROR: 'start_year' no ID: 002008DV003
ERROR: 'start_year' no ID: 002008DV004
ERROR: 'start_year' no ID: 002008OBAC001
ERROR: 'start_year' no ID: 002008OBAC002
ERROR: 'start_year' no ID: 002008OBAC003
ERROR: 'start_year' no ID: 002008OBAC005
ERROR: 'start_year' no ID: 002008OBAC007
ERROR: 'start_year' no ID: 002008OBAC008
ERROR: 'start_year' no ID: 002008OBAC009
ERROR: 'start_year' no ID: 002008OBAC010
ERROR: 'start_year' no ID: 002008OBAC011
ERROR: 'start_year' no ID: 002008OBAC014
ERROR: 'start_year' no ID: 002008OBAC015
ERROR: 'start_year' no ID: 002008OBAC016
ERROR: 'start_year' no ID: 002008OBAC017
ERROR: 'start_year' no ID: 002008OBAC020
ERROR: 'start_year' no ID: 002008OBAC021
ERROR: 'start_year' no ID: 002008OBAC022
ERROR: 'start_year' no ID: 002008OBAC023
ERROR: 'start_year' no ID: 002008OBAC024
ERROR: 'start_year' no ID: 002008OBAC025
ERROR: 'start_year' no ID: 002008OBAC026
ERROR: 'start_year' no ID: 002008OBAC027
ERROR: 'start_year' no ID: 002008OBAC028
ERROR: 'start_year' no ID: 002008OBAC029
ERROR: 'start_year' no ID: 002008OBAC031
ERROR: 'start_year' no ID: 002008OBAC032
ERROR: 'start_year' no ID: 002008OBAC035
ERROR: 'start_year' no ID: 002008OBAC036
ERROR: 'start_year' no ID: 002008OBAC037
ERROR: 'start_year' no ID: 002008OBAC038
ERROR: 'start_year' no ID: 002008OBAC039
ERROR: 'start_year' no ID: 002008OBAC040
ERROR: 'start_year' no ID: 002008OBAC041
ERROR: 'start_year' no ID: 002010TM003
ERROR: 'start_year' no ID: 002010TM007
ERROR: 'start_year' no ID: 002010TM014
ERROR: 'start_year' no ID: 002010TM015
ERROR: 'start_year' no ID: 002010TM016
ERROR: 'start_year' no ID: 002010TM026
ERROR: 'start_year' no ID: 002010TM027
ERROR: 'start_year' no ID: 002010TM028
ERROR: 'start_year' no ID: 002010TM030
ERROR: 'start_year' no ID: 002010TM031
ERROR: 'start_year' no ID: 002010TM032
ERROR: 'start_year' no ID: 002010TM033
ERROR: 'start_year' no ID: 002010TM035
ERROR: 'start_year' no ID: 002010TM036
ERROR: 'start_year' no ID: 002010TM037
ERROR: 'start_year' no ID: 002010TM038
ERROR: 'start_year' no ID: 002012AM001
ERROR: 'start_year' no ID: 002012AM002
ERROR: 'start_year' no ID: 002012AM003
ERROR: 'start_year' no ID: 002012AM004
ERROR: 'start_year' no ID: 002012AM005
ERROR: 'start_year' no ID: 002012LP001
ERROR: 'start_year' no ID: 002014RJRJ003
ERROR: 'start_year' no ID: 002014RJRJ004
ERROR: 'start_year' no ID: 002014RJRJ005
ERROR: 'start_year' no ID: 002014RJRJ006
ERROR: 'start_year' no ID: 002014RJRJ007
ERROR: 'start_year' no ID: 002014RJRJ008
ERROR: 'start_year' no ID: 002014RJRJ009
ERROR: 'start_year' no ID: 002014RJRJ010
ERROR: 'start_year' no ID: 002014RJRJ011
ERROR: 'start_year' no ID: 002014RJRJ012
ERROR: 'start_year' no ID: 002014RJRJ013
ERROR: 'start_year' no ID: 002014RJRJ015
ERROR: 'start_year' no ID: 002014RJRJ016
ERROR: 'start_year' no ID: 002016BI002
ERROR: 'start_year' no ID: 002016BI003
ERROR: 'start_year' no ID: 002016BI004
ERROR: 'start_year' no ID: 002016BI005
ERROR: 'start_year' no ID: 002016BI006
ERROR: 'start_year' no ID: 002016BI008
ERROR: 'start_year' no ID: 002021GU001
ERROR: 'start_year' no ID: 002029FPF004001
ERROR: 'start_year' no ID: 002037AAK5003
ERROR: 'start_year' no ID: 002037AAK5004
ERROR: 'start_year' no ID: 002037AAK5005
ERROR: 'start_year' no ID: 002037AAK5006
ERROR: 'start_year' no ID: 002037AAK5007
ERROR: 'start_year' no ID: 002037AAK5008
ERROR: 'start_year' no ID: 002037AAK5009
ERROR: 'start_year' no ID: 002037AAK5010
ERROR: 'start_year' no ID: 002037AAK5011
ERROR: 'start_year' no ID: 002037AAK5012
ERROR: 'start_year' no ID: 002037AAK5013
ERROR: 'start_year' no ID: 002037AAK5014
ERROR: 'start_year' no ID: 002037AAK5015
ERROR: 'start_year' no ID: 002037AAK5016
ERROR: 'start_year' no ID: 002037AAK5017
ERROR: 'start_year' no ID: 002037AAK5018
ERROR: 'start_year' no ID: 002037AAK5019
ERROR: 'start_year' no ID: 002037AAK5020
ERROR: 'start_year' no ID: 002037AAK5023
ERROR: 'start_year' no ID: 002037AAK5024
ERROR: 'start_year' no ID: 002037AAK5025
ERROR: 'start_year' no ID: 002037AAK5026
ERROR: 'start_year' no ID: 002037AAK5027
ERROR: 'start_year' no ID: 002037AAK5028
ERROR: 'start_year' no ID: 002037AAK5029
ERROR: 'start_year' no ID: 002037AAK5030
ERROR: 'start_year' no ID: 002037AAK5031
ERROR: 'start_year' no ID: 002037AAK5032
ERROR: 'start_year' no ID: 002037AAK5034
ERROR: 'start_year' no ID: 002037AAK5038
ERROR: 'start_year' no ID: 002037AAK5039
ERROR: 'start_year' no ID: 002037AAK5040
ERROR: 'start_year' no ID: 002037AAK5041
ERROR: 'start_year' no ID: 002037AAK5042
ERROR: 'start_year' no ID: 002037AAK5043
ERROR: 'start_year' no ID: 002037AAK5044
ERROR: 'start_year' no ID: 002037AAK5060
ERROR: 'start_year' no ID: 002037AAK5065
ERROR: 'start_year' no ID: 002037AAK5066
ERROR: 'start_year' no ID: 002037AAK5068
ERROR: 'start_year' no ID: 002037AAK5069
ERROR: 'start_year' no ID: 002037AAK5071
ERROR: 'start_year' no ID: 002037AAK5073
ERROR: 'start_year' no ID: 002037AAK5077
ERROR: 'start_year' no ID: 002037AAK5081
ERROR: 'start_year' no ID: 002051AM001001
ERROR: 'start_year' no ID: 002051AM001002
ERROR: 'start_year' no ID: 002051AM001003
ERROR: 'start_year' no ID: 002051AM001004
ERROR: 'start_year' no ID: 002051AM001005
ERROR: 'start_year' no ID: 002051AM001006
ERROR: 'start_year' no ID: 002051AM001007
ERROR: 'start_year' no ID: 002051AM002001
ERROR: 'start_year' no ID: 002051AM002002
ERROR: 'start_year' no ID: 002051AM002003
ERROR: 'start_year' no ID: 002051AM002004
ERROR: 'start_year' no ID: 002051AM002005
ERROR: 'start_year' no ID: 002051AM002006
ERROR: 'start_year' no ID: 002051AM002007
ERROR: 'start_year' no ID: 002051AM002008
ERROR: 'start_year' no ID: 002051AN009
ERROR: 'start_year' no ID: 002051AN010
ERROR: 'start_year' no ID: 002054VIAN000
ERROR: 'start_year' no ID: 002054VIAN001
ERROR: 'start_year' no ID: 002054VIAN003
ERROR: 'start_year' no ID: 002054VIAN004
ERROR: 'start_year' no ID: 002054VIAN005
ERROR: 'start_year' no ID: 002054VIAN006
ERROR: 'start_year' no ID: 002054VIAN007
ERROR: 'start_year' no ID: 002054VIAN008
ERROR: 'start_year' no ID: 002054VIAN009
ERROR: 'start_year' no ID: 002054VIAN010
ERROR: 'start_year' no ID: 002054VIAN011
ERROR: 'start_year' no ID: 002054VIAN012
ERROR: 'start_year' no ID: 002054VIAN014
ERROR: 'start_year' no ID: 002054VIAN015
ERROR: 'start_year' no ID: 002054VIAN016
ERROR: 'start_year' no ID: 002054VIAN018
ERROR: 'start_year' no ID: 002054VIAN021
ERROR: 'start_year' no ID: 002054VIAN023
ERROR: 'start_year' no ID: 002054VIAN024
ERROR: 'start_year' no ID: 002054VIAN028
ERROR: 'start_year' no ID: 002054VIAN030
ERROR: 'start_year' no ID: 002054VIAN031
ERROR: 'start_year' no ID: 002054VIAN039
ERROR: 'start_year' no ID: 002054VIAN040
ERROR: 'start_year' no ID: 002054VIAN041
ERROR: 'start_year' no ID: 002055REVDAARMADA006
ERROR: 'start_year' no ID: 002055REVDAARMADA039
ERROR: 'start_year' no ID: 002055REVDAARMADA055
ERROR: 'start_year' no ID: 002055REVDAARMADA067
ERROR: 'start_year' no ID: 002055REVDAARMADA072
ERROR: 'start_year' no ID: 002057TP001
ERROR: 'start_year' no ID: 002057TP002
ERROR: 'start_year' no ID: 002057TP004
ERROR: 'start_year' no ID: 002057TP005
ERROR: 'start_year' no ID: 002057TP006
ERROR: 'start_year' no ID: 002057TP007
ERROR: 'start_year' no ID: 002057TP008
ERROR: 'start_year' no ID: 002057TP009-010
ERROR: 'start_year' no ID: 002058AFR006
ERROR: 'start_year' no ID: 002058AFR007
ERROR: 'start_year' no ID: 002058AFR009
ERROR: 'start_year' no ID: 002058AFR015
ERROR: 'start_year' no ID: 002058AFR016
ERROR: 'start_year' no ID: 002058AFR017
ERROR: 'start_year' no ID: 002080BR0202
ERROR: 'start_year' no ID: 002080BR0203
ERROR: 'start_year' no ID: 002080BR0206
ERROR: 'start_year' no ID: 002080BR0207
ERROR: 'start_year' no ID: 002080BR0211
ERROR: 'start_year' no ID: 002080BR0212
ERROR: 'start_year' no ID: 002080BR0213
ERROR: 'start_year' no ID: 002080BR0214
ERROR: 'start_year' no ID: 002080BR0215
ERROR: 'start_year' no ID: 002080BR0218
ERROR: 'start_year' no ID: 002080RJ0101
ERROR: 'start_year' no ID: 002080RJ0102
ERROR: 'start_year' no ID: 002080RJ0103
ERROR: 'start_year' no ID: 002080RJ0104
ERROR: 'start_year' no ID: 002080RJ0105
ERROR: 'start_year' no ID: 002080RJ0106
ERROR: 'start_year' no ID: 002080RJ0107
ERROR: 'start_year' no ID: 002080RJ0112
ERROR: 'start_year' no ID: 002080RJ0114
ERROR: 'start_year' no ID: 002080RJ0117
ERROR: 'start_year' no ID: 002080RJ0120
ERROR: 'start_year' no ID: 002080RJ0121
ERROR: 'start_year' no ID: 002080RJ0122
ERROR: 'start_year' no ID: 002080RJ0202
ERROR: 'start_year' no ID: 002080RJ0208
ERROR: 'start_year' no ID: 002080RJ0209
ERROR: 'start_year' no ID: 002080RJ0210
ERROR: 'start_year' no ID: 002080RJ0211
ERROR: 'start_year' no ID: 002080RJ0212
ERROR: 'start_year' no ID: 002080RJ0214
ERROR: 'start_year' no ID: 002080RJ0215
ERROR: 'start_year' no ID: 002080RJ0217
ERROR: 'start_year' no ID: 002080RJ1212
ERROR: 'start_year' no ID: 002080RJ1213
ERROR: 'start_year' no ID: 002080RJ1215
ERROR: 'start_year' no ID: 002080RJ1216
ERROR: 'start_year' no ID: 002080RJ1217
ERROR: 'start_year' no ID: 002080RJ1218
ERROR: 'start_year' no ID: 002080RJ1219
ERROR: 'start_year' no ID: 002080RJ1407
ERROR: 'start_year' no ID: 002080RJ1410
ERROR: 'start_year' no ID: 002080RJ1412
ERROR: 'start_year' no ID: 002080RJ1503
ERROR: 'start_year' no ID: 002080RJ1504
ERROR: 'start_year' no ID: 002080RJ1505
ERROR: 'start_year' no ID: 002080RJ1506
ERROR: 'start_year' no ID: 002080RJ1512
ERROR: 'start_year' no ID: 002080RJ1514
ERROR: 'start_year' no ID: 002080RJ1702
ERROR: 'start_year' no ID: 002080RJ1708
ERROR: 'start_year' no ID: 002080RJ1709
ERROR: 'start_year' no ID: 002080RJ1711
ERROR: 'start_year' no ID: 002080RJ1712
ERROR: 'start_year' no ID: 002080RJ1713
ERROR: 'start_year' no ID: 002080RJ1816
ERROR: 'start_year' no ID: 002080RJ1902
ERROR: 'start_year' no ID: 002080RJ1907
ERROR: 'start_year' no ID: 002080RJ1909
ERROR: 'start_year' no ID: 002080RJ1910
ERROR: 'start_year' no ID: 002080RJ1913
ERROR: 'start_year' no ID: 002080RJ1914
ERROR: 'start_year' no ID: 002080RJ1918
ERROR: 'start_year' no ID: 002080RJ1919
ERROR: 'start_year' no ID: 002080RJ2201
ERROR: 'start_year' no ID: 002080RJ2202
ERROR: 'start_year' no ID: 002080RJ2203
ERROR: 'start_year' no ID: 002080RJ2205
ERROR: 'start_year' no ID: 002080RJ2208
ERROR: 'start_year' no ID: 002080RJ2209
ERROR: 'start_year' no ID: 002080RJ2214
ERROR: 'start_year' no ID: 002080RJ2401
ERROR: 'start_year' no ID: 002080RJ2411
ERROR: 'start_year' no ID: 002080RJ2413
ERROR: 'start_year' no ID: 002080RJ2510
ERROR: 'start_year' no ID: 002080RJ2512
ERROR: 'start_year' no ID: 002080RJ2519
ERROR: 'start_year' no ID: 002080RJ2520
ERROR: 'start_year' no ID: 002080RJ2702
ERROR: 'start_year' no ID: 002080RJ2703
ERROR: 'start_year' no ID: 002080RJ2711
ERROR: 'start_year' no ID: 002080RJ2712
ERROR: 'start_year' no ID: 002080RJ2713
ERROR: 'start_year' no ID: 002080RJ2714
ERROR: 'start_year' no ID: 002080RJ2717
ERROR: 'start_year' no ID: 002080RJ2718
ERROR: 'start_year' no ID: 002080RJ2719
ERROR: 'start_year' no ID: 002080RJ2804
ERROR: 'start_year' no ID: 002080RJ2805
ERROR: 'start_year' no ID: 002080RJ2807
ERROR: 'start_year' no ID: 002080RJ2808
ERROR: 'start_year' no ID: 002080RJ2809
ERROR: 'start_year' no ID: 002080RJ2810
ERROR: 'start_year' no ID: 002080RJ2813
ERROR: 'start_year' no ID: 002080RJ2815
ERROR: 'start_year' no ID: 002080RJ2816
ERROR: 'start_year' no ID: 002080RJ2902
ERROR: 'start_year' no ID: 002080RJ2904
ERROR: 'start_year' no ID: 002080RJ2907
ERROR: 'start_year' no ID: 002080RJ2913
ERROR: 'start_year' no ID: 002080RJ2916
ERROR: 'start_year' no ID: 002080RJ2918
ERROR: 'start_year' no ID: 002080RJ3204
ERROR: 'start_year' no ID: 002080RJ3215
ERROR: 'start_year' no ID: 002080RJ3217
ERROR: 'start_year' no ID: 002080RJ3501
ERROR: 'start_year' no ID: 002080RJ3503
ERROR: 'start_year' no ID: 002080RJ3504
ERROR: 'start_year' no ID: 002080RJ3505
ERROR: 'start_year' no ID: 002080RJ3512
ERROR: 'start_year' no ID: 002080RJ3517
ERROR: 'start_year' no ID: 002080RJ3602
ERROR: 'start_year' no ID: 002080RJ3605
ERROR: 'start_year' no ID: 002080RJ3606
ERROR: 'start_year' no ID: 002080RJ3607
ERROR: 'start_year' no ID: 002080RJ3608
ERROR: 'start_year' no ID: 002080RJ3801
ERROR: 'start_year' no ID: 002080RJ3804
ERROR: 'start_year' no ID: 002080RJ3818
ERROR: 'start_year' no ID: 002080RJ3819
ERROR: 'start_year' no ID: 002080RJ3902
ERROR: 'start_year' no ID: 002080RJ3903
ERROR: 'start_year' no ID: 002080RJ3912
ERROR: 'start_year' no ID: 002080RJ3913
ERROR: 'start_year' no ID: 002080RJ4201
ERROR: 'start_year' no ID: 002080RJ4202
ERROR: 'start_year' no ID: 002080RJ4203
ERROR: 'start_year' no ID: 002080RJ4208
ERROR: 'start_year' no ID: 002080RJ4210
ERROR: 'start_year' no ID: 002080RJ4215
ERROR: 'start_year' no ID: 002080RJ4216
ERROR: 'start_year' no ID: 002080RJ4218
ERROR: 'start_year' no ID: 002080RJ4219
ERROR: 'start_year' no ID: 002080RJ4220
ERROR: 'start_year' no ID: 002080RJ4619
ERROR: 'start_year' no ID: 002080RJ4701
ERROR: 'start_year' no ID: 002080RJ4702
ERROR: 'start_year' no ID: 002080RJ4703
ERROR: 'start_year' no ID: 002080RJ4704
ERROR: 'start_year' no ID: 002080RJ4706
ERROR: 'start_year' no ID: 002080RJ4707
ERROR: 'start_year' no ID: 002080RJ4708
ERROR: 'start_year' no ID: 002080RJ4709
ERROR: 'start_year' no ID: 002080RJ4714
ERROR: 'start_year' no ID: 002080RJ4715
ERROR: 'start_year' no ID: 002080RJ4716
ERROR: 'start_year' no ID: 002080RJ5004
ERROR: 'start_year' no ID: 002080RJ5105
ERROR: 'start_year' no ID: 002080RJ5901
ERROR: 'start_year' no ID: 002080RJ5902
ERROR: 'start_year' no ID: 002080RJ6402
ERROR: 'start_year' no ID: 002080RJ6414
ERROR: 'start_year' no ID: 002080RJ6415
ERROR: 'start_year' no ID: 002080RJ6502
ERROR: 'start_year' no ID: 002080RJ6505
ERROR: 'start_year' no ID: 002080RJ6511
ERROR: 'start_year' no ID: 002080RJ6512
ERROR: 'start_year' no ID: 002080RJ6603
ERROR: 'start_year' no ID: 002080RJ6611
ERROR: 'start_year' no ID: 002080RJ6706
ERROR: 'start_year' no ID: 002080RJ6708
ERROR: 'start_year' no ID: 002080RJ7301
ERROR: 'start_year' no ID: 002080RJ7303
ERROR: 'start_year' no ID: 002080RJ7304
ERROR: 'start_year' no ID: 002080RJ7306
ERROR: 'start_year' no ID: 002080RJ7308
ERROR: 'start_year' no ID: 002080RJ7309
ERROR: 'start_year' no ID: 002080RJ7311
ERROR: 'start_year' no ID: 002080RJ7312
ERROR: 'start_year' no ID: 002080RJ7313
ERROR: 'start_year' no ID: 002080RJ7314
ERROR: 'start_year' no ID: 002080RJ7315
ERROR: 'start_year' no ID: 002080RJ7317
ERROR: 'start_year' no ID: 002080RJ7320
ERROR: 'start_year' no ID: 002080RJ7402
ERROR: 'start_year' no ID: 002080RJ8102
ERROR: 'start_year' no ID: 002080RJ8103
ERROR: 'start_year' no ID: 002080RJ8108
ERROR: 'start_year' no ID: 002080RJ8109
ERROR: 'start_year' no ID: 002080RJ8121
ERROR: 'start_year' no ID: 002080RJ8204
ERROR: 'start_year' no ID: 002080RJ8211
ERROR: 'start_year' no ID: 002080RJ8218
ERROR: 'start_year' no ID: 002080RJ8304
ERROR: 'start_year' no ID: 002080RJ8402
ERROR: 'start_year' no ID: 002080RJ8403
ERROR: 'start_year' no ID: 002080RJ8908
ERROR: 'start_year' no ID: 002080RJ8913
ERROR: 'start_year' no ID: 002080RJ8914
ERROR: 'start_year' no ID: 002080RJ9019
ERROR: 'start_year' no ID: 002080RJ9101
ERROR: 'start_year' no ID: 002080RJ9102
ERROR: 'start_year' no ID: 002080RJ9103
ERROR: 'start_year' no ID: 002080RJ9104
ERROR: 'start_year' no ID: 002080RJ9105
ERROR: 'start_year' no ID: 002080RJ9107
ERROR: 'start_year' no ID: 002080RJ9110
ERROR: 'start_year' no ID: 002080RJF0204
ERROR: 'start_year' no ID: 002080RJF0208
ERROR: 'start_year' no ID: 002080RJN0201
ERROR: 'start_year' no ID: 002080RJN0205
ERROR: 'start_year' no ID: 002080RJN0206
ERROR: 'start_year' no ID: 002080RJN0208
ERROR: 'start_year' no ID: 002080RJN0210
ERROR: 'start_year' no ID: 002080RJN0324
ERROR: 'start_year' no ID: 002080RJN0409
ERROR: 'start_year' no ID: 002080RJN0413
ERROR: 'start_year' no ID: 002080RJN0416
ERROR: 'start_year' no ID: 002080RJN0422
ERROR: 'start_year' no ID: 002080RJN0425
ERROR: 'start_year' no ID: 002080RJN0427
ERROR: 'start_year' no ID: 002080RJN0502
ERROR: 'start_year' no ID: 002080RJN0503
ERROR: 'start_year' no ID: 002080RJN0506
ERROR: 'start_year' no ID: 002080RJN0705
ERROR: 'start_year' no ID: 002080RJN0707
ERROR: 'start_year' no ID: 002080RJN0708
ERROR: 'start_year' no ID: 002080RJN0709
ERROR: 'start_year' no ID: 002080RJN0710
ERROR: 'start_year' no ID: 002080RJN0712
ERROR: 'start_year' no ID: 002080RJN0715
ERROR: 'start_year' no ID: 002080RJN0717
ERROR: 'start_year' no ID: 002080RJN0901
ERROR: 'start_year' no ID: 002080RJN0902
ERROR: 'start_year' no ID: 002080RJN0903
ERROR: 'start_year' no ID: 002080RJN0904
ERROR: 'start_year' no ID: 002080RJN0905
ERROR: 'start_year' no ID: 002080RJN0906
ERROR: 'start_year' no ID: 002080RJN1213
ERROR: 'start_year' no ID: 002080RJSN01
ERROR: 'start_year' no ID: 002080RJSN02
ERROR: 'start_year' no ID: 002080RJSN03
ERROR: 'start_year' no ID: 002080RJSN04
ERROR: 'start_year' no ID: 002080RJSN06
ERROR: 'start_year' no ID: 002080RJSN07
ERROR: 'start_year' no ID: 002080RJSN08
ERROR: 'start_year' no ID: 002080RJSN10
ERROR: 'start_year' no ID: 002080RJSN11
ERROR: 'start_year' no ID: 002080RJSN12
ERROR: 'start_year' no ID: 002080RJSN14
ERROR: 'start_year' no ID: 002080RJSN15
ERROR: 'start_year' no ID: 002080RJSN16
ERROR: 'start_year' no ID: 002080RJSN17
ERROR: 'start_year' no ID: 002080VOL01CX0103
ERROR: 'start_year' no ID: 002080VOL01CX0104
ERROR: 'start_year' no ID: 002080VOL01CX0106
ERROR: 'start_year' no ID: 002080VOL01CX0111
ERROR: 'start_year' no ID: 002080VOL01CX0112
ERROR: 'start_year' no ID: 002080VOL01CX0115
ERROR: 'start_year' no ID: 002080VOL01CX0119
ERROR: 'start_year' no ID: 002080VOL01CX0120
ERROR: 'start_year' no ID: 002080VOL01CX0301
ERROR: 'start_year' no ID: 002080VOL01CX0302
ERROR: 'start_year' no ID: 002080VOL01CX0304
ERROR: 'start_year' no ID: 002080VOL01CX0305
ERROR: 'start_year' no ID: 002080VOL01CX0308
ERROR: 'start_year' no ID: 002080VOL01CX0309
ERROR: 'start_year' no ID: 002080VOL01CX0314
ERROR: 'start_year' no ID: 002080VOL01CX0316
ERROR: 'start_year' no ID: 002080VOL01CX0317
ERROR: 'start_year' no ID: 002080VOL01CX0321
ERROR: 'start_year' no ID: 002080VOL01CX0701
ERROR: 'start_year' no ID: 002080VOL01CX0702
ERROR: 'start_year' no ID: 002080VOL01CX0704
ERROR: 'start_year' no ID: 002080VOL01CX0705
ERROR: 'start_year' no ID: 002080VOL01CX0707
ERROR: 'start_year' no ID: 002080VOL01CX0708
ERROR: 'start_year' no ID: 002080VOL01CX0709
ERROR: 'start_year' no ID: 002080VOL01CX0710
ERROR: 'start_year' no ID: 002080VOL01CX0712
ERROR: 'start_year' no ID: 002080VOL01CX0713
ERROR: 'start_year' no ID: 002080VOL01CX0714
ERROR: 'start_year' no ID: 002080VOL01CX0717
ERROR: 'start_year' no ID: 002080VOL01CX0718
ERROR: 'start_year' no ID: 002080VOL02CX0105
ERROR: 'start_year' no ID: 002080VOL02CX0106
ERROR: 'start_year' no ID: 002080VOL02CX0202
ERROR: 'start_year' no ID: 002080VOL02CX0203
ERROR: 'start_year' no ID: 002080VOL02CX0207
ERROR: 'start_year' no ID: 002080VOL02CX0209
ERROR: 'start_year' no ID: 002080VOL02CX0210
ERROR: 'start_year' no ID: 002080VOL02CX0211
ERROR: 'start_year' no ID: 002080VOL02CX0212
ERROR: 'start_year' no ID: 002080VOL02CX0215
ERROR: 'start_year' no ID: 002080VOL02CX0216
ERROR: 'start_year' no ID: 002080VOL02CX0303
ERROR: 'start_year' no ID: 002080VOL02CX0305
ERROR: 'start_year' no ID: 002080VOL02CX0308
ERROR: 'start_year' no ID: 002080VOL02CX0312
ERROR: 'start_year' no ID: 002080VOL02CX0316
ERROR: 'start_year' no ID: 002080VOL02CX0413
ERROR: 'start_year' no ID: 002080VOL02CX0519
ERROR: 'start_year' no ID: 002080VOL02CX0601
ERROR: 'start_year' no ID: 002080VOL02CX0602
ERROR: 'start_year' no ID: 002080VOL02CX0605
ERROR: 'start_year' no ID: 002080VOL02CX0607
ERROR: 'start_year' no ID: 002080VOL02CX0611
ERROR: 'start_year' no ID: 002080VOL02CX0612
