[32m2021-07-23 12:25:20[0m - dagster - [34mDEBUG[0m - cumulus_pipeline - 8f92e21b-74ff-4b6f-93d3-4d44d31a0666 - 1295 - format_date - LOGS_CAPTURED - Started capturing logs for solid: format_date.
[32m2021-07-23 12:25:20[0m - dagster - [34mDEBUG[0m - cumulus_pipeline - 8f92e21b-74ff-4b6f-93d3-4d44d31a0666 - 1295 - format_date - STEP_START - Started execution of step "format_date".
[32m2021-07-23 12:25:21[0m - dagster - [34mDEBUG[0m - cumulus_pipeline - 8f92e21b-74ff-4b6f-93d3-4d44d31a0666 - 1295 - format_date - LOADED_INPUT - Loaded input "df" using input manager "io_manager", from output "result" of step "extract_dimensions"
[32m2021-07-23 12:25:21[0m - dagster - [34mDEBUG[0m - cumulus_pipeline - 8f92e21b-74ff-4b6f-93d3-4d44d31a0666 - 1295 - format_date - STEP_INPUT - Got input "df" of type "Any". (Type check passed).
[32m2021-07-23 12:25:23[0m - dagster - [34mERROR[0m - [31mcumulus_pipeline - 8f92e21b-74ff-4b6f-93d3-4d44d31a0666 - 1295 - format_date - STEP_FAILURE - Execution of step "format_date" failed.

dagster.core.errors.DagsterExecutionStepExecutionError: Error occurred while executing solid "format_date"::

ValueError: NaTType does not support strftime

Stack Trace:
  File "/home/pitanga/.local/share/virtualenvs/situated-views-etl-KhhASCmw/lib/python3.6/site-packages/dagster/core/execution/plan/utils.py", line 42, in solid_execution_error_boundary
    yield
  File "/home/pitanga/.local/share/virtualenvs/situated-views-etl-KhhASCmw/lib/python3.6/site-packages/dagster/utils/__init__.py", line 383, in iterate_with_context
    next_output = next(iterator)
  File "/home/pitanga/.local/share/virtualenvs/situated-views-etl-KhhASCmw/lib/python3.6/site-packages/dagster/core/execution/plan/compute_generator.py", line 65, in _coerce_solid_compute_fn_to_iterator
    result = fn(context, **kwargs) if context_arg_provided else fn(**kwargs)
  File "/mnt/e/situated-views-etl/solids/cumulus.py", line 189, in format_date
    lambda x: x.strftime("%Y + circa")
  File "/home/pitanga/.local/share/virtualenvs/situated-views-etl-KhhASCmw/lib/python3.6/site-packages/pandas/core/series.py", line 4213, in apply
    mapped = lib.map_infer(values, f, convert=convert_dtype)
  File "pandas/_libs/lib.pyx", line 2403, in pandas._libs.lib.map_infer
  File "/mnt/e/situated-views-etl/solids/cumulus.py", line 189, in <lambda>
    lambda x: x.strftime("%Y + circa")
  File "pandas/_libs/tslibs/nattype.pyx", line 69, in pandas._libs.tslibs.nattype._make_error_func.f
[0m
