[32m2021-07-22 11:35:13[0m - dagster - [34mDEBUG[0m - cumulus_pipeline - c292614e-def1-438c-8468-a99eddf99645 - 352 - organize_columns - LOGS_CAPTURED - Started capturing logs for solid: organize_columns.
[32m2021-07-22 11:35:13[0m - dagster - [34mDEBUG[0m - cumulus_pipeline - c292614e-def1-438c-8468-a99eddf99645 - 352 - organize_columns - STEP_START - Started execution of step "organize_columns".
[32m2021-07-22 11:35:13[0m - dagster - [34mDEBUG[0m - cumulus_pipeline - c292614e-def1-438c-8468-a99eddf99645 - 352 - organize_columns - LOADED_INPUT - Loaded input "df" using input manager "io_manager", from output "result" of step "xml_to_df"
[32m2021-07-22 11:35:14[0m - dagster - [34mDEBUG[0m - cumulus_pipeline - c292614e-def1-438c-8468-a99eddf99645 - 352 - organize_columns - STEP_INPUT - Got input "df" of type "Any". (Type check passed).
[32m2021-07-22 11:35:14[0m - dagster - [34mERROR[0m - [31mcumulus_pipeline - c292614e-def1-438c-8468-a99eddf99645 - 352 - organize_columns - STEP_FAILURE - Execution of step "organize_columns" failed.

dagster.core.errors.DagsterExecutionStepExecutionError: Error occurred while executing solid "organize_columns"::

KeyError: 'SSID'

Stack Trace:
  File "/home/pitanga/.local/share/virtualenvs/situated-views-etl-KhhASCmw/lib/python3.6/site-packages/dagster/core/execution/plan/utils.py", line 42, in solid_execution_error_boundary
    yield
  File "/home/pitanga/.local/share/virtualenvs/situated-views-etl-KhhASCmw/lib/python3.6/site-packages/dagster/utils/__init__.py", line 383, in iterate_with_context
    next_output = next(iterator)
  File "/home/pitanga/.local/share/virtualenvs/situated-views-etl-KhhASCmw/lib/python3.6/site-packages/dagster/core/execution/plan/compute_generator.py", line 65, in _coerce_solid_compute_fn_to_iterator
    result = fn(context, **kwargs) if context_arg_provided else fn(**kwargs)
  File "/mnt/e/situated-views-etl/solids/cumulus.py", line 96, in organize_columns
    cumulus_df["SSID"] = cumulus_df["SSID"].str.split(".", n=1, expand=True)
  File "/home/pitanga/.local/share/virtualenvs/situated-views-etl-KhhASCmw/lib/python3.6/site-packages/pandas/core/frame.py", line 2906, in __getitem__
    indexer = self.columns.get_loc(key)
  File "/home/pitanga/.local/share/virtualenvs/situated-views-etl-KhhASCmw/lib/python3.6/site-packages/pandas/core/indexes/base.py", line 2900, in get_loc
    raise KeyError(key) from err

The above exception was the direct cause of the following exception:
KeyError: 'SSID'

Stack Trace:
  File "/home/pitanga/.local/share/virtualenvs/situated-views-etl-KhhASCmw/lib/python3.6/site-packages/pandas/core/indexes/base.py", line 2898, in get_loc
    return self._engine.get_loc(casted_key)
  File "pandas/_libs/index.pyx", line 70, in pandas._libs.index.IndexEngine.get_loc
  File "pandas/_libs/index.pyx", line 101, in pandas._libs.index.IndexEngine.get_loc
  File "pandas/_libs/hashtable_class_helper.pxi", line 1675, in pandas._libs.hashtable.PyObjectHashTable.get_item
  File "pandas/_libs/hashtable_class_helper.pxi", line 1683, in pandas._libs.hashtable.PyObjectHashTable.get_item
[0m
