[32m2021-07-23 18:41:50[0m - dagster - [34mDEBUG[0m - apis_pipeline - 51424b1b-e1d0-487f-8c4e-c782cd8314d1 - 2131 - query_portals - LOGS_CAPTURED - Started capturing logs for solid: query_portals.
[32m2021-07-23 18:41:50[0m - dagster - [34mDEBUG[0m - apis_pipeline - 51424b1b-e1d0-487f-8c4e-c782cd8314d1 - 2131 - query_portals - STEP_START - Started execution of step "query_portals".
[32m2021-07-23 18:41:51[0m - dagster - [34mERROR[0m - [31mapis_pipeline - 51424b1b-e1d0-487f-8c4e-c782cd8314d1 - 2131 - query_portals - STEP_FAILURE - Execution of step "query_portals" failed.

dagster.core.errors.DagsterExecutionStepExecutionError: Error occurred while executing solid "query_portals"::

requests.exceptions.ConnectionError: ('Connection aborted.', RemoteDisconnected('Remote end closed connection without response',))

Stack Trace:
  File "/home/pitanga/.local/share/virtualenvs/situated-views-etl-KhhASCmw/lib/python3.6/site-packages/dagster/core/execution/plan/utils.py", line 42, in solid_execution_error_boundary
    yield
  File "/home/pitanga/.local/share/virtualenvs/situated-views-etl-KhhASCmw/lib/python3.6/site-packages/dagster/utils/__init__.py", line 383, in iterate_with_context
    next_output = next(iterator)
  File "/home/pitanga/.local/share/virtualenvs/situated-views-etl-KhhASCmw/lib/python3.6/site-packages/dagster/core/execution/plan/compute_generator.py", line 65, in _coerce_solid_compute_fn_to_iterator
    result = fn(context, **kwargs) if context_arg_provided else fn(**kwargs)
  File "/mnt/e/situated-views-etl/solids/apis.py", line 191, in query_portals
    response = http.post(endpoint, params=params)
  File "/home/pitanga/.local/share/virtualenvs/situated-views-etl-KhhASCmw/lib/python3.6/site-packages/requests/sessions.py", line 590, in post
    return self.request('POST', url, data=data, json=json, **kwargs)
  File "/home/pitanga/.local/share/virtualenvs/situated-views-etl-KhhASCmw/lib/python3.6/site-packages/requests/sessions.py", line 542, in request
    resp = self.send(prep, **send_kwargs)
  File "/home/pitanga/.local/share/virtualenvs/situated-views-etl-KhhASCmw/lib/python3.6/site-packages/requests/sessions.py", line 655, in send
    r = adapter.send(request, **kwargs)
  File "/home/pitanga/.local/share/virtualenvs/situated-views-etl-KhhASCmw/lib/python3.6/site-packages/requests/adapters.py", line 498, in send
    raise ConnectionError(err, request=request)
[0m
