[32m2021-06-04 11:44:46[0m - dagster - [34mDEBUG[0m - camera_pipeline - 4dd79990-f0e1-4f52-94a3-54271483fc36 - 5082 - change_img_href - LOGS_CAPTURED - Started capturing logs for solid: change_img_href.
[32m2021-06-04 11:44:47[0m - dagster - [34mDEBUG[0m - camera_pipeline - 4dd79990-f0e1-4f52-94a3-54271483fc36 - 5082 - change_img_href - STEP_START - Started execution of step "change_img_href".
[32m2021-06-04 11:44:47[0m - dagster - [34mDEBUG[0m - camera_pipeline - 4dd79990-f0e1-4f52-94a3-54271483fc36 - 5082 - change_img_href - LOADED_INPUT - Loaded input "kmls" using input manager "io_manager", from output "result" of step "split_photooverlays"
[32m2021-06-04 11:44:47[0m - dagster - [34mDEBUG[0m - camera_pipeline - 4dd79990-f0e1-4f52-94a3-54271483fc36 - 5082 - change_img_href - STEP_INPUT - Got input "kmls" of type "Any". (Type check passed).
[32m2021-06-04 11:44:59[0m - dagster - [34mDEBUG[0m - camera_pipeline - 4dd79990-f0e1-4f52-94a3-54271483fc36 - 5082 - change_img_href - STEP_OUTPUT - Yielded output "result" of type "Any". (Type check passed).
[32m2021-06-04 11:44:59[0m - dagster - [34mDEBUG[0m - camera_pipeline - 4dd79990-f0e1-4f52-94a3-54271483fc36 - 5082 - change_img_href - HANDLED_OUTPUT - Handled output "result" using IO manager "io_manager"
[32m2021-06-04 11:45:00[0m - dagster - [34mERROR[0m - [31mcamera_pipeline - 4dd79990-f0e1-4f52-94a3-54271483fc36 - 5082 - change_img_href - STEP_FAILURE - Execution of step "change_img_href" failed.

dagster.core.errors.DagsterExecutionInterruptedError

Stack Trace:
  File "/home/pitanga/.local/share/virtualenvs/situated-views-XI40jPuu/lib/python3.8/site-packages/dagster/core/execution/plan/execute_plan.py", line 193, in _dagster_event_sequence_for_step
    for step_event in check.generator(step_events):
  File "/home/pitanga/.local/share/virtualenvs/situated-views-XI40jPuu/lib/python3.8/site-packages/dagster/core/execution/plan/execute_step.py", line 305, in core_dagster_event_sequence_for_step
    for user_event in check.generator(
  File "/home/pitanga/.local/share/virtualenvs/situated-views-XI40jPuu/lib/python3.8/site-packages/dagster/core/execution/plan/execute_step.py", line 64, in _step_output_error_checked_user_event_sequence
    for user_event in user_event_sequence:
  File "/home/pitanga/.local/share/virtualenvs/situated-views-XI40jPuu/lib/python3.8/site-packages/dagster/core/execution/plan/execute_step.py", line 599, in _user_event_sequence_for_step_compute_fn
    for event in iterate_with_context(
  File "/home/pitanga/.local/share/virtualenvs/situated-views-XI40jPuu/lib/python3.8/site-packages/dagster/utils/__init__.py", line 380, in iterate_with_context
    with context_fn():
  File "/usr/lib/python3.8/contextlib.py", line 113, in __enter__
    return next(self.gen)
  File "/home/pitanga/.local/share/virtualenvs/situated-views-XI40jPuu/lib/python3.8/site-packages/dagster/core/execution/plan/utils.py", line 40, in solid_execution_error_boundary
    with raise_execution_interrupts():
  File "/usr/lib/python3.8/contextlib.py", line 113, in __enter__
    return next(self.gen)
  File "/home/pitanga/.local/share/virtualenvs/situated-views-XI40jPuu/lib/python3.8/site-packages/dagster/core/errors.py", line 152, in raise_execution_interrupts
    with raise_interrupts_as(DagsterExecutionInterruptedError):
  File "/usr/lib/python3.8/contextlib.py", line 113, in __enter__
    return next(self.gen)
  File "/home/pitanga/.local/share/virtualenvs/situated-views-XI40jPuu/lib/python3.8/site-packages/dagster/utils/interrupts.py", line 73, in raise_interrupts_as
    raise error_cls()
[0m
