[32m2021-07-15 19:02:15[0m - dagster - [34mDEBUG[0m - export_pipeline - 9a6bac70-b0ad-47ff-8ffc-18ade56d741f - 21236 - organize_columns_to_omeka - LOGS_CAPTURED - Started capturing logs for solid: organize_columns_to_omeka.
[32m2021-07-15 19:02:15[0m - dagster - [34mDEBUG[0m - export_pipeline - 9a6bac70-b0ad-47ff-8ffc-18ade56d741f - 21236 - organize_columns_to_omeka - STEP_START - Started execution of step "organize_columns_to_omeka".
[32m2021-07-15 19:02:15[0m - dagster - [34mDEBUG[0m - export_pipeline - 9a6bac70-b0ad-47ff-8ffc-18ade56d741f - 21236 - organize_columns_to_omeka - LOADED_INPUT - Loaded input "df" using input manager "io_manager", from output "result" of step "load_metadata"
[32m2021-07-15 19:02:15[0m - dagster - [34mDEBUG[0m - export_pipeline - 9a6bac70-b0ad-47ff-8ffc-18ade56d741f - 21236 - organize_columns_to_omeka - LOADED_INPUT - Loaded input "smapshot" using input manager "smapshot_root"
[32m2021-07-15 19:02:16[0m - dagster - [34mDEBUG[0m - export_pipeline - 9a6bac70-b0ad-47ff-8ffc-18ade56d741f - 21236 - organize_columns_to_omeka - STEP_INPUT - Got input "df" of type "Any". (Type check passed).
[32m2021-07-15 19:02:16[0m - dagster - [34mDEBUG[0m - export_pipeline - 9a6bac70-b0ad-47ff-8ffc-18ade56d741f - 21236 - organize_columns_to_omeka - STEP_INPUT - Got input "smapshot" of type "Any". (Type check passed).
/mnt/e/situated-views-etl/solids/export.py:45: SettingWithCopyWarning: 
A value is trying to be set on a copy of a slice from a DataFrame.
Try using .loc[row_indexer,col_indexer] = value instead

See the caveats in the documentation: https://pandas.pydata.org/pandas-docs/stable/user_guide/indexing.html#returning-a-view-versus-a-copy
  omeka_df["portals_url"] = omeka_df["portals_url"] + " Instituto Moreira Salles"
/mnt/e/situated-views-etl/solids/export.py:46: SettingWithCopyWarning: 
A value is trying to be set on a copy of a slice from a DataFrame.
Try using .loc[row_indexer,col_indexer] = value instead

See the caveats in the documentation: https://pandas.pydata.org/pandas-docs/stable/user_guide/indexing.html#returning-a-view-versus-a-copy
  omeka_df["wikidata_id"] = omeka_df["wikidata_id"] + " Wikidata"
/mnt/e/situated-views-etl/solids/export.py:47: SettingWithCopyWarning: 
A value is trying to be set on a copy of a slice from a DataFrame.
Try using .loc[row_indexer,col_indexer] = value instead

See the caveats in the documentation: https://pandas.pydata.org/pandas-docs/stable/user_guide/indexing.html#returning-a-view-versus-a-copy
  omeka_df["image_width"] = omeka_df["image_width"].str.replace(",", ".")
/mnt/e/situated-views-etl/solids/export.py:48: SettingWithCopyWarning: 
A value is trying to be set on a copy of a slice from a DataFrame.
Try using .loc[row_indexer,col_indexer] = value instead

See the caveats in the documentation: https://pandas.pydata.org/pandas-docs/stable/user_guide/indexing.html#returning-a-view-versus-a-copy
  omeka_df["image_height"] = omeka_df["image_height"].str.replace(",", ".")
/mnt/e/situated-views-etl/solids/export.py:51: SettingWithCopyWarning: 
A value is trying to be set on a copy of a slice from a DataFrame.
Try using .loc[row_indexer,col_indexer] = value instead

See the caveats in the documentation: https://pandas.pydata.org/pandas-docs/stable/user_guide/indexing.html#returning-a-view-versus-a-copy
  omeka_df["rights"] = ""
/mnt/e/situated-views-etl/solids/export.py:52: SettingWithCopyWarning: 
A value is trying to be set on a copy of a slice from a DataFrame.
Try using .loc[row_indexer,col_indexer] = value instead

See the caveats in the documentation: https://pandas.pydata.org/pandas-docs/stable/user_guide/indexing.html#returning-a-view-versus-a-copy
  omeka_df["citation"] = ""
/mnt/e/situated-views-etl/solids/export.py:53: SettingWithCopyWarning: 
A value is trying to be set on a copy of a slice from a DataFrame.
Try using .loc[row_indexer,col_indexer] = value instead

See the caveats in the documentation: https://pandas.pydata.org/pandas-docs/stable/user_guide/indexing.html#returning-a-view-versus-a-copy
  omeka_df["item_sets"] = "all||views"
/home/pitanga/.local/share/virtualenvs/situated-views-etl-KhhASCmw/lib/python3.6/site-packages/pandas/core/indexing.py:1743: SettingWithCopyWarning: 
A value is trying to be set on a copy of a slice from a DataFrame.
Try using .loc[row_indexer,col_indexer] = value instead

See the caveats in the documentation: https://pandas.pydata.org/pandas-docs/stable/user_guide/indexing.html#returning-a-view-versus-a-copy
  isetter(ilocs[0], value)
/mnt/e/situated-views-etl/solids/export.py:56: SettingWithCopyWarning: 
A value is trying to be set on a copy of a slice from a DataFrame.
Try using .loc[row_indexer,col_indexer] = value instead

See the caveats in the documentation: https://pandas.pydata.org/pandas-docs/stable/user_guide/indexing.html#returning-a-view-versus-a-copy
  omeka_df["dcterms:available"] = df["date_circa"]
[32m2021-07-15 19:02:16[0m - dagster - [34mDEBUG[0m - export_pipeline - 9a6bac70-b0ad-47ff-8ffc-18ade56d741f - 21236 - organize_columns_to_omeka - STEP_OUTPUT - Yielded output "result" of type "Any". (Type check passed).
[32m2021-07-15 19:02:16[0m - dagster - [34mDEBUG[0m - export_pipeline - 9a6bac70-b0ad-47ff-8ffc-18ade56d741f - 21236 - organize_columns_to_omeka - HANDLED_OUTPUT - Handled output "result" using IO manager "io_manager"
[32m2021-07-15 19:02:16[0m - dagster - [34mDEBUG[0m - export_pipeline - 9a6bac70-b0ad-47ff-8ffc-18ade56d741f - 21236 - organize_columns_to_omeka - STEP_SUCCESS - Finished execution of step "organize_columns_to_omeka" in 446ms.
