Appended: 001BO001006
Appended: 001MC001007
Appended: 001RJ001002
Appended: 001RJ004002
Appended: 001RR001004
Appended: 002008NV002
Appended: 007A5P3F04-049
Updated: 0073040avulsoscx001e050-12
Appended: 007CX183-03
Appended: 007_IMG_0987
Appended: 007_IMG_1804
Updated: 007CX025-06
Appended: 007_IMG_2157
Appended: 007_IMG_2335
Appended: 007_IMG_2340
Appended: 007_IMG_2843
Appended: 007_IMG_3315
Appended: 007_IMG_3327
Updated: 007CX179-03
Appended: 007_IMG_4055
Appended: 007_IMG_4073
Appended: 007_IMG_4074
Appended: 007_IMG_4090
Appended: 013RJ006004
Appended: P002SAm52-0018
