[32m2021-06-25 16:52:50[0m - dagster - [34mDEBUG[0m - export_pipeline - b107d09c-f103-456b-bee2-5d401cbb1744 - 12693 - organize_columns_to_omeka - LOGS_CAPTURED - Started capturing logs for solid: organize_columns_to_omeka.
[32m2021-06-25 16:52:50[0m - dagster - [34mDEBUG[0m - export_pipeline - b107d09c-f103-456b-bee2-5d401cbb1744 - 12693 - organize_columns_to_omeka - STEP_START - Started execution of step "organize_columns_to_omeka".
[32m2021-06-25 16:52:50[0m - dagster - [34mDEBUG[0m - export_pipeline - b107d09c-f103-456b-bee2-5d401cbb1744 - 12693 - organize_columns_to_omeka - LOADED_INPUT - Loaded input "df" using input manager "io_manager", from output "result" of step "load_metadata"
[32m2021-06-25 16:52:51[0m - dagster - [34mDEBUG[0m - export_pipeline - b107d09c-f103-456b-bee2-5d401cbb1744 - 12693 - organize_columns_to_omeka - STEP_INPUT - Got input "df" of type "Any". (Type check passed).
[32m2021-06-25 16:52:51[0m - dagster - [34mERROR[0m - [31mexport_pipeline - b107d09c-f103-456b-bee2-5d401cbb1744 - 12693 - organize_columns_to_omeka - STEP_FAILURE - Execution of step "organize_columns_to_omeka" failed.

dagster.core.errors.DagsterExecutionStepExecutionError: Error occurred while executing solid "organize_columns_to_omeka"::

numpy.core._exceptions._UFuncNoLoopError: ufunc 'add' did not contain a loop with signature matching types (dtype('<U32'), dtype('<U32')) -> dtype('<U32')

Stack Trace:
  File "/home/pitanga/.local/share/virtualenvs/situated-views-yLYNqPII/lib/python3.8/site-packages/dagster/core/execution/plan/utils.py", line 42, in solid_execution_error_boundary
    yield
  File "/home/pitanga/.local/share/virtualenvs/situated-views-yLYNqPII/lib/python3.8/site-packages/dagster/utils/__init__.py", line 382, in iterate_with_context
    next_output = next(iterator)
  File "/home/pitanga/.local/share/virtualenvs/situated-views-yLYNqPII/lib/python3.8/site-packages/dagster/core/definitions/decorators/solid.py", line 307, in _coerce_solid_compute_fn_to_iterator
    result = fn(context, **kwargs) if context_arg_provided else fn(**kwargs)
  File "/mnt/d/ims/situated-views/bin/solids/export.py", line 42, in organize_columns_to_omeka
    df["First Year"] + "/" + df["Last Year"]
  File "/home/pitanga/.local/share/virtualenvs/situated-views-yLYNqPII/lib/python3.8/site-packages/pandas/core/ops/common.py", line 65, in new_method
    return method(self, other)
  File "/home/pitanga/.local/share/virtualenvs/situated-views-yLYNqPII/lib/python3.8/site-packages/pandas/core/arraylike.py", line 89, in __add__
    return self._arith_method(other, operator.add)
  File "/home/pitanga/.local/share/virtualenvs/situated-views-yLYNqPII/lib/python3.8/site-packages/pandas/core/series.py", line 4998, in _arith_method
    result = ops.arithmetic_op(lvalues, rvalues, op)
  File "/home/pitanga/.local/share/virtualenvs/situated-views-yLYNqPII/lib/python3.8/site-packages/pandas/core/ops/array_ops.py", line 189, in arithmetic_op
    res_values = _na_arithmetic_op(lvalues, rvalues, op)
  File "/home/pitanga/.local/share/virtualenvs/situated-views-yLYNqPII/lib/python3.8/site-packages/pandas/core/ops/array_ops.py", line 149, in _na_arithmetic_op
    result = _masked_arith_op(left, right, op)
  File "/home/pitanga/.local/share/virtualenvs/situated-views-yLYNqPII/lib/python3.8/site-packages/pandas/core/ops/array_ops.py", line 111, in _masked_arith_op
    result[mask] = op(xrav[mask], y)
[0m
