[32m2021-07-23 17:36:59[0m - dagster - [34mDEBUG[0m - cumulus_pipeline - 4e80cdad-3e4c-4326-ae82-e85f8f8b3215 - 1627 - format_date - LOGS_CAPTURED - Started capturing logs for solid: format_date.
[32m2021-07-23 17:36:59[0m - dagster - [34mDEBUG[0m - cumulus_pipeline - 4e80cdad-3e4c-4326-ae82-e85f8f8b3215 - 1627 - format_date - STEP_START - Started execution of step "format_date".
[32m2021-07-23 17:36:59[0m - dagster - [34mDEBUG[0m - cumulus_pipeline - 4e80cdad-3e4c-4326-ae82-e85f8f8b3215 - 1627 - format_date - LOADED_INPUT - Loaded input "df" using input manager "io_manager", from output "result" of step "extract_dimensions"
[32m2021-07-23 17:36:59[0m - dagster - [34mDEBUG[0m - cumulus_pipeline - 4e80cdad-3e4c-4326-ae82-e85f8f8b3215 - 1627 - format_date - STEP_INPUT - Got input "df" of type "Any". (Type check passed).
[32m2021-07-23 17:37:01[0m - dagster - [34mERROR[0m - [31mcumulus_pipeline - 4e80cdad-3e4c-4326-ae82-e85f8f8b3215 - 1627 - format_date - STEP_FAILURE - Execution of step "format_date" failed.

dagster.core.errors.DagsterExecutionStepExecutionError: Error occurred while executing solid "format_date"::

KeyError: "None of [DatetimeIndex(['1905-01-01', '1905-01-01', '1905-01-01', '1905-01-01',\n               '1905-01-01', '1905-01-01', '1905-01-01', '1905-01-01',\n               '1905-01-01', '1905-01-01',\n               ...\n                      'NaT',        'NaT',        'NaT',        'NaT',\n                      'NaT',        'NaT',        'NaT',        'NaT',\n                      'NaT',        'NaT'],\n              dtype='datetime64[ns]', length=5797, freq=None)] are in the [columns]"

Stack Trace:
  File "/home/pitanga/.local/share/virtualenvs/situated-views-etl-KhhASCmw/lib/python3.6/site-packages/dagster/core/execution/plan/utils.py", line 42, in solid_execution_error_boundary
    yield
  File "/home/pitanga/.local/share/virtualenvs/situated-views-etl-KhhASCmw/lib/python3.6/site-packages/dagster/utils/__init__.py", line 383, in iterate_with_context
    next_output = next(iterator)
  File "/home/pitanga/.local/share/virtualenvs/situated-views-etl-KhhASCmw/lib/python3.6/site-packages/dagster/core/execution/plan/compute_generator.py", line 65, in _coerce_solid_compute_fn_to_iterator
    result = fn(context, **kwargs) if context_arg_provided else fn(**kwargs)
  File "/mnt/e/situated-views-etl/solids/cumulus.py", line 163, in format_date
    circa & firstna, df["datetime"].apply(lambda x: x - pd.DateOffset(years=5))
  File "/home/pitanga/.local/share/virtualenvs/situated-views-etl-KhhASCmw/lib/python3.6/site-packages/pandas/core/indexing.py", line 873, in __getitem__
    return self._getitem_tuple(key)
  File "/home/pitanga/.local/share/virtualenvs/situated-views-etl-KhhASCmw/lib/python3.6/site-packages/pandas/core/indexing.py", line 1055, in _getitem_tuple
    return self._getitem_tuple_same_dim(tup)
  File "/home/pitanga/.local/share/virtualenvs/situated-views-etl-KhhASCmw/lib/python3.6/site-packages/pandas/core/indexing.py", line 750, in _getitem_tuple_same_dim
    retval = getattr(retval, self.name)._getitem_axis(key, axis=i)
  File "/home/pitanga/.local/share/virtualenvs/situated-views-etl-KhhASCmw/lib/python3.6/site-packages/pandas/core/indexing.py", line 1099, in _getitem_axis
    return self._getitem_iterable(key, axis=axis)
  File "/home/pitanga/.local/share/virtualenvs/situated-views-etl-KhhASCmw/lib/python3.6/site-packages/pandas/core/indexing.py", line 1037, in _getitem_iterable
    keyarr, indexer = self._get_listlike_indexer(key, axis, raise_missing=False)
  File "/home/pitanga/.local/share/virtualenvs/situated-views-etl-KhhASCmw/lib/python3.6/site-packages/pandas/core/indexing.py", line 1254, in _get_listlike_indexer
    self._validate_read_indexer(keyarr, indexer, axis, raise_missing=raise_missing)
  File "/home/pitanga/.local/share/virtualenvs/situated-views-etl-KhhASCmw/lib/python3.6/site-packages/pandas/core/indexing.py", line 1298, in _validate_read_indexer
    raise KeyError(f"None of [{key}] are in the [{axis_name}]")
[0m
