OK: 001CC001033
ERROR: The truth value of a Series is ambiguous. Use a.empty, a.bool(), a.item(), a.any() or a.all(). no ID: 002029FPF004001
OK: 002037AAK5001
OK: 002037AAK5021
OK: 002037AAK5022
OK: 002037AAK5074
OK: 002057TP009
OK: 002073LM003
OK: 002073LM004
OK: 002073LM005
OK: 002073LM007
OK: 002073LM008
OK: 002073LM009
OK: 002073LM010
OK: 002073LM011
OK: 002073LM012
OK: 002073LM014
OK: 002073LM017
OK: 002073LM019
OK: 002073LM021
OK: 002073LM022
OK: 002073LM023
OK: 002073LM024
OK: 002073LM025
OK: 002073LM026
OK: 002073LM027
OK: 002073LM028
OK: 002073LM029
OK: 002095RJ001001
OK: 002095RJ001003
OK: 002095RJ001006
OK: 002095RJ001007
OK: 002095RJ001009
OK: 002095RJ001010
OK: 002095RJ001011
OK: 002095RJ001013
OK: 002095RJ001014
OK: 002095RJ001015
OK: 002095RJ001016
OK: 002095RJ001017
OK: 002095RJ001018
OK: 002095RJ001019
OK: 002095RJ001023
OK: 002095RJ001025
OK: 002095RJ001028
OK: 002095RJ001030
OK: 002095RJ001031
OK: 002095RJ001032
OK: 002095RJ001033
OK: 002095RJ001034
OK: 002095RJ001036
OK: 002095RJ001038
OK: 002095RJ002002
OK: 002095RJ002009
OK: 002095RJ002010
OK: 002095RJ002011
OK: 002095RJ002013
OK: 002095RJ002016
OK: 002095RJ002017
OK: 002095RJ002018
OK: 002095RJ002019
OK: 002095RJ002020
OK: 002095RJ002021
OK: 002095RJ002022
OK: 002095RJ002023
OK: 002095RJ002024
OK: 002095RJ002025
OK: 002095RJ002029
OK: 002095RJ002030
OK: 002095RJ002031
OK: 002095RJ002032
OK: 002095RJ002034
OK: 002095RJ003020
OK: 0071824CX004-04
OK: 0071824CX007-09
OK: 0071824CX010-06
OK: 0071824CX015A-05
OK: 0071824CX015A-06
OK: 0071824CX016-01
OK: 0071824CX022-01
OK: 0071824CX022-04
OK: 0071824CX022-08
OK: 0071824CX022-12
OK: 0071824CX024-06
OK: 0071824CX024-08
OK: 0071824CX024-12
OK: 0071824CX031-06
OK: 0071824CX031-09
OK: 0071824CX033B-09
OK: 0071824CX033B-10
OK: 0071824CX033B-11
OK: 0071824CX033B-12
OK: 0071824CX036B-02
OK: 0071824CX037-03
OK: 0071824CX037-06
OK: 0071824CX038-06
OK: 0071824CX038-07
OK: 0071824CX040-02
OK: 0071824CX040-04
OK: 0071824CX040-06
OK: 0071824CX049-13
OK: 0071824CX060-03
OK: 0071824CX060-09
OK: 0071824CX064-15
OK: 0071824CX065-04
OK: 0071824CX066-02
OK: 0071824CX068-14
OK: 0071824CX084-07
OK: 0071824CX092-07
OK: 0071824CX098-05
OK: 0071824CX098-09
OK: 0071824CX106-01
OK: 0071824CX106-02
OK: 0071824CX106-05
OK: 0071824CX121-02
OK: 0071824CX121-03
OK: 0071824CX121-04
OK: 0071824CX127-10
OK: 0071824CXRIO3-03
OK: 0071824CXSN2-07
OK: 0071824CXSN2-12
OK: 0072430CX006-07
OK: 0072430CX006-09
OK: 0072430CX006-11
OK: 0072430CX010-01
OK: 0072430CX010-02
OK: 0072430CX010-04
OK: 0072430CX010-07
OK: 0072430CX010-09
OK: 0072430CX012-01
OK: 0072430CX021-03
OK: 0072430CX029-02
OK: 0072430CX030-02
OK: 0072430CX030-06
OK: 0072430CX031-10
OK: 0072430CX032B-01
OK: 0072430CX032B-02
OK: 0072430CX032B-05
OK: 0072430CX036-07
OK: 0072430CX040-04
OK: 0072430CX041-02
OK: 0072430CX041-03
OK: 0072430CX041-04
OK: 0072430CX043-10
OK: 0072430CX044A-02
OK: 0072430CX044A-03
OK: 0072430CX044B-01
OK: 0072430CX044B-06
OK: 0072430CX044B-07
OK: 0072430CX044B-08
OK: 0072430CX044B-09
OK: 0072430CX055-09
OK: 0072430CX056A-03
OK: 0072430CX056A-05
OK: 0072430CX056A-06
OK: 0072430CX056A-09
OK: 0072430CX056A-10
OK: 0072430CX056B-05
OK: 0072430CX056B-06
OK: 0072430CX056B-07
OK: 0072430CX061-05
OK: 0072430CX061-07
OK: 0072430CX061-09
OK: 0072430CX061-12
OK: 0072430CX063-05
OK: 0072430CX066-02
OK: 0072430CX066-05
OK: 0072430CX066-06
OK: 0072430CX067-01
OK: 0072430CX067-06
OK: 0072430CX068-01
OK: 0072430CX068-04
OK: 0072430CX069-09
OK: 0072430CX097-04
OK: 0072430CX097-07
OK: 0072430CX098-07
ERROR: '007A5P4F01-36' no ID: 007A5P4F01-36
ERROR: '007A5P4F01-37' no ID: 007A5P4F01-37
OK: 013RJ007001
OK: 013RJ007003
OK: 013RJ007021
OK: 013RJ007029
OK: 013RJ007031
OK: 013RJ007035
OK: 013RJ007036
OK: 013RJ008006
OK: 013RJ009009
OK: 013RJ009012
OK: 013RJ009034
OK: 013RJ009035
OK: 013RJ009064
OK: 013RJ011004
OK: 013RJ011010
OK: 013RJ011011
OK: 013RJ011012
OK: 013RJ011016
OK: 013RJ011024
OK: 013RJ011025
OK: 013RJ011031
OK: 013RJ011033
OK: 013RJ011034
OK: 013RJ011035
OK: 013RJ011042
OK: 013RJ011043
OK: 013RJ011047
OK: 013RJ011049
OK: 013RJ011052
OK: 013RJ011057
OK: 013RJ011058
OK: 013RJ011061
OK: 013RJ012003
OK: 013RJ012005
OK: 013RJ012006
OK: 013RJ012007
OK: 013RJ012019
OK: 013RJ012022
OK: 013RJ012023
OK: 013RJ012025
OK: 013RJ012035
OK: 013RJ012041
OK: 013RJ012042
OK: 013RJ012043
OK: 013RJ012044
OK: 013RJ012045
OK: 013RJ012046
OK: 013RJ012047
OK: 013RJ012048
OK: 013RJ012049
OK: 013RJ012056
OK: 013RJ012058
OK: 013RJ012060
OK: 013RJ012065
OK: 013RJ016002
OK: 013RJ016003
OK: 013RJ016004
OK: 013RJ016020
OK: 013RJ018006
OK: 014AAN00505
OK: 014GLAS016
OK: 014GLAS017
OK: 014GLAS035
OK: 014GLAS048
OK: 014GLAS060
OK: 014GLAS062
OK: 014GLAS063
OK: 014GLAS069
OK: 014GLAS093
OK: 014GLAS110
OK: 014GLAS111
OK: 014GLAS112
OK: 014GLAS113
OK: 014GLAS114
OK: 014GLAS115
OK: 037SL03119
