Updated:   001CC001033
Appended:  002037AAK5001
Appended:  002037AAK5021
Appended:  002037AAK5022
Appended:  002037AAK5074
Appended:  002057TP009
Appended:  002073LM003
Updated:   002073LM004
Appended:  002073LM005
Appended:  002073LM007
Appended:  002073LM008
Appended:  002073LM009
Updated:   002073LM010
Updated:   002073LM011
Updated:   002073LM012
Updated:   002073LM014
Appended:  002073LM017
Appended:  002073LM019
Appended:  002073LM021
Appended:  002073LM022
Appended:  002073LM023
Appended:  002073LM024
Appended:  002073LM025
Appended:  002073LM026
Appended:  002073LM027
Appended:  002073LM028
Appended:  002073LM029
Appended:  002095RJ001001
Appended:  002095RJ001003
Appended:  002095RJ001006
Appended:  002095RJ001007
Appended:  002095RJ001009
Appended:  002095RJ001010
Appended:  002095RJ001011
Appended:  002095RJ001013
Appended:  002095RJ001014
Appended:  002095RJ001015
Appended:  002095RJ001016
Appended:  002095RJ001017
Appended:  002095RJ001018
Appended:  002095RJ001019
Appended:  002095RJ001023
Appended:  002095RJ001025
Appended:  002095RJ001028
Appended:  002095RJ001030
Updated:   002095RJ001031
Updated:   002095RJ001032
Appended:  002095RJ001033
Appended:  002095RJ001034
Appended:  002095RJ001036
Updated:   002095RJ001038
Appended:  002095RJ002002
Appended:  002095RJ002009
Appended:  002095RJ002010
Appended:  002095RJ002011
Appended:  002095RJ002013
Appended:  002095RJ002016
Appended:  002095RJ002017
Appended:  002095RJ002018
Appended:  002095RJ002019
Appended:  002095RJ002020
Appended:  002095RJ002021
Appended:  002095RJ002022
Appended:  002095RJ002023
Appended:  002095RJ002024
Appended:  002095RJ002025
Appended:  002095RJ002029
Appended:  002095RJ002030
Appended:  002095RJ002031
Appended:  002095RJ002032
Appended:  002095RJ002034
Appended:  002095RJ003020
Updated:   0071824cx004-04
Updated:   0071824cx007-09
Updated:   0071824cx010-06
Appended:  0071824cx015a-05
Updated:   0071824cx015a-06
Updated:   0071824cx016-01
Appended:  0071824cx022-01
Appended:  0071824cx022-04
Updated:   0071824cx022-08
Appended:  0071824cx022-12
Updated:   0071824cx024-06
Updated:   0071824cx024-08
Updated:   0071824cx024-12
Appended:  0071824cx031-06
Appended:  0071824cx031-09
Updated:   0071824cx033b-09
Updated:   0071824cx033b-10
Updated:   0071824cx033b-11
Updated:   0071824cx033b-12
Updated:   0071824cx036b-02
Updated:   0071824cx037-03
Updated:   0071824cx037-06
Appended:  0071824cx038-06
Updated:   0071824cx038-07
Appended:  0071824cx040-02
Appended:  0071824cx040-04
Appended:  0071824cx040-06
Updated:   0071824cx049-13
Appended:  0071824cx060-03
Appended:  0071824cx060-09
Appended:  0071824cx064-15
Appended:  0071824cx065-04
Appended:  0071824cx066-02
Appended:  0071824cx068-14
Updated:   0071824cx084-07
Appended:  0071824cx092-07
Appended:  0071824cx098-05
Appended:  0071824cx098-09
Appended:  0071824cx106-01
Updated:   0071824cx106-02
Appended:  0071824cx106-05
Appended:  0071824cx121-02
Appended:  0071824cx121-03
Appended:  0071824cx121-04
Appended:  0071824cx127-10
Appended:  0071824cxrio3-03
Appended:  0071824cxsn2-07
Updated:   0071824cxsn2-12
Appended:  0072430cx006-07
Appended:  0072430cx006-09
Appended:  0072430cx006-11
Updated:   0072430cx010-01
Updated:   0072430cx010-02
Updated:   0072430cx010-04
Updated:   0072430cx010-07
Updated:   0072430cx010-09
Appended:  0072430cx012-01
Appended:  0072430cx021-03
Appended:  0072430cx029-02
Appended:  0072430cx030-02
Updated:   0072430cx030-06
Updated:   0072430cx031-10
Appended:  0072430cx032b-01
Appended:  0072430cx032b-02
Appended:  0072430cx032b-05
Appended:  0072430cx036-07
Appended:  0072430cx040-04
Updated:   0072430cx041-02
Updated:   0072430cx041-03
Updated:   0072430cx041-04
Appended:  0072430cx043-10
Appended:  0072430cx044a-02
Appended:  0072430cx044a-03
Appended:  0072430cx044b-01
Appended:  0072430cx044b-06
Appended:  0072430cx044b-07
Appended:  0072430cx044b-08
Appended:  0072430cx044b-09
Appended:  0072430cx055-09
Appended:  0072430cx056a-03
Appended:  0072430cx056a-05
Appended:  0072430cx056a-06
Appended:  0072430cx056a-09
Appended:  0072430cx056a-10
Appended:  0072430cx056b-05
Appended:  0072430cx056b-06
Appended:  0072430cx056b-07
Appended:  0072430cx061-05
Appended:  0072430cx061-07
Appended:  0072430cx061-09
Updated:   0072430cx061-12
Appended:  0072430cx063-05
Appended:  0072430cx066-02
Appended:  0072430cx066-05
Appended:  0072430cx066-06
Updated:   0072430cx067-01
Appended:  0072430cx067-06
Updated:   0072430cx068-01
Updated:   0072430cx068-04
Updated:   0072430cx069-09
Updated:   0072430cx097-04
Updated:   0072430cx097-07
Updated:   0072430cx098-07
Appended:  013RJ007001
Appended:  013RJ007003
Appended:  013RJ007021
Appended:  013RJ007029
Updated:   013RJ007031
Appended:  013RJ007035
Updated:   013RJ007036
Appended:  013RJ008006
Appended:  013RJ009009
Appended:  013RJ009012
Appended:  013RJ009034
Appended:  013RJ009035
Appended:  013RJ009064
Appended:  013RJ011004
Appended:  013RJ011010
Appended:  013RJ011011
Appended:  013RJ011012
Appended:  013RJ011016
Appended:  013RJ011024
Appended:  013RJ011025
Appended:  013RJ011031
Appended:  013RJ011033
Appended:  013RJ011034
Appended:  013RJ011035
Appended:  013RJ011042
Appended:  013RJ011043
Appended:  013RJ011047
Appended:  013RJ011049
Appended:  013RJ011052
Appended:  013RJ011057
Appended:  013RJ011058
Appended:  013RJ011061
Appended:  013RJ012003
Appended:  013RJ012005
Appended:  013RJ012006
Appended:  013RJ012007
Updated:   013RJ012019
Appended:  013RJ012022
Appended:  013RJ012023
Appended:  013RJ012025
Appended:  013RJ012035
Appended:  013RJ012041
Appended:  013RJ012042
Appended:  013RJ012043
Appended:  013RJ012044
Appended:  013RJ012045
Appended:  013RJ012046
Appended:  013RJ012047
Appended:  013RJ012048
Appended:  013RJ012049
Appended:  013RJ012056
Appended:  013RJ012058
Appended:  013RJ012060
Appended:  013RJ012065
Appended:  013RJ016002
Appended:  013RJ016003
Appended:  013RJ016004
Appended:  013RJ016020
Appended:  013RJ018006
Appended:  014AAN00505
Appended:  014GLAS016
Updated:   014GLAS017
Appended:  014GLAS035
Appended:  014GLAS048
Appended:  014GLAS060
Appended:  014GLAS062
Appended:  014GLAS063
Appended:  014GLAS069
Appended:  014GLAS093
Appended:  014GLAS110
Appended:  014GLAS111
Appended:  014GLAS112
Appended:  014GLAS113
Appended:  014GLAS114
Appended:  014GLAS115
Updated:   037SL03119
