[32m2021-07-22 17:19:07[0m - dagster - [34mDEBUG[0m - cumulus_pipeline - c9df1b4e-7f83-4de0-b6af-e84e36c057da - 5023 - format_date - LOGS_CAPTURED - Started capturing logs for solid: format_date.
[32m2021-07-22 17:19:07[0m - dagster - [34mDEBUG[0m - cumulus_pipeline - c9df1b4e-7f83-4de0-b6af-e84e36c057da - 5023 - format_date - STEP_START - Started execution of step "format_date".
[32m2021-07-22 17:19:07[0m - dagster - [34mDEBUG[0m - cumulus_pipeline - c9df1b4e-7f83-4de0-b6af-e84e36c057da - 5023 - format_date - LOADED_INPUT - Loaded input "df" using input manager "io_manager", from output "result" of step "extract_dimensions"
[32m2021-07-22 17:19:07[0m - dagster - [34mDEBUG[0m - cumulus_pipeline - c9df1b4e-7f83-4de0-b6af-e84e36c057da - 5023 - format_date - STEP_INPUT - Got input "df" of type "Any". (Type check passed).
[32m2021-07-22 17:19:09[0m - dagster - [34mERROR[0m - [31mcumulus_pipeline - c9df1b4e-7f83-4de0-b6af-e84e36c057da - 5023 - format_date - STEP_FAILURE - Execution of step "format_date" failed.

dagster.core.errors.DagsterExecutionStepExecutionError: Error occurred while executing solid "format_date"::

AttributeError: 'float' object has no attribute 'split'

Stack Trace:
  File "/home/pitanga/.local/share/virtualenvs/situated-views-etl-KhhASCmw/lib/python3.6/site-packages/dagster/core/execution/plan/utils.py", line 42, in solid_execution_error_boundary
    yield
  File "/home/pitanga/.local/share/virtualenvs/situated-views-etl-KhhASCmw/lib/python3.6/site-packages/dagster/utils/__init__.py", line 383, in iterate_with_context
    next_output = next(iterator)
  File "/home/pitanga/.local/share/virtualenvs/situated-views-etl-KhhASCmw/lib/python3.6/site-packages/dagster/core/execution/plan/compute_generator.py", line 65, in _coerce_solid_compute_fn_to_iterator
    result = fn(context, **kwargs) if context_arg_provided else fn(**kwargs)
  File "/mnt/e/situated-views-etl/solids/cumulus.py", line 184, in format_date
    df.loc[circa, "Date"].apply(lambda x: x.split("-")[-1]) + " circa"
  File "/home/pitanga/.local/share/virtualenvs/situated-views-etl-KhhASCmw/lib/python3.6/site-packages/pandas/core/series.py", line 4213, in apply
    mapped = lib.map_infer(values, f, convert=convert_dtype)
  File "pandas/_libs/lib.pyx", line 2403, in pandas._libs.lib.map_infer
  File "/mnt/e/situated-views-etl/solids/cumulus.py", line 184, in <lambda>
    df.loc[circa, "Date"].apply(lambda x: x.split("-")[-1]) + " circa"
[0m
