Appended: 001RR004005
Appended: 0072137cx005-04
Appended: 0072137cx012-02
Appended: 0072137cx020-09
Appended: 0072137cx021-05
Appended: 0072137cx021-09
Appended: 0073040avulsoscx001e050-12
Appended: 007CX179-01
Appended: 007CX179-02
Appended: 007CX185-12
Appended: 007IMG_1509
Appended: 007_IMG_2002
Appended: 007CX025-06
Appended: 007_IMG_2066
Appended: 007_IMG_2097
Appended: 007_IMG_2332
Appended: 007_IMG_2333
Appended: 007_IMG_2517
Appended: 007_IMG_2903
Appended: 007_IMG_2924
Appended: 007_IMG_2933
Appended: 007_IMG_2945
Appended: 007_IMG_2946
Appended: 007_IMG_2947
Appended: 007_IMG_2948
Appended: 007_IMG_3331
Appended: 007CX179-03
Appended: 007_IMG_3477
Appended: 007_IMG_3478
Appended: 007_IMG_3479
Appended: 007_IMG_3654
Appended: 007_IMG_3655
Appended: 007_IMG_3888
Appended: 007_IMG_3906
Appended: 037SL01117a
Appended: 037SL01117b
Appended: 037SL01151
Appended: 037SL03005
Appended: 037SL03081
Appended: P002SAm52-0011
