[32m2021-07-08 15:30:36[0m - dagster - [34mDEBUG[0m - catalog_pipeline - 9ef245be-cc07-4067-82c1-1f8dc59bed86 - 16124 - update_metadata - LOGS_CAPTURED - Started capturing logs for solid: update_metadata.
[32m2021-07-08 15:30:36[0m - dagster - [34mDEBUG[0m - catalog_pipeline - 9ef245be-cc07-4067-82c1-1f8dc59bed86 - 16124 - update_metadata - STEP_START - Started execution of step "update_metadata".
[32m2021-07-08 15:30:36[0m - dagster - [34mDEBUG[0m - catalog_pipeline - 9ef245be-cc07-4067-82c1-1f8dc59bed86 - 16124 - update_metadata - LOADED_INPUT - Loaded input "df" using input manager "pandas_csv", from output "catalog" of step "dates_accuracy"
[32m2021-07-08 15:30:37[0m - dagster - [34mDEBUG[0m - catalog_pipeline - 9ef245be-cc07-4067-82c1-1f8dc59bed86 - 16124 - update_metadata - LOADED_INPUT - Loaded input "metadata" using input manager "metadata_root"
[32m2021-07-08 15:30:37[0m - dagster - [34mDEBUG[0m - catalog_pipeline - 9ef245be-cc07-4067-82c1-1f8dc59bed86 - 16124 - update_metadata - STEP_INPUT - Got input "df" of type "Any". (Type check passed).
[32m2021-07-08 15:30:37[0m - dagster - [34mDEBUG[0m - catalog_pipeline - 9ef245be-cc07-4067-82c1-1f8dc59bed86 - 16124 - update_metadata - STEP_INPUT - Got input "metadata" of type "Any". (Type check passed).
[32m2021-07-08 15:30:37[0m - dagster - [34mDEBUG[0m - catalog_pipeline - 9ef245be-cc07-4067-82c1-1f8dc59bed86 - 16124 - update_metadata - STEP_OUTPUT - Yielded output "metadata" of type "Any". (Type check passed).
[32m2021-07-08 15:30:39[0m - dagster - [34mERROR[0m - [31mcatalog_pipeline - 9ef245be-cc07-4067-82c1-1f8dc59bed86 - 16124 - update_metadata - STEP_FAILURE - Execution of step "update_metadata" failed.

dagster.core.errors.DagsterExecutionHandleOutputError: Error occurred while handling output "metadata" of step "update_metadata"::

KeyError: 'self'

Stack Trace:
  File "/home/pitanga/.local/share/virtualenvs/situated-views-nEZA-I-k/lib/python3.6/site-packages/dagster/core/execution/plan/utils.py", line 42, in solid_execution_error_boundary
    yield
  File "/home/pitanga/.local/share/virtualenvs/situated-views-nEZA-I-k/lib/python3.6/site-packages/dagster/utils/__init__.py", line 382, in iterate_with_context
    next_output = next(iterator)
  File "/mnt/e/situated-views/solids/utils.py", line 38, in handle_output
    print(teste_df["self"].dtypes)
  File "/home/pitanga/.local/share/virtualenvs/situated-views-nEZA-I-k/lib/python3.6/site-packages/pandas/core/frame.py", line 2905, in __getitem__
    return self._getitem_multilevel(key)
  File "/home/pitanga/.local/share/virtualenvs/situated-views-nEZA-I-k/lib/python3.6/site-packages/pandas/core/frame.py", line 2955, in _getitem_multilevel
    loc = self.columns.get_loc(key)
  File "/home/pitanga/.local/share/virtualenvs/situated-views-nEZA-I-k/lib/python3.6/site-packages/pandas/core/indexes/multi.py", line 2704, in get_loc
    loc = self._get_level_indexer(key, level=0)
  File "/home/pitanga/.local/share/virtualenvs/situated-views-nEZA-I-k/lib/python3.6/site-packages/pandas/core/indexes/multi.py", line 2969, in _get_level_indexer
    code = self._get_loc_single_level_index(level_index, key)
  File "/home/pitanga/.local/share/virtualenvs/situated-views-nEZA-I-k/lib/python3.6/site-packages/pandas/core/indexes/multi.py", line 2637, in _get_loc_single_level_index
    return level_index.get_loc(key)
  File "/home/pitanga/.local/share/virtualenvs/situated-views-nEZA-I-k/lib/python3.6/site-packages/pandas/core/indexes/base.py", line 2900, in get_loc
    raise KeyError(key) from err

The above exception was the direct cause of the following exception:
KeyError: 'self'

Stack Trace:
  File "/home/pitanga/.local/share/virtualenvs/situated-views-nEZA-I-k/lib/python3.6/site-packages/pandas/core/indexes/base.py", line 2898, in get_loc
    return self._engine.get_loc(casted_key)
  File "pandas/_libs/index.pyx", line 70, in pandas._libs.index.IndexEngine.get_loc
  File "pandas/_libs/index.pyx", line 101, in pandas._libs.index.IndexEngine.get_loc
  File "pandas/_libs/hashtable_class_helper.pxi", line 1675, in pandas._libs.hashtable.PyObjectHashTable.get_item
  File "pandas/_libs/hashtable_class_helper.pxi", line 1683, in pandas._libs.hashtable.PyObjectHashTable.get_item
[0m
