[32m2021-06-18 18:31:33[0m - dagster - [34mDEBUG[0m - metadata_pipeline - 6d0fbe9a-0042-42c8-89fa-62650814bf8e - 1419 - create_metadata - LOGS_CAPTURED - Started capturing logs for solid: create_metadata.
[32m2021-06-18 18:31:34[0m - dagster - [34mDEBUG[0m - metadata_pipeline - 6d0fbe9a-0042-42c8-89fa-62650814bf8e - 1419 - create_metadata - STEP_START - Started execution of step "create_metadata".
[32m2021-06-18 18:31:34[0m - dagster - [34mDEBUG[0m - metadata_pipeline - 6d0fbe9a-0042-42c8-89fa-62650814bf8e - 1419 - create_metadata - LOADED_INPUT - Loaded input "camera" using input manager "camera_root"
[32m2021-06-18 18:31:35[0m - dagster - [34mDEBUG[0m - metadata_pipeline - 6d0fbe9a-0042-42c8-89fa-62650814bf8e - 1419 - create_metadata - LOADED_INPUT - Loaded input "catalog" using input manager "catalog_root"
[32m2021-06-18 18:31:35[0m - dagster - [34mDEBUG[0m - metadata_pipeline - 6d0fbe9a-0042-42c8-89fa-62650814bf8e - 1419 - create_metadata - LOADED_INPUT - Loaded input "images" using input manager "images_root"
[32m2021-06-18 18:31:35[0m - dagster - [34mDEBUG[0m - metadata_pipeline - 6d0fbe9a-0042-42c8-89fa-62650814bf8e - 1419 - create_metadata - LOADED_INPUT - Loaded input "omeka" using input manager "omeka_root"
[32m2021-06-18 18:31:36[0m - dagster - [34mDEBUG[0m - metadata_pipeline - 6d0fbe9a-0042-42c8-89fa-62650814bf8e - 1419 - create_metadata - LOADED_INPUT - Loaded input "portals" using input manager "portals_root"
[32m2021-06-18 18:31:36[0m - dagster - [34mDEBUG[0m - metadata_pipeline - 6d0fbe9a-0042-42c8-89fa-62650814bf8e - 1419 - create_metadata - LOADED_INPUT - Loaded input "wikidata" using input manager "wikidata_root"
[32m2021-06-18 18:31:36[0m - dagster - [34mDEBUG[0m - metadata_pipeline - 6d0fbe9a-0042-42c8-89fa-62650814bf8e - 1419 - create_metadata - STEP_INPUT - Got input "camera" of type "Any". (Type check passed).
[32m2021-06-18 18:31:37[0m - dagster - [34mDEBUG[0m - metadata_pipeline - 6d0fbe9a-0042-42c8-89fa-62650814bf8e - 1419 - create_metadata - STEP_INPUT - Got input "catalog" of type "Any". (Type check passed).
[32m2021-06-18 18:31:37[0m - dagster - [34mDEBUG[0m - metadata_pipeline - 6d0fbe9a-0042-42c8-89fa-62650814bf8e - 1419 - create_metadata - STEP_INPUT - Got input "images" of type "Any". (Type check passed).
[32m2021-06-18 18:31:37[0m - dagster - [34mDEBUG[0m - metadata_pipeline - 6d0fbe9a-0042-42c8-89fa-62650814bf8e - 1419 - create_metadata - STEP_INPUT - Got input "omeka" of type "Any". (Type check passed).
[32m2021-06-18 18:31:38[0m - dagster - [34mDEBUG[0m - metadata_pipeline - 6d0fbe9a-0042-42c8-89fa-62650814bf8e - 1419 - create_metadata - STEP_INPUT - Got input "portals" of type "Any". (Type check passed).
[32m2021-06-18 18:31:38[0m - dagster - [34mDEBUG[0m - metadata_pipeline - 6d0fbe9a-0042-42c8-89fa-62650814bf8e - 1419 - create_metadata - STEP_INPUT - Got input "wikidata" of type "Any". (Type check passed).
[32m2021-06-18 18:31:39[0m - dagster - [34mDEBUG[0m - metadata_pipeline - 6d0fbe9a-0042-42c8-89fa-62650814bf8e - 1419 - create_metadata - STEP_OUTPUT - Yielded output "metadata" of type "Any". (Type check passed).
/home/pitanga/.local/share/virtualenvs/situated-views-XI40jPuu/lib/python3.8/site-packages/dagster/core/execution/plan/execute_step.py:364: ExperimentalWarning: Yielding metadata from an IOManager's handle_output() function is currently experimental functionality. It may break in future versions, even between dot releases. To mute warnings for experimental functionality, invoke warnings.filterwarnings("ignore", category=dagster.ExperimentalWarning) or use one of the other methods described at https://docs.python.org/3/library/warnings.html#describing-warning-filters.
  for evt in _store_output(step_context, step_output_handle, output, input_lineage):
[32m2021-06-18 18:31:40[0m - dagster - [34mDEBUG[0m - metadata_pipeline - 6d0fbe9a-0042-42c8-89fa-62650814bf8e - 1419 - create_metadata - ASSET_MATERIALIZATION - saved csv
[32m2021-06-18 18:31:41[0m - dagster - [34mDEBUG[0m - metadata_pipeline - 6d0fbe9a-0042-42c8-89fa-62650814bf8e - 1419 - create_metadata - HANDLED_OUTPUT - Handled output "metadata" using IO manager "pandas_csv"
[32m2021-06-18 18:31:41[0m - dagster - [34mDEBUG[0m - metadata_pipeline - 6d0fbe9a-0042-42c8-89fa-62650814bf8e - 1419 - create_metadata - STEP_SUCCESS - Finished execution of step "create_metadata" in 2.73s.
