[32m2021-06-28 15:50:11[0m - dagster - [34mDEBUG[0m - catalog_pipeline - 968d178a-3ae1-4194-a8e8-721e45bd0309 - 2068 - xml_to_df - LOGS_CAPTURED - Started capturing logs for solid: xml_to_df.
[32m2021-06-28 15:50:12[0m - dagster - [34mDEBUG[0m - catalog_pipeline - 968d178a-3ae1-4194-a8e8-721e45bd0309 - 2068 - xml_to_df - STEP_START - Started execution of step "xml_to_df".
[32m2021-06-28 15:50:12[0m - dagster - [34mERROR[0m - [31mcatalog_pipeline - 968d178a-3ae1-4194-a8e8-721e45bd0309 - 2068 - xml_to_df - STEP_FAILURE - Execution of step "xml_to_df" failed.

dagster.core.errors.DagsterExecutionInterruptedError

Stack Trace:
  File "/home/pitanga/.local/share/virtualenvs/situated-views-yLYNqPII/lib/python3.8/site-packages/dagster/core/execution/plan/execute_plan.py", line 193, in _dagster_event_sequence_for_step
    for step_event in check.generator(step_events):
  File "/home/pitanga/.local/share/virtualenvs/situated-views-yLYNqPII/lib/python3.8/site-packages/dagster/core/execution/plan/execute_step.py", line 283, in core_dagster_event_sequence_for_step
    for event_or_input_value in ensure_gen(step_input.source.load_input_object(step_context)):
  File "/home/pitanga/.local/share/virtualenvs/situated-views-yLYNqPII/lib/python3.8/site-packages/dagster/core/execution/plan/inputs.py", line 160, in load_input_object
    yield _load_input_with_input_manager(loader, load_input_context)
  File "/home/pitanga/.local/share/virtualenvs/situated-views-yLYNqPII/lib/python3.8/site-packages/dagster/core/execution/plan/inputs.py", line 500, in _load_input_with_input_manager
    with solid_execution_error_boundary(
  File "/usr/lib/python3.8/contextlib.py", line 113, in __enter__
    return next(self.gen)
  File "/home/pitanga/.local/share/virtualenvs/situated-views-yLYNqPII/lib/python3.8/site-packages/dagster/core/execution/plan/utils.py", line 40, in solid_execution_error_boundary
    with raise_execution_interrupts():
  File "/usr/lib/python3.8/contextlib.py", line 113, in __enter__
    return next(self.gen)
  File "/home/pitanga/.local/share/virtualenvs/situated-views-yLYNqPII/lib/python3.8/site-packages/dagster/core/errors.py", line 152, in raise_execution_interrupts
    with raise_interrupts_as(DagsterExecutionInterruptedError):
  File "/usr/lib/python3.8/contextlib.py", line 113, in __enter__
    return next(self.gen)
  File "/home/pitanga/.local/share/virtualenvs/situated-views-yLYNqPII/lib/python3.8/site-packages/dagster/utils/interrupts.py", line 73, in raise_interrupts_as
    raise error_cls()
[0m
