Updated:   001CC001033
Updated:   002029FPF004001
appended:  002037AAK5001
appended:  002037AAK5021
appended:  002037AAK5022
appended:  002037AAK5074
appended:  002057TP009
appended:  002073LM003
Updated:   002073LM004
appended:  002073LM005
appended:  002073LM007
appended:  002073LM008
appended:  002073LM009
Updated:   002073LM010
Updated:   002073LM011
Updated:   002073LM012
Updated:   002073LM014
appended:  002073LM017
appended:  002073LM019
appended:  002073LM021
appended:  002073LM022
appended:  002073LM023
appended:  002073LM024
appended:  002073LM025
appended:  002073LM026
appended:  002073LM027
appended:  002073LM028
appended:  002073LM029
appended:  002095RJ001001
appended:  002095RJ001003
appended:  002095RJ001006
appended:  002095RJ001007
appended:  002095RJ001009
appended:  002095RJ001010
appended:  002095RJ001011
appended:  002095RJ001013
appended:  002095RJ001014
appended:  002095RJ001015
appended:  002095RJ001016
appended:  002095RJ001017
appended:  002095RJ001018
appended:  002095RJ001019
appended:  002095RJ001023
appended:  002095RJ001025
appended:  002095RJ001028
appended:  002095RJ001030
Updated:   002095RJ001031
Updated:   002095RJ001032
appended:  002095RJ001033
appended:  002095RJ001034
appended:  002095RJ001036
Updated:   002095RJ001038
appended:  002095RJ002002
appended:  002095RJ002009
appended:  002095RJ002010
appended:  002095RJ002011
appended:  002095RJ002013
appended:  002095RJ002016
appended:  002095RJ002017
appended:  002095RJ002018
appended:  002095RJ002019
appended:  002095RJ002020
appended:  002095RJ002021
appended:  002095RJ002022
appended:  002095RJ002023
appended:  002095RJ002024
appended:  002095RJ002025
appended:  002095RJ002029
appended:  002095RJ002030
appended:  002095RJ002031
appended:  002095RJ002032
appended:  002095RJ002034
appended:  002095RJ003020
Updated:   0071824cx004-04
Updated:   0071824cx007-09
Updated:   0071824cx010-06
appended:  0071824cx015a-05
Updated:   0071824cx015a-06
Updated:   0071824cx016-01
appended:  0071824cx022-01
appended:  0071824cx022-04
Updated:   0071824cx022-08
appended:  0071824cx022-12
Updated:   0071824cx024-06
Updated:   0071824cx024-08
Updated:   0071824cx024-12
appended:  0071824cx031-06
appended:  0071824cx031-09
Updated:   0071824cx033b-09
Updated:   0071824cx033b-10
Updated:   0071824cx033b-11
Updated:   0071824cx033b-12
Updated:   0071824cx036b-02
Updated:   0071824cx037-03
Updated:   0071824cx037-06
appended:  0071824cx038-06
Updated:   0071824cx038-07
appended:  0071824cx040-02
appended:  0071824cx040-04
appended:  0071824cx040-06
Updated:   0071824cx049-13
appended:  0071824cx060-03
appended:  0071824cx060-09
appended:  0071824cx064-15
appended:  0071824cx065-04
appended:  0071824cx066-02
appended:  0071824cx068-14
Updated:   0071824cx084-07
appended:  0071824cx092-07
appended:  0071824cx098-05
appended:  0071824cx098-09
appended:  0071824cx106-01
Updated:   0071824cx106-02
appended:  0071824cx106-05
appended:  0071824cx121-02
appended:  0071824cx121-03
appended:  0071824cx121-04
appended:  0071824cx127-10
appended:  0071824cxrio3-03
appended:  0071824cxsn2-07
Updated:   0071824cxsn2-12
appended:  0072430cx006-07
appended:  0072430cx006-09
appended:  0072430cx006-11
Updated:   0072430cx010-01
Updated:   0072430cx010-02
Updated:   0072430cx010-04
Updated:   0072430cx010-07
Updated:   0072430cx010-09
appended:  0072430cx012-01
appended:  0072430cx021-03
appended:  0072430cx029-02
appended:  0072430cx030-02
Updated:   0072430cx030-06
Updated:   0072430cx031-10
appended:  0072430cx032b-01
appended:  0072430cx032b-02
appended:  0072430cx032b-05
appended:  0072430cx036-07
appended:  0072430cx040-04
Updated:   0072430cx041-02
Updated:   0072430cx041-03
Updated:   0072430cx041-04
appended:  0072430cx043-10
appended:  0072430cx044a-02
appended:  0072430cx044a-03
appended:  0072430cx044b-01
appended:  0072430cx044b-06
appended:  0072430cx044b-07
appended:  0072430cx044b-08
appended:  0072430cx044b-09
appended:  0072430cx055-09
appended:  0072430cx056a-03
appended:  0072430cx056a-05
appended:  0072430cx056a-06
appended:  0072430cx056a-09
appended:  0072430cx056a-10
appended:  0072430cx056b-05
appended:  0072430cx056b-06
appended:  0072430cx056b-07
appended:  0072430cx061-05
appended:  0072430cx061-07
appended:  0072430cx061-09
Updated:   0072430cx061-12
appended:  0072430cx063-05
appended:  0072430cx066-02
appended:  0072430cx066-05
appended:  0072430cx066-06
Updated:   0072430cx067-01
appended:  0072430cx067-06
Updated:   0072430cx068-01
Updated:   0072430cx068-04
Updated:   0072430cx069-09
Updated:   0072430cx097-04
Updated:   0072430cx097-07
Updated:   0072430cx098-07
appended:  013RJ007001
appended:  013RJ007003
appended:  013RJ007021
appended:  013RJ007029
Updated:   013RJ007031
appended:  013RJ007035
Updated:   013RJ007036
appended:  013RJ008006
appended:  013RJ009009
appended:  013RJ009012
appended:  013RJ009034
appended:  013RJ009035
appended:  013RJ009064
appended:  013RJ011004
appended:  013RJ011010
appended:  013RJ011011
appended:  013RJ011012
appended:  013RJ011016
appended:  013RJ011024
appended:  013RJ011025
appended:  013RJ011031
appended:  013RJ011033
appended:  013RJ011034
appended:  013RJ011035
appended:  013RJ011042
appended:  013RJ011043
appended:  013RJ011047
appended:  013RJ011049
appended:  013RJ011052
appended:  013RJ011057
appended:  013RJ011058
appended:  013RJ011061
appended:  013RJ012003
appended:  013RJ012005
appended:  013RJ012006
appended:  013RJ012007
Updated:   013RJ012019
appended:  013RJ012022
appended:  013RJ012023
appended:  013RJ012025
appended:  013RJ012035
appended:  013RJ012041
appended:  013RJ012042
appended:  013RJ012043
appended:  013RJ012044
appended:  013RJ012045
appended:  013RJ012046
appended:  013RJ012047
appended:  013RJ012048
appended:  013RJ012049
appended:  013RJ012056
appended:  013RJ012058
appended:  013RJ012060
appended:  013RJ012065
appended:  013RJ016002
appended:  013RJ016003
appended:  013RJ016004
appended:  013RJ016020
appended:  013RJ018006
appended:  014AAN00505
appended:  014GLAS016
Updated:   014GLAS017
appended:  014GLAS035
appended:  014GLAS048
appended:  014GLAS060
appended:  014GLAS062
appended:  014GLAS063
appended:  014GLAS069
appended:  014GLAS093
appended:  014GLAS110
appended:  014GLAS111
appended:  014GLAS112
appended:  014GLAS113
appended:  014GLAS114
appended:  014GLAS115
Updated:   037SL03119
