Appended: 001MC001005
Appended: 001MC001009
Updated: 002080RJ2903
Appended: 002080RJ9106
Updated: 002087BF009
Appended: 002087BF023
Appended: 0074050cx009-02
Appended: 007A5P3F04-050
Updated: 0073040avulsoscx001e050-12
Updated: 007A5P4F01-036
Appended: 007CX184-06
Appended: 007CX184-08
Appended: 007CX189-09
Appended: 007CX191-08
Appended: 007_IMG_1991
Updated: 007CX025-06
Updated: 007_IMG_2094
Updated: 007_IMG_2095
Appended: 007_IMG_2098
Appended: 007_IMG_2099
Appended: 007_IMG_2156
Appended: 007_IMG_2341
Updated: 007_IMG_2390
Appended: 007_IMG_2809
Appended: 007_IMG_2899
Updated: 007_IMG_3109
Appended: 007_IMG_3467
Updated: 007CX179-03
Appended: 007_IMG_3738
Appended: 007_IMG_3741
Appended: 007_IMG_3802
Updated: 007_IMG_3903
Updated: 007_IMG_3904
Updated: 007_IMG_3905
Appended: 007_IMG_3908
Updated: 007_IMG_3909
Updated: 007_IMG_3910
Appended: 013RJ012074
Appended: 014GL01-03
