[32m2021-07-22 12:59:48[0m - dagster - [34mDEBUG[0m - apis_pipeline - a38cc234-c330-442b-8736-3092c0da43f7 - 2487 - update_metadata_2 - LOGS_CAPTURED - Started capturing logs for solid: update_metadata_2.
[32m2021-07-22 12:59:48[0m - dagster - [34mDEBUG[0m - apis_pipeline - a38cc234-c330-442b-8736-3092c0da43f7 - 2487 - update_metadata_2 - STEP_START - Started execution of step "update_metadata_2".
[32m2021-07-22 12:59:48[0m - dagster - [34mERROR[0m - [31mapis_pipeline - a38cc234-c330-442b-8736-3092c0da43f7 - 2487 - update_metadata_2 - STEP_FAILURE - Execution of step "update_metadata_2" failed.

dagster.core.errors.DagsterExecutionLoadInputError: Error occurred while loading input "df" of step "update_metadata_2"::

ValueError: Index Source ID invalid

Stack Trace:
  File "/home/pitanga/.local/share/virtualenvs/situated-views-etl-KhhASCmw/lib/python3.6/site-packages/dagster/core/execution/plan/utils.py", line 42, in solid_execution_error_boundary
    yield
  File "/home/pitanga/.local/share/virtualenvs/situated-views-etl-KhhASCmw/lib/python3.6/site-packages/dagster/core/execution/plan/inputs.py", line 502, in _load_input_with_input_manager
    value = input_manager.load_input(context)
  File "/mnt/e/situated-views-etl/solids/utils.py", line 20, in load_input
    return pd.read_csv(file_path + ".csv", index_col="Source ID")
  File "/home/pitanga/.local/share/virtualenvs/situated-views-etl-KhhASCmw/lib/python3.6/site-packages/pandas/io/parsers.py", line 688, in read_csv
    return _read(filepath_or_buffer, kwds)
  File "/home/pitanga/.local/share/virtualenvs/situated-views-etl-KhhASCmw/lib/python3.6/site-packages/pandas/io/parsers.py", line 460, in _read
    data = parser.read(nrows)
  File "/home/pitanga/.local/share/virtualenvs/situated-views-etl-KhhASCmw/lib/python3.6/site-packages/pandas/io/parsers.py", line 1198, in read
    ret = self._engine.read(nrows)
  File "/home/pitanga/.local/share/virtualenvs/situated-views-etl-KhhASCmw/lib/python3.6/site-packages/pandas/io/parsers.py", line 2233, in read
    index, names = self._make_index(data, alldata, names)
  File "/home/pitanga/.local/share/virtualenvs/situated-views-etl-KhhASCmw/lib/python3.6/site-packages/pandas/io/parsers.py", line 1678, in _make_index
    index = self._get_simple_index(alldata, columns)
  File "/home/pitanga/.local/share/virtualenvs/situated-views-etl-KhhASCmw/lib/python3.6/site-packages/pandas/io/parsers.py", line 1710, in _get_simple_index
    i = ix(idx)
  File "/home/pitanga/.local/share/virtualenvs/situated-views-etl-KhhASCmw/lib/python3.6/site-packages/pandas/io/parsers.py", line 1705, in ix
    raise ValueError(f"Index {col} invalid")
[0m
