Appended: 001MC001002
Appended: 001MF003006
Updated: 002073LM011
Appended: 002073LM013
Appended: 002080RJ2905
Appended: 002080RJ5915
Appended: 007A5P3F04-051
Appended: 007A5P3F13-027
Updated: 0073040avulsoscx001e050-12
Appended: 007A5P3FG05-017
Appended: 007A6P1A02-024
Appended: 007A6P3F03-015
Appended: 007A6P4FP27-25
Appended: 007CX199-01
Appended: 007KLSN-01
Appended: 007MFAVCabinet-001
Appended: 007MFLS024
Appended: 007_IMG_1968
Appended: 007_IMG_1974
Appended: 007_IMG_2001
Updated: 007CX025-06
Appended: 007_IMG_2155
Appended: 007_IMG_2254
Appended: 007_IMG_3336
Appended: 007_IMG_3354
Updated: 007CX179-03
Appended: 007_IMG_3480
Appended: 007_IMG_4068
