[32m2021-06-28 15:36:51[0m - dagster - [34mDEBUG[0m - catalog_pipeline - b7aeaac7-7101-42fc-b2c2-073f4290ec07 - 1825 - creators_list - LOGS_CAPTURED - Started capturing logs for solid: creators_list.
[32m2021-06-28 15:36:52[0m - dagster - [34mDEBUG[0m - catalog_pipeline - b7aeaac7-7101-42fc-b2c2-073f4290ec07 - 1825 - creators_list - STEP_START - Started execution of step "creators_list".
[32m2021-06-28 15:36:52[0m - dagster - [34mDEBUG[0m - catalog_pipeline - b7aeaac7-7101-42fc-b2c2-073f4290ec07 - 1825 - creators_list - LOADED_INPUT - Loaded input "df" using input manager "io_manager", from output "result" of step "extract_dimensions"
[32m2021-06-28 15:36:52[0m - dagster - [34mDEBUG[0m - catalog_pipeline - b7aeaac7-7101-42fc-b2c2-073f4290ec07 - 1825 - creators_list - STEP_INPUT - Got input "df" of type "Any". (Type check passed).
[32m2021-06-28 15:36:53[0m - dagster - [34mERROR[0m - [31mcatalog_pipeline - b7aeaac7-7101-42fc-b2c2-073f4290ec07 - 1825 - creators_list - STEP_FAILURE - Execution of step "creators_list" failed.

dagster.core.errors.DagsterExecutionStepExecutionError: Error occurred while executing solid "creators_list"::

ValueError: Cannot remove 1 levels from an index with 1 levels: at least one level must be left.

Stack Trace:
  File "/home/pitanga/.local/share/virtualenvs/situated-views-yLYNqPII/lib/python3.8/site-packages/dagster/core/execution/plan/utils.py", line 42, in solid_execution_error_boundary
    yield
  File "/home/pitanga/.local/share/virtualenvs/situated-views-yLYNqPII/lib/python3.8/site-packages/dagster/utils/__init__.py", line 382, in iterate_with_context
    next_output = next(iterator)
  File "/home/pitanga/.local/share/virtualenvs/situated-views-yLYNqPII/lib/python3.8/site-packages/dagster/core/definitions/decorators/solid.py", line 307, in _coerce_solid_compute_fn_to_iterator
    result = fn(context, **kwargs) if context_arg_provided else fn(**kwargs)
  File "/mnt/d/ims/situated-views/bin/solids/catalog.py", line 117, in creators_list
    listed_creators = pd.DataFrame(creators_df).droplevel(0)
  File "/home/pitanga/.local/share/virtualenvs/situated-views-yLYNqPII/lib/python3.8/site-packages/pandas/core/generic.py", line 764, in droplevel
    new_labels = labels.droplevel(level)
  File "/home/pitanga/.local/share/virtualenvs/situated-views-yLYNqPII/lib/python3.8/site-packages/pandas/core/indexes/base.py", line 1611, in droplevel
    return self._drop_level_numbers(levnums)
  File "/home/pitanga/.local/share/virtualenvs/situated-views-yLYNqPII/lib/python3.8/site-packages/pandas/core/indexes/base.py", line 1621, in _drop_level_numbers
    raise ValueError(
[0m
