[32m2021-06-28 19:13:48[0m - dagster - [34mDEBUG[0m - catalog_pipeline - 17cd6fd0-bd22-40fb-b42d-89a7089a823d - 3601 - update_metadata - LOGS_CAPTURED - Started capturing logs for solid: update_metadata.
[32m2021-06-28 19:13:49[0m - dagster - [34mDEBUG[0m - catalog_pipeline - 17cd6fd0-bd22-40fb-b42d-89a7089a823d - 3601 - update_metadata - STEP_START - Started execution of step "update_metadata".
[32m2021-06-28 19:13:49[0m - dagster - [34mDEBUG[0m - catalog_pipeline - 17cd6fd0-bd22-40fb-b42d-89a7089a823d - 3601 - update_metadata - LOADED_INPUT - Loaded input "df" using input manager "pandas_csv", from output "catalog" of step "dates_accuracy"
[32m2021-06-28 19:13:50[0m - dagster - [34mDEBUG[0m - catalog_pipeline - 17cd6fd0-bd22-40fb-b42d-89a7089a823d - 3601 - update_metadata - LOADED_INPUT - Loaded input "metadata" using input manager "metadata_root"
[32m2021-06-28 19:13:50[0m - dagster - [34mDEBUG[0m - catalog_pipeline - 17cd6fd0-bd22-40fb-b42d-89a7089a823d - 3601 - update_metadata - STEP_INPUT - Got input "df" of type "Any". (Type check passed).
[32m2021-06-28 19:13:50[0m - dagster - [34mDEBUG[0m - catalog_pipeline - 17cd6fd0-bd22-40fb-b42d-89a7089a823d - 3601 - update_metadata - STEP_INPUT - Got input "metadata" of type "Any". (Type check passed).
[32m2021-06-28 19:13:51[0m - dagster - [34mERROR[0m - [31mcatalog_pipeline - 17cd6fd0-bd22-40fb-b42d-89a7089a823d - 3601 - update_metadata - STEP_FAILURE - Execution of step "update_metadata" failed.

dagster.core.errors.DagsterExecutionStepExecutionError: Error occurred while executing solid "update_metadata"::

AttributeError: 'float' object has no attribute 'split'

Stack Trace:
  File "/home/pitanga/.local/share/virtualenvs/situated-views-yLYNqPII/lib/python3.8/site-packages/dagster/core/execution/plan/utils.py", line 42, in solid_execution_error_boundary
    yield
  File "/home/pitanga/.local/share/virtualenvs/situated-views-yLYNqPII/lib/python3.8/site-packages/dagster/utils/__init__.py", line 382, in iterate_with_context
    next_output = next(iterator)
  File "/home/pitanga/.local/share/virtualenvs/situated-views-yLYNqPII/lib/python3.8/site-packages/dagster/core/definitions/decorators/solid.py", line 307, in _coerce_solid_compute_fn_to_iterator
    result = fn(context, **kwargs) if context_arg_provided else fn(**kwargs)
  File "/mnt/d/ims/situated-views/bin/solids/utils.py", line 69, in update_metadata
    metadata[["First Year", "Last Year"]] = metadata[
  File "/home/pitanga/.local/share/virtualenvs/situated-views-yLYNqPII/lib/python3.8/site-packages/pandas/core/frame.py", line 7844, in applymap
    return self.apply(infer).__finalize__(self, "applymap")
  File "/home/pitanga/.local/share/virtualenvs/situated-views-yLYNqPII/lib/python3.8/site-packages/pandas/core/frame.py", line 7768, in apply
    return op.get_result()
  File "/home/pitanga/.local/share/virtualenvs/situated-views-yLYNqPII/lib/python3.8/site-packages/pandas/core/apply.py", line 185, in get_result
    return self.apply_standard()
  File "/home/pitanga/.local/share/virtualenvs/situated-views-yLYNqPII/lib/python3.8/site-packages/pandas/core/apply.py", line 276, in apply_standard
    results, res_index = self.apply_series_generator()
  File "/home/pitanga/.local/share/virtualenvs/situated-views-yLYNqPII/lib/python3.8/site-packages/pandas/core/apply.py", line 290, in apply_series_generator
    results[i] = self.f(v)
  File "/home/pitanga/.local/share/virtualenvs/situated-views-yLYNqPII/lib/python3.8/site-packages/pandas/core/frame.py", line 7842, in infer
    return lib.map_infer(x.astype(object)._values, func, ignore_na=ignore_na)
  File "pandas/_libs/lib.pyx", line 2467, in pandas._libs.lib.map_infer
  File "/mnt/d/ims/situated-views/bin/solids/utils.py", line 71, in <lambda>
    ].applymap(lambda x: x.split(".")[0])
[0m
