OK: Morro do Pão de Açúcar visto a partir da Fortaleza de Santa Cruz, em Niterói.
OK: Baía de Guanabara, Pão de Açúcar e Fortaleza de Santa Cruz.
OK: Vista do Largo da Carioca, com chafariz ao fundo, já como ponto final de linhas de bonde.
OK: Vista tomada da Ponta do Calabouço. À direita vêem-se o Morro do Castelo e a Igreja de Santa Luzia.
OK: Vista do Largo do Paço, Rua Primeiro de Março e  à esquerda, em primeiro plano a Igreja de Nossa Senhora do Monte do Carmo, ainda sem sua torra e ao lado a  Igreja da Ordem Terceira do Carmo. Não havia ainda linha de bondes na rua 7 de setembro.
OK: A lagoa do Boqueirão foi aterrada com material proveniente do desmonte do pequeno Morro das Mangueiras, que se erguia onde hoje está a Rua Visconde de Maranguape, na Lapa. A tarefa de arrasar o morro, aterrar a lagoa e construir o jardim foi entregue ao Mestre Valentim da Fonseca e Silva, considerado o melhor escultor do Rio na época. O Passeio  foi construído entre 1779 e 1783. Foi o primeiro jardim público da cidade e do país. Até então existiam apenas hortas e canteiros.
OK: Pão de Açúcar visto a partir de Niterói.
OK: Morro do Pão de Açúcar e morro da Urca a partir da Fotaleza de Santa Cruz, em Niterói,
OK: Fortaleza de Santa Cruz da Barra localiza-se no lado oriental da barra da baía de Guanabara, no bairro de Jurujuba, município de Niterói, no estado do Rio de Janeiro.
OK: Morro do Pão de Açúcar e morro da Urca vistos a partir de Niterói.
OK: Fortaleza de Santa Cruz da Barra localiza-se no lado oriental da barra da baía de Guanabara, no bairro de Jurujuba, município de Niterói, no estado brasileiro do Rio de Janeiro.
OK: Vista do Pão de Açúcar e da Fortaleza de Santa Cruz, tomada do forte de São Luiz, atualmente denominado Forte Barão do Rio Branco em Niterói.
OK: Fortaleza de Santa Cruz da Barra localiza-se no lado oriental da barra da baía de Guanabara, no bairro de Jurujuba, município de Niterói, no estado brasileiro do Rio de Janeiro.
OK: A estátua que homenageia o famoso herói da Guerra do Paraguai, de autoria de Rodolfo Bernardelli, foi inaugurada em 1894 e é o primeiro monumento público do Rio na era republicana. A estátua eqüestre do General Osório mede 8m de altura e, num gesto de audácia, foi feita com o bronze dos canhões tomados pelo Brasil na Guerra do Paraguai.
OK: Antigo largo da Carioca, vendo-se o chafariz de 35 bicas.
OK: nan
OK: nan
OK: nan
OK: nan
OK: nan
OK: nan
OK: nan
OK: nan
OK: O Obelisco na Avenida Atlântica foi inaugurado em 1919 e foi transferido, na década de 1930, para a Praça Júlio de Noronha.
OK: nan
OK: nan
OK: nan
OK: nan
OK: nan
ERRO: 014AM010007
OK: nan
OK: nan
OK: nan
OK: nan
ERRO: 014AM010015
