[32m2021-07-22 17:34:30[0m - dagster - [34mDEBUG[0m - cumulus_pipeline - 9d21e2ee-f09c-422f-95f0-a1b33c3ee046 - 5424 - format_date - LOGS_CAPTURED - Started capturing logs for solid: format_date.
[32m2021-07-22 17:34:30[0m - dagster - [34mDEBUG[0m - cumulus_pipeline - 9d21e2ee-f09c-422f-95f0-a1b33c3ee046 - 5424 - format_date - STEP_START - Started execution of step "format_date".
[32m2021-07-22 17:34:31[0m - dagster - [34mDEBUG[0m - cumulus_pipeline - 9d21e2ee-f09c-422f-95f0-a1b33c3ee046 - 5424 - format_date - LOADED_INPUT - Loaded input "df" using input manager "io_manager", from output "result" of step "extract_dimensions"
[32m2021-07-22 17:34:31[0m - dagster - [34mDEBUG[0m - cumulus_pipeline - 9d21e2ee-f09c-422f-95f0-a1b33c3ee046 - 5424 - format_date - STEP_INPUT - Got input "df" of type "Any". (Type check passed).
[32m2021-07-22 17:34:33[0m - dagster - [34mERROR[0m - [31mcumulus_pipeline - 9d21e2ee-f09c-422f-95f0-a1b33c3ee046 - 5424 - format_date - STEP_FAILURE - Execution of step "format_date" failed.

dagster.core.errors.DagsterExecutionStepExecutionError: Error occurred while executing solid "format_date"::

TypeError: unsupported operand type(s) for -: 'str' and 'DateOffset'

Stack Trace:
  File "/home/pitanga/.local/share/virtualenvs/situated-views-etl-KhhASCmw/lib/python3.6/site-packages/dagster/core/execution/plan/utils.py", line 42, in solid_execution_error_boundary
    yield
  File "/home/pitanga/.local/share/virtualenvs/situated-views-etl-KhhASCmw/lib/python3.6/site-packages/dagster/utils/__init__.py", line 383, in iterate_with_context
    next_output = next(iterator)
  File "/home/pitanga/.local/share/virtualenvs/situated-views-etl-KhhASCmw/lib/python3.6/site-packages/dagster/core/execution/plan/compute_generator.py", line 65, in _coerce_solid_compute_fn_to_iterator
    result = fn(context, **kwargs) if context_arg_provided else fn(**kwargs)
  File "/mnt/e/situated-views-etl/solids/cumulus.py", line 170, in format_date
    df.loc[circa & firstna, "First Year"] = df["Date"] - pd.DateOffset(years=5)
  File "/home/pitanga/.local/share/virtualenvs/situated-views-etl-KhhASCmw/lib/python3.6/site-packages/pandas/core/ops/common.py", line 65, in new_method
    return method(self, other)
  File "/home/pitanga/.local/share/virtualenvs/situated-views-etl-KhhASCmw/lib/python3.6/site-packages/pandas/core/ops/__init__.py", line 343, in wrapper
    result = arithmetic_op(lvalues, rvalues, op)
  File "/home/pitanga/.local/share/virtualenvs/situated-views-etl-KhhASCmw/lib/python3.6/site-packages/pandas/core/ops/array_ops.py", line 190, in arithmetic_op
    res_values = na_arithmetic_op(lvalues, rvalues, op)
  File "/home/pitanga/.local/share/virtualenvs/situated-views-etl-KhhASCmw/lib/python3.6/site-packages/pandas/core/ops/array_ops.py", line 150, in na_arithmetic_op
    result = masked_arith_op(left, right, op)
  File "/home/pitanga/.local/share/virtualenvs/situated-views-etl-KhhASCmw/lib/python3.6/site-packages/pandas/core/ops/array_ops.py", line 112, in masked_arith_op
    result[mask] = op(xrav[mask], y)
[0m
