OK: 001CC001033
OK: 002073LM004
OK: 002073LM010
OK: 002073LM011
OK: 002073LM012
OK: 0071824CX004-04
OK: 0071824CX007-09
OK: 0071824CX010-06
OK: 0071824CX015A-06
OK: 0071824CX022-08
OK: 0071824CX024-06
OK: 0071824CX024-08
OK: 0071824CX024-12
OK: 0071824CX033B-09
OK: 0071824CX033B-10
OK: 0071824CX033B-11
OK: 0071824CX033B-12
OK: 0071824CX037-03
OK: 0071824CX037-06
OK: 0071824CX038-07
OK: 0071824CX049-13
OK: 0071824CX084-07
OK: 0071824CX106-02
OK: 0071824CXSN2-12
OK: 0072430CX010-01
OK: 0072430CX010-02
OK: 0072430CX010-04
OK: 0072430CX010-07
OK: 0072430CX010-09
OK: 0072430CX030-06
OK: 0072430CX031-10
OK: 0072430CX041-02
OK: 0072430CX041-03
OK: 0072430CX041-04
OK: 0072430CX061-12
OK: 0072430CX068-01
OK: 0072430CX068-04
OK: 0072430CX097-04
OK: 0072430CX097-07
OK: 013RJ012019
