appended:  001CC001033
appended:  002073LM004
appended:  002073LM010
appended:  002073LM011
appended:  002073LM012
appended:  0071824cx004-04
appended:  0071824cx007-09
appended:  0071824cx010-06
appended:  0071824cx015a-06
appended:  0071824cx022-08
appended:  0071824cx024-06
appended:  0071824cx024-08
appended:  0071824cx024-12
appended:  0071824cx033b-09
appended:  0071824cx033b-10
appended:  0071824cx033b-11
appended:  0071824cx033b-12
appended:  0071824cx037-03
appended:  0071824cx037-06
appended:  0071824cx038-07
appended:  0071824cx049-13
appended:  0071824cx084-07
appended:  0071824cx106-02
appended:  0071824cxsn2-12
appended:  0072430cx010-01
appended:  0072430cx010-02
appended:  0072430cx010-04
appended:  0072430cx010-07
appended:  0072430cx010-09
appended:  0072430cx030-06
appended:  0072430cx031-10
appended:  0072430cx041-02
appended:  0072430cx041-03
appended:  0072430cx041-04
appended:  0072430cx061-12
appended:  0072430cx068-01
Updated:   0072430cx068-04
Updated:   0072430cx097-04
Updated:   0072430cx097-07
appended:  013RJ012019
