[32m2021-06-25 15:00:56[0m - dagster - [34mDEBUG[0m - export_pipeline - 19fe5847-fa11-43bf-8d1e-a8761aa189d3 - 11247 - organize_columns_to_omeka - LOGS_CAPTURED - Started capturing logs for solid: organize_columns_to_omeka.
[32m2021-06-25 15:00:57[0m - dagster - [34mDEBUG[0m - export_pipeline - 19fe5847-fa11-43bf-8d1e-a8761aa189d3 - 11247 - organize_columns_to_omeka - STEP_START - Started execution of step "organize_columns_to_omeka".
[32m2021-06-25 15:00:57[0m - dagster - [34mDEBUG[0m - export_pipeline - 19fe5847-fa11-43bf-8d1e-a8761aa189d3 - 11247 - organize_columns_to_omeka - LOADED_INPUT - Loaded input "df" using input manager "io_manager", from output "result" of step "load_metadata"
[32m2021-06-25 15:00:57[0m - dagster - [34mDEBUG[0m - export_pipeline - 19fe5847-fa11-43bf-8d1e-a8761aa189d3 - 11247 - organize_columns_to_omeka - STEP_INPUT - Got input "df" of type "Any". (Type check passed).
[32m2021-06-25 15:00:58[0m - dagster - [34mERROR[0m - [31mexport_pipeline - 19fe5847-fa11-43bf-8d1e-a8761aa189d3 - 11247 - organize_columns_to_omeka - STEP_FAILURE - Execution of step "organize_columns_to_omeka" failed.

dagster.core.errors.DagsterExecutionStepExecutionError: Error occurred while executing solid "organize_columns_to_omeka"::

TypeError: unsupported operand type(s) for +: 'DatetimeArray' and 'str'

Stack Trace:
  File "/home/pitanga/.local/share/virtualenvs/situated-views-yLYNqPII/lib/python3.8/site-packages/dagster/core/execution/plan/utils.py", line 42, in solid_execution_error_boundary
    yield
  File "/home/pitanga/.local/share/virtualenvs/situated-views-yLYNqPII/lib/python3.8/site-packages/dagster/utils/__init__.py", line 382, in iterate_with_context
    next_output = next(iterator)
  File "/home/pitanga/.local/share/virtualenvs/situated-views-yLYNqPII/lib/python3.8/site-packages/dagster/core/definitions/decorators/solid.py", line 307, in _coerce_solid_compute_fn_to_iterator
    result = fn(context, **kwargs) if context_arg_provided else fn(**kwargs)
  File "/mnt/d/ims/situated-views/bin/solids/export.py", line 63, in organize_columns_to_omeka
    df["First Year"] + "/" + df["Last Year"]
  File "/home/pitanga/.local/share/virtualenvs/situated-views-yLYNqPII/lib/python3.8/site-packages/pandas/core/ops/common.py", line 65, in new_method
    return method(self, other)
  File "/home/pitanga/.local/share/virtualenvs/situated-views-yLYNqPII/lib/python3.8/site-packages/pandas/core/arraylike.py", line 89, in __add__
    return self._arith_method(other, operator.add)
  File "/home/pitanga/.local/share/virtualenvs/situated-views-yLYNqPII/lib/python3.8/site-packages/pandas/core/series.py", line 4998, in _arith_method
    result = ops.arithmetic_op(lvalues, rvalues, op)
  File "/home/pitanga/.local/share/virtualenvs/situated-views-yLYNqPII/lib/python3.8/site-packages/pandas/core/ops/array_ops.py", line 185, in arithmetic_op
    res_values = op(lvalues, rvalues)
[0m
