[32m2021-07-16 16:11:18[0m - dagster - [34mDEBUG[0m - camera_pipeline - 4344eb38-535c-42cb-b866-83cd5f922c74 - 12607 - create_feature - LOGS_CAPTURED - Started capturing logs for solid: create_feature.
[32m2021-07-16 16:11:18[0m - dagster - [34mDEBUG[0m - camera_pipeline - 4344eb38-535c-42cb-b866-83cd5f922c74 - 12607 - create_feature - STEP_START - Started execution of step "create_feature".
[32m2021-07-16 16:11:18[0m - dagster - [34mDEBUG[0m - camera_pipeline - 4344eb38-535c-42cb-b866-83cd5f922c74 - 12607 - create_feature - LOADED_INPUT - Loaded input "kmls" using input manager "io_manager", from output "result" of step "correct_altitude_mode"
[32m2021-07-16 16:11:18[0m - dagster - [34mDEBUG[0m - camera_pipeline - 4344eb38-535c-42cb-b866-83cd5f922c74 - 12607 - create_feature - LOADED_INPUT - Loaded input "metadata" using input manager "metadata_root"
[32m2021-07-16 16:11:19[0m - dagster - [34mDEBUG[0m - camera_pipeline - 4344eb38-535c-42cb-b866-83cd5f922c74 - 12607 - create_feature - STEP_INPUT - Got input "kmls" of type "Any". (Type check passed).
[32m2021-07-16 16:11:19[0m - dagster - [34mDEBUG[0m - camera_pipeline - 4344eb38-535c-42cb-b866-83cd5f922c74 - 12607 - create_feature - STEP_INPUT - Got input "metadata" of type "Any". (Type check passed).
[32m2021-07-16 16:12:05[0m - dagster - [34mERROR[0m - [31mcamera_pipeline - 4344eb38-535c-42cb-b866-83cd5f922c74 - 12607 - create_feature - STEP_FAILURE - Execution of step "create_feature" failed.

dagster.core.errors.DagsterExecutionInterruptedError

Stack Trace:
  File "/home/pitanga/.local/share/virtualenvs/situated-views-etl-KhhASCmw/lib/python3.6/site-packages/dagster/core/execution/plan/execute_plan.py", line 193, in _dagster_event_sequence_for_step
    for step_event in check.generator(step_events):
  File "/home/pitanga/.local/share/virtualenvs/situated-views-etl-KhhASCmw/lib/python3.6/site-packages/dagster/core/execution/plan/execute_step.py", line 322, in core_dagster_event_sequence_for_step
    _step_output_error_checked_user_event_sequence(step_context, user_event_sequence)
  File "/home/pitanga/.local/share/virtualenvs/situated-views-etl-KhhASCmw/lib/python3.6/site-packages/dagster/core/execution/plan/execute_step.py", line 65, in _step_output_error_checked_user_event_sequence
    for user_event in user_event_sequence:
  File "/home/pitanga/.local/share/virtualenvs/situated-views-etl-KhhASCmw/lib/python3.6/site-packages/dagster/core/execution/plan/compute.py", line 138, in execute_core_compute
    for step_output in _yield_compute_results(step_context, inputs, compute_fn):
  File "/home/pitanga/.local/share/virtualenvs/situated-views-etl-KhhASCmw/lib/python3.6/site-packages/dagster/core/execution/plan/compute.py", line 120, in _yield_compute_results
    user_event_generator,
  File "/home/pitanga/.local/share/virtualenvs/situated-views-etl-KhhASCmw/lib/python3.6/site-packages/dagster/utils/__init__.py", line 383, in iterate_with_context
    next_output = next(iterator)
  File "/home/pitanga/.local/share/virtualenvs/situated-views-etl-KhhASCmw/lib/python3.6/site-packages/dagster/core/execution/plan/compute_generator.py", line 65, in _coerce_solid_compute_fn_to_iterator
    result = fn(context, **kwargs) if context_arg_provided else fn(**kwargs)
  File "/mnt/e/situated-views-etl/solids/camera.py", line 336, in create_feature
    viewcone = draw_cone(kml, radius=radius)
  File "/mnt/e/situated-views-etl/solids/camera.py", line 159, in draw_cone
    inverse=True,
  File "/mnt/e/situated-views-etl/solids/camera.py", line 31, in reproject
    rj = Proj("EPSG:32722")
  File "/home/pitanga/.local/share/virtualenvs/situated-views-etl-KhhASCmw/lib/python3.6/site-packages/pyproj/proj.py", line 109, in __init__
    self.crs = CRS.from_user_input(projparams, **kwargs)
  File "/home/pitanga/.local/share/virtualenvs/situated-views-etl-KhhASCmw/lib/python3.6/site-packages/pyproj/crs/crs.py", line 440, in from_user_input
    return CRS(value, **kwargs)
  File "/home/pitanga/.local/share/virtualenvs/situated-views-etl-KhhASCmw/lib/python3.6/site-packages/pyproj/crs/crs.py", line 296, in __init__
    super().__init__(projstring)
  File "pyproj/_crs.pyx", line 2314, in pyproj._crs._CRS.__init__
  File "/home/pitanga/.local/share/virtualenvs/situated-views-etl-KhhASCmw/lib/python3.6/site-packages/pyproj/compat.py", line 18, in pystrdecode
    def pystrdecode(cstr):
  File "/home/pitanga/.local/share/virtualenvs/situated-views-etl-KhhASCmw/lib/python3.6/site-packages/dagster/utils/interrupts.py", line 78, in _new_signal_handler
    raise error_cls()
[0m
