OK: 001AAN005121
OK: 001AAN005122
OK: 001AAN005123
OK: 001AAN005124
OK: 001AAN005125
OK: 001AAN005126
OK: 001AAN005127
OK: 001AAN005128
OK: 001AAN005129
OK: 001AAN005135
OK: 001AAN005136
OK: 001AAN005137
OK: 001AAN005138
OK: 001AAN005139
OK: 001AAN005140
OK: 001AAN005141
OK: 001AAN005142
OK: 001AAN005143
OK: 001AAN005144
OK: 001AAN005145
OK: 001AAN005146
OK: 001AAN005147
OK: 001AAN005148
OK: 001AAN005149
OK: 001AAN005150
OK: 001AAN005151
OK: 001AAN014010
OK: 001AAN014011
OK: 001AAN014015
OK: 001AAN014016
OK: 001ACL017002
OK: 001ACL017006
OK: 001ACL017018
OK: 001ACL017022
OK: 001ACL018002
OK: 001ACL018004
OK: 001ACL019001
OK: 001ACL019003
OK: 001ACL019004
OK: 001ACL019005
OK: 001ACL019007
OK: 001ACL019009
OK: 001ACL019014
OK: 001ACL019026
OK: 001ACL019029
OK: 001ACL019030
OK: 001ACL019043
OK: 001ACL019053
OK: 001ACL019059
OK: 001ACL019093
OK: 001AE001001
OK: 001AE001002
OK: 001AE001003
OK: 001AF001001
OK: 001ALA011001
OK: 001ALA011002
OK: 001ALA011003
OK: 001ALA011004
OK: 001ALA011005
OK: 001ALA011006
OK: 001ALA011007
OK: 001ALA011008
OK: 001ALA011009
OK: 001ALA011010
OK: 001ALA011011
OK: 001ALA011012
OK: 001ALA011013
OK: 001ALA011014
OK: 001ALA011015
OK: 001ALA011016
OK: 001ALA011017
OK: 001ALA011018
OK: 001ALA011019
OK: 001ALA011020
OK: 001AM001001
OK: 001AM002001
OK: 001AM002002
OK: 001AM003
OK: 001AM004
OK: 001AM005001
OK: 001AM005002
OK: 001AM006
OK: 001AM008
OK: 001AM010
OK: 001AM011
OK: 001AM012001
OK: 001AM012002
OK: 001AM012003
OK: 001AM013
OK: 001AM014001
OK: 001AM014002
OK: 001AMF013001
OK: 001AMF013002
OK: 001AMF013003
OK: 001AMF013005
OK: 001AMF013007
OK: 001AMF013009
OK: 001AMF013010
OK: 001AMF015001
OK: 001AMF015002
OK: 001AMF015008
OK: 001AMF015015
OK: 001AMF015016
OK: 001AMF015020
OK: 001AMF015022
OK: 001AMF015024
OK: 001AMF015025
OK: 001AMF016001
OK: 001AMF016002
OK: 001AMF016005
OK: 001AMF016006
OK: 001AMF016008
OK: 001AMF016016
OK: 001AMF016025
OK: 001AMF016042
OK: 001AN01001001
OK: 001AN01001002
OK: 001AN01001003
OK: 001AN01001004
OK: 001AN01001006
OK: 001AN01001007
OK: 001AN01001008
OK: 001AN01001009
OK: 001AN01001010
OK: 001AN01001011
OK: 001AN01001018
OK: 001AN01001019
OK: 001AN01001020
OK: 001AN01001026
OK: 001AN01001027
OK: 001AN01001029
OK: 001AN01001030
OK: 001AN01001031
OK: 001AN01002001
OK: 001AN01002002
OK: 001AN01002003
OK: 001AN01002004
OK: 001AN01002005
OK: 001AN01002006
OK: 001AN01002007
OK: 001AN01002008
OK: 001AN01002009A
OK: 001AN01002009B
OK: 001AN01002010
OK: 001AN01002011
OK: 001AN01002012
OK: 001AN01002013
OK: 001AN01002014
OK: 001AN01002015
OK: 001AN01002016
OK: 001AN01002017A
OK: 001AN01002017B
OK: 001AN01002018
OK: 001AN01002019
OK: 001AN01002020
OK: 001AN01002021
OK: 001AN01002022
OK: 001AN01002023
OK: 001AN01002025
OK: 001AN01002026
OK: 001AN01002027
OK: 001AN01002028
OK: 001AN01002029
OK: 001AN01002030
OK: 001AN01002031
OK: 001AN01002032
OK: 001AN01002034
OK: 001AN01002035
OK: 001AN01002037
OK: 001AN01002038
OK: 001AN01002039
OK: 001AN01002040
OK: 001AN01002041
OK: 001AN01002045
OK: 001AN01002047
OK: 001AN01002048
OK: 001AN01002049
OK: 001AN01002050
OK: 001AN01002051
OK: 001AN01002052
OK: 001AN01002053
OK: 001AN01002054
OK: 001AN01002055
OK: 001AN01002056
OK: 001AN01002057
OK: 001AN01002059
OK: 001AN01002060
OK: 001AN01002067A
OK: 001AN01002067B
OK: 001AN01002074
OK: 001AN01002075
OK: 001AN01002076
OK: 001AN01002077
OK: 001AN01002078
OK: 001AN02001002
OK: 001AN02001004
OK: 001AN02001005
OK: 001AN02001006
OK: 001AN16001001
OK: 001AN16001002
OK: 001AN16001004
OK: 001AN16001006
OK: 001AN16001007
OK: 001AN16001008
OK: 001AN16001009
OK: 001AN16001012
OK: 001AN16001013
OK: 001AN24001003
OK: 001AN25001001
OK: 001AN25001002
OK: 001AN25001003
OK: 001AN29001001
OK: 001AN29001002
OK: 001AN29001003
OK: 001AN29001004
OK: 001AN30001001
OK: 001AN31001001
OK: 001AN31001002
OK: 001AN32001
OK: 001ANV022001
OK: 001ANV022002
OK: 001ANV022003
OK: 001ANV022004
OK: 001ANV022005
OK: 001ANV022006
OK: 001ANV022007
OK: 001ANV022009
OK: 001ANV022010
OK: 001ANV022011
OK: 001ANV022012
OK: 001ANV022013
OK: 001ANV022014
OK: 001ANV022015
OK: 001ANV022016
OK: 001ANV022017
OK: 001ANV022018
OK: 001ANV022019
OK: 001ANV022020
OK: 001ANV022021
OK: 001ANV022022
OK: 001ANV022023
OK: 001ANV022024
OK: 001AS001001
OK: 001AS001002
OK: 001AS001004
OK: 001ATK012001
OK: 001ATK012002
OK: 001ATK012003
OK: 001ATK012004
OK: 001ATK012005
OK: 001ATK012006
OK: 001ATK012007
OK: 001ATK012008
OK: 001ATK012009
OK: 001ATK012010
OK: 001ATK012011
OK: 001ATK012012
OK: 001ATK012013
OK: 001ATK012014
OK: 001ATK012015
OK: 001ATK012016
OK: 001ATK012017
OK: 001ATK012018
OK: 001ATK012019
OK: 001ATK012020
OK: 001ATK012021
OK: 001ATK012022
OK: 001ATK012023
OK: 001ATK012024
OK: 001AZ001
OK: 001BA001001
OK: 001BA001002
OK: 001BA001003
OK: 001BA002003
OK: 001BA002004
OK: 001BA003001
OK: 001BA003006
OK: 001BA003007
OK: 001BA003008
OK: 001BA003009
OK: 001BO001001
OK: 001BO002
OK: 001CC001024
OK: 001CC001027
OK: 001CC001032
OK: 001CC002
OK: 001CC003001
OK: 001CC006002
OK: 001CC007001
OK: 001CC007003
OK: 001CC007004
OK: 001CC007005
OK: 001CC007007
OK: 001CC007014
OK: 001CC007015
OK: 001CC007016
OK: 001CC007019
OK: 001CC007020
OK: 001CC007022
OK: 001CC007025
OK: 001CC008005
OK: 001CC008007
OK: 001CC011
OK: 001CC013
OK: 001CC015001
OK: 001CC015002
OK: 001CC015003
OK: 001CC015005
OK: 001CC016001
OK: 001CC016002
OK: 001CC016003
OK: 001CC017001
OK: 001CC017002
OK: 001CC018
OK: 001CC019001
OK: 001CC019002
OK: 001CC019005
OK: 001CC019007
OK: 001CC019008
OK: 001CC019010
OK: 001CC019011
OK: 001CC019012
OK: 001CC019013
OK: 001CC019014
OK: 001CC020001
OK: 001CC020002
OK: 001CC021
OK: 001CC023002
OK: 001CC023003
OK: 001CC025
OK: 001CC031
OK: 001CC032
OK: 001CC045
OK: 001CC047
OK: 001CE001
OK: 001CO001002
OK: 001CO001003
OK: 001CO001004
OK: 001CO001005
OK: 001CO001007
OK: 001FE001
OK: 001FM001001
OK: 001FM001002
OK: 001FM001003
OK: 001GU001001
OK: 001GU001002
OK: 001GU001003
OK: 001GU001005
OK: 001GU001006
OK: 001GU001007
OK: 001GU001008
OK: 001GU001009
OK: 001GU001010
OK: 001GU001011
OK: 001GU001012
OK: 001GU001013
OK: 001GU001014
OK: 001GU001015
OK: 001GU001016
OK: 001GU001017
OK: 001GU001018
OK: 001GU001019
OK: 001GU001020
OK: 001GU001021
OK: 001GU001022
OK: 001GU001023
OK: 001GU001024
OK: 001GU001025
OK: 001GU001026
OK: 001GU001027
OK: 001GU001028
OK: 001GU001029
OK: 001GU001030
OK: 001GU001031
OK: 001GU001032
OK: 001GU001033
OK: 001GU001034
OK: 001GU001035
OK: 001GU001036
OK: 001GU010001
OK: 001GU010002
OK: 001LE004001
OK: 001LN001001
OK: 001MC001001
OK: 001MF001001
OK: 001MF001002
OK: 001MF002001
OK: 001MF002003
OK: 001MF002004
OK: 001MF002005
OK: 001MF002006
OK: 001MF002007
OK: 001MF002008
OK: 001MF003001
OK: 001MF003002
OK: 001MF003003
OK: 001MF003004
OK: 001MF003005
OK: 001MF003007
OK: 001MF003008
OK: 001MF006001
OK: 001MF006002
OK: 001MF006003
OK: 001MF007001
OK: 001MF007002
OK: 001MF007003
OK: 001MF007004
OK: 001MF007005
OK: 001MF007007
OK: 001MF007008
OK: 001MF007010
OK: 001MF007011
OK: 001MF009
OK: 001MF011001
OK: 001MF011002
OK: 001MF012001
OK: 001MF012002
OK: 001MF012003
OK: 001MF012004
OK: 001MF014001
OK: 001MF014002
OK: 001MF014003
OK: 001MF014004
OK: 001MF014005
OK: 001MF015003
OK: 001MF015004
OK: 001MF015014
OK: 001MF015019
OK: 001MF017
OK: 001MF018001
OK: 001MF018002
OK: 001MF018003
OK: 001MF018005
OK: 001MF019
OK: 001MF020
OK: 001MF029014
OK: 001NV001001
OK: 001NV001002
OK: 001RJ001001
OK: 001RJ002
OK: 001RJ003
OK: 001RJ004003
OK: 001RJ005003
OK: 001RJ005004
OK: 001RJ005005
OK: 001RJ005006
OK: 001RJ007001
OK: 001RJ007002
OK: 001RJ007003
OK: 001RJ008001
OK: 001RO001002
OK: 001RO001003
OK: 001RO001004
OK: 001RO001006
OK: 001RO001007
OK: 001RO001008
OK: 001RO001009
OK: 001RO001010
OK: 001RO001011
OK: 001RO001013
OK: 001RO001014
OK: 001RO001015
OK: 001RO001025
OK: 001RO002001
OK: 001RO002002
OK: 001RO002003
OK: 001RO002004
OK: 001RO002005
OK: 001RO002006
OK: 001RO002007
OK: 001RO002008
OK: 001RO002009
OK: 001RO002010
OK: 001RO002011
OK: 001RO002012
OK: 001RO002013
OK: 001RO002014
OK: 001RO002016
OK: 001RO002017
OK: 001RO002018
OK: 001RO002019
OK: 001RO002020
OK: 001RO002021
OK: 001RO002022
OK: 001RO002023
OK: 001RO002024
OK: 001RO002025
OK: 001RO002026
OK: 001RO002027
OK: 001RO002029
OK: 001RO002032
OK: 001RO002033
OK: 001RO002034
OK: 001RO002035
OK: 001RO002036
OK: 001RO002037
OK: 001RO002038
OK: 001RO002039
OK: 001RR002
OK: 001RR004001
OK: 001RR004002
OK: 001RR004003
OK: 001RR004004
OK: 001RR004007
OK: 001RR005
OK: 001RR006001
OK: 001RR006002
OK: 001RR006003
OK: 001RR006004
OK: 001RR006006
OK: 001RR006007
OK: 001RR006008
OK: 001RR006009
OK: 001RR006010
OK: 001RR007001
OK: 001RR007002
OK: 001RR008
OK: 001SW001001
OK: 001SW001003
OK: 001SW001004
OK: 001SW001005
OK: 001TP001
OK: 002001MF002001
OK: 002002AMF002001
OK: 002002AMF002002
OK: 002002AMF002004
OK: 002002AMF002008
OK: 002003AM001
OK: 002003AM002
OK: 002003AM003
OK: 002003AM004
OK: 002008AV001
OK: 002008AV003
OK: 002008AV004
OK: 002008AV005-
OK: 002008AV006
OK: 002008AV007
OK: 002008AV008
OK: 002008AV009
OK: 002008AV010
OK: 002008AV011
OK: 002008AV012
OK: 002008AV013
OK: 002008AV014
OK: 002008AV015
OK: 002008AV018
OK: 002008AV019
OK: 002008AV020
OK: 002008AV021
OK: 002008AV022
OK: 002008AV023
OK: 002008AV025
OK: 002008AV026
OK: 002008AV028
OK: 002008AV029
OK: 002008AV030
OK: 002008AV032
OK: 002008CP001
OK: 002008CP005
OK: 002008CP009
OK: 002008DV001
OK: 002008DV002
OK: 002008DV003
OK: 002008DV004
OK: 002008OBAC001
OK: 002008OBAC002
OK: 002008OBAC003
OK: 002008OBAC005
OK: 002008OBAC007
OK: 002008OBAC008
OK: 002008OBAC009
OK: 002008OBAC010
OK: 002008OBAC011
OK: 002008OBAC014
OK: 002008OBAC015
OK: 002008OBAC016
OK: 002008OBAC017
OK: 002008OBAC020
OK: 002008OBAC021
OK: 002008OBAC022
OK: 002008OBAC023
OK: 002008OBAC024
OK: 002008OBAC025
OK: 002008OBAC026
OK: 002008OBAC027
OK: 002008OBAC028
OK: 002008OBAC029
OK: 002008OBAC031
OK: 002008OBAC032
OK: 002008OBAC035
OK: 002008OBAC036
OK: 002008OBAC037
OK: 002008OBAC038
OK: 002008OBAC039
OK: 002008OBAC040
OK: 002008OBAC041
OK: 002010TM003
OK: 002010TM007
OK: 002010TM014
OK: 002010TM015
OK: 002010TM016
OK: 002010TM026
OK: 002010TM027
OK: 002010TM028
OK: 002010TM030
OK: 002010TM031
OK: 002010TM032
OK: 002010TM033
OK: 002010TM035
OK: 002010TM036
OK: 002010TM037
OK: 002010TM038
OK: 002012AM001
OK: 002012AM002
OK: 002012AM003
OK: 002012AM004
OK: 002012AM005
OK: 002012LP001
OK: 002014RJRJ003
OK: 002014RJRJ004
OK: 002014RJRJ005
OK: 002014RJRJ006
OK: 002014RJRJ007
OK: 002014RJRJ008
OK: 002014RJRJ009
OK: 002014RJRJ010
OK: 002014RJRJ011
OK: 002014RJRJ012
OK: 002014RJRJ013
OK: 002014RJRJ015
OK: 002014RJRJ016
OK: 002016BI002
OK: 002016BI003
OK: 002016BI004
OK: 002016BI005
OK: 002016BI006
OK: 002016BI008
OK: 002021GU001
OK: 002029FPF004001
OK: 002037AAK5003
OK: 002037AAK5004
OK: 002037AAK5005
OK: 002037AAK5006
OK: 002037AAK5007
OK: 002037AAK5008
OK: 002037AAK5009
OK: 002037AAK5010
OK: 002037AAK5011
OK: 002037AAK5012
OK: 002037AAK5013
OK: 002037AAK5014
OK: 002037AAK5015
OK: 002037AAK5016
OK: 002037AAK5017
OK: 002037AAK5018
OK: 002037AAK5019
OK: 002037AAK5020
OK: 002037AAK5023
OK: 002037AAK5024
OK: 002037AAK5025
OK: 002037AAK5026
OK: 002037AAK5027
OK: 002037AAK5028
OK: 002037AAK5029
OK: 002037AAK5030
OK: 002037AAK5031
OK: 002037AAK5032
OK: 002037AAK5034
OK: 002037AAK5038
OK: 002037AAK5039
OK: 002037AAK5040
OK: 002037AAK5041
OK: 002037AAK5042
OK: 002037AAK5043
OK: 002037AAK5044
OK: 002037AAK5060
OK: 002037AAK5065
OK: 002037AAK5066
OK: 002037AAK5068
OK: 002037AAK5069
OK: 002037AAK5071
OK: 002037AAK5073
OK: 002037AAK5077
OK: 002037AAK5081
OK: 002051AM001001
OK: 002051AM001002
OK: 002051AM001003
OK: 002051AM001004
OK: 002051AM001005
OK: 002051AM001006
OK: 002051AM001007
OK: 002051AM002001
OK: 002051AM002002
OK: 002051AM002003
OK: 002051AM002004
OK: 002051AM002005
OK: 002051AM002006
OK: 002051AM002007
OK: 002051AM002008
OK: 002051AN009
OK: 002051AN010
OK: 002054VIAN000
OK: 002054VIAN001
OK: 002054VIAN003
OK: 002054VIAN004
OK: 002054VIAN005
OK: 002054VIAN006
OK: 002054VIAN007
OK: 002054VIAN008
OK: 002054VIAN009
OK: 002054VIAN010
OK: 002054VIAN011
OK: 002054VIAN012
OK: 002054VIAN014
OK: 002054VIAN015
OK: 002054VIAN016
OK: 002054VIAN018
OK: 002054VIAN021
OK: 002054VIAN023
OK: 002054VIAN024
OK: 002054VIAN028
OK: 002054VIAN030
OK: 002054VIAN031
OK: 002054VIAN039
OK: 002054VIAN040
OK: 002054VIAN041
OK: 002055RevdaArmada006
OK: 002055RevdaArmada039
OK: 002055RevdaArmada055
OK: 002055RevdaArmada067
OK: 002055RevdaArmada072
OK: 002057TP001
OK: 002057TP002
OK: 002057TP004
OK: 002057TP005
OK: 002057TP006
OK: 002057TP007
OK: 002057TP008
OK: 002057TP009-010
OK: 002058aFR006
OK: 002058aFR007
OK: 002058aFR009
OK: 002058aFR015
OK: 002058aFR016
OK: 002058aFR017
OK: 002080BR0202
OK: 002080BR0203
OK: 002080BR0206
OK: 002080BR0207
OK: 002080BR0211
OK: 002080BR0212
OK: 002080BR0213
OK: 002080BR0214
OK: 002080BR0215
OK: 002080BR0218
OK: 002080RJ0101
OK: 002080RJ0102
OK: 002080RJ0103
OK: 002080RJ0104
OK: 002080RJ0105
OK: 002080RJ0106
OK: 002080RJ0107
OK: 002080RJ0112
OK: 002080RJ0114
OK: 002080RJ0117
OK: 002080RJ0120
OK: 002080RJ0121
OK: 002080RJ0122
OK: 002080RJ0202
OK: 002080RJ0208
OK: 002080RJ0209
OK: 002080RJ0210
OK: 002080RJ0211
OK: 002080RJ0212
OK: 002080RJ0214
OK: 002080RJ0215
OK: 002080RJ0217
OK: 002080RJ1212
OK: 002080RJ1213
OK: 002080RJ1215
OK: 002080RJ1216
OK: 002080RJ1217
OK: 002080RJ1218
OK: 002080RJ1219
OK: 002080RJ1407
OK: 002080RJ1410
OK: 002080RJ1412
OK: 002080RJ1503
OK: 002080RJ1504
OK: 002080RJ1505
OK: 002080RJ1506
OK: 002080RJ1512
OK: 002080RJ1514
OK: 002080RJ1702
OK: 002080RJ1708
OK: 002080RJ1709
OK: 002080RJ1711
OK: 002080RJ1712
OK: 002080RJ1713
OK: 002080RJ1816
OK: 002080RJ1902
OK: 002080RJ1907
OK: 002080RJ1909
OK: 002080RJ1910
OK: 002080RJ1913
OK: 002080RJ1914
OK: 002080RJ1918
OK: 002080RJ1919
OK: 002080RJ2201
OK: 002080RJ2202
OK: 002080RJ2203
OK: 002080RJ2205
OK: 002080RJ2208
OK: 002080RJ2209
OK: 002080RJ2214
OK: 002080RJ2401
OK: 002080RJ2411
OK: 002080RJ2413
OK: 002080RJ2510
OK: 002080RJ2512
OK: 002080RJ2519
OK: 002080RJ2520
OK: 002080RJ2702
OK: 002080RJ2703
OK: 002080RJ2711
OK: 002080RJ2712
OK: 002080RJ2713
OK: 002080RJ2714
OK: 002080RJ2717
OK: 002080RJ2718
OK: 002080RJ2719
OK: 002080RJ2804
OK: 002080RJ2805
OK: 002080RJ2807
OK: 002080RJ2808
OK: 002080RJ2809
OK: 002080RJ2810
OK: 002080RJ2813
OK: 002080RJ2815
OK: 002080RJ2816
OK: 002080RJ2902
OK: 002080RJ2904
OK: 002080RJ2907
OK: 002080RJ2913
OK: 002080RJ2916
OK: 002080RJ2918
OK: 002080RJ3204
OK: 002080RJ3215
OK: 002080RJ3217
OK: 002080RJ3501
OK: 002080RJ3503
OK: 002080RJ3504
OK: 002080RJ3505
OK: 002080RJ3512
OK: 002080RJ3517
OK: 002080RJ3602
OK: 002080RJ3605
OK: 002080RJ3606
OK: 002080RJ3607
OK: 002080RJ3608
OK: 002080RJ3801
OK: 002080RJ3804
OK: 002080RJ3818
OK: 002080RJ3819
OK: 002080RJ3902
OK: 002080RJ3903
OK: 002080RJ3912
OK: 002080RJ3913
OK: 002080RJ4201
OK: 002080RJ4202
OK: 002080RJ4203
OK: 002080RJ4208
OK: 002080RJ4210
OK: 002080RJ4215
OK: 002080RJ4216
OK: 002080RJ4218
OK: 002080RJ4219
OK: 002080RJ4220
OK: 002080RJ4619
OK: 002080RJ4701
OK: 002080RJ4702
OK: 002080RJ4703
OK: 002080RJ4704
OK: 002080RJ4706
OK: 002080RJ4707
OK: 002080RJ4708
OK: 002080RJ4709
OK: 002080RJ4714
OK: 002080RJ4715
OK: 002080RJ4716
OK: 002080RJ5004
OK: 002080RJ5105
OK: 002080RJ5901
OK: 002080RJ5902
OK: 002080RJ6402
OK: 002080RJ6414
OK: 002080RJ6415
OK: 002080RJ6502
OK: 002080RJ6505
OK: 002080RJ6511
OK: 002080RJ6512
OK: 002080RJ6603
OK: 002080RJ6611
OK: 002080RJ6706
OK: 002080RJ6708
OK: 002080RJ7301
OK: 002080RJ7303
OK: 002080RJ7304
OK: 002080RJ7306
OK: 002080RJ7308
OK: 002080RJ7309
OK: 002080RJ7311
OK: 002080RJ7312
OK: 002080RJ7313
OK: 002080RJ7314
OK: 002080RJ7315
OK: 002080RJ7317
OK: 002080RJ7320
OK: 002080RJ7402
OK: 002080RJ8102
OK: 002080RJ8103
OK: 002080RJ8108
OK: 002080RJ8109
OK: 002080RJ8121
OK: 002080RJ8204
OK: 002080RJ8211
OK: 002080RJ8218
OK: 002080RJ8304
OK: 002080RJ8402
OK: 002080RJ8403
OK: 002080RJ8908
OK: 002080RJ8913
OK: 002080RJ8914
OK: 002080RJ9019
OK: 002080RJ9101
OK: 002080RJ9102
OK: 002080RJ9103
OK: 002080RJ9104
OK: 002080RJ9105
OK: 002080RJ9107
OK: 002080RJ9110
OK: 002080RJF0204
OK: 002080RJF0208
OK: 002080RJN0201
OK: 002080RJN0205
OK: 002080RJN0206
OK: 002080RJN0208
OK: 002080RJN0210
OK: 002080RJN0324
OK: 002080RJN0409
OK: 002080RJN0413
OK: 002080RJN0416
OK: 002080RJN0422
OK: 002080RJN0425
OK: 002080RJN0427
OK: 002080RJN0502
OK: 002080RJN0503
OK: 002080RJN0506
OK: 002080RJN0705
OK: 002080RJN0707
OK: 002080RJN0708
OK: 002080RJN0709
OK: 002080RJN0710
OK: 002080RJN0712
OK: 002080RJN0715
OK: 002080RJN0717
OK: 002080RJN0901
OK: 002080RJN0902
OK: 002080RJN0903
OK: 002080RJN0904
OK: 002080RJN0905
OK: 002080RJN0906
OK: 002080RJN1213
OK: 002080RJSN01
OK: 002080RJSN02
OK: 002080RJSN03
OK: 002080RJSN04
OK: 002080RJSN06
OK: 002080RJSN07
OK: 002080RJSN08
OK: 002080RJSN10
OK: 002080RJSN11
OK: 002080RJSN12
OK: 002080RJSN14
OK: 002080RJSN15
OK: 002080RJSN16
OK: 002080RJSN17
OK: 002080Vol01Cx0103
OK: 002080Vol01Cx0104
OK: 002080Vol01Cx0106
OK: 002080Vol01Cx0111
OK: 002080Vol01Cx0112
OK: 002080Vol01Cx0115
OK: 002080Vol01Cx0119
OK: 002080Vol01Cx0120
OK: 002080Vol01Cx0301
OK: 002080Vol01Cx0302
OK: 002080Vol01Cx0304
OK: 002080Vol01Cx0305
OK: 002080Vol01Cx0308
OK: 002080Vol01Cx0309
OK: 002080Vol01Cx0314
OK: 002080Vol01Cx0316
OK: 002080Vol01Cx0317
OK: 002080Vol01Cx0321
OK: 002080Vol01Cx0701
OK: 002080Vol01Cx0702
OK: 002080Vol01Cx0704
OK: 002080Vol01Cx0705
OK: 002080Vol01Cx0707
OK: 002080Vol01Cx0708
OK: 002080Vol01Cx0709
OK: 002080Vol01Cx0710
OK: 002080Vol01Cx0712
OK: 002080Vol01Cx0713
OK: 002080Vol01Cx0714
OK: 002080Vol01Cx0717
OK: 002080Vol01Cx0718
OK: 002080Vol02Cx0105
OK: 002080Vol02Cx0106
OK: 002080Vol02Cx0202
OK: 002080Vol02Cx0203
OK: 002080Vol02Cx0207
OK: 002080Vol02Cx0209
OK: 002080Vol02Cx0210
OK: 002080Vol02Cx0211
OK: 002080Vol02Cx0212
OK: 002080Vol02Cx0215
OK: 002080Vol02Cx0216
OK: 002080Vol02Cx0303
OK: 002080Vol02Cx0305
OK: 002080Vol02Cx0308
OK: 002080Vol02Cx0312
OK: 002080Vol02Cx0316
OK: 002080Vol02Cx0413
OK: 002080Vol02Cx0519
OK: 002080Vol02Cx0601
OK: 002080Vol02Cx0602
OK: 002080Vol02Cx0605
OK: 002080Vol02Cx0607
OK: 002080Vol02Cx0611
OK: 002080Vol02Cx0612
OK: 002080Vol02Cx0614
OK: 002080Vol02Cx0615
OK: 002080Vol02Cx0616
OK: 002080Vol02Cx0617
OK: 002080Vol02Cx0702
OK: 002080Vol02Cx0703
OK: 002080Vol02Cx0707
OK: 002080Vol02Cx0709
OK: 002080Vol02Cx0711
OK: 002080Vol02Cx0712
OK: 002080Vol02Cx0713
OK: 002080Vol02Cx0716
OK: 002080Vol02Cx0717
OK: 002080Vol02Cx0720
OK: 002080Vol05Cx0105
OK: 002080Vol05Cx0106
OK: 002080Vol05Cx0110
OK: 002080Vol05Cx0111
OK: 002080Vol05Cx0112
OK: 002080Vol05Cx0114
OK: 002080Vol05Cx0116
OK: 002080Vol05Cx0117
OK: 002080Vol05Cx0118
OK: 002080Vol05Cx0205
OK: 002080Vol05Cx0207
OK: 002080Vol05Cx0317
OK: 002080Vol05Cx0321
OK: 002080Vol05Cx0324
OK: 002080Vol05Cx0401
OK: 002080Vol05Cx0402
OK: 002080Vol05Cx0403
OK: 002080Vol05Cx0404
OK: 002080Vol05Cx0405
OK: 002080Vol05Cx0406
OK: 002080Vol05Cx0407
OK: 002080Vol05Cx0408
OK: 002080Vol05Cx0409
OK: 002080Vol05Cx0410
OK: 002080Vol05Cx0411
OK: 002080Vol05Cx0414
OK: 002080Vol05Cx0415
OK: 002080Vol05Cx0502
OK: 002080Vol05Cx0505
OK: 002080Vol05Cx0507
OK: 002080Vol05Cx0508
OK: 002080Vol05Cx0510
OK: 002080Vol05Cx0511
OK: 002080Vol09Env0301
OK: 002080Vol09Env0302
OK: 002080Vol09Env0304
OK: 002080Vol09Env0305
OK: 002080Vol10Cx0101
OK: 002080Vol10Cx0111
OK: 002080Vol10Cx0112
OK: 002080Vol10Cx0114
OK: 002080Vol10Cx0117
OK: 002086AMF01
OK: 002086AMF02
OK: 002086AMF03
OK: 002086AMF04
OK: 002086AMF06
OK: 002086AMF11
OK: 002086AMF12
OK: 0071530cx001-01
OK: 0071530cx001-02
OK: 0071530cx001-03
OK: 0071530cx001-05
OK: 0071530cx001-07
OK: 0071530cx001-09
OK: 0071530cx002-07
OK: 0071530cx002-10
OK: 0071530cx002-11
OK: 0071530cx003-01
OK: 0071530cx003-08
OK: 0071530cx003-09
OK: 0071530cx003-10
OK: 0071530cx004-03
OK: 0071530cx004-05
OK: 0071530cx005-01
OK: 0071530cx005-04
OK: 0071530cx005-06
OK: 0071530cx005-07
OK: 0071530cx005-12
OK: 0071824cx001-01
OK: 0071824cx001-02
OK: 0071824cx001-04
OK: 0071824cx001-05
OK: 0071824cx001-06
OK: 0071824cx001-07
OK: 0071824cx001-08
OK: 0071824cx001-09
OK: 0071824cx001-10
OK: 0071824cx001-11
OK: 0071824cx001-12
OK: 0071824cx001-13
OK: 0071824cx001-14
OK: 0071824cx001-15
OK: 0071824cx003a-04
OK: 0071824cx003a-05
OK: 0071824cx003a-06
OK: 0071824cx003a-08
OK: 0071824cx003a-09
OK: 0071824cx004-01
OK: 0071824cx004-02
OK: 0071824cx004-05
OK: 0071824cx006-01
OK: 0071824cx006-02
OK: 0071824cx006-03
OK: 0071824cx006-04
OK: 0071824cx006-12
OK: 0071824cx006-13
OK: 0071824cx006-15
OK: 0071824cx006-16
OK: 0071824cx007-01
OK: 0071824cx007-02
OK: 0071824cx007-03
OK: 0071824cx007-04
OK: 0071824cx007-05
OK: 0071824cx010-03
OK: 0071824cx010-10
OK: 0071824cx011-01
OK: 0071824cx011-02
OK: 0071824cx011-03
OK: 0071824cx011-04
OK: 0071824cx011-05
OK: 0071824cx011-06
OK: 0071824cx015a-01
OK: 0071824cx015a-02
OK: 0071824cx015a-04
OK: 0071824cx015a-10
OK: 0071824cx016-04
OK: 0071824cx016-07
OK: 0071824cx016-08
OK: 0071824cx016-10
OK: 0071824cx016-11
OK: 0071824cx016-12
OK: 0071824cx017a-02
OK: 0071824cx017a-04
OK: 0071824cx017a-05
OK: 0071824cx017a-06
OK: 0071824cx017a-07
OK: 0071824cx017a-08
OK: 0071824cx017a-09
OK: 0071824cx017a-10
OK: 0071824cx017a-11
OK: 0071824cx017a-12
OK: 0071824cx019-01
OK: 0071824cx019-02
OK: 0071824cx019-03
OK: 0071824cx019-04
OK: 0071824cx019-05
OK: 0071824cx019-06
OK: 0071824cx019-07
OK: 0071824cx019-08
OK: 0071824cx019-09
OK: 0071824cx019-10
OK: 0071824cx019-11
OK: 0071824cx019-12
OK: 0071824cx019-13
OK: 0071824cx019-14
OK: 0071824cx020-01
OK: 0071824cx020-02
OK: 0071824cx020-03
OK: 0071824cx020-04
OK: 0071824cx020-08
OK: 0071824cx020-09
OK: 0071824cx020-10
OK: 0071824cx020-11
OK: 0071824cx020-12
OK: 0071824cx021-01
OK: 0071824cx021-02
OK: 0071824cx021-03
OK: 0071824cx021-04
OK: 0071824cx021-05
OK: 0071824cx021-06
OK: 0071824cx021-07
OK: 0071824cx021-08
OK: 0071824cx021-09
OK: 0071824cx021-10
OK: 0071824cx021-11
OK: 0071824cx021-12
OK: 0071824cx021-13
OK: 0071824cx022-05
OK: 0071824cx022-07
OK: 0071824cx022-13
OK: 0071824cx022-14
OK: 0071824cx022-15
OK: 0071824cx023-01
OK: 0071824cx023-02
OK: 0071824cx023-04
OK: 0071824cx023-05
OK: 0071824cx023-06
OK: 0071824cx023-07
OK: 0071824cx023-08
OK: 0071824cx024-01
OK: 0071824cx024-02
OK: 0071824cx024-03
OK: 0071824cx024-04
OK: 0071824cx024-05
OK: 0071824cx024-07
OK: 0071824cx028-01
OK: 0071824cx028-02
OK: 0071824cx028-03
OK: 0071824cx028-05
OK: 0071824cx028-08
OK: 0071824cx028-09
OK: 0071824cx028-10
OK: 0071824cx028-11
OK: 0071824cx031-07
OK: 0071824cx031-08
OK: 0071824cx036a-01
OK: 0071824cx036a-02
OK: 0071824cx036a-03
OK: 0071824cx036a-04
OK: 0071824cx036a-05
OK: 0071824cx036a-06
OK: 0071824cx036a-08
OK: 0071824cx036a-09
OK: 0071824cx036b-01
OK: 0071824cx036b-02
OK: 0071824cx036b-03
OK: 0071824cx036b-04
OK: 0071824cx036b-05
OK: 0071824cx036b-06
OK: 0071824cx036b-07
OK: 0071824cx037-01
OK: 0071824cx037-02
OK: 0071824cx037-04
OK: 0071824cx037-05
OK: 0071824cx037-09
OK: 0071824cx037-10
OK: 0071824cx037-11
OK: 0071824cx037-12
OK: 0071824cx037-13
OK: 0071824cx037-14
OK: 0071824cx037-15
OK: 0071824cx038-09
OK: 0071824cx038-10
OK: 0071824cx038-11
OK: 0071824cx038-12
OK: 0071824cx038-13
OK: 0071824cx038-14
OK: 0071824cx039-04
OK: 0071824cx040-01
OK: 0071824cx040-03
OK: 0071824cx040-05
OK: 0071824cx040-07
OK: 0071824cx040-08
OK: 0071824cx040-09
OK: 0071824cx040-10
OK: 0071824cx040-11
OK: 0071824cx040-12
OK: 0071824cx040-13
OK: 0071824cx041-01
OK: 0071824cx041-02
OK: 0071824cx042-01
OK: 0071824cx042-02
OK: 0071824cx042-03
OK: 0071824cx042-06
OK: 0071824cx042-07
OK: 0071824cx042-08
OK: 0071824cx042-09
OK: 0071824cx042-10
OK: 0071824cx042-11
OK: 0071824cx042-13
OK: 0071824cx043a-01
OK: 0071824cx043a-03
OK: 0071824cx043a-11
OK: 0071824cx045-01
OK: 0071824cx045-02
OK: 0071824cx045-03
OK: 0071824cx045-04
OK: 0071824cx045-10
OK: 0071824cx045-11
OK: 0071824cx045-12
OK: 0071824cx046-02
OK: 0071824cx046-05
OK: 0071824cx046-06
OK: 0071824cx049b-02
OK: 0071824cx049b-06
OK: 0071824cx049b-08
OK: 0071824cx050-01
OK: 0071824cx050-06
OK: 0071824cx056-01
OK: 0071824cx056-02
OK: 0071824cx056-04
OK: 0071824cx056-05
OK: 0071824cx056-06
OK: 0071824cx056-07
OK: 0071824cx056-08
OK: 0071824cx057-03
OK: 0071824cx057-04
OK: 0071824cx057-09
OK: 0071824cx057-10
OK: 0071824cx057-11
OK: 0071824cx060-01
OK: 0071824cx060-04
OK: 0071824cx060-05
OK: 0071824cx060-06
OK: 0071824cx060-07
OK: 0071824cx063-02
OK: 0071824cx063-06
OK: 0071824cx063-08
OK: 0071824cx063-09
OK: 0071824cx063-10
OK: 0071824cx064-10
OK: 0071824cx064-11
OK: 0071824cx064-14
OK: 0071824cx065-01
OK: 0071824cx065-02
OK: 0071824cx065-03
OK: 0071824cx065-05
OK: 0071824cx065-06
OK: 0071824cx065-07
OK: 0071824cx065-08
OK: 0071824cx065-09
OK: 0071824cx065-10
OK: 0071824cx065-11
OK: 0071824cx065-12
OK: 0071824cx066-08
OK: 0071824cx066-12
OK: 0071824cx066-13
OK: 0071824cx066-14
OK: 0071824cx066-15
OK: 0071824cx066-16
OK: 0071824cx067-01
OK: 0071824cx067-02
OK: 0071824cx067-03
OK: 0071824cx067-04
OK: 0071824cx067-05
OK: 0071824cx068-01
OK: 0071824cx068-09
OK: 0071824cx068-10
OK: 0071824cx068-11
OK: 0071824cx068-12
OK: 0071824cx068-13
OK: 0071824cx068-16
OK: 0071824cx070-02
OK: 0071824cx070-03
OK: 0071824cx070-04
OK: 0071824cx070-08
OK: 0071824cx070-09
OK: 0071824cx070-10
OK: 0071824cx070-11
OK: 0071824cx070-12
OK: 0071824cx070-13
OK: 0071824cx071-03
OK: 0071824cx071-04
OK: 0071824cx071-05
OK: 0071824cx071-07
OK: 0071824cx071-09
OK: 0071824cx071-10
OK: 0071824cx072-01
OK: 0071824cx072-02
OK: 0071824cx072-04
OK: 0071824cx072-07
OK: 0071824cx072-08
OK: 0071824cx072-10
OK: 0071824cx081-01
OK: 0071824cx081-02
OK: 0071824cx081-05
OK: 0071824cx081-06
OK: 0071824cx081-08
OK: 0071824cx081-10
OK: 0071824cx083-15
OK: 0071824cx084-08
OK: 0071824cx084-09
OK: 0071824cx084-10
OK: 0071824cx092-04
OK: 0071824cx092-05
OK: 0071824cx092-06
OK: 0071824cx093-03
OK: 0071824cx096b-01
OK: 0071824cx096b-04
OK: 0071824cx096b-05
OK: 0071824cx098-02
OK: 0071824cx098-03
OK: 0071824cx098-06
OK: 0071824cx098-08
OK: 0071824cx098-11
OK: 0071824cx101-07
OK: 0071824cx101-09
OK: 0071824cx101-10
OK: 0071824cx101-11
OK: 0071824cx106-03
OK: 0071824cx106-04
OK: 0071824cx106-06
OK: 0071824cx106-07
OK: 0071824cx109a-06
OK: 0071824cx109a-07
OK: 0071824cx111-02
OK: 0071824cx111-05
OK: 0071824cx112-01
OK: 0071824cx112-02
OK: 0071824cx112-03
OK: 0071824cx112-04
OK: 0071824cx112-05
OK: 0071824cx112-06
OK: 0071824cx112-07
OK: 0071824cx112-08
OK: 0071824cx112-10
OK: 0071824cx112-11
OK: 0071824cx114-01
OK: 0071824cx114-02
OK: 0071824cx114-03
OK: 0071824cx114-04
OK: 0071824cx114-05
OK: 0071824cx114-06
OK: 0071824cx125-01
OK: 0071824cx126-01
OK: 0071824cx126-02
OK: 0071824cx126-05
OK: 0071824cx126-06
OK: 0071824cx126-07
OK: 0071824cx126-08
OK: 0071824cx126-09
OK: 0071824cx126-10
OK: 0071824cx126-11
OK: 0071824cx127-06
OK: 0071824cx127-07
OK: 0071824cx127-08
OK: 0071824cxambulantesb-05
OK: 0071824cxavulsos2-03
OK: 0071824cxavulsos2-04
OK: 0071824cxjulioferrez2-01
OK: 0071824cxminas3-07
OK: 0071824cxpintcand-01
OK: 0071824cxpintcand-03
OK: 0071824cxpintcand-04
OK: 0071824cxrep1-08
OK: 0071824cxrio1-09
OK: 0071824cxrio2-02_2
OK: 0071824cxrio2-03
OK: 0071824cxrio2-04
OK: 0071824cxrio2-05
OK: 0071824cxrio2-06
OK: 0071824cxrio2-07
OK: 0071824cxrio2-08
OK: 0071824cxrio2-09
OK: 0071824cxrio2-10
OK: 0071824cxrio2-11
OK: 0071824cxrio2-12
OK: 0071824cxrio2-13
OK: 0071824cxrio3-01
OK: 0071824cxrio3-02
OK: 0071824cxrio3-04
OK: 0071824cxrio3-05
OK: 0071824cxrio3-07
OK: 0071824cxrio3-09
OK: 0071824cxrio4-04
OK: 0071824cxrio4-05
OK: 0071824cxsn1-04
OK: 0071824cxsn1-10
OK: 0071824cxsn1-12
OK: 0071824cxsn2-01
OK: 0071824cxsn2-02
OK: 0071824cxsn2-03
OK: 0071824cxsn2-04
OK: 0071824cxsn2-06
OK: 0071824cxsn2-08
OK: 0071824cxsn2-09
OK: 0071824cxsn2-10
OK: 0071824cxsn2-13
OK: 0071824cxvarios1-01
OK: 0071824cxvarios1-02
OK: 0071824cxvarios1-03
OK: 0071824cxvarios1-04
OK: 0071824cxvarios1-05
OK: 0071824cxvarios1-06
OK: 0072137cx001-01
OK: 0072137cx001-02
OK: 0072137cx001-03
OK: 0072137cx001-04
OK: 0072137cx001-05
OK: 0072137cx001-07
OK: 0072137cx001-08
OK: 0072137cx001-09
OK: 0072137cx001-10
OK: 0072137cx001-11
OK: 0072137cx001-12
OK: 0072137cx005-02
OK: 0072137cx005-06
OK: 0072137cx005-07
OK: 0072137cx005-09
OK: 0072137cx005-10
OK: 0072137cx006-02
OK: 0072137cx006-04
OK: 0072137cx006-05
OK: 0072137cx006-06
OK: 0072137cx006-08
OK: 0072137cx006-09
OK: 0072137cx006-10
OK: 0072137cx006-11
OK: 0072137cx007-14
OK: 0072137cx008-02
