[32m2021-06-23 14:24:07[0m - dagster - [34mDEBUG[0m - apis_pipeline - fd29e26b-d200-4824-9413-072d4201e968 - 13807 - query_omeka - LOGS_CAPTURED - Started capturing logs for solid: query_omeka.
[32m2021-06-23 14:24:07[0m - dagster - [34mDEBUG[0m - apis_pipeline - fd29e26b-d200-4824-9413-072d4201e968 - 13807 - query_omeka - STEP_START - Started execution of step "query_omeka".
[32m2021-06-23 14:24:24[0m - dagster - [34mERROR[0m - [31mapis_pipeline - fd29e26b-d200-4824-9413-072d4201e968 - 13807 - query_omeka - STEP_FAILURE - Execution of step "query_omeka" failed.

dagster.core.errors.DagsterExecutionInterruptedError

Stack Trace:
  File "/home/pitanga/.local/share/virtualenvs/situated-views-yLYNqPII/lib/python3.8/site-packages/dagster/core/execution/plan/execute_plan.py", line 193, in _dagster_event_sequence_for_step
    for step_event in check.generator(step_events):
  File "/home/pitanga/.local/share/virtualenvs/situated-views-yLYNqPII/lib/python3.8/site-packages/dagster/core/execution/plan/execute_step.py", line 308, in core_dagster_event_sequence_for_step
    for user_event in check.generator(
  File "/home/pitanga/.local/share/virtualenvs/situated-views-yLYNqPII/lib/python3.8/site-packages/dagster/core/execution/plan/execute_step.py", line 63, in _step_output_error_checked_user_event_sequence
    for user_event in user_event_sequence:
  File "/home/pitanga/.local/share/virtualenvs/situated-views-yLYNqPII/lib/python3.8/site-packages/dagster/core/execution/plan/compute.py", line 138, in execute_core_compute
    for step_output in _yield_compute_results(step_context, inputs, compute_fn):
  File "/home/pitanga/.local/share/virtualenvs/situated-views-yLYNqPII/lib/python3.8/site-packages/dagster/core/execution/plan/compute.py", line 111, in _yield_compute_results
    for event in iterate_with_context(
  File "/home/pitanga/.local/share/virtualenvs/situated-views-yLYNqPII/lib/python3.8/site-packages/dagster/utils/__init__.py", line 382, in iterate_with_context
    next_output = next(iterator)
  File "/home/pitanga/.local/share/virtualenvs/situated-views-yLYNqPII/lib/python3.8/site-packages/dagster/core/definitions/decorators/solid.py", line 307, in _coerce_solid_compute_fn_to_iterator
    result = fn(context, **kwargs) if context_arg_provided else fn(**kwargs)
  File "/mnt/d/ims/situated-views/bin/solids/apis.py", line 48, in query_omeka
    sleep(0.5)
  File "/home/pitanga/.local/share/virtualenvs/situated-views-yLYNqPII/lib/python3.8/site-packages/dagster/utils/interrupts.py", line 78, in _new_signal_handler
    raise error_cls()
[0m
