[32m2021-12-21 13:17:37[0m - dagster - [34mDEBUG[0m - camera_pipeline - 9bee86b9-0545-412b-9412-3c1064e5c3a5 - 1782 - create_feature - LOGS_CAPTURED - Started capturing logs for solid: create_feature.
[32m2021-12-21 13:17:38[0m - dagster - [34mDEBUG[0m - camera_pipeline - 9bee86b9-0545-412b-9412-3c1064e5c3a5 - 1782 - create_feature - STEP_START - Started execution of step "create_feature".
[32m2021-12-21 13:17:38[0m - dagster - [34mDEBUG[0m - camera_pipeline - 9bee86b9-0545-412b-9412-3c1064e5c3a5 - 1782 - create_feature - LOADED_INPUT - Loaded input "kmls" using input manager "io_manager", from output "result" of step "correct_altitude_mode"
[32m2021-12-21 13:17:38[0m - dagster - [34mDEBUG[0m - camera_pipeline - 9bee86b9-0545-412b-9412-3c1064e5c3a5 - 1782 - create_feature - LOADED_INPUT - Loaded input "metadata" using input manager "metadata_root"
[32m2021-12-21 13:17:39[0m - dagster - [34mDEBUG[0m - camera_pipeline - 9bee86b9-0545-412b-9412-3c1064e5c3a5 - 1782 - create_feature - STEP_INPUT - Got input "kmls" of type "type_list_of_kmls". (Type check passed).
[32m2021-12-21 13:17:39[0m - dagster - [34mDEBUG[0m - camera_pipeline - 9bee86b9-0545-412b-9412-3c1064e5c3a5 - 1782 - create_feature - STEP_INPUT - Got input "metadata" of type "metadata_dataframe_types". (Type check passed).
KMLS:   0%|          | 0/10 [00:00<?, ?it/s][32m2021-12-21 13:17:40[0m - dagster - [34mINFO[0m - camera_pipeline - 9bee86b9-0545-412b-9412-3c1064e5c3a5 - create_feature - ERROR: 'NoneType' object has no attribute 'group' no ID: 0071824CX081-09
KMLS:  10%|█         | 1/10 [00:00<00:02,  3.76it/s][32m2021-12-21 13:17:40[0m - dagster - [34mINFO[0m - camera_pipeline - 9bee86b9-0545-412b-9412-3c1064e5c3a5 - create_feature - OK: 0073040AVULSOSCX001E050-12
KMLS:  20%|██        | 2/10 [00:00<00:02,  3.60it/s][32m2021-12-21 13:17:40[0m - dagster - [34mINFO[0m - camera_pipeline - 9bee86b9-0545-412b-9412-3c1064e5c3a5 - create_feature - ERROR: '007A5P4F01-36' no ID: 007A5P4F01-36
KMLS:  30%|███       | 3/10 [00:00<00:01,  3.68it/s][32m2021-12-21 13:17:40[0m - dagster - [34mINFO[0m - camera_pipeline - 9bee86b9-0545-412b-9412-3c1064e5c3a5 - create_feature - OK: 007CX025-06
KMLS:  40%|████      | 4/10 [00:01<00:01,  3.70it/s][32m2021-12-21 13:17:41[0m - dagster - [34mINFO[0m - camera_pipeline - 9bee86b9-0545-412b-9412-3c1064e5c3a5 - create_feature - OK: 007CX179-03
KMLS:  50%|█████     | 5/10 [00:01<00:01,  3.56it/s][32m2021-12-21 13:17:41[0m - dagster - [34mINFO[0m - camera_pipeline - 9bee86b9-0545-412b-9412-3c1064e5c3a5 - create_feature - ERROR: '02055REVDAARMADA084' no ID: 02055REVDAARMADA084
KMLS:  60%|██████    | 6/10 [00:01<00:01,  3.95it/s][32m2021-12-21 13:17:41[0m - dagster - [34mINFO[0m - camera_pipeline - 9bee86b9-0545-412b-9412-3c1064e5c3a5 - create_feature - ERROR: '2175340' no ID: 2175340
KMLS:  70%|███████   | 7/10 [00:01<00:00,  3.51it/s][32m2021-12-21 13:17:41[0m - dagster - [34mINFO[0m - camera_pipeline - 9bee86b9-0545-412b-9412-3c1064e5c3a5 - create_feature - ERROR: '2522145' no ID: 2522145
KMLS:  80%|████████  | 8/10 [00:02<00:00,  3.66it/s][32m2021-12-21 13:17:42[0m - dagster - [34mINFO[0m - camera_pipeline - 9bee86b9-0545-412b-9412-3c1064e5c3a5 - create_feature - ERROR: '2522172' no ID: 2522172
KMLS:  90%|█████████ | 9/10 [00:02<00:00,  3.81it/s][32m2021-12-21 13:17:42[0m - dagster - [34mINFO[0m - camera_pipeline - 9bee86b9-0545-412b-9412-3c1064e5c3a5 - create_feature - ERROR: 'NoneType' object has no attribute 'group' no ID: 31761910
KMLS: 100%|██████████| 10/10 [00:02<00:00,  3.57it/s]KMLS: 100%|██████████| 10/10 [00:02<00:00,  3.65it/s]
[32m2021-12-21 13:17:42[0m - dagster - [34mDEBUG[0m - camera_pipeline - 9bee86b9-0545-412b-9412-3c1064e5c3a5 - 1782 - create_feature - STEP_OUTPUT - Yielded output "result" of type "type_list_of_features". (Type check passed).
[32m2021-12-21 13:17:43[0m - dagster - [34mDEBUG[0m - camera_pipeline - 9bee86b9-0545-412b-9412-3c1064e5c3a5 - 1782 - create_feature - HANDLED_OUTPUT - Handled output "result" using IO manager "io_manager"
[32m2021-12-21 13:17:43[0m - dagster - [34mDEBUG[0m - camera_pipeline - 9bee86b9-0545-412b-9412-3c1064e5c3a5 - 1782 - create_feature - STEP_SUCCESS - Finished execution of step "create_feature" in 3.26s.
