KMLS: ['data/input/kmls/new_single/001CC001033.kml', 'data/input/kmls/new_single/002029FPF004001.kml', 'data/input/kmls/new_single/002037AAK5001.kml', 'data/input/kmls/new_single/002037AAK5021.kml', 'data/input/kmls/new_single/002037AAK5022.kml', 'data/input/kmls/new_single/002037AAK5074.kml', 'data/input/kmls/new_single/002057TP009.kml', 'data/input/kmls/new_single/002073LM003.kml', 'data/input/kmls/new_single/002073LM004.kml', 'data/input/kmls/new_single/002073LM005.kml', 'data/input/kmls/new_single/002073LM007.kml', 'data/input/kmls/new_single/002073LM008.kml', 'data/input/kmls/new_single/002073LM009.kml', 'data/input/kmls/new_single/002073LM010.kml', 'data/input/kmls/new_single/002073LM011.kml', 'data/input/kmls/new_single/002073LM012.kml', 'data/input/kmls/new_single/002073LM014.kml', 'data/input/kmls/new_single/002073LM017.kml', 'data/input/kmls/new_single/002073LM019.kml', 'data/input/kmls/new_single/002073LM021.kml', 'data/input/kmls/new_single/002073LM022.kml', 'data/input/kmls/new_single/002073LM023.kml', 'data/input/kmls/new_single/002073LM024.kml', 'data/input/kmls/new_single/002073LM025.kml', 'data/input/kmls/new_single/002073LM026.kml', 'data/input/kmls/new_single/002073LM027.kml', 'data/input/kmls/new_single/002073LM028.kml', 'data/input/kmls/new_single/002073LM029.kml', 'data/input/kmls/new_single/002095RJ001001.kml', 'data/input/kmls/new_single/002095RJ001003.kml', 'data/input/kmls/new_single/002095RJ001006.kml', 'data/input/kmls/new_single/002095RJ001007.kml', 'data/input/kmls/new_single/002095RJ001009.kml', 'data/input/kmls/new_single/002095RJ001010.kml', 'data/input/kmls/new_single/002095RJ001011.kml', 'data/input/kmls/new_single/002095RJ001013.kml', 'data/input/kmls/new_single/002095RJ001014.kml', 'data/input/kmls/new_single/002095RJ001015.kml', 'data/input/kmls/new_single/002095RJ001016.kml', 'data/input/kmls/new_single/002095RJ001017.kml', 'data/input/kmls/new_single/002095RJ001018.kml', 'data/input/kmls/new_single/002095RJ001019.kml', 'data/input/kmls/new_single/002095RJ001023.kml', 'data/input/kmls/new_single/002095RJ001025.kml', 'data/input/kmls/new_single/002095RJ001028.kml', 'data/input/kmls/new_single/002095RJ001030.kml', 'data/input/kmls/new_single/002095RJ001031.kml', 'data/input/kmls/new_single/002095RJ001032.kml', 'data/input/kmls/new_single/002095RJ001033.kml', 'data/input/kmls/new_single/002095RJ001034.kml', 'data/input/kmls/new_single/002095RJ001036.kml', 'data/input/kmls/new_single/002095RJ001038.kml', 'data/input/kmls/new_single/002095RJ002002.kml', 'data/input/kmls/new_single/002095RJ002009.kml', 'data/input/kmls/new_single/002095RJ002010.kml', 'data/input/kmls/new_single/002095RJ002011.kml', 'data/input/kmls/new_single/002095RJ002013.kml', 'data/input/kmls/new_single/002095RJ002016.kml', 'data/input/kmls/new_single/002095RJ002017.kml', 'data/input/kmls/new_single/002095RJ002018.kml', 'data/input/kmls/new_single/002095RJ002019.kml', 'data/input/kmls/new_single/002095RJ002020.kml', 'data/input/kmls/new_single/002095RJ002021.kml', 'data/input/kmls/new_single/002095RJ002022.kml', 'data/input/kmls/new_single/002095RJ002023.kml', 'data/input/kmls/new_single/002095RJ002024.kml', 'data/input/kmls/new_single/002095RJ002025.kml', 'data/input/kmls/new_single/002095RJ002029.kml', 'data/input/kmls/new_single/002095RJ002030.kml', 'data/input/kmls/new_single/002095RJ002031.kml', 'data/input/kmls/new_single/002095RJ002032.kml', 'data/input/kmls/new_single/002095RJ002034.kml', 'data/input/kmls/new_single/002095RJ003020.kml', 'data/input/kmls/new_single/0071824cx004-04.kml', 'data/input/kmls/new_single/0071824cx007-09.kml', 'data/input/kmls/new_single/0071824cx010-06.kml', 'data/input/kmls/new_single/0071824cx015a-05.kml', 'data/input/kmls/new_single/0071824cx015a-06.kml', 'data/input/kmls/new_single/0071824cx016-01.kml', 'data/input/kmls/new_single/0071824cx022-01.kml', 'data/input/kmls/new_single/0071824cx022-04.kml', 'data/input/kmls/new_single/0071824cx022-08.kml', 'data/input/kmls/new_single/0071824cx022-12.kml', 'data/input/kmls/new_single/0071824cx024-06.kml', 'data/input/kmls/new_single/0071824cx024-08.kml', 'data/input/kmls/new_single/0071824cx024-12.kml', 'data/input/kmls/new_single/0071824cx031-06.kml', 'data/input/kmls/new_single/0071824cx031-09.kml', 'data/input/kmls/new_single/0071824cx033b-09.kml', 'data/input/kmls/new_single/0071824cx033b-10.kml', 'data/input/kmls/new_single/0071824cx033b-11.kml', 'data/input/kmls/new_single/0071824cx033b-12.kml', 'data/input/kmls/new_single/0071824cx036b-02.kml', 'data/input/kmls/new_single/0071824cx037-03.kml', 'data/input/kmls/new_single/0071824cx037-06.kml', 'data/input/kmls/new_single/0071824cx038-06.kml', 'data/input/kmls/new_single/0071824cx038-07.kml', 'data/input/kmls/new_single/0071824cx040-02.kml', 'data/input/kmls/new_single/0071824cx040-04.kml', 'data/input/kmls/new_single/0071824cx040-06.kml', 'data/input/kmls/new_single/0071824cx049-13.kml', 'data/input/kmls/new_single/0071824cx060-03.kml', 'data/input/kmls/new_single/0071824cx060-09.kml', 'data/input/kmls/new_single/0071824cx064-15.kml', 'data/input/kmls/new_single/0071824cx065-04.kml', 'data/input/kmls/new_single/0071824cx066-02.kml', 'data/input/kmls/new_single/0071824cx068-14.kml', 'data/input/kmls/new_single/0071824cx084-07.kml', 'data/input/kmls/new_single/0071824cx092-07.kml', 'data/input/kmls/new_single/0071824cx098-05.kml', 'data/input/kmls/new_single/0071824cx098-09.kml', 'data/input/kmls/new_single/0071824cx106-01.kml', 'data/input/kmls/new_single/0071824cx106-02.kml', 'data/input/kmls/new_single/0071824cx106-05.kml', 'data/input/kmls/new_single/0071824cx121-02.kml', 'data/input/kmls/new_single/0071824cx121-03.kml', 'data/input/kmls/new_single/0071824cx121-04.kml', 'data/input/kmls/new_single/0071824cx127-10.kml', 'data/input/kmls/new_single/0071824cxrio3-03.kml', 'data/input/kmls/new_single/0071824cxsn2-07.kml', 'data/input/kmls/new_single/0071824cxsn2-12.kml', 'data/input/kmls/new_single/0072430cx006-07.kml', 'data/input/kmls/new_single/0072430cx006-09.kml', 'data/input/kmls/new_single/0072430cx006-11.kml', 'data/input/kmls/new_single/0072430cx010-01.kml', 'data/input/kmls/new_single/0072430cx010-02.kml', 'data/input/kmls/new_single/0072430cx010-04.kml', 'data/input/kmls/new_single/0072430cx010-07.kml', 'data/input/kmls/new_single/0072430cx010-09.kml', 'data/input/kmls/new_single/0072430cx012-01.kml', 'data/input/kmls/new_single/0072430cx021-03.kml', 'data/input/kmls/new_single/0072430cx029-02.kml', 'data/input/kmls/new_single/0072430cx030-02.kml', 'data/input/kmls/new_single/0072430cx030-06.kml', 'data/input/kmls/new_single/0072430cx031-10.kml', 'data/input/kmls/new_single/0072430cx032b-01.kml', 'data/input/kmls/new_single/0072430cx032b-02.kml', 'data/input/kmls/new_single/0072430cx032b-05.kml', 'data/input/kmls/new_single/0072430cx036-07.kml', 'data/input/kmls/new_single/0072430cx040-04.kml', 'data/input/kmls/new_single/0072430cx041-02.kml', 'data/input/kmls/new_single/0072430cx041-03.kml', 'data/input/kmls/new_single/0072430cx041-04.kml', 'data/input/kmls/new_single/0072430cx043-10.kml', 'data/input/kmls/new_single/0072430cx044a-02.kml', 'data/input/kmls/new_single/0072430cx044a-03.kml', 'data/input/kmls/new_single/0072430cx044b-01.kml', 'data/input/kmls/new_single/0072430cx044b-06.kml', 'data/input/kmls/new_single/0072430cx044b-07.kml', 'data/input/kmls/new_single/0072430cx044b-08.kml', 'data/input/kmls/new_single/0072430cx044b-09.kml', 'data/input/kmls/new_single/0072430cx055-09.kml', 'data/input/kmls/new_single/0072430cx056a-03.kml', 'data/input/kmls/new_single/0072430cx056a-05.kml', 'data/input/kmls/new_single/0072430cx056a-06.kml', 'data/input/kmls/new_single/0072430cx056a-09.kml', 'data/input/kmls/new_single/0072430cx056a-10.kml', 'data/input/kmls/new_single/0072430cx056b-05.kml', 'data/input/kmls/new_single/0072430cx056b-06.kml', 'data/input/kmls/new_single/0072430cx056b-07.kml', 'data/input/kmls/new_single/0072430cx061-05.kml', 'data/input/kmls/new_single/0072430cx061-07.kml', 'data/input/kmls/new_single/0072430cx061-09.kml', 'data/input/kmls/new_single/0072430cx061-12.kml', 'data/input/kmls/new_single/0072430cx063-05.kml', 'data/input/kmls/new_single/0072430cx066-02.kml', 'data/input/kmls/new_single/0072430cx066-05.kml', 'data/input/kmls/new_single/0072430cx066-06.kml', 'data/input/kmls/new_single/0072430cx067-01.kml', 'data/input/kmls/new_single/0072430cx067-06.kml', 'data/input/kmls/new_single/0072430cx068-01.kml', 'data/input/kmls/new_single/0072430cx068-04.kml', 'data/input/kmls/new_single/0072430cx069-09.kml', 'data/input/kmls/new_single/0072430cx097-04.kml', 'data/input/kmls/new_single/0072430cx097-07.kml', 'data/input/kmls/new_single/0072430cx098-07.kml', 'data/input/kmls/new_single/007A5P4F01-36.kml', 'data/input/kmls/new_single/007A5P4F01-37.kml', 'data/input/kmls/new_single/013RJ007001.kml', 'data/input/kmls/new_single/013RJ007003.kml', 'data/input/kmls/new_single/013RJ007021.kml', 'data/input/kmls/new_single/013RJ007029.kml', 'data/input/kmls/new_single/013RJ007031.kml', 'data/input/kmls/new_single/013RJ007035.kml', 'data/input/kmls/new_single/013RJ007036.kml', 'data/input/kmls/new_single/013RJ008006.kml', 'data/input/kmls/new_single/013RJ009009.kml', 'data/input/kmls/new_single/013RJ009012.kml', 'data/input/kmls/new_single/013RJ009034.kml', 'data/input/kmls/new_single/013RJ009035.kml', 'data/input/kmls/new_single/013RJ009064.kml', 'data/input/kmls/new_single/013RJ011004.kml', 'data/input/kmls/new_single/013RJ011010.kml', 'data/input/kmls/new_single/013RJ011011.kml', 'data/input/kmls/new_single/013RJ011012.kml', 'data/input/kmls/new_single/013RJ011016.kml', 'data/input/kmls/new_single/013RJ011024.kml', 'data/input/kmls/new_single/013RJ011025.kml', 'data/input/kmls/new_single/013RJ011031.kml', 'data/input/kmls/new_single/013RJ011033.kml', 'data/input/kmls/new_single/013RJ011034.kml', 'data/input/kmls/new_single/013RJ011035.kml', 'data/input/kmls/new_single/013RJ011042.kml', 'data/input/kmls/new_single/013RJ011043.kml', 'data/input/kmls/new_single/013RJ011047.kml', 'data/input/kmls/new_single/013RJ011049.kml', 'data/input/kmls/new_single/013RJ011052.kml', 'data/input/kmls/new_single/013RJ011057.kml', 'data/input/kmls/new_single/013RJ011058.kml', 'data/input/kmls/new_single/013RJ011061.kml', 'data/input/kmls/new_single/013RJ012003.kml', 'data/input/kmls/new_single/013RJ012005.kml', 'data/input/kmls/new_single/013RJ012006.kml', 'data/input/kmls/new_single/013RJ012007.kml', 'data/input/kmls/new_single/013RJ012019.kml', 'data/input/kmls/new_single/013RJ012022.kml', 'data/input/kmls/new_single/013RJ012023.kml', 'data/input/kmls/new_single/013RJ012025.kml', 'data/input/kmls/new_single/013RJ012035.kml', 'data/input/kmls/new_single/013RJ012041.kml', 'data/input/kmls/new_single/013RJ012042.kml', 'data/input/kmls/new_single/013RJ012043.kml', 'data/input/kmls/new_single/013RJ012044.kml', 'data/input/kmls/new_single/013RJ012045.kml', 'data/input/kmls/new_single/013RJ012046.kml', 'data/input/kmls/new_single/013RJ012047.kml', 'data/input/kmls/new_single/013RJ012048.kml', 'data/input/kmls/new_single/013RJ012049.kml', 'data/input/kmls/new_single/013RJ012056.kml', 'data/input/kmls/new_single/013RJ012058.kml', 'data/input/kmls/new_single/013RJ012060.kml', 'data/input/kmls/new_single/013RJ012065.kml', 'data/input/kmls/new_single/013RJ016002.kml', 'data/input/kmls/new_single/013RJ016003.kml', 'data/input/kmls/new_single/013RJ016004.kml', 'data/input/kmls/new_single/013RJ016020.kml', 'data/input/kmls/new_single/013RJ018006.kml', 'data/input/kmls/new_single/014AAN00505.kml', 'data/input/kmls/new_single/014GLAS016.kml', 'data/input/kmls/new_single/014GLAS017.kml', 'data/input/kmls/new_single/014GLAS035.kml', 'data/input/kmls/new_single/014GLAS048.kml', 'data/input/kmls/new_single/014GLAS060.kml', 'data/input/kmls/new_single/014GLAS062.kml', 'data/input/kmls/new_single/014GLAS063.kml', 'data/input/kmls/new_single/014GLAS069.kml', 'data/input/kmls/new_single/014GLAS093.kml', 'data/input/kmls/new_single/014GLAS110.kml', 'data/input/kmls/new_single/014GLAS111.kml', 'data/input/kmls/new_single/014GLAS112.kml', 'data/input/kmls/new_single/014GLAS113.kml', 'data/input/kmls/new_single/014GLAS114.kml', 'data/input/kmls/new_single/014GLAS115.kml', 'data/input/kmls/new_single/037SL03119.kml']
ERROR: HTTP Error 404: Not Found no ID: 001CC001033
ERROR: HTTP Error 404: Not Found no ID: 002029FPF004001
kml can't be moved:  data/input/kmls/new_single/002029FPF004001.kml
ERROR: HTTP Error 404: Not Found no ID: 002037AAK5001
ERROR: HTTP Error 404: Not Found no ID: 002037AAK5021
ERROR: HTTP Error 404: Not Found no ID: 002037AAK5022
ERROR: HTTP Error 404: Not Found no ID: 002037AAK5074
ERROR: HTTP Error 404: Not Found no ID: 002057TP009
ERROR: HTTP Error 404: Not Found no ID: 002073LM003
ERROR: HTTP Error 404: Not Found no ID: 002073LM004
ERROR: HTTP Error 404: Not Found no ID: 002073LM005
ERROR: HTTP Error 404: Not Found no ID: 002073LM007
ERROR: HTTP Error 404: Not Found no ID: 002073LM008
ERROR: HTTP Error 404: Not Found no ID: 002073LM009
ERROR: HTTP Error 404: Not Found no ID: 002073LM010
ERROR: HTTP Error 404: Not Found no ID: 002073LM011
ERROR: HTTP Error 404: Not Found no ID: 002073LM012
ERROR: HTTP Error 404: Not Found no ID: 002073LM014
ERROR: HTTP Error 404: Not Found no ID: 002073LM017
ERROR: HTTP Error 404: Not Found no ID: 002073LM019
ERROR: HTTP Error 404: Not Found no ID: 002073LM021
ERROR: HTTP Error 404: Not Found no ID: 002073LM022
ERROR: HTTP Error 404: Not Found no ID: 002073LM023
ERROR: HTTP Error 404: Not Found no ID: 002073LM024
ERROR: HTTP Error 404: Not Found no ID: 002073LM025
ERROR: HTTP Error 404: Not Found no ID: 002073LM026
ERROR: HTTP Error 404: Not Found no ID: 002073LM027
ERROR: HTTP Error 404: Not Found no ID: 002073LM028
ERROR: HTTP Error 404: Not Found no ID: 002073LM029
ERROR: HTTP Error 404: Not Found no ID: 002095RJ001001
ERROR: HTTP Error 404: Not Found no ID: 002095RJ001003
ERROR: HTTP Error 404: Not Found no ID: 002095RJ001006
ERROR: HTTP Error 404: Not Found no ID: 002095RJ001007
ERROR: HTTP Error 404: Not Found no ID: 002095RJ001009
ERROR: HTTP Error 404: Not Found no ID: 002095RJ001010
ERROR: HTTP Error 404: Not Found no ID: 002095RJ001011
ERROR: HTTP Error 404: Not Found no ID: 002095RJ001013
ERROR: HTTP Error 404: Not Found no ID: 002095RJ001014
ERROR: HTTP Error 404: Not Found no ID: 002095RJ001015
ERROR: HTTP Error 404: Not Found no ID: 002095RJ001016
ERROR: HTTP Error 404: Not Found no ID: 002095RJ001017
ERROR: HTTP Error 404: Not Found no ID: 002095RJ001018
ERROR: HTTP Error 404: Not Found no ID: 002095RJ001019
ERROR: HTTP Error 404: Not Found no ID: 002095RJ001023
ERROR: HTTP Error 404: Not Found no ID: 002095RJ001025
ERROR: HTTP Error 404: Not Found no ID: 002095RJ001028
ERROR: HTTP Error 404: Not Found no ID: 002095RJ001030
ERROR: HTTP Error 404: Not Found no ID: 002095RJ001031
ERROR: HTTP Error 404: Not Found no ID: 002095RJ001032
ERROR: HTTP Error 404: Not Found no ID: 002095RJ001033
ERROR: HTTP Error 404: Not Found no ID: 002095RJ001034
ERROR: HTTP Error 404: Not Found no ID: 002095RJ001036
ERROR: HTTP Error 404: Not Found no ID: 002095RJ001038
ERROR: HTTP Error 404: Not Found no ID: 002095RJ002002
ERROR: HTTP Error 404: Not Found no ID: 002095RJ002009
ERROR: HTTP Error 404: Not Found no ID: 002095RJ002010
ERROR: HTTP Error 404: Not Found no ID: 002095RJ002011
ERROR: HTTP Error 404: Not Found no ID: 002095RJ002013
ERROR: HTTP Error 404: Not Found no ID: 002095RJ002016
ERROR: HTTP Error 404: Not Found no ID: 002095RJ002017
ERROR: HTTP Error 404: Not Found no ID: 002095RJ002018
ERROR: HTTP Error 404: Not Found no ID: 002095RJ002019
ERROR: HTTP Error 404: Not Found no ID: 002095RJ002020
ERROR: HTTP Error 404: Not Found no ID: 002095RJ002021
ERROR: HTTP Error 404: Not Found no ID: 002095RJ002022
ERROR: HTTP Error 404: Not Found no ID: 002095RJ002023
ERROR: HTTP Error 404: Not Found no ID: 002095RJ002024
ERROR: HTTP Error 404: Not Found no ID: 002095RJ002025
ERROR: HTTP Error 404: Not Found no ID: 002095RJ002029
ERROR: HTTP Error 404: Not Found no ID: 002095RJ002030
ERROR: HTTP Error 404: Not Found no ID: 002095RJ002031
ERROR: HTTP Error 404: Not Found no ID: 002095RJ002032
ERROR: HTTP Error 404: Not Found no ID: 002095RJ002034
ERROR: HTTP Error 404: Not Found no ID: 002095RJ003020
ERROR: HTTP Error 404: Not Found no ID: 0071824CX004-04
ERROR: HTTP Error 404: Not Found no ID: 0071824CX007-09
ERROR: HTTP Error 404: Not Found no ID: 0071824CX010-06
ERROR: HTTP Error 404: Not Found no ID: 0071824CX015A-05
ERROR: HTTP Error 404: Not Found no ID: 0071824CX015A-06
ERROR: HTTP Error 404: Not Found no ID: 0071824CX016-01
ERROR: HTTP Error 404: Not Found no ID: 0071824CX022-01
ERROR: HTTP Error 404: Not Found no ID: 0071824CX022-04
ERROR: HTTP Error 404: Not Found no ID: 0071824CX022-08
ERROR: HTTP Error 404: Not Found no ID: 0071824CX022-12
ERROR: HTTP Error 404: Not Found no ID: 0071824CX024-06
ERROR: HTTP Error 404: Not Found no ID: 0071824CX024-08
ERROR: HTTP Error 404: Not Found no ID: 0071824CX024-12
ERROR: HTTP Error 404: Not Found no ID: 0071824CX031-06
ERROR: HTTP Error 404: Not Found no ID: 0071824CX031-09
ERROR: HTTP Error 404: Not Found no ID: 0071824CX033B-09
ERROR: HTTP Error 404: Not Found no ID: 0071824CX033B-10
ERROR: HTTP Error 404: Not Found no ID: 0071824CX033B-11
ERROR: HTTP Error 404: Not Found no ID: 0071824CX033B-12
ERROR: HTTP Error 404: Not Found no ID: 0071824CX036B-02
kml can't be moved:  data/input/kmls/new_single/0071824cx036b-02.kml
ERROR: HTTP Error 404: Not Found no ID: 0071824CX037-03
ERROR: HTTP Error 404: Not Found no ID: 0071824CX037-06
ERROR: HTTP Error 404: Not Found no ID: 0071824CX038-06
ERROR: HTTP Error 404: Not Found no ID: 0071824CX038-07
ERROR: HTTP Error 404: Not Found no ID: 0071824CX040-02
ERROR: HTTP Error 404: Not Found no ID: 0071824CX040-04
ERROR: HTTP Error 404: Not Found no ID: 0071824CX040-06
ERROR: HTTP Error 404: Not Found no ID: 0071824CX049-13
ERROR: HTTP Error 404: Not Found no ID: 0071824CX060-03
ERROR: HTTP Error 404: Not Found no ID: 0071824CX060-09
ERROR: HTTP Error 404: Not Found no ID: 0071824CX064-15
ERROR: HTTP Error 404: Not Found no ID: 0071824CX065-04
ERROR: HTTP Error 404: Not Found no ID: 0071824CX066-02
ERROR: HTTP Error 404: Not Found no ID: 0071824CX068-14
ERROR: HTTP Error 404: Not Found no ID: 0071824CX084-07
ERROR: HTTP Error 404: Not Found no ID: 0071824CX092-07
ERROR: HTTP Error 404: Not Found no ID: 0071824CX098-05
ERROR: HTTP Error 404: Not Found no ID: 0071824CX098-09
ERROR: HTTP Error 404: Not Found no ID: 0071824CX106-01
ERROR: HTTP Error 404: Not Found no ID: 0071824CX106-02
ERROR: HTTP Error 404: Not Found no ID: 0071824CX106-05
ERROR: HTTP Error 404: Not Found no ID: 0071824CX121-02
ERROR: HTTP Error 404: Not Found no ID: 0071824CX121-03
ERROR: HTTP Error 404: Not Found no ID: 0071824CX121-04
ERROR: HTTP Error 404: Not Found no ID: 0071824CX127-10
ERROR: HTTP Error 404: Not Found no ID: 0071824CXRIO3-03
ERROR: HTTP Error 404: Not Found no ID: 0071824CXSN2-07
ERROR: HTTP Error 404: Not Found no ID: 0071824CXSN2-12
ERROR: HTTP Error 404: Not Found no ID: 0072430CX006-07
ERROR: HTTP Error 404: Not Found no ID: 0072430CX006-09
ERROR: HTTP Error 404: Not Found no ID: 0072430CX006-11
ERROR: HTTP Error 404: Not Found no ID: 0072430CX010-01
ERROR: HTTP Error 404: Not Found no ID: 0072430CX010-02
ERROR: HTTP Error 404: Not Found no ID: 0072430CX010-04
ERROR: HTTP Error 404: Not Found no ID: 0072430CX010-07
ERROR: HTTP Error 404: Not Found no ID: 0072430CX010-09
ERROR: HTTP Error 404: Not Found no ID: 0072430CX012-01
ERROR: HTTP Error 404: Not Found no ID: 0072430CX021-03
ERROR: HTTP Error 404: Not Found no ID: 0072430CX029-02
ERROR: HTTP Error 404: Not Found no ID: 0072430CX030-02
ERROR: HTTP Error 404: Not Found no ID: 0072430CX030-06
ERROR: HTTP Error 404: Not Found no ID: 0072430CX031-10
ERROR: HTTP Error 404: Not Found no ID: 0072430CX032B-01
ERROR: HTTP Error 404: Not Found no ID: 0072430CX032B-02
ERROR: HTTP Error 404: Not Found no ID: 0072430CX032B-05
ERROR: HTTP Error 404: Not Found no ID: 0072430CX036-07
ERROR: HTTP Error 404: Not Found no ID: 0072430CX040-04
ERROR: HTTP Error 404: Not Found no ID: 0072430CX041-02
ERROR: HTTP Error 404: Not Found no ID: 0072430CX041-03
ERROR: HTTP Error 404: Not Found no ID: 0072430CX041-04
ERROR: HTTP Error 404: Not Found no ID: 0072430CX043-10
ERROR: HTTP Error 404: Not Found no ID: 0072430CX044A-02
ERROR: HTTP Error 404: Not Found no ID: 0072430CX044A-03
ERROR: HTTP Error 404: Not Found no ID: 0072430CX044B-01
ERROR: HTTP Error 404: Not Found no ID: 0072430CX044B-06
ERROR: HTTP Error 404: Not Found no ID: 0072430CX044B-07
ERROR: HTTP Error 404: Not Found no ID: 0072430CX044B-08
ERROR: HTTP Error 404: Not Found no ID: 0072430CX044B-09
ERROR: HTTP Error 404: Not Found no ID: 0072430CX055-09
ERROR: HTTP Error 404: Not Found no ID: 0072430CX056A-03
ERROR: HTTP Error 404: Not Found no ID: 0072430CX056A-05
ERROR: HTTP Error 404: Not Found no ID: 0072430CX056A-06
ERROR: HTTP Error 404: Not Found no ID: 0072430CX056A-09
ERROR: HTTP Error 404: Not Found no ID: 0072430CX056A-10
ERROR: HTTP Error 404: Not Found no ID: 0072430CX056B-05
ERROR: HTTP Error 404: Not Found no ID: 0072430CX056B-06
ERROR: HTTP Error 404: Not Found no ID: 0072430CX056B-07
ERROR: HTTP Error 404: Not Found no ID: 0072430CX061-05
ERROR: HTTP Error 404: Not Found no ID: 0072430CX061-07
ERROR: HTTP Error 404: Not Found no ID: 0072430CX061-09
ERROR: HTTP Error 404: Not Found no ID: 0072430CX061-12
ERROR: HTTP Error 404: Not Found no ID: 0072430CX063-05
ERROR: HTTP Error 404: Not Found no ID: 0072430CX066-02
ERROR: HTTP Error 404: Not Found no ID: 0072430CX066-05
ERROR: HTTP Error 404: Not Found no ID: 0072430CX066-06
ERROR: HTTP Error 404: Not Found no ID: 0072430CX067-01
kml can't be moved:  data/input/kmls/new_single/0072430cx067-01.kml
ERROR: HTTP Error 404: Not Found no ID: 0072430CX067-06
ERROR: HTTP Error 404: Not Found no ID: 0072430CX068-01
ERROR: HTTP Error 404: Not Found no ID: 0072430CX068-04
ERROR: HTTP Error 404: Not Found no ID: 0072430CX069-09
ERROR: HTTP Error 404: Not Found no ID: 0072430CX097-04
ERROR: HTTP Error 404: Not Found no ID: 0072430CX097-07
ERROR: HTTP Error 404: Not Found no ID: 0072430CX098-07
ERROR: '007A5P4F01-36' no ID: 007A5P4F01-36
ERROR: '007A5P4F01-37' no ID: 007A5P4F01-37
ERROR: HTTP Error 404: Not Found no ID: 013RJ007001
ERROR: HTTP Error 404: Not Found no ID: 013RJ007003
ERROR: HTTP Error 404: Not Found no ID: 013RJ007021
ERROR: HTTP Error 404: Not Found no ID: 013RJ007029
ERROR: HTTP Error 404: Not Found no ID: 013RJ007031
ERROR: HTTP Error 404: Not Found no ID: 013RJ007035
ERROR: HTTP Error 404: Not Found no ID: 013RJ007036
ERROR: HTTP Error 404: Not Found no ID: 013RJ008006
ERROR: HTTP Error 404: Not Found no ID: 013RJ009009
ERROR: HTTP Error 404: Not Found no ID: 013RJ009012
ERROR: HTTP Error 404: Not Found no ID: 013RJ009034
ERROR: HTTP Error 404: Not Found no ID: 013RJ009035
ERROR: HTTP Error 404: Not Found no ID: 013RJ009064
ERROR: HTTP Error 404: Not Found no ID: 013RJ011004
ERROR: HTTP Error 404: Not Found no ID: 013RJ011010
ERROR: HTTP Error 404: Not Found no ID: 013RJ011011
ERROR: HTTP Error 404: Not Found no ID: 013RJ011012
ERROR: HTTP Error 404: Not Found no ID: 013RJ011016
ERROR: HTTP Error 404: Not Found no ID: 013RJ011024
ERROR: HTTP Error 404: Not Found no ID: 013RJ011025
ERROR: HTTP Error 404: Not Found no ID: 013RJ011031
ERROR: HTTP Error 404: Not Found no ID: 013RJ011033
ERROR: HTTP Error 404: Not Found no ID: 013RJ011034
ERROR: HTTP Error 404: Not Found no ID: 013RJ011035
ERROR: HTTP Error 404: Not Found no ID: 013RJ011042
ERROR: HTTP Error 404: Not Found no ID: 013RJ011043
ERROR: HTTP Error 404: Not Found no ID: 013RJ011047
ERROR: HTTP Error 404: Not Found no ID: 013RJ011049
ERROR: HTTP Error 404: Not Found no ID: 013RJ011052
ERROR: HTTP Error 404: Not Found no ID: 013RJ011057
ERROR: HTTP Error 404: Not Found no ID: 013RJ011058
ERROR: HTTP Error 404: Not Found no ID: 013RJ011061
ERROR: HTTP Error 404: Not Found no ID: 013RJ012003
ERROR: HTTP Error 404: Not Found no ID: 013RJ012005
ERROR: HTTP Error 404: Not Found no ID: 013RJ012006
ERROR: HTTP Error 404: Not Found no ID: 013RJ012007
ERROR: HTTP Error 404: Not Found no ID: 013RJ012019
ERROR: HTTP Error 404: Not Found no ID: 013RJ012022
ERROR: HTTP Error 404: Not Found no ID: 013RJ012023
ERROR: HTTP Error 404: Not Found no ID: 013RJ012025
ERROR: HTTP Error 404: Not Found no ID: 013RJ012035
ERROR: HTTP Error 404: Not Found no ID: 013RJ012041
ERROR: HTTP Error 404: Not Found no ID: 013RJ012042
ERROR: HTTP Error 404: Not Found no ID: 013RJ012043
ERROR: HTTP Error 404: Not Found no ID: 013RJ012044
ERROR: HTTP Error 404: Not Found no ID: 013RJ012045
ERROR: HTTP Error 404: Not Found no ID: 013RJ012046
ERROR: HTTP Error 404: Not Found no ID: 013RJ012047
ERROR: HTTP Error 404: Not Found no ID: 013RJ012048
ERROR: HTTP Error 404: Not Found no ID: 013RJ012049
ERROR: HTTP Error 404: Not Found no ID: 013RJ012056
ERROR: HTTP Error 404: Not Found no ID: 013RJ012058
ERROR: HTTP Error 404: Not Found no ID: 013RJ012060
ERROR: HTTP Error 404: Not Found no ID: 013RJ012065
ERROR: HTTP Error 404: Not Found no ID: 013RJ016002
ERROR: HTTP Error 404: Not Found no ID: 013RJ016003
ERROR: HTTP Error 404: Not Found no ID: 013RJ016004
ERROR: HTTP Error 404: Not Found no ID: 013RJ016020
ERROR: HTTP Error 404: Not Found no ID: 013RJ018006
ERROR: HTTP Error 404: Not Found no ID: 014AAN00505
ERROR: HTTP Error 404: Not Found no ID: 014GLAS016
ERROR: HTTP Error 404: Not Found no ID: 014GLAS017
ERROR: HTTP Error 404: Not Found no ID: 014GLAS035
ERROR: HTTP Error 404: Not Found no ID: 014GLAS048
ERROR: HTTP Error 404: Not Found no ID: 014GLAS060
ERROR: HTTP Error 404: Not Found no ID: 014GLAS062
ERROR: HTTP Error 404: Not Found no ID: 014GLAS063
ERROR: HTTP Error 404: Not Found no ID: 014GLAS069
ERROR: HTTP Error 404: Not Found no ID: 014GLAS093
ERROR: HTTP Error 404: Not Found no ID: 014GLAS110
ERROR: HTTP Error 404: Not Found no ID: 014GLAS111
ERROR: HTTP Error 404: Not Found no ID: 014GLAS112
ERROR: HTTP Error 404: Not Found no ID: 014GLAS113
ERROR: HTTP Error 404: Not Found no ID: 014GLAS114
ERROR: HTTP Error 404: Not Found no ID: 014GLAS115
ERROR: HTTP Error 404: Not Found no ID: 037SL03119
