[32m2021-07-15 18:41:55[0m - dagster - [34mDEBUG[0m - camera_pipeline - 44fda613-007c-462b-b35c-7527dc5024f2 - 11710 - split_photooverlays - LOGS_CAPTURED - Started capturing logs for solid: split_photooverlays.
[32m2021-07-15 18:41:56[0m - dagster - [34mDEBUG[0m - camera_pipeline - 44fda613-007c-462b-b35c-7527dc5024f2 - 11710 - split_photooverlays - STEP_START - Started execution of step "split_photooverlays".
[32m2021-07-15 18:41:56[0m - dagster - [34mDEBUG[0m - camera_pipeline - 44fda613-007c-462b-b35c-7527dc5024f2 - 11710 - split_photooverlays - LOADED_INPUT - Loaded input "kmls" using input manager "io_manager", from output "result" of step "get_list"
[32m2021-07-15 18:41:56[0m - dagster - [34mDEBUG[0m - camera_pipeline - 44fda613-007c-462b-b35c-7527dc5024f2 - 11710 - split_photooverlays - STEP_INPUT - Got input "delete_original" of type "Any". (Type check passed).
[32m2021-07-15 18:41:56[0m - dagster - [34mDEBUG[0m - camera_pipeline - 44fda613-007c-462b-b35c-7527dc5024f2 - 11710 - split_photooverlays - STEP_INPUT - Got input "kmls" of type "Any". (Type check passed).
[32m2021-07-15 18:41:57[0m - dagster - [34mERROR[0m - [31mcamera_pipeline - 44fda613-007c-462b-b35c-7527dc5024f2 - 11710 - split_photooverlays - STEP_FAILURE - Execution of step "split_photooverlays" failed.

dagster.core.errors.DagsterExecutionStepExecutionError: Error occurred while executing solid "split_photooverlays"::

shutil.Error: Destination path 'data/input/kmls/processed_raw/2021-06-29-Martim.kml' already exists

Stack Trace:
  File "/home/pitanga/.local/share/virtualenvs/situated-views-etl-KhhASCmw/lib/python3.6/site-packages/dagster/core/execution/plan/utils.py", line 42, in solid_execution_error_boundary
    yield
  File "/home/pitanga/.local/share/virtualenvs/situated-views-etl-KhhASCmw/lib/python3.6/site-packages/dagster/utils/__init__.py", line 383, in iterate_with_context
    next_output = next(iterator)
  File "/home/pitanga/.local/share/virtualenvs/situated-views-etl-KhhASCmw/lib/python3.6/site-packages/dagster/core/execution/plan/compute_generator.py", line 65, in _coerce_solid_compute_fn_to_iterator
    result = fn(context, **kwargs) if context_arg_provided else fn(**kwargs)
  File "/mnt/e/situated-views-etl/solids/camera.py", line 207, in split_photooverlays
    shutil.move(kml, "data/input/kmls/processed_raw")
  File "/usr/lib/python3.6/shutil.py", line 548, in move
    raise Error("Destination path '%s' already exists" % real_dst)
[0m
