[32m2021-12-10 12:49:17[0m - dagster - [34mDEBUG[0m - export_pipeline - a79a0d23-059c-41de-a776-49b23c99ad18 - 13249 - format_values_chart - LOGS_CAPTURED - Started capturing logs for solid: format_values_chart.
[32m2021-12-10 12:49:17[0m - dagster - [34mDEBUG[0m - export_pipeline - a79a0d23-059c-41de-a776-49b23c99ad18 - 13249 - format_values_chart - STEP_START - Started execution of step "format_values_chart".
[32m2021-12-10 12:49:18[0m - dagster - [34mDEBUG[0m - export_pipeline - a79a0d23-059c-41de-a776-49b23c99ad18 - 13249 - format_values_chart - LOADED_INPUT - Loaded input "camera" using input manager "camera_root"
[32m2021-12-10 12:49:19[0m - dagster - [34mDEBUG[0m - export_pipeline - a79a0d23-059c-41de-a776-49b23c99ad18 - 13249 - format_values_chart - LOADED_INPUT - Loaded input "cumulus" using input manager "cumulus_root"
[32m2021-12-10 12:49:19[0m - dagster - [34mDEBUG[0m - export_pipeline - a79a0d23-059c-41de-a776-49b23c99ad18 - 13249 - format_values_chart - LOADED_INPUT - Loaded input "images" using input manager "images_root"
[32m2021-12-10 12:49:19[0m - dagster - [34mERROR[0m - [31mexport_pipeline - a79a0d23-059c-41de-a776-49b23c99ad18 - 13249 - format_values_chart - STEP_FAILURE - Execution of step "format_values_chart" failed.

dagster.core.errors.DagsterExecutionLoadInputError: Error occurred while loading input "omeka" of step "format_values_chart"::

FileNotFoundError: [Errno 2] No such file or directory: 'data/output/api_omeka.csv'

Stack Trace:
  File "/home/pitanga/.local/share/virtualenvs/situated-views-etl-4_TnGPB5/lib/python3.6/site-packages/dagster/core/execution/plan/utils.py", line 44, in solid_execution_error_boundary
    yield
  File "/home/pitanga/.local/share/virtualenvs/situated-views-etl-4_TnGPB5/lib/python3.6/site-packages/dagster/core/execution/plan/inputs.py", line 532, in _load_input_with_input_manager
    value = input_manager.load_input(context)
  File "/home/pitanga/.local/share/virtualenvs/situated-views-etl-4_TnGPB5/lib/python3.6/site-packages/dagster/core/storage/root_input_manager.py", line 159, in load_input
    return self._load_fn(context)
  File "/mnt/d/situated-views-etl/utils/csv_root_input.py", line 17, in csv_root_input
    df = pd.read_csv(context.resource_config, error_bad_lines=False)
  File "/home/pitanga/.local/share/virtualenvs/situated-views-etl-4_TnGPB5/lib/python3.6/site-packages/pandas/io/parsers.py", line 688, in read_csv
    return _read(filepath_or_buffer, kwds)
  File "/home/pitanga/.local/share/virtualenvs/situated-views-etl-4_TnGPB5/lib/python3.6/site-packages/pandas/io/parsers.py", line 454, in _read
    parser = TextFileReader(fp_or_buf, **kwds)
  File "/home/pitanga/.local/share/virtualenvs/situated-views-etl-4_TnGPB5/lib/python3.6/site-packages/pandas/io/parsers.py", line 948, in __init__
    self._make_engine(self.engine)
  File "/home/pitanga/.local/share/virtualenvs/situated-views-etl-4_TnGPB5/lib/python3.6/site-packages/pandas/io/parsers.py", line 1180, in _make_engine
    self._engine = CParserWrapper(self.f, **self.options)
  File "/home/pitanga/.local/share/virtualenvs/situated-views-etl-4_TnGPB5/lib/python3.6/site-packages/pandas/io/parsers.py", line 2010, in __init__
    self._reader = parsers.TextReader(src, **kwds)
  File "pandas/_libs/parsers.pyx", line 382, in pandas._libs.parsers.TextReader.__cinit__
  File "pandas/_libs/parsers.pyx", line 674, in pandas._libs.parsers.TextReader._setup_parser_source
[0m
