[32m2021-07-15 17:06:18[0m - dagster - [34mDEBUG[0m - camera_pipeline - 15cdf124-9f1c-41ea-aa8a-6a7044b11406 - 13724 - create_feature - LOGS_CAPTURED - Started capturing logs for solid: create_feature.
[32m2021-07-15 17:06:18[0m - dagster - [34mDEBUG[0m - camera_pipeline - 15cdf124-9f1c-41ea-aa8a-6a7044b11406 - 13724 - create_feature - STEP_START - Started execution of step "create_feature".
[32m2021-07-15 17:06:18[0m - dagster - [34mDEBUG[0m - camera_pipeline - 15cdf124-9f1c-41ea-aa8a-6a7044b11406 - 13724 - create_feature - LOADED_INPUT - Loaded input "kmls" using input manager "io_manager", from output "result" of step "correct_altitude_mode"
[32m2021-07-15 17:06:19[0m - dagster - [34mDEBUG[0m - camera_pipeline - 15cdf124-9f1c-41ea-aa8a-6a7044b11406 - 13724 - create_feature - LOADED_INPUT - Loaded input "metadata" using input manager "metadata_root"
[32m2021-07-15 17:06:19[0m - dagster - [34mDEBUG[0m - camera_pipeline - 15cdf124-9f1c-41ea-aa8a-6a7044b11406 - 13724 - create_feature - STEP_INPUT - Got input "kmls" of type "[Any]". (Type check passed).
[32m2021-07-15 17:06:19[0m - dagster - [34mDEBUG[0m - camera_pipeline - 15cdf124-9f1c-41ea-aa8a-6a7044b11406 - 13724 - create_feature - STEP_INPUT - Got input "metadata" of type "Any". (Type check passed).
[32m2021-07-15 17:06:20[0m - dagster - [34mERROR[0m - [31mcamera_pipeline - 15cdf124-9f1c-41ea-aa8a-6a7044b11406 - 13724 - create_feature - STEP_FAILURE - Execution of step "create_feature" failed.

dagster.core.errors.DagsterExecutionStepExecutionError: Error occurred while executing solid "create_feature"::

urllib.error.HTTPError: HTTP Error 404: Not Found

Stack Trace:
  File "/home/pitanga/.local/share/virtualenvs/situated-views-etl-KhhASCmw/lib/python3.6/site-packages/dagster/core/execution/plan/utils.py", line 42, in solid_execution_error_boundary
    yield
  File "/home/pitanga/.local/share/virtualenvs/situated-views-etl-KhhASCmw/lib/python3.6/site-packages/dagster/utils/__init__.py", line 383, in iterate_with_context
    next_output = next(iterator)
  File "/home/pitanga/.local/share/virtualenvs/situated-views-etl-KhhASCmw/lib/python3.6/site-packages/dagster/core/execution/plan/compute_generator.py", line 65, in _coerce_solid_compute_fn_to_iterator
    result = fn(context, **kwargs) if context_arg_provided else fn(**kwargs)
  File "/mnt/e/situated-views-etl/solids/camera.py", line 335, in create_feature
    radius = get_radius(kml)
  File "/mnt/e/situated-views-etl/solids/camera.py", line 72, in get_radius
    index_col="id",
  File "/home/pitanga/.local/share/virtualenvs/situated-views-etl-KhhASCmw/lib/python3.6/site-packages/pandas/io/parsers.py", line 688, in read_csv
    return _read(filepath_or_buffer, kwds)
  File "/home/pitanga/.local/share/virtualenvs/situated-views-etl-KhhASCmw/lib/python3.6/site-packages/pandas/io/parsers.py", line 437, in _read
    filepath_or_buffer, encoding, compression
  File "/home/pitanga/.local/share/virtualenvs/situated-views-etl-KhhASCmw/lib/python3.6/site-packages/pandas/io/common.py", line 183, in get_filepath_or_buffer
    req = urlopen(filepath_or_buffer)
  File "/home/pitanga/.local/share/virtualenvs/situated-views-etl-KhhASCmw/lib/python3.6/site-packages/pandas/io/common.py", line 137, in urlopen
    return urllib.request.urlopen(*args, **kwargs)
  File "/usr/lib/python3.6/urllib/request.py", line 223, in urlopen
    return opener.open(url, data, timeout)
  File "/usr/lib/python3.6/urllib/request.py", line 532, in open
    response = meth(req, response)
  File "/usr/lib/python3.6/urllib/request.py", line 642, in http_response
    'http', request, response, code, msg, hdrs)
  File "/usr/lib/python3.6/urllib/request.py", line 570, in error
    return self._call_chain(*args)
  File "/usr/lib/python3.6/urllib/request.py", line 504, in _call_chain
    result = func(*args)
  File "/usr/lib/python3.6/urllib/request.py", line 650, in http_error_default
    raise HTTPError(req.full_url, code, msg, hdrs, fp)
[0m
