[32m2021-06-25 10:40:18[0m - dagster - [34mDEBUG[0m - export_pipeline - b9229240-6805-457d-a197-0dcb61161c05 - 367 - make_df_to_wikidata - LOGS_CAPTURED - Started capturing logs for solid: make_df_to_wikidata.
[32m2021-06-25 10:40:18[0m - dagster - [34mDEBUG[0m - export_pipeline - b9229240-6805-457d-a197-0dcb61161c05 - 367 - make_df_to_wikidata - STEP_START - Started execution of step "make_df_to_wikidata".
[32m2021-06-25 10:40:18[0m - dagster - [34mDEBUG[0m - export_pipeline - b9229240-6805-457d-a197-0dcb61161c05 - 367 - make_df_to_wikidata - LOADED_INPUT - Loaded input "df" using input manager "io_manager", from output "result" of step "load_metadata"
[32m2021-06-25 10:40:19[0m - dagster - [34mDEBUG[0m - export_pipeline - b9229240-6805-457d-a197-0dcb61161c05 - 367 - make_df_to_wikidata - STEP_INPUT - Got input "df" of type "Any". (Type check passed).
[32m2021-06-25 10:40:19[0m - dagster - [34mERROR[0m - [31mexport_pipeline - b9229240-6805-457d-a197-0dcb61161c05 - 367 - make_df_to_wikidata - STEP_FAILURE - Execution of step "make_df_to_wikidata" failed.

dagster.core.errors.DagsterExecutionStepExecutionError: Error occurred while executing solid "make_df_to_wikidata"::

TypeError: unsupported operand type(s) for +: 'DatetimeArray' and 'str'

Stack Trace:
  File "/home/pitanga/.local/share/virtualenvs/situated-views-yLYNqPII/lib/python3.8/site-packages/dagster/core/execution/plan/utils.py", line 42, in solid_execution_error_boundary
    yield
  File "/home/pitanga/.local/share/virtualenvs/situated-views-yLYNqPII/lib/python3.8/site-packages/dagster/utils/__init__.py", line 382, in iterate_with_context
    next_output = next(iterator)
  File "/home/pitanga/.local/share/virtualenvs/situated-views-yLYNqPII/lib/python3.8/site-packages/dagster/core/definitions/decorators/solid.py", line 307, in _coerce_solid_compute_fn_to_iterator
    result = fn(context, **kwargs) if context_arg_provided else fn(**kwargs)
  File "/mnt/d/ims/situated-views/bin/solids/export.py", line 164, in make_df_to_wikidata
    quickstate.loc[circa, "P571"] = quickstate["P571"] + "Z/8"
  File "/home/pitanga/.local/share/virtualenvs/situated-views-yLYNqPII/lib/python3.8/site-packages/pandas/core/ops/common.py", line 65, in new_method
    return method(self, other)
  File "/home/pitanga/.local/share/virtualenvs/situated-views-yLYNqPII/lib/python3.8/site-packages/pandas/core/arraylike.py", line 89, in __add__
    return self._arith_method(other, operator.add)
  File "/home/pitanga/.local/share/virtualenvs/situated-views-yLYNqPII/lib/python3.8/site-packages/pandas/core/series.py", line 4998, in _arith_method
    result = ops.arithmetic_op(lvalues, rvalues, op)
  File "/home/pitanga/.local/share/virtualenvs/situated-views-yLYNqPII/lib/python3.8/site-packages/pandas/core/ops/array_ops.py", line 185, in arithmetic_op
    res_values = op(lvalues, rvalues)
[0m
