[32m2021-06-17 15:06:09[0m - dagster - [34mDEBUG[0m - apis_pipeline - 0ed8315b-e1de-4cf3-9e79-a49d4bc2deed - 28457 - query_portals - LOGS_CAPTURED - Started capturing logs for solid: query_portals.
[32m2021-06-17 15:06:10[0m - dagster - [34mDEBUG[0m - apis_pipeline - 0ed8315b-e1de-4cf3-9e79-a49d4bc2deed - 28457 - query_portals - STEP_START - Started execution of step "query_portals".
[32m2021-06-17 15:06:11[0m - dagster - [34mERROR[0m - [31mapis_pipeline - 0ed8315b-e1de-4cf3-9e79-a49d4bc2deed - 28457 - query_portals - STEP_FAILURE - Execution of step "query_portals" failed.

dagster.core.errors.DagsterExecutionStepExecutionError: Error occurred while executing solid "query_portals"::

dagster.check.ParameterCheckError: Param "msg" is not a str. Got ConnectionError(ProtocolError('Connection aborted.', RemoteDisconnected('Remote end closed connection without response'))) which is type <class 'requests.exceptions.ConnectionError'>.

Stack Trace:
  File "/home/pitanga/.local/share/virtualenvs/situated-views-XI40jPuu/lib/python3.8/site-packages/dagster/core/execution/plan/utils.py", line 42, in solid_execution_error_boundary
    yield
  File "/home/pitanga/.local/share/virtualenvs/situated-views-XI40jPuu/lib/python3.8/site-packages/dagster/utils/__init__.py", line 382, in iterate_with_context
    next_output = next(iterator)
  File "/home/pitanga/.local/share/virtualenvs/situated-views-XI40jPuu/lib/python3.8/site-packages/dagster/core/execution/plan/compute.py", line 126, in execute_core_compute
    for step_output in _yield_compute_results(step_context, inputs, compute_fn):
  File "/home/pitanga/.local/share/virtualenvs/situated-views-XI40jPuu/lib/python3.8/site-packages/dagster/core/execution/plan/compute.py", line 92, in _yield_compute_results
    user_event_generator = compute_fn(SolidExecutionContext(step_context), inputs)
  File "/home/pitanga/.local/share/virtualenvs/situated-views-XI40jPuu/lib/python3.8/site-packages/dagster/core/definitions/decorators/solid.py", line 329, in compute
    result = fn(context, **kwargs) if context_arg_provided else fn(**kwargs)
  File "/mnt/d/IMS/situated-views/bin/solids/apis.py", line 189, in query_portals
    context.log.info(e)
  File "/home/pitanga/.local/share/virtualenvs/situated-views-XI40jPuu/lib/python3.8/site-packages/dagster/core/log_manager.py", line 242, in info
    check.str_param(msg, "msg")
  File "/home/pitanga/.local/share/virtualenvs/situated-views-XI40jPuu/lib/python3.8/site-packages/dagster/check/__init__.py", line 252, in str_param
    raise _param_type_mismatch_exception(obj, str, param_name)
[0m
