[32m2021-06-24 15:15:11[0m - dagster - [34mDEBUG[0m - metadata_pipeline - 7c13ca1a-a1e9-4cfd-814c-5ab401ea1e68 - 15906 - create_metadata - LOGS_CAPTURED - Started capturing logs for solid: create_metadata.
[32m2021-06-24 15:15:11[0m - dagster - [34mDEBUG[0m - metadata_pipeline - 7c13ca1a-a1e9-4cfd-814c-5ab401ea1e68 - 15906 - create_metadata - STEP_START - Started execution of step "create_metadata".
[32m2021-06-24 15:15:16[0m - dagster - [34mDEBUG[0m - metadata_pipeline - 7c13ca1a-a1e9-4cfd-814c-5ab401ea1e68 - 15906 - create_metadata - LOADED_INPUT - Loaded input "camera" using input manager "camera_root"
[32m2021-06-24 15:15:16[0m - dagster - [34mDEBUG[0m - metadata_pipeline - 7c13ca1a-a1e9-4cfd-814c-5ab401ea1e68 - 15906 - create_metadata - LOADED_INPUT - Loaded input "catalog" using input manager "catalog_root"
[32m2021-06-24 15:15:17[0m - dagster - [34mDEBUG[0m - metadata_pipeline - 7c13ca1a-a1e9-4cfd-814c-5ab401ea1e68 - 15906 - create_metadata - LOADED_INPUT - Loaded input "images" using input manager "images_root"
[32m2021-06-24 15:15:17[0m - dagster - [34mDEBUG[0m - metadata_pipeline - 7c13ca1a-a1e9-4cfd-814c-5ab401ea1e68 - 15906 - create_metadata - LOADED_INPUT - Loaded input "omeka" using input manager "omeka_root"
[32m2021-06-24 15:15:17[0m - dagster - [34mDEBUG[0m - metadata_pipeline - 7c13ca1a-a1e9-4cfd-814c-5ab401ea1e68 - 15906 - create_metadata - LOADED_INPUT - Loaded input "portals" using input manager "portals_root"
[32m2021-06-24 15:15:18[0m - dagster - [34mDEBUG[0m - metadata_pipeline - 7c13ca1a-a1e9-4cfd-814c-5ab401ea1e68 - 15906 - create_metadata - LOADED_INPUT - Loaded input "wikidata" using input manager "wikidata_root"
[32m2021-06-24 15:15:18[0m - dagster - [34mDEBUG[0m - metadata_pipeline - 7c13ca1a-a1e9-4cfd-814c-5ab401ea1e68 - 15906 - create_metadata - STEP_INPUT - Got input "camera" of type "Any". (Type check passed).
[32m2021-06-24 15:15:18[0m - dagster - [34mDEBUG[0m - metadata_pipeline - 7c13ca1a-a1e9-4cfd-814c-5ab401ea1e68 - 15906 - create_metadata - STEP_INPUT - Got input "catalog" of type "Any". (Type check passed).
[32m2021-06-24 15:15:18[0m - dagster - [34mDEBUG[0m - metadata_pipeline - 7c13ca1a-a1e9-4cfd-814c-5ab401ea1e68 - 15906 - create_metadata - STEP_INPUT - Got input "images" of type "Any". (Type check passed).
[32m2021-06-24 15:15:19[0m - dagster - [34mDEBUG[0m - metadata_pipeline - 7c13ca1a-a1e9-4cfd-814c-5ab401ea1e68 - 15906 - create_metadata - STEP_INPUT - Got input "omeka" of type "Any". (Type check passed).
[32m2021-06-24 15:15:19[0m - dagster - [34mDEBUG[0m - metadata_pipeline - 7c13ca1a-a1e9-4cfd-814c-5ab401ea1e68 - 15906 - create_metadata - STEP_INPUT - Got input "portals" of type "Any". (Type check passed).
[32m2021-06-24 15:15:19[0m - dagster - [34mDEBUG[0m - metadata_pipeline - 7c13ca1a-a1e9-4cfd-814c-5ab401ea1e68 - 15906 - create_metadata - STEP_INPUT - Got input "wikidata" of type "Any". (Type check passed).
[32m2021-06-24 15:15:19[0m - dagster - [34mERROR[0m - [31mmetadata_pipeline - 7c13ca1a-a1e9-4cfd-814c-5ab401ea1e68 - 15906 - create_metadata - STEP_FAILURE - Execution of step "create_metadata" failed.

dagster.core.errors.DagsterExecutionStepExecutionError: Error occurred while executing solid "create_metadata"::

ValueError: The truth value of a DataFrame is ambiguous. Use a.empty, a.bool(), a.item(), a.any() or a.all().

Stack Trace:
  File "/home/pitanga/.local/share/virtualenvs/situated-views-yLYNqPII/lib/python3.8/site-packages/dagster/core/execution/plan/utils.py", line 42, in solid_execution_error_boundary
    yield
  File "/home/pitanga/.local/share/virtualenvs/situated-views-yLYNqPII/lib/python3.8/site-packages/dagster/utils/__init__.py", line 382, in iterate_with_context
    next_output = next(iterator)
  File "/home/pitanga/.local/share/virtualenvs/situated-views-yLYNqPII/lib/python3.8/site-packages/dagster/core/definitions/decorators/solid.py", line 307, in _coerce_solid_compute_fn_to_iterator
    result = fn(context, **kwargs) if context_arg_provided else fn(**kwargs)
  File "bin/pipelines/metadata_pipeline.py", line 55, in create_metadata
    if df != "portals":
  File "/home/pitanga/.local/share/virtualenvs/situated-views-yLYNqPII/lib/python3.8/site-packages/pandas/core/generic.py", line 1442, in __nonzero__
    raise ValueError(
[0m
