[32m2021-06-25 17:00:59[0m - dagster - [34mDEBUG[0m - export_pipeline - fb6a81df-579c-4f8e-a8c0-93a21e7a45ff - 12732 - import_omeka_dataframe - LOGS_CAPTURED - Started capturing logs for solid: import_omeka_dataframe.
[32m2021-06-25 17:00:59[0m - dagster - [34mDEBUG[0m - export_pipeline - fb6a81df-579c-4f8e-a8c0-93a21e7a45ff - 12732 - import_omeka_dataframe - STEP_START - Started execution of step "import_omeka_dataframe".
[32m2021-06-25 17:00:59[0m - dagster - [34mDEBUG[0m - export_pipeline - fb6a81df-579c-4f8e-a8c0-93a21e7a45ff - 12732 - import_omeka_dataframe - LOADED_INPUT - Loaded input "df" using input manager "io_manager", from output "result" of step "organize_columns_to_omeka"
[32m2021-06-25 17:01:00[0m - dagster - [34mDEBUG[0m - export_pipeline - fb6a81df-579c-4f8e-a8c0-93a21e7a45ff - 12732 - import_omeka_dataframe - LOADED_INPUT - Loaded input "jstor" using input manager "jstor_root"
[32m2021-06-25 17:01:00[0m - dagster - [34mDEBUG[0m - export_pipeline - fb6a81df-579c-4f8e-a8c0-93a21e7a45ff - 12732 - import_omeka_dataframe - STEP_INPUT - Got input "df" of type "Any". (Type check passed).
[32m2021-06-25 17:01:00[0m - dagster - [34mDEBUG[0m - export_pipeline - fb6a81df-579c-4f8e-a8c0-93a21e7a45ff - 12732 - import_omeka_dataframe - STEP_INPUT - Got input "jstor" of type "Any". (Type check passed).
[32m2021-06-25 17:01:01[0m - dagster - [34mDEBUG[0m - export_pipeline - fb6a81df-579c-4f8e-a8c0-93a21e7a45ff - 12732 - import_omeka_dataframe - STEP_OUTPUT - Yielded output "import_omeka" of type "Any". (Type check passed).
[32m2021-06-25 17:01:01[0m - dagster - [34mERROR[0m - [31mexport_pipeline - fb6a81df-579c-4f8e-a8c0-93a21e7a45ff - 12732 - import_omeka_dataframe - STEP_FAILURE - Execution of step "import_omeka_dataframe" failed.

dagster.core.errors.DagsterExecutionHandleOutputError: Error occurred while handling output "import_omeka" of step "import_omeka_dataframe"::

KeyError: "None of ['id'] are in the columns"

Stack Trace:
  File "/home/pitanga/.local/share/virtualenvs/situated-views-yLYNqPII/lib/python3.8/site-packages/dagster/core/execution/plan/utils.py", line 42, in solid_execution_error_boundary
    yield
  File "/home/pitanga/.local/share/virtualenvs/situated-views-yLYNqPII/lib/python3.8/site-packages/dagster/utils/__init__.py", line 382, in iterate_with_context
    next_output = next(iterator)
  File "/mnt/d/ims/situated-views/bin/solids/utils.py", line 24, in handle_output
    obj.set_index("id").to_csv(file_path + ".csv")
  File "/home/pitanga/.local/share/virtualenvs/situated-views-yLYNqPII/lib/python3.8/site-packages/pandas/core/frame.py", line 4727, in set_index
    raise KeyError(f"None of {missing} are in the columns")
[0m
