[32m2021-06-07 12:41:27[0m - dagster - [34mDEBUG[0m - calatog_main - 5eed866c-cd80-4bb9-b4d4-5b6c8a6ec06b - 1522 - dates_accuracy - LOGS_CAPTURED - Started capturing logs for solid: dates_accuracy.
[32m2021-06-07 12:41:28[0m - dagster - [34mDEBUG[0m - calatog_main - 5eed866c-cd80-4bb9-b4d4-5b6c8a6ec06b - 1522 - dates_accuracy - STEP_START - Started execution of step "dates_accuracy".
[32m2021-06-07 12:41:28[0m - dagster - [34mDEBUG[0m - calatog_main - 5eed866c-cd80-4bb9-b4d4-5b6c8a6ec06b - 1522 - dates_accuracy - LOADED_INPUT - Loaded input "df" using input manager "io_manager", from output "result" of step "organize_columns"
[32m2021-06-07 12:41:29[0m - dagster - [34mDEBUG[0m - calatog_main - 5eed866c-cd80-4bb9-b4d4-5b6c8a6ec06b - 1522 - dates_accuracy - STEP_INPUT - Got input "df" of type "Any". (Type check passed).
[32m2021-06-07 12:41:30[0m - dagster - [34mERROR[0m - [31mcalatog_main - 5eed866c-cd80-4bb9-b4d4-5b6c8a6ec06b - 1522 - dates_accuracy - STEP_FAILURE - Execution of step "dates_accuracy" failed.

dagster.core.errors.DagsterExecutionStepExecutionError: Error occurred while executing solid "dates_accuracy"::

NameError: name 'omeka_df' is not defined

Stack Trace:
  File "/home/pitanga/.local/share/virtualenvs/situated-views-XI40jPuu/lib/python3.8/site-packages/dagster/core/execution/plan/utils.py", line 42, in solid_execution_error_boundary
    yield
  File "/home/pitanga/.local/share/virtualenvs/situated-views-XI40jPuu/lib/python3.8/site-packages/dagster/utils/__init__.py", line 382, in iterate_with_context
    next_output = next(iterator)
  File "/home/pitanga/.local/share/virtualenvs/situated-views-XI40jPuu/lib/python3.8/site-packages/dagster/core/execution/plan/compute.py", line 126, in execute_core_compute
    for step_output in _yield_compute_results(step_context, inputs, compute_fn):
  File "/home/pitanga/.local/share/virtualenvs/situated-views-XI40jPuu/lib/python3.8/site-packages/dagster/core/execution/plan/compute.py", line 92, in _yield_compute_results
    user_event_generator = compute_fn(SolidExecutionContext(step_context), inputs)
  File "/home/pitanga/.local/share/virtualenvs/situated-views-XI40jPuu/lib/python3.8/site-packages/dagster/core/definitions/decorators/solid.py", line 329, in compute
    result = fn(context, **kwargs) if context_arg_provided else fn(**kwargs)
  File "/mnt/d/IMS/situated-views/bin/solids/catalog.py", line 152, in dates_accuracy
    df.loc[~(omeka_df["date_accuracy"] == "circa"), "dcterms:available"] = (df["start_date"] + "/" + df["end_date"])
[0m
