Point(-43.155669444 -22.790427777)
001AAN005121
001AAN005122
Point(-43.155669444 -22.790427777)
001AAN005123
Point(-43.17666667 -22.90805556)
001AAN005124
001AAN005125
001AAN005126
001AAN005127
Point(-43.1775 -22.90472222)
001AAN005128
Point(-43.1775 -22.90472222)
001AAN005129
Point(-43.17666667 -22.90805556)
001AAN005135
001AAN005136
001AAN005137
001AAN005138
001AAN005139
001AAN005140
001AAN005141
001AAN005142
001AAN005143
Point(-43.17666667 -22.90805556)
001AAN005144
001AAN005145
001AAN005146
Point(-43.155669444 -22.790427777)
001AAN005147
Point(-43.155669444 -22.790427777)
001AAN005148
Point(-43.155669444 -22.790427777)
001AAN005149
001AAN005150
Point(-43.155669444 -22.790427777)
001AAN005151
001AAN014010
Point(-43.16472222 -22.95527778)
001AAN014011
001AAN014015
Point(-43.17666667 -22.90805556)
001AAN014016
Point(-43.178051 -22.8970349)
Point(-43.178051 -22.8970349)
Point(-43.175553 -22.903371)
Point(-43.178051 -22.8970349)
Point(-43.175553 -22.903371)
Point(-43.17423333 -22.90350833)
Point(-43.178051 -22.8970349)
Point(-43.175553 -22.903371)
Point(-43.17423333 -22.90350833)
Point(-43.1754 -22.9034)
Point(-43.178051 -22.8970349)
Point(-43.175553 -22.903371)
Point(-43.17423333 -22.90350833)
Point(-43.1754 -22.9034)
Point(-43.173260092 -22.900749505)
Point(-43.178051 -22.8970349)
Point(-43.175553 -22.903371)
Point(-43.17423333 -22.90350833)
Point(-43.1754 -22.9034)
Point(-43.173260092 -22.900749505)
Point(-43.176353055 -22.900285)
Point(-43.178051 -22.8970349)
Point(-43.175553 -22.903371)
Point(-43.17423333 -22.90350833)
Point(-43.1754 -22.9034)
Point(-43.173260092 -22.900749505)
Point(-43.176353055 -22.900285)
Point(-43.17555833 -22.90309444)
Point(-43.178051 -22.8970349)
Point(-43.175553 -22.903371)
Point(-43.17423333 -22.90350833)
Point(-43.1754 -22.9034)
Point(-43.173260092 -22.900749505)
Point(-43.176353055 -22.900285)
Point(-43.17555833 -22.90309444)
Point(-43.173694444 -22.903)
Point(-43.178051 -22.8970349)
Point(-43.175553 -22.903371)
Point(-43.17423333 -22.90350833)
Point(-43.1754 -22.9034)
Point(-43.173260092 -22.900749505)
Point(-43.176353055 -22.900285)
Point(-43.17555833 -22.90309444)
Point(-43.173694444 -22.903)
Point(-43.1738532 -22.902706)
Point(-43.178051 -22.8970349)
Point(-43.175553 -22.903371)
Point(-43.17423333 -22.90350833)
Point(-43.1754 -22.9034)
Point(-43.173260092 -22.900749505)
Point(-43.176353055 -22.900285)
Point(-43.17555833 -22.90309444)
Point(-43.173694444 -22.903)
Point(-43.1738532 -22.902706)
Point(-43.17498 -22.90273)
Point(-43.178051 -22.8970349)
Point(-43.175553 -22.903371)
Point(-43.17423333 -22.90350833)
Point(-43.1754 -22.9034)
Point(-43.173260092 -22.900749505)
Point(-43.176353055 -22.900285)
Point(-43.17555833 -22.90309444)
Point(-43.173694444 -22.903)
Point(-43.1738532 -22.902706)
Point(-43.17498 -22.90273)
Point(-43.171666666 -22.895833333)
001ACL017002
Point(-46.636972222 -23.549694444)
001ACL017006
001ACL017018
Point(-43.245 -22.963)
001ACL017022
001ACL018002
001ACL018004
001ACL019001
001ACL019003
Point(-43.171666666 -22.895833333)
001ACL019004
001ACL019005
001ACL019007
Point(-43.17666667 -22.90805556)
001ACL019009
001ACL019014
Point(-43.19277778 -22.8975)
001ACL019026
001ACL019029
001ACL019030
Point(-43.188243 -22.917528)
001ACL019043
001ACL019053
001ACL019059
Point(-43.17666667 -22.90805556)
001ACL019093
Point(-43.17666667 -22.90805556)
001AE001001
Point(-43.19 -22.953338888)
001AE001002
001AE001003
001AF001001
Point(-43.17666667 -22.90805556)
001ALA011001
Point(-43.175725 -22.91100833)
001ALA011002
Point(-43.17666667 -22.90805556)
001ALA011003
001ALA011004
Point(-43.16472222 -22.95527778)
001ALA011005
001ALA011006
001ALA011007
Point(-43.19 -22.953338888)
001ALA011008
001ALA011009
001ALA011010
001ALA011011
001ALA011012
001ALA011013
001ALA011014
001ALA011015
001ALA011016
001ALA011017
Point(-43.17666667 -22.90805556)
001ALA011018
001ALA011019
Point(-43.17666667 -22.90805556)
001ALA011020
001AM001001
001AM002001
001AM002002
001AM003
001AM004
Point(-43.17666667 -22.90805556)
001AM005001
001AM005002
001AM006
001AM008
Point(-43.17666667 -22.90805556)
001AM010
001AM011
001AM012001
001AM012002
001AM012003
001AM013
001AM014001
001AM014002
Point(-43.19 -22.953338888)
001AMF013001
001AMF013002
001AMF013003
001AMF013005
001AMF013007
001AMF013009
001AMF013010
001AMF015001
Point(-43.17349722 -22.92086389)
001AMF015002
001AMF015008
001AMF015015
001AMF015016
001AMF015020
001AMF015022
001AMF015024
001AMF015025
Point(-43.17349722 -22.92086389)
001AMF016001
001AMF016002
001AMF016005
001AMF016006
001AMF016008
001AMF016016
001AMF016025
001AMF016042
Point(-43.19 -22.953338888)
001AN01001001
Point(-43.19 -22.953338888)
001AN01001002
Point(-43.19 -22.953338888)
001AN01001003
001AN01001004
001AN01001006
Point(-43.180697222 -22.967033333)
001AN01001007
Point(-43.204527777 -22.983819444)
001AN01001008
001AN01001009
001AN01001010
Point(-43.204527777 -22.983819444)
001AN01001011
001AN01001018
001AN01001019
001AN01001020
001AN01001026
001AN01001027
001AN01001029
001AN01001030
001AN01001031
001AN01002001
001AN01002002
001AN01002003
001AN01002004
001AN01002005
001AN01002006
Point(-43.17666667 -22.90805556)
001AN01002007
001AN01002008
001AN01002009A
001AN01002009B
Point(-43.17349722 -22.92086389)
001AN01002010
001AN01002011
001AN01002012
001AN01002013
001AN01002014
001AN01002015
Point(-43.19 -22.953338888)
001AN01002016
001AN01002017A
001AN01002017B
001AN01002018
001AN01002019
001AN01002020
001AN01002021
001AN01002022
001AN01002023
001AN01002025
001AN01002026
001AN01002027
001AN01002028
001AN01002029
001AN01002030
001AN01002031
001AN01002032
Point(-43.266666666 -23.0)
001AN01002034
001AN01002035
001AN01002037
001AN01002038
Point(-43.17666667 -22.90805556)
001AN01002039
001AN01002040
001AN01002041
001AN01002045
001AN01002047
001AN01002048
001AN01002049
001AN01002050
001AN01002051
001AN01002052
001AN01002053
001AN01002054
001AN01002055
001AN01002056
001AN01002057
001AN01002059
001AN01002060
001AN01002067A
001AN01002067B
001AN01002074
Point(-43.171666666 -22.895833333)
001AN01002075
001AN01002076
001AN01002077
001AN01002078
001AN02001002
Point(-43.17349722 -22.92086389)
001AN02001004
001AN02001005
Point(-43.17349722 -22.92086389)
001AN02001006
001AN16001001
001AN16001002
001AN16001004
001AN16001006
001AN16001007
001AN16001008
001AN16001009
001AN16001012
001AN16001013
001AN24001003
001AN25001001
001AN25001002
Point(-43.173055555 -22.94)
Point(-43.173055555 -22.94)
Point(-43.15516 -22.94949)
Point(-43.173055555 -22.94)
Point(-43.15516 -22.94949)
Point(-43.17 -22.921)
001AN25001003
001AN29001001
001AN29001002
Point(-43.17349722 -22.92086389)
001AN29001003
001AN29001004
Point(-43.19 -22.953338888)
001AN30001001
Point(-43.1809 -22.94437)
001AN31001001
001AN31001002
001AN32001
001ANV022001
001ANV022002
001ANV022003
001ANV022004
001ANV022005
001ANV022006
001ANV022007
001ANV022009
001ANV022010
001ANV022011
001ANV022012
001ANV022013
001ANV022014
001ANV022015
001ANV022016
001ANV022017
001ANV022018
001ANV022019
001ANV022020
001ANV022021
001ANV022022
001ANV022023
Point(-43.19 -22.953338888)
001ANV022024
001AS001001
Point(-43.17349722 -22.92086389)
001AS001002
001AS001004
001ATK012001
001ATK012002
001ATK012003
001ATK012004
001ATK012005
001ATK012006
001ATK012007
001ATK012008
001ATK012009
Point(-43.17666667 -22.90805556)
001ATK012010
001ATK012011
001ATK012012
001ATK012013
001ATK012014
001ATK012015
001ATK012016
001ATK012017
001ATK012018
001ATK012019
001ATK012020
001ATK012021
001ATK012022
001ATK012023
Point(-43.1809 -22.94437)
001ATK012024
001AZ001
001BA001001
001BA001002
001BA001003
001BA002003
001BA002004
001BA003001
001BA003006
001BA003007
001BA003008
001BA003009
Point(-43.19 -22.953338888)
001BO001001
001BO002
001CC001024
001CC001027
001CC001032
001CC002
001CC003001
001CC006002
001CC007001
001CC007003
001CC007004
001CC007005
001CC007007
001CC007014
001CC007015
001CC007016
001CC007019
001CC007020
001CC007022
001CC007025
001CC008005
001CC008007
001CC011
001CC013
001CC015001
001CC015002
001CC015003
001CC015005
001CC016001
001CC016002
001CC016003
001CC017001
001CC017002
001CC018
001CC019001
001CC019002
001CC019005
001CC019007
001CC019008
001CC019010
001CC019011
001CC019012
001CC019013
001CC019014
001CC020001
001CC020002
001CC021
001CC023002
001CC023003
001CC025
001CC031
001CC032
001CC045
001CC047
001CE001
001CO001002
001CO001003
001CO001004
Point(-43.17349722 -22.92086389)
001CO001005
001CO001007
001FE001
Point(-43.17349722 -22.92086389)
001FM001001
001FM001002
001FM001003
001GU001001
Point(-43.19 -22.953338888)
001GU001002
001GU001003
001GU001005
001GU001006
001GU001007
001GU001008
001GU001009
Point(-43.17666667 -22.90805556)
001GU001010
001GU001011
001GU001012
001GU001013
001GU001014
001GU001015
001GU001016
001GU001017
001GU001018
001GU001019
001GU001020
001GU001021
001GU001022
001GU001023
001GU001024
001GU001025
001GU001026
001GU001027
001GU001028
001GU001029
001GU001030
001GU001031
001GU001032
001GU001033
001GU001034
001GU001035
001GU001036
001GU010001
001GU010002
001LE004001
001LN001001
Point(-43.19 -22.953338888)
001MC001001
001MF001001
001MF001002
001MF002001
001MF002003
001MF002004
001MF002005
001MF002006
001MF002007
001MF002008
001MF003001
001MF003002
001MF003003
001MF003004
001MF003005
001MF003007
001MF003008
001MF006001
001MF006002
001MF006003
001MF007001
001MF007002
Point(-43.17349722 -22.92086389)
001MF007003
001MF007004
001MF007005
001MF007007
001MF007008
001MF007010
001MF007011
001MF009
001MF011001
Point(-43.17349722 -22.92086389)
001MF011002
001MF012001
001MF012002
001MF012003
001MF012004
Point(-43.19 -22.953338888)
001MF014001
001MF014002
Point(-43.180697222 -22.967033333)
001MF014003
001MF014004
Point(-43.223889 -22.9675)
001MF014005
001MF015003
Point(-43.19 -22.953338888)
001MF015004
001MF015014
001MF015019
001MF017
001MF018001
001MF018002
001MF018003
001MF018005
001MF019
001MF020
Point(-43.155669444 -22.790427777)
001MF029014
001NV001001
001NV001002
Point(-43.19 -22.953338888)
001RJ001001
Point(-43.19 -22.953338888)
001RJ002
001RJ003
001RJ004003
001RJ005003
001RJ005004
001RJ005005
001RJ005006
001RJ007001
001RJ007002
001RJ007003
Point(-43.19 -22.953338888)
001RJ008001
001RO001002
001RO001003
001RO001004
001RO001006
001RO001007
001RO001008
001RO001009
001RO001010
001RO001011
001RO001013
001RO001014
001RO001015
001RO001025
001RO002001
001RO002002
001RO002003
001RO002004
001RO002005
001RO002006
Point(-43.19 -22.953338888)
001RO002007
Point(-43.19 -22.953338888)
001RO002008
Point(-43.17666667 -22.90805556)
001RO002009
001RO002010
Point(-43.180697222 -22.967033333)
001RO002011
001RO002012
001RO002013
Point(-43.180697222 -22.967033333)
001RO002014
001RO002016
001RO002017
001RO002018
001RO002019
001RO002020
001RO002021
001RO002022
Point(-43.17666667 -22.90805556)
001RO002023
001RO002024
Point(-43.18861111 -22.90666667)
001RO002025
001RO002026
001RO002027
001RO002029
001RO002032
Point(-43.17666667 -22.90805556)
001RO002033
001RO002034
001RO002035
001RO002036
001RO002037
001RO002038
001RO002039
001RR002
001RR004001
001RR004002
001RR004003
001RR004004
001RR004007
001RR005
001RR006001
001RR006002
001RR006003
001RR006004
001RR006006
001RR006007
001RR006008
001RR006009
001RR006010
001RR007001
001RR007002
001RR008
001SW001001
001SW001003
001SW001004
001SW001005
001TP001
002001MF002001
002002AMF002001
002002AMF002002
002002AMF002004
002002AMF002008
002003AM001
002003AM002
002003AM003
002003AM004
002008AV001
002008AV003
002008AV004
002008AV005-
002008AV006
002008AV007
002008AV008
002008AV009
002008AV010
002008AV011
002008AV012
002008AV013
002008AV014
002008AV015
002008AV018
002008AV019
Point(-43.17349722 -22.92086389)
002008AV020
002008AV021
Point(-43.17349722 -22.92086389)
002008AV022
002008AV023
Point(-43.19 -22.953338888)
002008AV025
002008AV026
002008AV028
002008AV029
002008AV030
Point(-43.19 -22.953338888)
002008AV032
002008CP001
002008CP005
002008CP009
002008DV001
002008DV002
002008DV003
002008DV004
002008OBAC001
002008OBAC002
002008OBAC003
002008OBAC005
002008OBAC007
002008OBAC008
002008OBAC009
002008OBAC010
002008OBAC011
002008OBAC014
002008OBAC015
002008OBAC016
002008OBAC017
002008OBAC020
002008OBAC021
002008OBAC022
002008OBAC023
002008OBAC024
002008OBAC025
002008OBAC026
002008OBAC027
002008OBAC028
002008OBAC029
002008OBAC031
002008OBAC032
002008OBAC035
002008OBAC036
002008OBAC037
002008OBAC038
002008OBAC039
002008OBAC040
002008OBAC041
002010TM003
002010TM007
002010TM014
002010TM015
002010TM016
002010TM026
002010TM027
002010TM028
002010TM030
002010TM031
002010TM032
002010TM033
002010TM035
002010TM036
002010TM037
002010TM038
002012AM001
002012AM002
002012AM003
002012AM004
002012AM005
002012LP001
002014RJRJ003
Point(-43.19 -22.953338888)
002014RJRJ004
002014RJRJ005
Point(-43.19 -22.953338888)
002014RJRJ006
Point(-43.19 -22.953338888)
002014RJRJ007
002014RJRJ008
002014RJRJ009
002014RJRJ010
Point(-43.17349722 -22.92086389)
002014RJRJ011
002014RJRJ012
002014RJRJ013
002014RJRJ015
002014RJRJ016
002016BI002
Point(-43.1809 -22.94437)
002016BI003
Point(-43.17349722 -22.92086389)
002016BI004
Point(-43.1809 -22.94437)
002016BI005
Point(-43.17349722 -22.92086389)
002016BI006
002016BI008
002021GU001
ERRO: 002029fPF004001
002037AAK5003
002037AAK5004
002037AAK5005
002037AAK5006
002037AAK5007
002037AAK5008
002037AAK5009
002037AAK5010
002037AAK5011
002037AAK5012
002037AAK5013
002037AAK5014
002037AAK5015
002037AAK5016
002037AAK5017
002037AAK5018
002037AAK5019
002037AAK5020
002037AAK5023
002037AAK5024
002037AAK5025
002037AAK5026
002037AAK5027
002037AAK5028
002037AAK5029
002037AAK5030
002037AAK5031
002037AAK5032
002037AAK5034
002037AAK5038
002037AAK5039
002037AAK5040
002037AAK5041
002037AAK5042
002037AAK5043
002037AAK5044
002037AAK5060
002037AAK5065
002037AAK5066
002037AAK5068
002037AAK5069
002037AAK5071
002037AAK5073
002037AAK5077
002037AAK5081
002051AM001001
002051AM001002
002051AM001003
002051AM001004
002051AM001005
002051AM001006
002051AM001007
Point(-43.211666666 -22.9525)
002051AM002001
002051AM002002
002051AM002003
002051AM002004
002051AM002005
002051AM002006
002051AM002007
002051AM002008
002051AN009
002051AN010
002054VIAN000
002054VIAN001
002054VIAN003
002054VIAN004
002054VIAN005
002054VIAN006
002054VIAN007
002054VIAN008
002054VIAN009
002054VIAN010
002054VIAN011
002054VIAN012
Point(-43.204527777 -22.983819444)
002054VIAN014
002054VIAN015
002054VIAN016
002054VIAN018
002054VIAN021
002054VIAN023
002054VIAN024
002054VIAN028
002054VIAN030
002054VIAN031
002054VIAN039
002054VIAN040
002054VIAN041
002055RevdaArmada006
002055RevdaArmada039
002055RevdaArmada055
002055RevdaArmada067
002055RevdaArmada072
002057TP001
002057TP002
002057TP004
002057TP005
002057TP006
002057TP007
002057TP008
002057TP009-010
002058aFR006
Point(-43.19 -22.953338888)
002058aFR007
002058aFR009
Point(-43.19 -22.953338888)
002058aFR015
Point(-43.19 -22.953338888)
002058aFR016
002058aFR017
002080BR0202
002080BR0203
002080BR0206
002080BR0207
002080BR0211
002080BR0212
002080BR0213
002080BR0214
002080BR0215
002080BR0218
002080RJ0101
002080RJ0102
002080RJ0103
002080RJ0104
002080RJ0105
002080RJ0106
002080RJ0107
002080RJ0112
002080RJ0114
002080RJ0117
002080RJ0120
002080RJ0121
002080RJ0122
002080RJ0202
002080RJ0208
002080RJ0209
002080RJ0210
002080RJ0211
002080RJ0212
002080RJ0214
002080RJ0215
002080RJ0217
002080RJ1212
002080RJ1213
002080RJ1215
002080RJ1216
002080RJ1217
002080RJ1218
002080RJ1219
002080RJ1407
002080RJ1410
002080RJ1412
002080RJ1503
002080RJ1504
002080RJ1505
002080RJ1506
002080RJ1512
002080RJ1514
002080RJ1702
002080RJ1708
002080RJ1709
002080RJ1711
002080RJ1712
002080RJ1713
002080RJ1816
002080RJ1902
002080RJ1907
002080RJ1909
002080RJ1910
002080RJ1913
002080RJ1914
002080RJ1918
002080RJ1919
002080RJ2201
002080RJ2202
002080RJ2203
002080RJ2205
002080RJ2208
002080RJ2209
002080RJ2214
002080RJ2401
002080RJ2411
002080RJ2413
002080RJ2510
002080RJ2512
002080RJ2519
002080RJ2520
002080RJ2702
002080RJ2703
002080RJ2711
002080RJ2712
002080RJ2713
002080RJ2714
002080RJ2717
002080RJ2718
002080RJ2719
002080RJ2804
002080RJ2805
002080RJ2807
002080RJ2808
002080RJ2809
002080RJ2810
002080RJ2813
002080RJ2815
002080RJ2816
002080RJ2902
002080RJ2904
002080RJ2907
002080RJ2913
002080RJ2916
002080RJ2918
002080RJ3204
002080RJ3215
002080RJ3217
002080RJ3501
002080RJ3503
002080RJ3504
002080RJ3505
002080RJ3512
002080RJ3517
002080RJ3602
002080RJ3605
002080RJ3606
002080RJ3607
002080RJ3608
002080RJ3801
002080RJ3804
002080RJ3818
002080RJ3819
002080RJ3902
002080RJ3903
002080RJ3912
002080RJ3913
002080RJ4201
002080RJ4202
002080RJ4203
002080RJ4208
002080RJ4210
002080RJ4215
002080RJ4216
002080RJ4218
002080RJ4219
002080RJ4220
002080RJ4619
002080RJ4701
002080RJ4702
002080RJ4703
002080RJ4704
002080RJ4706
002080RJ4707
002080RJ4708
002080RJ4709
002080RJ4714
002080RJ4715
002080RJ4716
002080RJ5004
002080RJ5105
002080RJ5901
002080RJ5902
002080RJ6402
002080RJ6414
002080RJ6415
002080RJ6502
002080RJ6505
002080RJ6511
002080RJ6512
002080RJ6603
002080RJ6611
002080RJ6706
002080RJ6708
002080RJ7301
002080RJ7303
002080RJ7304
002080RJ7306
002080RJ7308
002080RJ7309
002080RJ7311
002080RJ7312
002080RJ7313
002080RJ7314
002080RJ7315
002080RJ7317
002080RJ7320
002080RJ7402
002080RJ8102
002080RJ8103
002080RJ8108
002080RJ8109
002080RJ8121
002080RJ8204
002080RJ8211
002080RJ8218
002080RJ8304
002080RJ8402
002080RJ8403
002080RJ8908
002080RJ8913
002080RJ8914
002080RJ9019
002080RJ9101
002080RJ9102
002080RJ9103
002080RJ9104
002080RJ9105
002080RJ9107
002080RJ9110
002080RJF0204
002080RJF0208
002080RJN0201
002080RJN0205
002080RJN0206
002080RJN0208
002080RJN0210
002080RJN0324
002080RJN0409
002080RJN0413
002080RJN0416
002080RJN0422
002080RJN0425
002080RJN0427
002080RJN0502
002080RJN0503
002080RJN0506
002080RJN0705
002080RJN0707
002080RJN0708
002080RJN0709
002080RJN0710
002080RJN0712
002080RJN0715
002080RJN0717
002080RJN0901
002080RJN0902
002080RJN0903
002080RJN0904
002080RJN0905
002080RJN0906
002080RJN1213
002080RJSN01
002080RJSN02
002080RJSN03
002080RJSN04
002080RJSN06
002080RJSN07
002080RJSN08
002080RJSN10
002080RJSN11
002080RJSN12
002080RJSN14
002080RJSN15
002080RJSN16
002080RJSN17
002080Vol01Cx0103
002080Vol01Cx0104
002080Vol01Cx0106
002080Vol01Cx0111
002080Vol01Cx0112
002080Vol01Cx0115
002080Vol01Cx0119
002080Vol01Cx0120
002080Vol01Cx0301
002080Vol01Cx0302
002080Vol01Cx0304
002080Vol01Cx0305
002080Vol01Cx0308
002080Vol01Cx0309
002080Vol01Cx0314
002080Vol01Cx0316
002080Vol01Cx0317
002080Vol01Cx0321
002080Vol01Cx0701
002080Vol01Cx0702
002080Vol01Cx0704
002080Vol01Cx0705
002080Vol01Cx0707
002080Vol01Cx0708
002080Vol01Cx0709
002080Vol01Cx0710
002080Vol01Cx0712
002080Vol01Cx0713
002080Vol01Cx0714
002080Vol01Cx0717
002080Vol01Cx0718
002080Vol02Cx0105
002080Vol02Cx0106
002080Vol02Cx0202
002080Vol02Cx0203
002080Vol02Cx0207
002080Vol02Cx0209
002080Vol02Cx0210
002080Vol02Cx0211
002080Vol02Cx0212
002080Vol02Cx0215
002080Vol02Cx0216
002080Vol02Cx0303
002080Vol02Cx0305
002080Vol02Cx0308
002080Vol02Cx0312
002080Vol02Cx0316
002080Vol02Cx0413
002080Vol02Cx0519
002080Vol02Cx0601
002080Vol02Cx0602
002080Vol02Cx0605
002080Vol02Cx0607
002080Vol02Cx0611
002080Vol02Cx0612
002080Vol02Cx0614
002080Vol02Cx0615
002080Vol02Cx0616
002080Vol02Cx0617
002080Vol02Cx0702
002080Vol02Cx0703
002080Vol02Cx0707
002080Vol02Cx0709
002080Vol02Cx0711
002080Vol02Cx0712
002080Vol02Cx0713
002080Vol02Cx0716
002080Vol02Cx0717
002080Vol02Cx0720
002080Vol05Cx0105
002080Vol05Cx0106
002080Vol05Cx0110
002080Vol05Cx0111
002080Vol05Cx0112
002080Vol05Cx0114
002080Vol05Cx0116
002080Vol05Cx0117
002080Vol05Cx0118
002080Vol05Cx0205
002080Vol05Cx0207
002080Vol05Cx0317
002080Vol05Cx0321
002080Vol05Cx0324
002080Vol05Cx0401
002080Vol05Cx0402
002080Vol05Cx0403
002080Vol05Cx0404
002080Vol05Cx0405
002080Vol05Cx0406
002080Vol05Cx0407
002080Vol05Cx0408
002080Vol05Cx0409
002080Vol05Cx0410
002080Vol05Cx0411
002080Vol05Cx0414
002080Vol05Cx0415
002080Vol05Cx0502
002080Vol05Cx0505
002080Vol05Cx0507
002080Vol05Cx0508
002080Vol05Cx0510
002080Vol05Cx0511
002080Vol09Env0301
002080Vol09Env0302
002080Vol09Env0304
002080Vol09Env0305
002080Vol10Cx0101
002080Vol10Cx0111
002080Vol10Cx0112
002080Vol10Cx0114
002080Vol10Cx0117
002086AMF01
002086AMF02
002086AMF03
002086AMF04
Point(-43.22222222 -22.9)
002086AMF06
002086AMF11
002086AMF12
0071530cx001-01
0071530cx001-02
0071530cx001-03
0071530cx001-05
0071530cx001-07
0071530cx001-09
0071530cx002-07
Point(-43.19 -22.953338888)
0071530cx002-10
Point(-43.19 -22.953338888)
0071530cx002-11
0071530cx003-01
0071530cx003-08
0071530cx003-09
0071530cx003-10
0071530cx004-03
0071530cx004-05
0071530cx005-01
0071530cx005-04
0071530cx005-06
0071530cx005-07
Point(-43.17349722 -22.92086389)
0071530cx005-12
0071824cx001-01
Point(-43.155669444 -22.790427777)
0071824cx001-02
0071824cx001-04
Point(-43.196388888 -22.908333333)
0071824cx001-05
Point(-43.173694444 -22.903)
0071824cx001-06
Point(-43.17666667 -22.90805556)
0071824cx001-07
Point(-43.155669444 -22.790427777)
0071824cx001-08
Point(-43.155669444 -22.790427777)
0071824cx001-09
0071824cx001-10
0071824cx001-11
Point(-43.155669444 -22.790427777)
0071824cx001-12
0071824cx001-13
Point(-43.155669444 -22.790427777)
0071824cx001-14
0071824cx001-15
Point(-43.17861111 -22.93083333)
0071824cx003a-04
0071824cx003a-05
Point(-43.17861111 -22.93083333)
0071824cx003a-06
Point(-43.1809 -22.94437)
0071824cx003a-08
Point(-43.18104 -22.90523)
0071824cx003a-09
0071824cx004-01
0071824cx004-02
Point(-43.188243 -22.917528)
0071824cx004-05
Point(-43.18288 -22.90692)
0071824cx006-01
Point(-43.175553 -22.903371)
Point(-43.175553 -22.903371)
Point(-43.17423333 -22.90350833)
Point(-43.175553 -22.903371)
Point(-43.17423333 -22.90350833)
Point(-43.173694444 -22.903)
Point(-43.175553 -22.903371)
Point(-43.17423333 -22.90350833)
Point(-43.173694444 -22.903)
Point(-43.1745321 -22.90692702)
0071824cx006-02
Point(-43.17349722 -22.92086389)
0071824cx006-03
Point(-43.17444444 -22.93361111)
0071824cx006-04
Point(-43.155669444 -22.790427777)
0071824cx006-12
0071824cx006-13
Point(-43.211666666 -22.9525)
0071824cx006-15
Point(-43.245 -22.963)
0071824cx006-16
Point(-43.223889 -22.9675)
0071824cx007-01
Point(-43.223889 -22.9675)
0071824cx007-02
Point(-43.223889 -22.9675)
0071824cx007-03
Point(-43.19 -22.953338888)
0071824cx007-04
0071824cx007-05
Point(-43.19 -22.953338888)
0071824cx010-03
Point(-43.17349722 -22.92086389)
0071824cx010-10
Point(-43.180697222 -22.967033333)
0071824cx011-01
0071824cx011-02
Point(-43.173694444 -22.903)
0071824cx011-03
Point(-43.173694444 -22.903)
0071824cx011-04
Point(-43.173694444 -22.903)
0071824cx011-05
0071824cx011-06
0071824cx015a-01
0071824cx015a-02
0071824cx015a-04
0071824cx015a-10
0071824cx016-04
0071824cx016-07
0071824cx016-08
0071824cx016-10
0071824cx016-11
Point(-43.245 -22.963)
0071824cx016-12
0071824cx017a-02
Point(-43.187222222 -22.926666666)
0071824cx017a-04
0071824cx017a-05
Point(-43.196388888 -22.908333333)
0071824cx017a-06
Point(-43.245 -22.963)
0071824cx017a-07
0071824cx017a-08
0071824cx017a-09
0071824cx017a-10
Point(-43.196388888 -22.908333333)
0071824cx017a-11
Point(-43.196388888 -22.908333333)
0071824cx017a-12
Point(-43.17666667 -22.90805556)
0071824cx019-01
0071824cx019-02
0071824cx019-03
0071824cx019-04
0071824cx019-05
0071824cx019-06
0071824cx019-07
0071824cx019-08
Point(-43.173694444 -22.903)
0071824cx019-09
0071824cx019-10
0071824cx019-11
Point(-43.173694444 -22.903)
0071824cx019-12
Point(-43.1745321 -22.90692702)
0071824cx019-13
Point(-43.17666667 -22.90805556)
0071824cx019-14
Point(-43.18861111 -22.90666667)
0071824cx020-01
Point(-43.18861111 -22.90666667)
0071824cx020-02
Point(-43.18861111 -22.90666667)
0071824cx020-03
Point(-43.18861111 -22.90666667)
0071824cx020-04
Point(-43.18861111 -22.90666667)
0071824cx020-08
Point(-43.18861111 -22.90666667)
0071824cx020-09
Point(-43.18861111 -22.90666667)
0071824cx020-10
Point(-43.18861111 -22.90666667)
0071824cx020-11
Point(-43.18861111 -22.90666667)
0071824cx020-12
Point(-43.17666667 -22.90805556)
0071824cx021-01
Point(-43.17349722 -22.92086389)
0071824cx021-02
Point(-43.17666667 -22.90805556)
0071824cx021-03
0071824cx021-04
Point(-43.181516 -22.914351)
0071824cx021-05
0071824cx021-06
0071824cx021-07
Point(-46.636972222 -23.549694444)
0071824cx021-08
Point(-43.17349722 -22.92086389)
0071824cx021-09
0071824cx021-10
Point(-46.636972222 -23.549694444)
0071824cx021-11
Point(-43.17349722 -22.92086389)
0071824cx021-12
Point(-43.17666667 -22.90805556)
0071824cx021-13
0071824cx022-05
Point(-43.18861111 -22.90666667)
0071824cx022-07
Point(-43.191444444 -22.903413888)
0071824cx022-13
Point(-43.17666667 -22.90805556)
0071824cx022-14
Point(-43.17666667 -22.90805556)
0071824cx022-15
Point(-43.1745321 -22.90692702)
0071824cx023-01
Point(-43.17666667 -22.90805556)
0071824cx023-02
Point(-43.245 -22.963)
0071824cx023-04
Point(-43.245 -22.963)
0071824cx023-05
Point(-43.202977 -22.957129)
0071824cx023-06
Point(-43.211666666 -22.971111111)
0071824cx023-07
Point(-43.245 -22.963)
0071824cx023-08
0071824cx024-01
Point(-43.11666667 -22.93333333)
0071824cx024-02
Point(-43.211666666 -22.9525)
0071824cx024-03
0071824cx024-04
0071824cx024-05
0071824cx024-07
Point(-43.211666666 -22.971111111)
0071824cx028-01
Point(-43.211666666 -22.971111111)
0071824cx028-02
Point(-43.2486 -22.9156)
0071824cx028-03
Point(-43.245 -22.963)
0071824cx028-05
Point(-43.245 -22.963)
0071824cx028-08
Point(-43.211666666 -22.971111111)
0071824cx028-09
Point(-43.211666666 -22.971111111)
0071824cx028-10
Point(-43.211666666 -22.971111111)
0071824cx028-11
Point(-43.17666667 -22.90805556)
0071824cx031-07
Point(-43.18288 -22.90692)
0071824cx031-08
Point(-43.11666667 -22.93333333)
0071824cx036a-01
Point(-43.11666667 -22.93333333)
0071824cx036a-02
0071824cx036a-03
0071824cx036a-04
Point(-43.11666667 -22.93333333)
0071824cx036a-05
0071824cx036a-06
Point(-43.11666667 -22.93333333)
0071824cx036a-08
0071824cx036a-09
0071824cx036b-01
0071824cx036b-02
0071824cx036b-03
Point(-43.25305556 -22.95888889)
0071824cx036b-04
0071824cx036b-05
0071824cx036b-06
0071824cx036b-07
Point(-43.1745321 -22.90692702)
0071824cx037-01
Point(-43.1745321 -22.90692702)
0071824cx037-02
Point(-43.223889 -22.9675)
0071824cx037-04
Point(-43.223889 -22.9675)
0071824cx037-05
Point(-43.211666666 -22.9525)
0071824cx037-09
Point(-43.211666666 -22.9525)
0071824cx037-10
0071824cx037-11
Point(-43.1745321 -22.90692702)
0071824cx037-12
Point(-43.1745321 -22.90692702)
0071824cx037-13
Point(-43.223889 -22.9675)
0071824cx037-14
Point(-43.245 -22.963)
0071824cx037-15
0071824cx038-09
Point(-43.245 -22.963)
0071824cx038-10
Point(-43.211666666 -22.9525)
0071824cx038-11
Point(-43.211666666 -22.9525)
0071824cx038-12
0071824cx038-13
0071824cx038-14
Point(-43.155669444 -22.790427777)
0071824cx039-04
0071824cx040-01
0071824cx040-03
Point(-43.155669444 -22.790427777)
0071824cx040-05
Point(-43.187222222 -22.926666666)
0071824cx040-07
0071824cx040-08
Point(-43.171666666 -22.895833333)
0071824cx040-09
0071824cx040-10
0071824cx040-11
0071824cx040-12
0071824cx040-13
Point(-43.1745321 -22.90692702)
0071824cx041-01
Point(-43.1745321 -22.90692702)
0071824cx041-02
Point(-43.2 -22.94277778)
0071824cx042-01
0071824cx042-02
0071824cx042-03
Point(-43.155669444 -22.790427777)
0071824cx042-06
Point(-43.155669444 -22.790427777)
0071824cx042-07
0071824cx042-08
0071824cx042-09
Point(-43.155669444 -22.790427777)
0071824cx042-10
Point(-43.1745321 -22.90692702)
0071824cx042-11
0071824cx042-13
0071824cx043a-01
0071824cx043a-03
Point(-43.155669444 -22.790427777)
0071824cx043a-11
Point(-43.245 -22.963)
0071824cx045-01
Point(-43.245 -22.963)
0071824cx045-02
Point(-43.245 -22.963)
0071824cx045-03
Point(-43.211666666 -22.9525)
0071824cx045-04
Point(-43.245 -22.963)
0071824cx045-10
Point(-43.245 -22.963)
0071824cx045-11
Point(-43.18888889 -22.93583333)
0071824cx045-12
Point(-43.187222222 -22.926666666)
0071824cx046-02
0071824cx046-05
Point(-43.180697222 -22.967033333)
0071824cx046-06
0071824cx049b-02
0071824cx049b-06
Point(-43.223889 -22.9675)
0071824cx049b-08
Point(-43.17666667 -22.90805556)
0071824cx050-01
0071824cx050-06
0071824cx056-01
0071824cx056-02
Point(-43.173694444 -22.903)
0071824cx056-04
Point(-43.17349722 -22.92086389)
0071824cx056-05
Point(-43.17349722 -22.92086389)
0071824cx056-06
Point(-43.18288 -22.90692)
0071824cx056-07
Point(-43.173694444 -22.903)
0071824cx056-08
Point(-43.18288 -22.90692)
0071824cx057-03
0071824cx057-04
Point(-43.1745321 -22.90692702)
0071824cx057-09
Point(-43.103611111 -22.883333333)
0071824cx057-10
0071824cx057-11
0071824cx060-01
Point(-43.18288 -22.90692)
0071824cx060-04
Point(-43.171666666 -22.895833333)
0071824cx060-05
Point(-43.173694444 -22.903)
0071824cx060-06
0071824cx060-07
0071824cx063-02
Point(-43.13064 -22.91057)
0071824cx063-06
0071824cx063-08
0071824cx063-09
Point(-43.155669444 -22.790427777)
0071824cx063-10
0071824cx064-10
0071824cx064-11
0071824cx064-14
Point(-43.175725 -22.91100833)
0071824cx065-01
Point(-43.175725 -22.91100833)
0071824cx065-02
Point(-43.175725 -22.91100833)
0071824cx065-03
Point(-43.175725 -22.91100833)
0071824cx065-05
Point(-43.175725 -22.91100833)
0071824cx065-06
0071824cx065-07
Point(-43.211666666 -22.9525)
0071824cx065-08
Point(-43.17666667 -22.90805556)
0071824cx065-09
Point(-43.175725 -22.91100833)
0071824cx065-10
Point(-43.175725 -22.91100833)
0071824cx065-11
Point(-43.175725 -22.91100833)
0071824cx065-12
Point(-43.180697222 -22.967033333)
0071824cx066-08
Point(-43.17666667 -22.90805556)
0071824cx066-12
0071824cx066-13
Point(-43.180697222 -22.967033333)
0071824cx066-14
Point(-43.17349722 -22.92086389)
0071824cx066-15
Point(-43.17349722 -22.92086389)
0071824cx066-16
Point(-43.173694444 -22.903)
0071824cx067-01
Point(-43.155669444 -22.790427777)
0071824cx067-02
Point(-43.103611111 -22.883333333)
0071824cx067-03
0071824cx067-04
0071824cx067-05
0071824cx068-01
0071824cx068-09
0071824cx068-10
0071824cx068-11
0071824cx068-12
0071824cx068-13
0071824cx068-16
0071824cx070-02
Point(-43.155669444 -22.790427777)
0071824cx070-03
Point(-43.1656 -22.9489)
0071824cx070-04
0071824cx070-08
Point(-43.17666667 -22.90805556)
0071824cx070-09
0071824cx070-10
0071824cx070-11
Point(-43.171666666 -22.895833333)
0071824cx070-12
0071824cx070-13
Point(-43.17349722 -22.92086389)
0071824cx071-03
0071824cx071-04
0071824cx071-05
0071824cx071-07
0071824cx071-09
Point(-43.17349722 -22.92086389)
0071824cx071-10
Point(-43.17861111 -22.93083333)
0071824cx072-01
0071824cx072-02
Point(-43.17349722 -22.92086389)
0071824cx072-04
0071824cx072-07
0071824cx072-08
0071824cx072-10
Point(-43.17666667 -22.90805556)
0071824cx081-01
Point(-43.17444444 -22.93361111)
0071824cx081-02
Point(-43.245 -22.963)
0071824cx081-05
Point(-43.155669444 -22.790427777)
0071824cx081-06
Point(-43.245 -22.963)
0071824cx081-08
Point(-43.245 -22.963)
0071824cx081-10
0071824cx083-15
0071824cx084-08
Point(-43.17666667 -22.90805556)
0071824cx084-09
Point(-43.1656 -22.9489)
0071824cx084-10
Point(-43.171666666 -22.895833333)
0071824cx092-04
0071824cx092-05
Point(-43.173694444 -22.903)
0071824cx092-06
0071824cx093-03
0071824cx096b-01
0071824cx096b-04
Point(-43.181516 -22.914351)
0071824cx096b-05
0071824cx098-02
0071824cx098-03
0071824cx098-06
Point(-43.230555555 -22.815277777)
0071824cx098-08
0071824cx098-11
Point(-43.173694444 -22.903)
0071824cx101-07
0071824cx101-09
Point(-43.155669444 -22.790427777)
0071824cx101-10
0071824cx101-11
0071824cx106-03
0071824cx106-04
0071824cx106-06
0071824cx106-07
Point(-43.17666667 -22.90805556)
0071824cx109a-06
Point(-43.2521 -22.9255)
0071824cx109a-07
0071824cx111-02
Point(-43.266666666 -23.0)
0071824cx111-05
Point(-43.1811 -22.8967)
0071824cx112-01
Point(-43.171666666 -22.895833333)
0071824cx112-02
0071824cx112-03
Point(-43.17666667 -22.90805556)
0071824cx112-04
0071824cx112-05
Point(-43.17666667 -22.90805556)
0071824cx112-06
Point(-43.17666667 -22.90805556)
0071824cx112-07
0071824cx112-08
Point(-43.17666667 -22.90805556)
0071824cx112-10
0071824cx112-11
Point(-43.19 -22.953338888)
0071824cx114-01
Point(-43.17349722 -22.92086389)
0071824cx114-02
Point(-43.17349722 -22.92086389)
0071824cx114-03
0071824cx114-04
0071824cx114-05
0071824cx114-06
Point(-43.17666667 -22.90805556)
0071824cx125-01
0071824cx126-01
0071824cx126-02
0071824cx126-05
0071824cx126-06
0071824cx126-07
0071824cx126-08
0071824cx126-09
0071824cx126-10
Point(-43.103611111 -22.883333333)
0071824cx126-11
0071824cx127-06
0071824cx127-07
0071824cx127-08
0071824cxambulantesb-05
0071824cxavulsos2-03
0071824cxavulsos2-04
0071824cxjulioferrez2-01
0071824cxminas3-07
Point(-43.173694444 -22.903)
0071824cxpintcand-01
Point(-43.173694444 -22.903)
0071824cxpintcand-03
Point(-43.173694444 -22.903)
0071824cxpintcand-04
0071824cxrep1-08
0071824cxrio1-09
Point(-43.245 -22.963)
0071824cxrio2-02_2
0071824cxrio2-03
0071824cxrio2-04
Point(-43.173694444 -22.903)
0071824cxrio2-05
Point(-43.17666667 -22.90805556)
0071824cxrio2-06
0071824cxrio2-07
Point(-43.155669444 -22.790427777)
0071824cxrio2-08
Point(-43.155669444 -22.790427777)
0071824cxrio2-09
0071824cxrio2-10
Point(-43.17666667 -22.90805556)
0071824cxrio2-11
0071824cxrio2-12
Point(-43.19 -22.953338888)
0071824cxrio2-13
Point(-43.155669444 -22.790427777)
0071824cxrio3-01
0071824cxrio3-02
0071824cxrio3-04
0071824cxrio3-05
0071824cxrio3-07
0071824cxrio3-09
0071824cxrio4-04
Point(-43.17666667 -22.90805556)
0071824cxrio4-05
0071824cxsn1-04
0071824cxsn1-10
0071824cxsn1-12
Point(-43.17666667 -22.90805556)
0071824cxsn2-01
Point(-43.17666667 -22.90805556)
0071824cxsn2-02
Point(-43.180697222 -22.967033333)
0071824cxsn2-03
Point(-43.19 -22.953338888)
0071824cxsn2-04
Point(-43.17666667 -22.90805556)
0071824cxsn2-06
0071824cxsn2-08
0071824cxsn2-09
0071824cxsn2-10
0071824cxsn2-13
0071824cxvarios1-01
0071824cxvarios1-02
0071824cxvarios1-03
0071824cxvarios1-04
0071824cxvarios1-05
0071824cxvarios1-06
0072137cx001-01
0072137cx001-02
0072137cx001-03
Point(-43.19 -22.953338888)
0072137cx001-04
0072137cx001-05
0072137cx001-07
0072137cx001-08
0072137cx001-09
0072137cx001-10
0072137cx001-11
0072137cx001-12
0072137cx005-02
0072137cx005-06
0072137cx005-07
0072137cx005-09
0072137cx005-10
0072137cx006-02
0072137cx006-04
Point(-43.17349722 -22.92086389)
0072137cx006-05
0072137cx006-06
0072137cx006-08
0072137cx006-09
0072137cx006-10
0072137cx006-11
0072137cx007-14
0072137cx008-02
ERRO: 0072137CX008-04
0072137cx008-06
0072137cx010-01
0072137cx010-05
0072137cx010-07
0072137cx012-01
0072137cx012-03
0072137cx012-04
0072137cx012-05
0072137cx012-06
Point(-43.17349722 -22.92086389)
0072137cx012-08
0072137cx013-01
0072137cx013-02
0072137cx013-09
0072137cx013-10
0072137cx013-11
0072137cx013-12
0072137cx014-03
0072137cx014-04
0072137cx014-05
0072137cx014-06
0072137cx014-07
0072137cx014-09
0072137cx014-10
0072137cx015-01
0072137cx015-04
0072137cx015-05
0072137cx015-06
0072137cx015-09
0072137cx015-11
0072137cx015-12
0072137cx016-01
0072137cx016-02
0072137cx016-03
0072137cx016-05
0072137cx016-06
0072137cx016-09
0072137cx016-10
0072137cx016-11
0072137cx016-12
0072137cx017-02
0072137cx017-08
0072137cx018-01
0072137cx018-04
0072137cx018-06
0072137cx018-08
Point(-43.19 -22.953338888)
0072137cx018-11
Point(-43.19 -22.953338888)
0072137cx018-12
0072137cx019-01
Point(-43.19 -22.953338888)
0072137cx019-02
0072137cx019-03
Point(-43.19 -22.953338888)
0072137cx019-05
0072137cx019-07
0072137cx019-08
Point(-43.19 -22.953338888)
0072137cx019-09
0072137cx020-01
0072137cx020-02
0072137cx020-03
0072137cx020-04
0072137cx020-05
0072137cx020-06
0072137cx020-07
0072137cx020-08
0072137cx020-10
0072137cx021-01
0072137cx021-03
0072137cx021-08
0072137cx022-01
0072137cx022-02
0072137cx022-05
0072137cx022-06
0072430cx001-01
0072430cx001-02
Point(-43.17666667 -22.90805556)
0072430cx001-03
Point(-43.17666667 -22.90805556)
0072430cx001-04
Point(-43.17666667 -22.90805556)
0072430cx001-05
Point(-43.17666667 -22.90805556)
0072430cx001-06
Point(-43.17666667 -22.90805556)
0072430cx001-07
Point(-43.17666667 -22.90805556)
0072430cx001-08
Point(-43.17666667 -22.90805556)
0072430cx001-09
Point(-43.155669444 -22.790427777)
0072430cx003a-03
0072430cx003b-01
0072430cx003b-02
Point(-43.19 -22.953338888)
0072430cx003b-03
Point(-43.17666667 -22.90805556)
0072430cx003b-04
Point(-43.17666667 -22.90805556)
0072430cx003b-05
0072430cx003b-06
0072430cx003b-07
Point(-43.17349722 -22.92086389)
0072430cx003b-08
Point(-43.17349722 -22.92086389)
0072430cx003b-09
0072430cx003b-10
Point(-43.19 -22.953338888)
0072430cx003b-11
0072430cx004-01
0072430cx004-02
0072430cx004-03
0072430cx006-01
0072430cx006-03
0072430cx006-04
0072430cx006-05
0072430cx006-12
0072430cx007-02
Point(-43.1775 -22.90472222)
0072430cx007-03
Point(-43.1775 -22.90472222)
0072430cx007-05
0072430cx007-07
0072430cx007-10
Point(-43.245 -22.963)
0072430cx007-11
0072430cx007-13
Point(-43.19 -22.953338888)
0072430cx009-01
0072430cx009-02
0072430cx009-03
0072430cx009-04
Point(-43.17444444 -22.93361111)
0072430cx009-05
0072430cx009-06
0072430cx009-07
0072430cx009-08
0072430cx009-09
0072430cx010-03
0072430cx010-05
0072430cx010-06
0072430cx010-08
0072430cx011-01
0072430cx011-04
0072430cx011-05
0072430cx011-06
Point(-43.245 -22.963)
0072430cx013-01
Point(-43.244401 -22.986842)
0072430cx013-02
Point(-43.245 -22.963)
0072430cx013-05
Point(-43.17666667 -22.90805556)
0072430cx022-16
0072430cx023-04
Point(-43.155669444 -22.790427777)
0072430cx023-06
0072430cx023-07
0072430cx025-02
Point(-43.1775 -22.90472222)
0072430cx027-01
Point(-43.245 -22.963)
0072430cx027-04
0072430cx027-05
0072430cx027-06
0072430cx027-07
0072430cx027-08
Point(-46.636972222 -23.549694444)
0072430cx027-09
Point(-43.17349722 -22.92086389)
0072430cx027-10
Point(-43.17349722 -22.92086389)
0072430cx027-11
0072430cx027-12
Point(-43.17666667 -22.90805556)
0072430cx028-01
0072430cx028-02
0072430cx028-03
0072430cx028-07
0072430cx028-10
0072430cx029-06
0072430cx029-09
0072430cx030-01
0072430cx030-04
Point(-43.223889 -22.9675)
0072430cx031-05
Point(-43.223889 -22.9675)
0072430cx031-07
Point(-43.223889 -22.9675)
0072430cx031-08
0072430cx031-11
0072430cx031-13
ERRO: 0072430cx032-01
Point(-43.155669444 -22.790427777)
0072430cx032a-06
0072430cx032b-06
0072430cx032b-07
0072430cx033b-01
Point(-43.17349722 -22.92086389)
0072430cx033b-02
Point(-43.1656 -22.9489)
0072430cx036-02
0072430cx036-10
0072430cx037-06
0072430cx040-01
Point(-43.1809 -22.94437)
0072430cx040-02
Point(-43.17349722 -22.92086389)
0072430cx040-03
Point(-43.245 -22.963)
0072430cx040-05
0072430cx040-06
0072430cx040-07
Point(-43.1809 -22.94437)
0072430cx040-08
0072430cx041-01
0072430cx043-02
Point(-43.175725 -22.91100833)
0072430cx043-03
0072430cx043-05
0072430cx043-06
0072430cx043-07
0072430cx043-08
0072430cx043-09
0072430cx044a-01
Point(-43.173694444 -22.903)
0072430cx044a-04
0072430cx044a-05
0072430cx044a-07
0072430cx044a-08
0072430cx044a-09
0072430cx044b-02
0072430cx044b-03
0072430cx044b-04
0072430cx044b-05
Point(-43.19 -22.953338888)
0072430cx044b-10
Point(-43.245 -22.963)
0072430cx045a-04
0072430cx045a-05
0072430cx045a-06
0072430cx045a-07
0072430cx046-01
0072430cx046-02
0072430cx046-03
0072430cx046-06
0072430cx046-08
Point(-43.245 -22.963)
0072430cx046-09
Point(-43.245 -22.963)
0072430cx046-10
Point(-43.245 -22.963)
0072430cx046-11
0072430cx046-12
0072430cx046-13
Point(-43.245 -22.963)
0072430cx046-15
0072430cx046-16
Point(-43.17666667 -22.90805556)
0072430cx047-02
0072430cx047-03
Point(-43.2025 -22.91)
0072430cx047-04
0072430cx047-07
0072430cx050-04
Point(-43.19 -22.953338888)
0072430cx050-05
0072430cx050-06
0072430cx053-02
Point(-43.17666667 -22.90805556)
0072430cx053-06
0072430cx055-04
0072430cx055-05
0072430cx055-06
0072430cx055-07
Point(-43.17666667 -22.90805556)
0072430cx055-08
0072430cx055-10
Point(-43.103611111 -22.883333333)
0072430cx055-11
0072430cx056a-01
Point(-43.175725 -22.91100833)
0072430cx056a-02
Point(-43.17666667 -22.90805556)
0072430cx056a-04
Point(-43.175725 -22.91100833)
0072430cx056a-07
Point(-43.175725 -22.91100833)
0072430cx056a-08
Point(-43.175725 -22.91100833)
0072430cx056a-11
0072430cx056a-12
0072430cx056b-01
0072430cx056b-02
0072430cx056b-03
0072430cx056b-04
0072430cx058-02
0072430cx058-03
Point(-43.166666666 -22.9)
0072430cx058-04
Point(-43.2 -22.94277778)
0072430cx058-05
0072430cx058-06
0072430cx058-07
0072430cx058-08
Point(-43.17666667 -22.90805556)
0072430cx058-09
Point(-43.17349722 -22.92086389)
0072430cx058-10
Point(-43.181516 -22.914351)
Point(-43.181516 -22.914351)
Point(-43.177707 -22.914592)
0072430cx058-11
Point(-43.17666667 -22.90805556)
0072430cx058-12
0072430cx058-13
0072430cx058-14
0072430cx061-03
0072430cx063-04
Point(-43.19 -22.953338888)
0072430cx066-01
0072430cx066-03
Point(-43.180697222 -22.967033333)
0072430cx066-04
0072430cx066-07
0072430cx066-08
0072430cx066-09
0072430cx066-10
0072430cx066-11
0072430cx066-12
0072430cx066-13
ERRO: 0072430CX067-01
Point(-43.173694444 -22.903)
0072430cx067-04
Point(-43.173694444 -22.903)
0072430cx067-05
0072430cx068-02
0072430cx068-03
0072430cx068-05
0072430cx068-08
0072430cx069-05
0072430cx069-06
0072430cx069-07
0072430cx069-08
0072430cx069-10
0072430cx097-05
0072430cx097-06
Point(-43.173694444 -22.903)
0072430cx097-08
0072430cx097-09
0072430cx097-10
0072430cx097-11
0072430cx097-12
Point(-43.176666 -22.908987)
Point(-43.176666 -22.908987)
Point(-43.175705555 -22.908769444)
Point(-43.176666 -22.908987)
Point(-43.175705555 -22.908769444)
Point(-43.1775 -22.90472222)
0072430cx098-08
Point(-43.17349722 -22.92086389)
0072430cx098-09
Point(-43.21064 -22.89732)
0072430cx47-08
0072430cxabastagua2-11
0072430cxabastagua2-12
0072430cxsn1-07
0073040avulsoscx001e050-01
0073040cx002-01
0073040cx002-02
0073040cx002-03
0073040cx004-01
0073040cx004-02
0073040cx004-07
0073040cx005-05
0073040cx005-10
0073040cx005-11
0073040cx005-12
0073040cx005-14
0073040cx005-15
0073040cx009b-03
0073040cx009b-04
0073040cx013e042-06
0073040cx013e042-09
0073040cx014-02
0073040cx015-03
0073040cx020-06
0073040cx021-03
0073040cx021-05
0073040cx022a-07
0073040cx022a-09
0073040cx022b-01
0073040cx022b-02
0073040cx022b-04
0073040cx023-02
0073040cx023-03
0073040cx023-04
0073040cx023-05
0073040cx023-06
Point(-43.19 -22.953338888)
0073040cx024-07
Point(-43.19 -22.953338888)
0073040cx024-08
0073040cx026-03
0073040cx026-04
0073040cx030-07
0073040cx034-02
0073040cx034-03
0073040cx034-05
0073040cx034-06
0073040cx034-08
0073040cx035-01
0073040cx035-03
Point(-43.19 -22.953338888)
0073040cx035-04
0073040cx035-06
0073040cx035-07
0073040cx039-03
0073040cx039-05
0073040cx039-06
0073040cx047-01
0073040cx048-05
0073040cxsn-03
0073455cx006-01
0073555cx006a007-02
0073555cx006a007-05
0073555cx006a007-06
0074050cx003e004a-01
0074050cx003e004a-03
0074050cx003e004b-01
0074050cx003e004b-02
0074050cx005-01
0074050cx005-02
0074050cx005-03
0074050cx006e007-01
0074050cx006e007-04
0074050cx008e009-01
0074050cx008e009-02
0074050cx008e009-03
0074050cx008e009-04
0074050cx009-03
0074050cx009-04
0074050cxsn-06
0074050cxsn2-01
0074050cxsn2-03
007A5P3F03-011
007A5P3F03-012
007A5P3F03-013
007A5P3F03-015
007A5P3F03-016
007A5P3F03-017
007A5P3F04-015
007A5P3F04-023
007A5P3F04-047
007A5P3F05-003
007A5P3F05-005
007A5P3F05-006
Point(-43.19 -22.953338888)
007A5P3F05-007
007A5P3F05-008
007A5P3F05-009
007A5P3F05-014
Point(-43.17666667 -22.90805556)
007A5P3F05-015
007A5P3F05-016
007A5P3F05-023
007A5P3F05-032
Point(-43.1656 -22.9489)
007A5P3F09-036
007A5P3F10-003
007A5P3F10-004
007A5P3F10-005
007A5P3F10-013-014
007A5P3F10-015
007A5P3F10-016
007A5P3F10-019
007A5P3F10-020
007A5P3F10-021
007A5P3F10-022
007A5P3F10-023
007A5P3F10-024
007A5P3F10-025
007A5P3F10-026
007A5P3F10-027
007A5P3F10-028
007A5P3F10-029
007A5P3F10-030
007A5P3F10-031
007A5P3F10-032
007A5P3F10-033
007A5P3F10-034
007A5P3F10-035
Point(-43.1745321 -22.90692702)
007A5P3F10-036
007A5P3F10-037
007A5P3F10-039
007A5P3F10-040
007A5P3F10-041
007A5P3F10-042
007A5P3F10-043
007A5P3F10-044
007A5P3F10-045
007A5P3F10-048
007A5P3F10-051
ERRO: 007A5P3F10-052-053
007A5P3F10-054
007A5P3F10-055
007A5P3F10-057
007A5P3F10-058
007A5P3F10-059
007A5P3F10-061
007A5P3F10-062
007A5P3F10-063
007A5P3F10-064
007A5P3F10-068
007A5P3F10-069
007A5P3F10-070
007A5P3F10-071
007A5P3F10-073
007A5P3F10-074
007A5P3F10-075
007A5P3F10-076
007A5P3F10-077
007A5P3F10-078
007A5P3F10-081
007A5P3F10-084
007A5P3F10-085
007A5P3F10-086
007A5P3F10-087
007A5P3F10-089
007A5P3F10-090
007A5P3F10-091
007A5P3F10-092
007A5P3F10-093
007A5P3F10-094
007A5P3F13-001
007A5P3F13-002
007A5P3F13-004
007A5P3F13-005
007A5P3F13-006
007A5P3F13-007
007A5P3F13-008
Point(-43.17349722 -22.92086389)
007A5P3F13-009
007A5P3F13-010
007A5P3F13-011
007A5P3F13-012
007A5P3F13-013
007A5P3F13-014
007A5P3F13-015
007A5P3F13-016
007A5P3F13-017
007A5P3F13-018
007A5P3F13-019
Point(-43.19 -22.953338888)
007A5P3F13-021
007A5P3F13-022
007A5P3F13-026
007A5P3F13-029
Point(-43.19 -22.953338888)
007A5P3F13-030
007A5P3F13-031
Point(-43.19 -22.953338888)
007A5P3F13-032
Point(-43.19 -22.953338888)
007A5P3F13-033
Point(-43.19 -22.953338888)
007A5P3F13-034
Point(-43.19 -22.953338888)
007A5P3F13-035
007A5P3F13-036
007A5P3F13-037
Point(-43.19 -22.953338888)
007A5P3F13-038
007A5P3F13-039
007A5P3F13-040
007A5P3F13-041
007A5P3F13-042
007A5P3F13-043
007A5P3F13-044
007A5P3F13-045
Point(-43.19 -22.953338888)
007A5P3F13-046
007A5P3F13-047
007A5P3F13-048
007A5P3F13-050
007A5P3F13-051
007A5P3F13-052
007A5P3F14-001
007A5P3F14-004
007A5P3F14-005
007A5P3F14-006
007A5P3F14-011
007A5P3F14-014
007A5P3F14-026
Point(-43.19 -22.953338888)
007A5P3F14-032
Point(-43.19 -22.953338888)
007A5P3F14-033
Point(-43.19 -22.953338888)
007A5P3F14-034
007A5P3F14-035
007A5P3F14-036
007A5P3F14-037
007A5P3F14-038
007A5P3F14-039
007A5P3F14-040
007A5P3F14-041
007A5P3F14-042
007A5P3F14-043
007A5P3FG02-030-031
007A5P3FG02-040
007A5P3FG02-062-063
007A5P3FG02-064
007A5P3FG02-111-112
Point(-43.19 -22.953338888)
007A5P3FG03-005
Point(-43.19 -22.953338888)
007A5P3FG05-001
Point(-43.173694444 -22.903)
007A5P3FG05-002
007A5P3FG05-003
007A5P3FG05-008
Point(-43.18076389 -22.92799722)
007A5P3FG05-009
Point(-43.19 -22.953338888)
007A5P3FG05-012
Point(-43.196388888 -22.908333333)
007A5P3FG05-015
007A5P3FG05-021
Point(-43.17349722 -22.92086389)
007A5P3FG05-022
007A5P3FG2-065-066
Point(-43.19 -22.953338888)
007A5P3FG5-13
007A5P4F01-002
007A5P4F01-003
007A5P4F01-005
007A5P4F01-011
007A5P4F01-021
007A5P4F01-022
007A5P4F01-023
Point(-43.18076389 -22.92799722)
007A5P4F01-024
007A5P4F01-026
007A5P4F01-027
007A5P4F01-028
007A5P4F01-029
007A5P4F01-030
007A5P4F01-032
007A5P4F01-035
007A5P4F01-036
007A5P4F01-037
007A5P4F01-039
007A5P4F01-041
007A5P4F01-043
007A5P4F02-001
007A5P4F02-002
007A5P4F02-003
007A5P4F02-004
007A5P4F02-005
007A5P4F02-006
007A5P4F02-007
007A5P4F02-008
007A5P4F02-009
007A5P4F02-010
007A5P4F02-011
007A5P4F02-012
007A5P4F02-015
007A5P4F02-016
007A5P4F02-017
007A5P4F02-020
007A5P4F02-021
007A5P4F02-022
007A5P4F02-024
007A5P4F02-025
007A5P4F02-026
007A5P4F02-028
007A5P4F02-030
007A5P4F02-031
007A5P4F02-033
007A5P4F02-036
007A5P4F02-038
007A5P4F02-040
007A5P4F02-043
007A5P4F02-048
007A5P4F02-049
007A5P4F02-050
007A5P4F02-051
007A5P4F02-052
007A5P4F02-053
007A5P4F02-056
007A5P4F02-057
007A5P4F02-058
Point(-43.196388888 -22.908333333)
007A5P4F02-059
007A5P4F02-060
007A5P4F02-065
007A5P4F02-066
007A5P4F02-067
007A5P4F02-068
007A5P4F02-069
007A5P4F02-070
007A5P4F02-071
007A5P4F02-072
007A5P4F02-073
007A5P4F02-074
007A5P4F02-075
007A5P4F02-076
007A5P4F03-006
007A5P4F03-007
007A5P4F03-008
007A5P4F03-010
007A5P4F03-011
007A5P4F03-012
007A5P4F03-013
007A5P4F03-015
007A5P4F03-016
007A5P4F03-018
007A5P4F03-021
007A5P4F03-022
007A5P4F03-025
007A5P4F03-034
007A5P4F03-035
007A5P4F03-041
007A5P4F03-045
007A5P4F03-046
007A5P4F03-049
007A5P4F05-038-039
Point(-43.196388888 -22.908333333)
007A5P4F05-063
007A5P4F05-065
007A5P4F05-080
007A5P4F05-081-082
007A5P4F05-112-113
007A5P4F05-114-115
Point(-43.19 -22.953338888)
007A5P4F05-116-117
007A5P4FP04-016
Point(-43.245 -22.963)
007A5P4FP04-018
007A5P4FP04-020
007A5P4FP04-021
007A5P4FP04-022
007A6P3F02-010
007A6P3F03-020
007A6P3F03-024
007A6P3F03-029
007A6P3F03-041
007A6P3F03-049
007A6P3F07-019
007A6P3F07-020
007A6P3F07-023
007A6P3F07-025
007A6P3F07-026
Point(-43.19 -22.953338888)
Point(-43.19 -22.953338888)
Point(-43.211666666 -22.9525)
007A6P4FP15-015
ERRO: 007A6P4FP27-010
007A6P4FP27-02
ERRO: 007A6P4FP27-033
ERRO: 007A6P4FP27-041
ERRO: 007A6P4FP27-046
007AFA01
007AFA02
007AFA03
007AFA04
007AFA06
007AFA08
007AFA09
Point(-43.17666667 -22.90805556)
007AFAV09-21
007ALA001
007ALA002
007ALA003
007ALA004
007ALA005
007ALA006
007ALA007
007ALA008
007ALA009
007ALA010
007ALA011
007ALA012
007ALA013
007ALA014
007ALA015
007ALA016
007ALA017
007ALA018
007ALA019
007ALA020
007ALA021
007ALA022
007ALA023
007ALA024
007ALA025
007ALA026
007ALA034
007ALA035
007ALA036
007ALA037
007ALA038
007ALA039
007ALA040
007ALA045
007ALA046
007ALA047
007ALA048
007ALA049
Point(-43.17349722 -22.92086389)
007ALA050
007ALA052
007ALA053
007ALA057
007ALA058
007ALA059
007ALA060
007ALA061
007ALA062
007ALA063
007ALA064
007ALA065
007ALA066
007ALA067
007ALA068
007ALA072
007ALA074
007ALA086
007ALA087
007ALA088
007ALA089
007ALA090
007ALA093
007ALA094
007ALA095
007ALA096
007ALA097
007ALA098
007ALA099
007ALA102
007ALA103
007ALA106
007ALA107
007ALA108
007ALA109
007ALA110
007ALA111
007ALA112
007ALA113
007ALA114
007ALA115
007ALA116
007ALA118
007ALA119
007CX019-09
007CX019-10
007CX019-11
007CX020-01
007CX020-03
007CX020-05
007CX020-06
007CX020-08
007CX021-01
007CX021-03
007CX021-05
007CX021-06
007CX022-01
007CX022-02
007CX022-03
007CX022-04
007CX022-05
007CX022-08
007CX022-09
007CX023-01
007CX023-03
007CX023-04
007CX023-07
007CX025-01
007CX025-03
007CX025-04
007CX025-05
007CX173-01
007CX173-04
007CX173-08
007CX178-04
007CX178-08
007CX179-07
007CX180-08
007CX180-09
007CX180-10
007CX182-01
007CX182-02
007CX183-01
007CX183-02
007CX183-04
007CX183-06
007CX184-01
007CX184-02
007CX184-03
007CX184-04
007CX184-05
007CX184-09
007CX185-02
007CX185-03
007CX185-06
007CX185-07
007CX185-08
007CX185-09
007CX189-01
007CX189-02
007CX189-03
007CX189-04
007CX189-05
007CX189-06
007CX189-07
007CX189-08
007CX189-10
007CX190-01
007CX190-05
007CX190-11
007CX190-14
007CX190-16
007CX191-07
007CX193-02
007CX193-03
007CX193-04
007CX193-05
007CX193-06
007CX194-04
007CX194-06
007CX194-08
007CX194-10
007CX196-02
007CX196-07
007CX196-09
007CX197-02
007CX197-05
007CX197-09
007CX197-10
007CX198-03
007CX199-03
007CX199-04
007CX214-12
007CX237-01
007CX237-78
007CX237-79
007CX237-80
ERRO: 007Dscn4372
007KLAv-02
ERRO: 007NGBMF1530cx02-10
ERRO: 007NGBMF2137cx014
ERRO: 007NGBMF2137cx16-02
ERRO: 007NGBMF4050cx05-01
Point(-43.108888888 -22.759722222)
007SN-10
Point(-43.19 -22.953338888)
007SN-12
007_IMG_1807
007_IMG_1809
007_IMG_1810
007_IMG_1811
007_IMG_1812
007_IMG_1813
007_IMG_1816
007_IMG_1855
007_IMG_1859
007_IMG_1969
007_IMG_1972
007_IMG_1973
007_IMG_1975
007_IMG_1979
007_IMG_1980
007_IMG_1981
007_IMG_1982
007_IMG_1988
007_IMG_1993
007_IMG_1996
007_IMG_2000
007_IMG_2006
007_IMG_2007
007_IMG_2010
007_IMG_2015
007_IMG_2020
007_IMG_2023
007_IMG_2052
007_IMG_2055
007_IMG_2056
007_IMG_2132
007_IMG_2133
007_IMG_2135
007_IMG_2136
007_IMG_2137
007_IMG_2138
007_IMG_2139
007_IMG_2140
007_IMG_2141
007_IMG_2172
007_IMG_2231
007_IMG_2239
007_IMG_2241
007_IMG_2242
007_IMG_2243
007_IMG_2245
007_IMG_2250
007_IMG_2252
007_IMG_2255
007_IMG_2256
007_IMG_2259
007_IMG_2260
007_IMG_2261
007_IMG_2262
007_IMG_2264
007_IMG_2265
007_IMG_2270
007_IMG_2271
007_IMG_2272
007_IMG_2277
007_IMG_2278
007_IMG_2279
007_IMG_2280
007_IMG_2287
007_IMG_2296
007_IMG_2319
007_IMG_2320
007_IMG_2321
007_IMG_2327
007_IMG_2329
007_IMG_2352
007_IMG_2353
007_IMG_2381
007_IMG_2385
007_IMG_2387
007_IMG_2388
007_IMG_2468
007_IMG_2472
007_IMG_2474
007_IMG_2478
007_IMG_2480
007_IMG_2491
007_IMG_2493
007_IMG_2497
007_IMG_2500
007_IMG_2502
007_IMG_2503
007_IMG_2509
007_IMG_2511
007_IMG_2516
007_IMG_2519
007_IMG_2520
007_IMG_2522
007_IMG_2525
007_IMG_2526
007_IMG_2527
007_IMG_2531
007_IMG_2825
007_IMG_2828
007_IMG_2829
007_IMG_2833
007_IMG_2836
007_IMG_2837
007_IMG_2838
007_IMG_2839
007_IMG_2897
007_IMG_2904
007_IMG_2912
007_IMG_2913
007_IMG_2914
007_IMG_2917
007_IMG_2920
007_IMG_2927
007_IMG_2934
007_IMG_2935
007_IMG_2944
007_IMG_2973
007_IMG_3108
007_IMG_3110
007_IMG_3113
007_IMG_3114
007_IMG_3119
007_IMG_3165
007_IMG_3168
007_IMG_3239
007_IMG_3259
007_IMG_3285
007_IMG_3299
007_IMG_3309
007_IMG_3316
007_IMG_3330
007_IMG_3332
007_IMG_3347
007_IMG_3350
007_IMG_3352
007_IMG_3353
007_IMG_3382
007_IMG_3420
007_IMG_3421
007_IMG_3422
007_IMG_3423
007_IMG_3424
007_IMG_3425
007_IMG_3426
007_IMG_3427
007_IMG_3428
007_IMG_3437
007_IMG_3451
007_IMG_3453
007_IMG_3454
007_IMG_3455
007_IMG_3469
007_IMG_3472
007_IMG_3527
007_IMG_3528
007_IMG_3533
007_IMG_3534
007_IMG_3535
007_IMG_3536
007_IMG_3539
007_IMG_3540
007_IMG_3541
007_IMG_3547
007_IMG_3559
007_IMG_3566
007_IMG_3567
007_IMG_3585
007_IMG_3588
007_IMG_3590
007_IMG_3594
007_IMG_3596
007_IMG_3597
007_IMG_3598
007_IMG_3601
007_IMG_3603
007_IMG_3607
007_IMG_3631
007_IMG_3634
007_IMG_3636
007_IMG_3639
007_IMG_3640
007_IMG_3642
007_IMG_3650
007_IMG_3651
007_IMG_3670
007_IMG_3739
007_IMG_3740
007_IMG_3742
007_IMG_3748
007_IMG_3749
007_IMG_3750
007_IMG_3752
007_IMG_3753
007_IMG_3756
007_IMG_3790
007_IMG_3791
007_IMG_3801
007_IMG_3839
007_IMG_3840
007_IMG_3841
007_IMG_3843
007_IMG_3877
007_IMG_3881
007_IMG_3883
007_IMG_3933
007_IMG_3937
007_IMG_3939
007_IMG_3956
007_IMG_3957
007_IMG_3970
007_IMG_4062
013RJ001002
013RJ001003
Point(-43.22222222 -22.9)
013RJ001004
Point(-43.1811 -22.8967)
013RJ001005
013RJ001008
013RJ001009
013RJ001010
013RJ001011
013RJ001012
013RJ001017
013RJ001018
013RJ001019
013RJ001020
013RJ001022
Point(-43.17666667 -22.90805556)
013RJ002001
013RJ002002
013RJ002003
013RJ004001
013RJ004014
013RJ004022
013RJ004024
013RJ004025
013RJ004027
013RJ004028
013RJ004029
013RJ004030
013RJ004031
013RJ006038
Point(-43.211666666 -22.9525)
013RJ006042
013RJ007028
Point(-43.211666666 -22.9525)
013RJ009013
013RJ011008
013RJ011009
013RJ011019
013RJ011039
013RJ011040
013RJ011054
Point(-43.180697222 -22.967033333)
013RJ012009
Point(-43.180697222 -22.967033333)
013RJ012036
Point(-43.22216111 -22.98356111)
013RJ012039
Point(-43.17349722 -22.92086389)
013RJ012066
Point(-43.22216111 -22.98356111)
013RJ016005
ERRO: 014AAN005003
ERRO: 014AAN005004
014AAN00501
ERRO: 014AAN005015
ERRO: 014AAN005019
014AAN00502
ERRO: 014AAN005022
ERRO: 014AAN005025
014AAN00503
014AAN00504
014AAN00506
014AAN00507
014AAN00508
014AAN00509
014AAN00510
014AAN00511
014AAN00512
014AAN00513
014AAN00514
014AAN00515
014AAN00516
014AAN00517
014AAN00518
014AAN00519
014AAN00520
014AAN00521
014AAN00522
014AAN00523
014AAN00524
014AAN00525
ERRO: 014AAN012009
ERRO: 014AAN012017
ERRO: 014AAN012018
ERRO: 014AAN012021
ERRO: 014AAN012023
ERRO: 014AAN012024
Point(-43.19388889 -22.9475)
014AM001002
Point(-43.17666667 -22.90805556)
014AM001006
Point(-43.19 -22.953338888)
014AM001009
014AM001010
014AM001011
Point(-43.17666667 -22.90805556)
014AM001012
Point(-43.17666667 -22.90805556)
014AM001013
Point(-43.17666667 -22.90805556)
014AM001014
Point(-43.18888889 -22.93583333)
014AM002002
Point(-43.19277778 -22.8975)
014AM002003
Point(-43.17666667 -22.90805556)
014AM002004
014AM002005
014AM002006
014AM002007
014AM002008
014AM002011
Point(-43.17666667 -22.90805556)
014AM002012
Point(-43.16666667 -22.96222222)
014AM002013
Point(-43.17666667 -22.90805556)
014AM002015
014AM002016
Point(-43.21388889 -22.91138889)
014AM002017
014AM002019
Point(-43.17349722 -22.92086389)
014AM003001
014AM003002
014AM003005
Point(-43.22222222 -22.9)
014AM003006
Point(-43.17666667 -22.90805556)
014AM003007
Point(-43.17666667 -22.90805556)
014AM003008
Point(-43.65333 -22.64306)
014AM003009
Point(-43.19 -22.953338888)
014AM003010
014AM003012
Point(-43.181516 -22.914351)
014AM003015
Point(-43.17666667 -22.90805556)
014AM003017
014AM003018
014AM003019
Point(-43.2521 -22.9255)
014AM003020
Point(-43.180697222 -22.967033333)
014AM004003
Point(-43.17666667 -22.90805556)
014AM005001
014AM005002
Point(-43.17666667 -22.90805556)
014AM005003
Point(-43.17666667 -22.90805556)
014AM005004
Point(-43.17666667 -22.90805556)
014AM005005
Point(-43.17666667 -22.90805556)
014AM005006
Point(-43.17666667 -22.90805556)
014AM005007
Point(-43.17666667 -22.90805556)
014AM005008
Point(-43.17666667 -22.90805556)
014AM005009
Point(-43.17666667 -22.90805556)
014AM005011
014AM005012
Point(-43.17666667 -22.90805556)
014AM005013
Point(-43.17666667 -22.90805556)
014AM005014
Point(-43.17666667 -22.90805556)
014AM005015
Point(-43.17666667 -22.90805556)
014AM005016
Point(-43.17666667 -22.90805556)
014AM005017
Point(-43.17666667 -22.90805556)
014AM005018
014AM005019
Point(-43.17666667 -22.90805556)
014AM005020
Point(-43.17666667 -22.90805556)
014AM005021
014AM005022
Point(-43.17666667 -22.90805556)
014AM005023
Point(-43.17666667 -22.90805556)
014AM005024
014AM005025
Point(-43.17666667 -22.90805556)
014AM005026
Point(-43.17666667 -22.90805556)
014AM005027
Point(-43.17666667 -22.90805556)
014AM005028
Point(-43.17666667 -22.90805556)
014AM005029
014AM005030
Point(-43.17666667 -22.90805556)
014AM005031
Point(-43.17666667 -22.90805556)
014AM005032
Point(-43.17666667 -22.90805556)
014AM005033
Point(-43.17666667 -22.90805556)
014AM005034
Point(-43.180697222 -22.967033333)
014AM006001
Point(-43.180697222 -22.967033333)
014AM006002
Point(-43.180697222 -22.967033333)
014AM006003
Point(-43.180697222 -22.967033333)
014AM006004
Point(-43.180697222 -22.967033333)
014AM006005
Point(-43.180697222 -22.967033333)
014AM006006
Point(-43.180697222 -22.967033333)
014AM006007
Point(-43.180697222 -22.967033333)
014AM006008
Point(-43.180697222 -22.967033333)
014AM006009
Point(-43.180697222 -22.967033333)
014AM006010
Point(-43.180697222 -22.967033333)
014AM006011
Point(-43.1775 -22.90472222)
014AM007001
Point(-43.17666667 -22.90805556)
014AM007005
Point(-43.181516 -22.914351)
014AM008001
Point(-43.17444444 -22.93361111)
014AM008002
Point(-43.19 -22.953338888)
014AM008003
Point(-43.16666667 -22.96222222)
014AM008004
014AM010001
Point(-43.181516 -22.914351)
014AM010002
014AM010003
Point(-43.17666667 -22.90805556)
014AM010004
014AM010005
014AM010007
014AM010008
Point(-43.17666667 -22.90805556)
014AM010009
Point(-43.181516 -22.914351)
014AM010011
Point(-43.1656 -22.9489)
014AM010012
014AM010013
014AM010014
Point(-43.17666667 -22.90805556)
014AM010015
Point(-43.181516 -22.914351)
014AM010016
014AM010017
014AM010018
014AM010019
Point(-43.17666667 -22.90805556)
014AM010020
014AM010021
014AM010022
Point(-43.17666667 -22.90805556)
014AM012001
014AM012002
Point(-43.17349722 -22.92086389)
014AM012004
014AM012005
014AM012006
014AM012007
Point(-43.17666667 -22.90805556)
014AM012008
Point(-43.173694444 -22.903)
014AM012010
014AM012011
Point(-43.1745321 -22.90692702)
014AM012012
Point(-43.181516 -22.914351)
014AM012013
Point(-43.17666667 -22.90805556)
014AM012014
014AM012015
Point(-43.17666667 -22.90805556)
014AM012016
Point(-43.17666667 -22.90805556)
014AM012017
014AM012018
014AM012019
014AM012020
Point(-43.17666667 -22.90805556)
014AM012022
Point(-43.181516 -22.914351)
014AM012023
014AM012024
014AM012025
014AM012026
Point(-43.17666667 -22.90805556)
014AM012027
Point(-43.2521 -22.9255)
014AM012028
Point(-43.19 -22.953338888)
014AM012029
Point(-43.17666667 -22.90805556)
014AM012030
Point(-43.181516 -22.914351)
014AM012031
014AM012032
Point(-43.17666667 -22.90805556)
014AM012033
Point(-43.175725 -22.91100833)
014AM012034
Point(-43.18076389 -22.92799722)
014AM012035
Point(-43.17861111 -22.93083333)
014AM012036
Point(-43.17666667 -22.90805556)
014AM012037
014AM012038
014AM012039
014AM012040
014AM012041
Point(-43.19 -22.953338888)
014AM012042
014AM012043
Point(-43.17666667 -22.90805556)
014AM012044
Point(-43.17666667 -22.90805556)
014AM012045
014AM012046
014AM012047
Point(-43.245 -22.963)
014AM012048
014AM012049
Point(-43.17444444 -22.93361111)
014AM012050
Point(-43.17666667 -22.90805556)
014AM012051
014AM012052
014AM012053
Point(-46.636972222 -23.549694444)
014AM012054
Point(-43.18666667 -22.89444444)
014AM012055
Point(-43.17666667 -22.90805556)
014AM012056
Point(-43.17349722 -22.92086389)
014AM012057
014AM012058
Point(-43.19 -22.953338888)
014AM012059
Point(-43.173694444 -22.903)
014AM012060
Point(-43.191444444 -22.903413888)
014AM012061
Point(-43.19 -22.953338888)
014AM012062
Point(-43.17666667 -22.90805556)
014AM012063
Point(-43.17666667 -22.90805556)
014AM012064
Point(-43.17666667 -22.90805556)
014AM012065
Point(-43.17666667 -22.90805556)
014AM012066
Point(-43.19 -22.953338888)
014AM012067
Point(-43.17666667 -22.90805556)
014AM012068
014AM012069
Point(-43.19 -22.953338888)
014AM012070
Point(-43.17666667 -22.90805556)
014AM012071
014AM012072
014AM012073
014AM012074
014AM012075
014AM012076
014AM014001
Point(-43.17666667 -22.90805556)
014AM014002
Point(-43.19 -22.953338888)
014AM015001
014AM015004
Point(-43.19 -22.953338888)
014AM015009
Point(-43.19 -22.953338888)
014AM015010
014AM015012
Point(-43.1656 -22.9489)
014AM016001
014AM016002
014AM016003
014AM016004
014AM016005
014AM017001
Point(-43.173694444 -22.903)
014AM017002
Point(-43.17666667 -22.90805556)
014AM017003
014AM017004
014AM017005
014AM017006
Point(-43.211666666 -22.9525)
014AM018001
Point(-43.19 -22.953338888)
014AM018002
014AM018003
014AM018004
Point(-43.244401 -22.986842)
014AM019001
Point(-43.244401 -22.986842)
014AM019002
014AM019004
Point(-43.244401 -22.986842)
014AM019005
Point(-43.244401 -22.986842)
014AM019006
Point(-43.244401 -22.986842)
014AM019007
Point(-43.244401 -22.986842)
014AM019008
Point(-43.244401 -22.986842)
014AM019009
Point(-43.244401 -22.986842)
014AM019010
Point(-43.244401 -22.986842)
014AM019011
014AM019013
Point(-43.244401 -22.986842)
014AM019015
014avulsa
014GL01-04
014GL02-03
Point(-43.17349722 -22.92086389)
014GL03-01
Point(-43.173694444 -22.903)
014GL03-02
014GL03-04
014GL03-05
Point(-43.17666667 -22.90805556)
014GL04-01
014GL04-02
014GL04-03
014GL05
014GL07
Point(-43.19 -22.953338888)
014GL09
Point(-43.19 -22.953338888)
014GL10
Point(-43.35 -22.95)
014GL11
014GL12
014GL13
Point(-43.19 -22.953338888)
014GL15
014GL17
014GL18
014GL19
Point(-43.15516 -22.94949)
Point(-43.15516 -22.94949)
Point(-43.1745321 -22.90692702)
014GL20
014GL21
014GL23
Point(-43.19277778 -22.8975)
014GL24
Point(-43.17666667 -22.90805556)
014GL27
014GL28
Point(-43.18861111 -22.90666667)
014GL29
014GL30
Point(-43.19 -22.953338888)
014GL31
014GL32
Point(-43.19 -22.953338888)
014GL33
Point(-43.17666667 -22.90805556)
014GL34
Point(-43.17349722 -22.92086389)
014GL36
014GL39
Point(-43.2521 -22.9255)
014GL40
014GL42
Point(-43.19 -22.953338888)
014GL43
Point(-43.176353055 -22.900285)
Point(-43.176353055 -22.900285)
Point(-43.1745321 -22.90692702)
Point(-43.176353055 -22.900285)
Point(-43.1745321 -22.90692702)
Point(-43.169522222 -22.905908333)
014GLAS001
Point(-43.176353055 -22.900285)
Point(-43.176353055 -22.900285)
Point(-43.1745321 -22.90692702)
Point(-43.176353055 -22.900285)
Point(-43.1745321 -22.90692702)
Point(-43.169522222 -22.905908333)
014GLAS002
Point(-43.178051 -22.8970349)
Point(-43.178051 -22.8970349)
Point(-43.171666666 -22.895833333)
Point(-43.178051 -22.8970349)
Point(-43.171666666 -22.895833333)
Point(-43.1749 -22.8967)
014GLAS003
Point(-43.177894444 -22.900811111)
Point(-43.177894444 -22.900811111)
Point(-43.173260092 -22.900749505)
Point(-43.177894444 -22.900811111)
Point(-43.173260092 -22.900749505)
Point(-43.176353055 -22.900285)
014GLAS004
Point(-43.177894444 -22.900811111)
Point(-43.177894444 -22.900811111)
Point(-43.176353055 -22.900285)
014GLAS005
014GLAS006
Point(-43.129416666 -22.900861111)
014GLAS008
Point(-43.129416666 -22.900861111)
014GLAS009
Point(-43.13064 -22.91057)
Point(-43.13064 -22.91057)
Point(-43.15516 -22.94949)
014GLAS010
014GLAS011
Point(-43.15516 -22.94949)
Point(-43.15516 -22.94949)
Point(-43.1198352 -22.9057732)
Point(-43.15516 -22.94949)
Point(-43.1198352 -22.9057732)
Point(-43.211666666 -22.9525)
014GLAS012
Point(-43.1198352 -22.9057732)
014GLAS013
Point(-35.61277778 -7.26777778)
014GLAS014
Point(-35.61277778 -7.26777778)
014GLAS015
014GLAS018
Point(-43.1745321 -22.90692702)
Point(-43.1745321 -22.90692702)
Point(-43.18861111 -22.90666667)
Point(-43.1745321 -22.90692702)
Point(-43.18861111 -22.90666667)
Point(-38.508219 -12.969613)
014GLAS019
Point(-43.18666667 -22.89444444)
014GLAS020
Point(-43.2025 -22.91)
Point(-43.2025 -22.91)
Point(-43.201393 -22.90907)
014GLAS021
Point(-43.205 -22.90916667)
Point(-43.205 -22.90916667)
Point(-43.103611111 -22.883333333)
Point(-43.205 -22.90916667)
Point(-43.103611111 -22.883333333)
Point(-43.195277777 -22.900277777)
014GLAS023
Point(-43.205 -22.90916667)
Point(-43.205 -22.90916667)
Point(-43.103611111 -22.883333333)
Point(-43.205 -22.90916667)
Point(-43.103611111 -22.883333333)
Point(-43.195277777 -22.900277777)
014GLAS024
Point(-43.205 -22.90916667)
Point(-43.205 -22.90916667)
Point(-43.103611111 -22.883333333)
Point(-43.205 -22.90916667)
Point(-43.103611111 -22.883333333)
Point(-43.195277777 -22.900277777)
014GLAS025
014GLAS027
Point(-43.19277778 -22.8975)
014GLAS028
Point(-43.226111111 -22.905833333)
Point(-43.226111111 -22.905833333)
Point(-43.22222222 -22.9)
014GLAS029
Point(-43.179138888 -22.90725)
Point(-43.179138888 -22.90725)
Point(-43.17985 -22.91259444)
014GLAS030
Point(-43.179138888 -22.90725)
Point(-43.179138888 -22.90725)
Point(-43.188243 -22.917528)
014GLAS031
Point(-43.174444444 -22.923611111)
Point(-43.174444444 -22.923611111)
Point(-43.176156878 -22.920645383)
Point(-43.174444444 -22.923611111)
Point(-43.176156878 -22.920645383)
Point(-43.17543333 -22.92144722)
014GLAS032
Point(-43.15516 -22.94949)
Point(-43.15516 -22.94949)
Point(-43.1745321 -22.90692702)
Point(-43.15516 -22.94949)
Point(-43.1745321 -22.90692702)
Point(-43.155669444 -22.790427777)
014GLAS033
Point(-43.17349722 -22.92086389)
Point(-43.17349722 -22.92086389)
Point(-43.176156878 -22.920645383)
Point(-43.17349722 -22.92086389)
Point(-43.176156878 -22.920645383)
Point(-43.1745321 -22.90692702)
014GLAS034
Point(-43.179138888 -22.90725)
Point(-43.179138888 -22.90725)
Point(-43.24825 -22.91921)
014GLAS036
Point(-43.15516 -22.94949)
Point(-43.15516 -22.94949)
Point(-43.188243 -22.917528)
Point(-43.15516 -22.94949)
Point(-43.188243 -22.917528)
Point(-43.174444444 -22.923611111)
Point(-43.15516 -22.94949)
Point(-43.188243 -22.917528)
Point(-43.174444444 -22.923611111)
Point(-43.176156878 -22.920645383)
Point(-43.15516 -22.94949)
Point(-43.188243 -22.917528)
Point(-43.174444444 -22.923611111)
Point(-43.176156878 -22.920645383)
Point(-43.17543333 -22.92144722)
014GLAS037
Point(-43.15516 -22.94949)
Point(-43.15516 -22.94949)
Point(-43.176197222 -22.925875)
Point(-43.15516 -22.94949)
Point(-43.176197222 -22.925875)
Point(-43.174444444 -22.923611111)
Point(-43.15516 -22.94949)
Point(-43.176197222 -22.925875)
Point(-43.174444444 -22.923611111)
Point(-43.17543333 -22.92144722)
014GLAS038
Point(-43.17349722 -22.92086389)
014GLAS039
Point(-43.18076389 -22.92799722)
014GLAS040
014GLAS041
Point(-43.17349722 -22.92086389)
Point(-43.17349722 -22.92086389)
Point(-43.176156878 -22.920645383)
014GLAS042
Point(-43.17349722 -22.92086389)
014GLAS043
014GLAS044
014GLAS045
014GLAS046
014GLAS047
014GLAS049
014GLAS050
014GLAS051
Point(-43.17861111 -22.93083333)
014GLAS052
014GLAS053
014GLAS054
Point(-43.19 -22.953338888)
014GLAS055
014GLAS056
014GLAS057
014GLAS058
014GLAS059
Point(-43.19 -22.953338888)
014GLAS061
Point(-43.1656 -22.9489)
014GLAS064
Point(-43.1656 -22.9489)
014GLAS065
Point(-43.1656 -22.9489)
014GLAS066
Point(-43.1656 -22.9489)
014GLAS067
Point(-43.1656 -22.9489)
014GLAS068
Point(-43.19 -22.953338888)
014GLAS070
Point(-43.19 -22.953338888)
014GLAS071
Point(-43.22222222 -22.96333333)
014GLAS072
014GLAS073
014GLAS074
014GLAS075
014GLAS076
014GLAS077
Point(-43.211666666 -22.971111111)
014GLAS078
Point(-43.20222222 -22.96361111)
014GLAS079
014GLAS080
014GLAS083
014GLAS084
014GLAS085
014GLAS086
014GLAS087
014GLAS088
014GLAS089
014GLAS090
014GLAS091
Point(-43.172603 -22.909542)
014GLAS092
Point(-43.2 -22.94277778)
014GLAS094
014GLAS095
Point(-43.211666666 -22.971111111)
Point(-43.211666666 -22.971111111)
Point(-43.211666666 -22.9525)
014GLAS096
014GLAS097
Point(-43.18861111 -22.90666667)
014GLAS098
Point(-43.18288 -22.90692)
014GLAS099
014GLAS100
014GLAS101
014GLAS102
Point(-43.175682 -22.902158)
014GLAS103
Point(-43.171666666 -22.895833333)
014GLAS104
Point(-43.176353055 -22.900285)
Point(-43.176353055 -22.900285)
Point(-43.173260092 -22.900749505)
014GLAS105
Point(-43.18278 -22.90691)
Point(-43.18278 -22.90691)
Point(-43.18288 -22.90692)
Point(-43.18278 -22.90691)
Point(-43.18288 -22.90692)
Point(-43.211666666 -22.9525)
014GLAS106
Point(-43.18278 -22.90691)
Point(-43.18278 -22.90691)
Point(-43.18288 -22.90692)
Point(-43.18278 -22.90691)
Point(-43.18288 -22.90692)
Point(-43.211666666 -22.9525)
014GLAS107
014GLAS109
ERRO: 014GLAS111frente
Point(-43.17861111 -22.93083333)
014GLAS111verso
ERRO: 014GLAS112frente
Point(-43.18888889 -22.93583333)
014GLAS112verso
ERRO: 014GLAS113frente
014GLAS113verso
Point(-43.18861111 -22.90666667)
014GLAS114verso
014IMS_014_81
Point(-43.19 -22.953338888)
014IMS_014_82
Point(-43.17666667 -22.90805556)
014MF002001
Point(-43.17666667 -22.90805556)
014MF002002
Point(-43.17666667 -22.90805556)
014MF002003
Point(-43.17666667 -22.90805556)
014MF002006
Point(-43.19 -22.953338888)
014MF002007
Point(-43.18076389 -22.92799722)
014MF002008
014MF002009
Point(-43.17666667 -22.90805556)
014MF002011
Point(-43.17666667 -22.90805556)
014MF002012
014MF002013
014MF014001
Point(-43.223889 -22.9675)
014MF014005
Point(-43.223889 -22.9675)
014MF014012
Point(-43.17666667 -22.90805556)
014MF014013
014MF014017
Point(-43.19 -22.953338888)
014MF014020
014panorama1
014panorama2
014panorama3
037SL01001
037SL01002
037SL01003
037SL01004
037SL01023
037SL01035
037SL01039
037SL01041
037SL01042
037SL01044
037SL01045
037SL01046
037SL01047
037SL01049
037SL01051
037SL01053
037SL01055
037SL01059
037SL01063
037SL01064
037SL01066
037SL01068
037SL01069
037SL01070
037SL01071
037SL01072
037SL01073
037SL01074
037SL01075
037SL01076
037SL01077
037SL01078
037SL01079
037SL01081
037SL01082
037SL01084
037SL01085
037SL01086
037SL01087
037SL01088
037SL01089
037SL01090
037SL01091
037SL01092
037SL01094
037SL01095
037SL01096
037SL01098
037SL01105
037SL01106
037SL01107
037SL01109
037SL01113
037SL01114
037SL01122
037SL01123
037SL01124
037SL01125
037SL01129
037SL01130
037SL01132
037SL01134
037SL01135
037SL01137
037SL01138
037SL01139
037SL01141
037SL01143
037SL01145
037SL01146
037SL01147
037SL01148
037SL01151p
037SL01152
037SL02002
037SL02004
037SL02006
037SL02008
037SL02009
037SL02010
037SL02011
037SL02012
037SL02013
037SL02014
037SL02015
037SL02016
037SL02017
037SL03001
037SL03002
037SL03003
037SL03004
037SL03007
037SL03008
037SL03009
037SL03010
037SL03011
037SL03012
037SL03013
037SL03014
037SL03015
037SL03016
037SL03017
037SL03018
037SL03019
037SL03020
037SL03021
037SL03022
037SL03023
037SL03024
037SL03027
037SL03028
037SL03033
037SL03034
037SL03035
037SL03036
037SL03037
037SL03038
037SL03039
037SL03040
037SL03041
037SL03042
037SL03043
037SL03045
037SL03046
037SL03047
037SL03048
037SL03049
037SL03050
037SL03051
037SL03053
037SL03054
037SL03055
037SL03056
037SL03057
037SL03058
037SL03059
037SL03060
037SL03061
037SL03062
037SL03063
037SL03065
037SL03066
037SL03067
037SL03068
037SL03069
037SL03070
037SL03071
037SL03072
037SL03073
037SL03074
037SL03075
037SL03076
037SL03077
037SL03078
037SL03079
037SL03080
037SL03082
037SL03083
037SL03084
037SL03085
037SL03087
037SL03088
037SL03089
037SL03090
037SL03091
037SL03092
037SL03093
037SL03095
037SL03096
037SL03098
037SL03099
037SL03100
037SL03101
037SL03102
037SL03103
037SL03104
037SL03105
037SL03106
037SL03111
037SL03112
037SL03113
037SL03125
037SL03131
037SL03132
037SL03134
037SL03136
037SL03137
037SL03139
037SL03140
037SL04001
037SL04002
037SL04003
037SL05003
037SL05021
037SL05032
037SL05040
037SL05054
037SL05062
037SL05067
037SL05072
037SL05073
037SL05075
037SL05076
037SL05077
037SL05078
037SL05079
037SL06033
ERRO: 14AAN00505
Point(-43.1745321 -22.90692702)
CJHF4004
CJHF9003
Point(-43.17666667 -22.90805556)
P002SAm52-0047
