Appended: 0072137cx015-02
Appended: 0072137cx015-03
Appended: 0072137cx018-03
Appended: 0072137cx021-02
Appended: 0072137cx021-04
Appended: 0072137cx022-03
Appended: 0072430cxsn2-07
Updated: 0073040avulsoscx001e050-12
Appended: 007A5P4F03-047
Appended: 007CX020-02
Appended: 007CX190-03
Appended: 007CX190-04
Updated: 007CX025-06
Appended: 007_IMG_2090
Appended: 007_IMG_2420
Appended: 007_IMG_2428
Appended: 007_IMG_2429
Appended: 007_IMG_2483
Appended: 007_IMG_2804
Appended: 007_IMG_2815
Updated: 007CX179-03
Appended: 007_IMG_3673
Appended: 007_IMG_3795
Appended: 007_IMG_3941
Appended: 007_IMG_3960
Appended: P002SAm52-0026
Appended: P002SAm52-0056
