OK: 001ACL019043
OK: 007A5P3FG05-015
OK: 007A5P3FG5-13
OK: 014GL43
OK: 014GLAS055
OK: 014GLAS056
OK: 014GLAS057
OK: 014GLAS058
OK: 014GLAS059
OK: 014GLAS061
OK: 014GLAS064
OK: 014GLAS065
OK: 014GLAS066
OK: 014GLAS067
OK: 014GLAS068
OK: 014GLAS070
OK: 014GLAS071
OK: 014GLAS073
OK: 014GLAS074
OK: 014GLAS075
OK: 014GLAS078
OK: 014GLAS079
OK: 014GLAS080
OK: 014GLAS083
OK: 014GLAS084
OK: 014GLAS085
OK: 014GLAS086
OK: 014GLAS087
OK: 014GLAS088
OK: 014GLAS089
OK: 014GLAS091
OK: 014GLAS092
OK: 014GLAS094
OK: 014GLAS095
OK: 014GLAS096
OK: 014GLAS097
OK: 014GLAS099
OK: 014GLAS100
OK: 014GLAS102
OK: 014GLAS103
OK: 014GLAS104
OK: 014GLAS105
OK: 014GLAS106
[]
