[32m2021-06-28 15:44:35[0m - dagster - [34mDEBUG[0m - catalog_pipeline - ebc97065-6128-42a2-b2da-a67be6821597 - 1931 - creators_list - LOGS_CAPTURED - Started capturing logs for solid: creators_list.
[32m2021-06-28 15:44:35[0m - dagster - [34mDEBUG[0m - catalog_pipeline - ebc97065-6128-42a2-b2da-a67be6821597 - 1931 - creators_list - STEP_START - Started execution of step "creators_list".
[32m2021-06-28 15:44:35[0m - dagster - [34mDEBUG[0m - catalog_pipeline - ebc97065-6128-42a2-b2da-a67be6821597 - 1931 - creators_list - LOADED_INPUT - Loaded input "df" using input manager "io_manager", from output "result" of step "extract_dimensions"
[32m2021-06-28 15:44:35[0m - dagster - [34mDEBUG[0m - catalog_pipeline - ebc97065-6128-42a2-b2da-a67be6821597 - 1931 - creators_list - STEP_INPUT - Got input "df" of type "Any". (Type check passed).
[32m2021-06-28 15:44:36[0m - dagster - [34mERROR[0m - [31mcatalog_pipeline - ebc97065-6128-42a2-b2da-a67be6821597 - 1931 - creators_list - STEP_FAILURE - Execution of step "creators_list" failed.

dagster.core.errors.DagsterExecutionStepExecutionError: Error occurred while executing solid "creators_list"::

ValueError: Need to specify at least one of 'labels', 'index' or 'columns'

Stack Trace:
  File "/home/pitanga/.local/share/virtualenvs/situated-views-yLYNqPII/lib/python3.8/site-packages/dagster/core/execution/plan/utils.py", line 42, in solid_execution_error_boundary
    yield
  File "/home/pitanga/.local/share/virtualenvs/situated-views-yLYNqPII/lib/python3.8/site-packages/dagster/utils/__init__.py", line 382, in iterate_with_context
    next_output = next(iterator)
  File "/home/pitanga/.local/share/virtualenvs/situated-views-yLYNqPII/lib/python3.8/site-packages/dagster/core/definitions/decorators/solid.py", line 307, in _coerce_solid_compute_fn_to_iterator
    result = fn(context, **kwargs) if context_arg_provided else fn(**kwargs)
  File "/mnt/d/ims/situated-views/bin/solids/catalog.py", line 118, in creators_list
    listed_creators.drop(level=0)
  File "/home/pitanga/.local/share/virtualenvs/situated-views-yLYNqPII/lib/python3.8/site-packages/pandas/core/frame.py", line 4308, in drop
    return super().drop(
  File "/home/pitanga/.local/share/virtualenvs/situated-views-yLYNqPII/lib/python3.8/site-packages/pandas/core/generic.py", line 4145, in drop
    raise ValueError(
[0m
