Appended: 001AN36001
Appended: 002080RJ2707
Appended: 002080RJN0519
Appended: 0072137cx015-07
Updated: 0073040cx023-01
Appended: 007A5P3F04-046
Updated: 0073040avulsoscx001e050-12
Updated: 007CX025-07
Updated: 007CX190-15
Updated: 007CX194-13
Appended: 007Dscn4369
Appended: 007KLAv-03
Appended: 007_IMG_1337
Appended: 007_IMG_1805
Updated: 007_IMG_1806
Appended: 007_IMG_1857
Updated: 007CX025-06
Appended: 007_IMG_2065
Appended: 007_IMG_2154
Appended: 007_IMG_2334
Updated: 007_IMG_2486
Appended: 007_IMG_2907
Updated: 007_IMG_2941
Appended: 007_IMG_3245
Appended: 007_IMG_3246
Appended: 007_IMG_3258
Appended: 007_IMG_3266
Updated: 007_IMG_3456
Updated: 007CX179-03
Appended: 007_IMG_3526
Updated: 007_IMG_3593
Appended: 007_IMG_3725
Appended: 007_IMG_3962
Appended: 007_IMG_4086
Appended: 013RJ012011
Appended: 015-Estereoscopia
