[32m2021-06-24 15:22:03[0m - dagster - [34mDEBUG[0m - metadata_pipeline - de472181-9282-4def-bbe3-cf7ee60fd3b5 - 16023 - create_metadata - LOGS_CAPTURED - Started capturing logs for solid: create_metadata.
[32m2021-06-24 15:22:03[0m - dagster - [34mDEBUG[0m - metadata_pipeline - de472181-9282-4def-bbe3-cf7ee60fd3b5 - 16023 - create_metadata - STEP_START - Started execution of step "create_metadata".
[32m2021-06-24 15:22:08[0m - dagster - [34mDEBUG[0m - metadata_pipeline - de472181-9282-4def-bbe3-cf7ee60fd3b5 - 16023 - create_metadata - LOADED_INPUT - Loaded input "camera" using input manager "camera_root"
[32m2021-06-24 15:22:08[0m - dagster - [34mDEBUG[0m - metadata_pipeline - de472181-9282-4def-bbe3-cf7ee60fd3b5 - 16023 - create_metadata - LOADED_INPUT - Loaded input "catalog" using input manager "catalog_root"
[32m2021-06-24 15:22:08[0m - dagster - [34mDEBUG[0m - metadata_pipeline - de472181-9282-4def-bbe3-cf7ee60fd3b5 - 16023 - create_metadata - LOADED_INPUT - Loaded input "images" using input manager "images_root"
[32m2021-06-24 15:22:09[0m - dagster - [34mDEBUG[0m - metadata_pipeline - de472181-9282-4def-bbe3-cf7ee60fd3b5 - 16023 - create_metadata - LOADED_INPUT - Loaded input "omeka" using input manager "omeka_root"
[32m2021-06-24 15:22:09[0m - dagster - [34mDEBUG[0m - metadata_pipeline - de472181-9282-4def-bbe3-cf7ee60fd3b5 - 16023 - create_metadata - LOADED_INPUT - Loaded input "portals" using input manager "portals_root"
[32m2021-06-24 15:22:09[0m - dagster - [34mDEBUG[0m - metadata_pipeline - de472181-9282-4def-bbe3-cf7ee60fd3b5 - 16023 - create_metadata - LOADED_INPUT - Loaded input "wikidata" using input manager "wikidata_root"
[32m2021-06-24 15:22:10[0m - dagster - [34mDEBUG[0m - metadata_pipeline - de472181-9282-4def-bbe3-cf7ee60fd3b5 - 16023 - create_metadata - STEP_INPUT - Got input "camera" of type "Any". (Type check passed).
[32m2021-06-24 15:22:10[0m - dagster - [34mDEBUG[0m - metadata_pipeline - de472181-9282-4def-bbe3-cf7ee60fd3b5 - 16023 - create_metadata - STEP_INPUT - Got input "catalog" of type "Any". (Type check passed).
[32m2021-06-24 15:22:10[0m - dagster - [34mDEBUG[0m - metadata_pipeline - de472181-9282-4def-bbe3-cf7ee60fd3b5 - 16023 - create_metadata - STEP_INPUT - Got input "images" of type "Any". (Type check passed).
[32m2021-06-24 15:22:10[0m - dagster - [34mDEBUG[0m - metadata_pipeline - de472181-9282-4def-bbe3-cf7ee60fd3b5 - 16023 - create_metadata - STEP_INPUT - Got input "omeka" of type "Any". (Type check passed).
[32m2021-06-24 15:22:11[0m - dagster - [34mDEBUG[0m - metadata_pipeline - de472181-9282-4def-bbe3-cf7ee60fd3b5 - 16023 - create_metadata - STEP_INPUT - Got input "portals" of type "Any". (Type check passed).
[32m2021-06-24 15:22:11[0m - dagster - [34mDEBUG[0m - metadata_pipeline - de472181-9282-4def-bbe3-cf7ee60fd3b5 - 16023 - create_metadata - STEP_INPUT - Got input "wikidata" of type "Any". (Type check passed).
[32m2021-06-24 15:22:12[0m - dagster - [34mERROR[0m - [31mmetadata_pipeline - de472181-9282-4def-bbe3-cf7ee60fd3b5 - 16023 - create_metadata - STEP_FAILURE - Execution of step "create_metadata" failed.

dagster.core.errors.DagsterExecutionStepExecutionError: Error occurred while executing solid "create_metadata"::

KeyError: "None of [Index(['001AAN005121', '001AAN005122', '001AAN005123', '001AAN005124',\n       '001AAN005125', '001AAN005126', '001AAN005127', '001AAN005128',\n       '001AAN005129', '001AAN005130',\n       ...\n       'P015 BR RJIHGB 125IG 0003', 'P015 BR RJIHGB 125IG 0004',\n       'P015 BR RJIHGB 125IG 0005', 'P015 BR RJIHGB 125IG 0006',\n       'P015 BR RJIHGB 125IG 0007', 'P015 BR RJIHGB 125IG 0008',\n       'P015 BR RJIHGB 125IG 0009', 'P015 BR RJIHGB 125IG 0010',\n       'P015 BR RJIHGB 125IG 0011', 'P015 BR RJIHGB 125IG 0012'],\n      dtype='object', length=5751)] are in the [index]"

Stack Trace:
  File "/home/pitanga/.local/share/virtualenvs/situated-views-yLYNqPII/lib/python3.8/site-packages/dagster/core/execution/plan/utils.py", line 42, in solid_execution_error_boundary
    yield
  File "/home/pitanga/.local/share/virtualenvs/situated-views-yLYNqPII/lib/python3.8/site-packages/dagster/utils/__init__.py", line 382, in iterate_with_context
    next_output = next(iterator)
  File "/home/pitanga/.local/share/virtualenvs/situated-views-yLYNqPII/lib/python3.8/site-packages/dagster/core/definitions/decorators/solid.py", line 307, in _coerce_solid_compute_fn_to_iterator
    result = fn(context, **kwargs) if context_arg_provided else fn(**kwargs)
  File "bin/pipelines/metadata_pipeline.py", line 93, in create_metadata
    metadata_new = metadata_new.loc[isin_catalog, "id"]
  File "/home/pitanga/.local/share/virtualenvs/situated-views-yLYNqPII/lib/python3.8/site-packages/pandas/core/indexing.py", line 889, in __getitem__
    return self._getitem_tuple(key)
  File "/home/pitanga/.local/share/virtualenvs/situated-views-yLYNqPII/lib/python3.8/site-packages/pandas/core/indexing.py", line 1060, in _getitem_tuple
    return self._getitem_lowerdim(tup)
  File "/home/pitanga/.local/share/virtualenvs/situated-views-yLYNqPII/lib/python3.8/site-packages/pandas/core/indexing.py", line 831, in _getitem_lowerdim
    return getattr(section, self.name)[new_key]
  File "/home/pitanga/.local/share/virtualenvs/situated-views-yLYNqPII/lib/python3.8/site-packages/pandas/core/indexing.py", line 895, in __getitem__
    return self._getitem_axis(maybe_callable, axis=axis)
  File "/home/pitanga/.local/share/virtualenvs/situated-views-yLYNqPII/lib/python3.8/site-packages/pandas/core/indexing.py", line 1113, in _getitem_axis
    return self._getitem_iterable(key, axis=axis)
  File "/home/pitanga/.local/share/virtualenvs/situated-views-yLYNqPII/lib/python3.8/site-packages/pandas/core/indexing.py", line 1053, in _getitem_iterable
    keyarr, indexer = self._get_listlike_indexer(key, axis, raise_missing=False)
  File "/home/pitanga/.local/share/virtualenvs/situated-views-yLYNqPII/lib/python3.8/site-packages/pandas/core/indexing.py", line 1266, in _get_listlike_indexer
    self._validate_read_indexer(keyarr, indexer, axis, raise_missing=raise_missing)
  File "/home/pitanga/.local/share/virtualenvs/situated-views-yLYNqPII/lib/python3.8/site-packages/pandas/core/indexing.py", line 1308, in _validate_read_indexer
    raise KeyError(f"None of [{key}] are in the [{axis_name}]")
[0m
