[32m2021-06-23 11:35:48[0m - dagster - [34mDEBUG[0m - apis_pipeline - f551eaa1-cea0-42b8-96ce-d8075e95697c - 18617 - update_metadata - LOGS_CAPTURED - Started capturing logs for solid: update_metadata.
[32m2021-06-23 11:35:49[0m - dagster - [34mDEBUG[0m - apis_pipeline - f551eaa1-cea0-42b8-96ce-d8075e95697c - 18617 - update_metadata - STEP_START - Started execution of step "update_metadata".
[32m2021-06-23 11:35:49[0m - dagster - [34mDEBUG[0m - apis_pipeline - f551eaa1-cea0-42b8-96ce-d8075e95697c - 18617 - update_metadata - LOADED_INPUT - Loaded input "df" using input manager "pandas_csv", from output "api_wikidata" of step "wikidata_dataframe"
[32m2021-06-23 11:35:49[0m - dagster - [34mERROR[0m - [31mapis_pipeline - f551eaa1-cea0-42b8-96ce-d8075e95697c - 18617 - update_metadata - STEP_FAILURE - Execution of step "update_metadata" failed.

dagster.core.errors.DagsterExecutionLoadInputError: Error occurred while loading input "metadata" of step "update_metadata"::

ValueError: Invalid file path or buffer object type: <class 'dict'>

Stack Trace:
  File "/home/pitanga/.local/share/virtualenvs/situated-views-yLYNqPII/lib/python3.8/site-packages/dagster/core/execution/plan/utils.py", line 42, in solid_execution_error_boundary
    yield
  File "/home/pitanga/.local/share/virtualenvs/situated-views-yLYNqPII/lib/python3.8/site-packages/dagster/core/execution/plan/inputs.py", line 510, in _load_input_with_input_manager
    value = input_manager.load_input(context)
  File "/home/pitanga/.local/share/virtualenvs/situated-views-yLYNqPII/lib/python3.8/site-packages/dagster/core/storage/root_input_manager.py", line 159, in load_input
    return self._load_fn(context)
  File "/mnt/d/ims/situated-views/bin/solids/utils.py", line 79, in root_input_csv
    return pd.read_csv(context.resource_config)
  File "/home/pitanga/.local/share/virtualenvs/situated-views-yLYNqPII/lib/python3.8/site-packages/pandas/io/parsers.py", line 610, in read_csv
    return _read(filepath_or_buffer, kwds)
  File "/home/pitanga/.local/share/virtualenvs/situated-views-yLYNqPII/lib/python3.8/site-packages/pandas/io/parsers.py", line 462, in _read
    parser = TextFileReader(filepath_or_buffer, **kwds)
  File "/home/pitanga/.local/share/virtualenvs/situated-views-yLYNqPII/lib/python3.8/site-packages/pandas/io/parsers.py", line 819, in __init__
    self._engine = self._make_engine(self.engine)
  File "/home/pitanga/.local/share/virtualenvs/situated-views-yLYNqPII/lib/python3.8/site-packages/pandas/io/parsers.py", line 1050, in _make_engine
    return mapping[engine](self.f, **self.options)  # type: ignore[call-arg]
  File "/home/pitanga/.local/share/virtualenvs/situated-views-yLYNqPII/lib/python3.8/site-packages/pandas/io/parsers.py", line 1867, in __init__
    self._open_handles(src, kwds)
  File "/home/pitanga/.local/share/virtualenvs/situated-views-yLYNqPII/lib/python3.8/site-packages/pandas/io/parsers.py", line 1362, in _open_handles
    self.handles = get_handle(
  File "/home/pitanga/.local/share/virtualenvs/situated-views-yLYNqPII/lib/python3.8/site-packages/pandas/io/common.py", line 558, in get_handle
    ioargs = _get_filepath_or_buffer(
  File "/home/pitanga/.local/share/virtualenvs/situated-views-yLYNqPII/lib/python3.8/site-packages/pandas/io/common.py", line 371, in _get_filepath_or_buffer
    raise ValueError(msg)
[0m
