[32m2021-06-08 12:22:02[0m - dagster - [34mDEBUG[0m - calatog_main - eecf54a0-e0b7-4319-af82-d927f0fa3fbf - 4240 - extract_dimensions - LOGS_CAPTURED - Started capturing logs for solid: extract_dimensions.
[32m2021-06-08 12:22:02[0m - dagster - [34mDEBUG[0m - calatog_main - eecf54a0-e0b7-4319-af82-d927f0fa3fbf - 4240 - extract_dimensions - STEP_START - Started execution of step "extract_dimensions".
[32m2021-06-08 12:22:03[0m - dagster - [34mERROR[0m - [31mcalatog_main - eecf54a0-e0b7-4319-af82-d927f0fa3fbf - 4240 - extract_dimensions - STEP_FAILURE - Execution of step "extract_dimensions" failed.

dagster.core.errors.DagsterExecutionInterruptedError

Stack Trace:
  File "/home/pitanga/.local/share/virtualenvs/situated-views-XI40jPuu/lib/python3.8/site-packages/dagster/core/execution/plan/execute_plan.py", line 193, in _dagster_event_sequence_for_step
    for step_event in check.generator(step_events):
  File "/home/pitanga/.local/share/virtualenvs/situated-views-XI40jPuu/lib/python3.8/site-packages/dagster/core/execution/plan/execute_step.py", line 284, in core_dagster_event_sequence_for_step
    for event_or_input_value in ensure_gen(step_input.source.load_input_object(step_context)):
  File "/home/pitanga/.local/share/virtualenvs/situated-views-XI40jPuu/lib/python3.8/site-packages/dagster/core/execution/plan/inputs.py", line 249, in load_input_object
    yield _load_input_with_input_manager(input_manager, self.get_load_context(step_context))
  File "/home/pitanga/.local/share/virtualenvs/situated-views-XI40jPuu/lib/python3.8/site-packages/dagster/core/execution/plan/inputs.py", line 500, in _load_input_with_input_manager
    with solid_execution_error_boundary(
  File "/usr/lib/python3.8/contextlib.py", line 113, in __enter__
    return next(self.gen)
  File "/home/pitanga/.local/share/virtualenvs/situated-views-XI40jPuu/lib/python3.8/site-packages/dagster/core/execution/plan/utils.py", line 40, in solid_execution_error_boundary
    with raise_execution_interrupts():
  File "/usr/lib/python3.8/contextlib.py", line 113, in __enter__
    return next(self.gen)
  File "/home/pitanga/.local/share/virtualenvs/situated-views-XI40jPuu/lib/python3.8/site-packages/dagster/core/errors.py", line 152, in raise_execution_interrupts
    with raise_interrupts_as(DagsterExecutionInterruptedError):
  File "/usr/lib/python3.8/contextlib.py", line 113, in __enter__
    return next(self.gen)
  File "/home/pitanga/.local/share/virtualenvs/situated-views-XI40jPuu/lib/python3.8/site-packages/dagster/utils/interrupts.py", line 73, in raise_interrupts_as
    raise error_cls()
[0m
