[32m2021-06-07 11:10:33[0m - dagster - [34mDEBUG[0m - camera_pipeline - 68d0cbe6-74a7-4022-a7db-be2013e665da - 364 - create_geojson - LOGS_CAPTURED - Started capturing logs for solid: create_geojson.
[32m2021-06-07 11:10:33[0m - dagster - [34mDEBUG[0m - camera_pipeline - 68d0cbe6-74a7-4022-a7db-be2013e665da - 364 - create_geojson - STEP_START - Started execution of step "create_geojson".
[32m2021-06-07 11:10:33[0m - dagster - [34mDEBUG[0m - camera_pipeline - 68d0cbe6-74a7-4022-a7db-be2013e665da - 364 - create_geojson - LOADED_INPUT - Loaded input "kmls" using input manager "io_manager", from output "result" of step "correct_altitude_mode"
[32m2021-06-07 11:10:34[0m - dagster - [34mDEBUG[0m - camera_pipeline - 68d0cbe6-74a7-4022-a7db-be2013e665da - 364 - create_geojson - STEP_INPUT - Got input "kmls" of type "Any". (Type check passed).
[32m2021-06-07 11:10:44[0m - dagster - [34mERROR[0m - [31mcamera_pipeline - 68d0cbe6-74a7-4022-a7db-be2013e665da - 364 - create_geojson - STEP_FAILURE - Execution of step "create_geojson" failed.

dagster.core.errors.DagsterExecutionStepExecutionError: Error occurred while executing solid "create_geojson"::

TypeError: Object of type FloatElement is not JSON serializable

Stack Trace:
  File "/home/pitanga/.local/share/virtualenvs/situated-views-XI40jPuu/lib/python3.8/site-packages/dagster/core/execution/plan/utils.py", line 42, in solid_execution_error_boundary
    yield
  File "/home/pitanga/.local/share/virtualenvs/situated-views-XI40jPuu/lib/python3.8/site-packages/dagster/utils/__init__.py", line 382, in iterate_with_context
    next_output = next(iterator)
  File "/home/pitanga/.local/share/virtualenvs/situated-views-XI40jPuu/lib/python3.8/site-packages/dagster/core/execution/plan/compute.py", line 126, in execute_core_compute
    for step_output in _yield_compute_results(step_context, inputs, compute_fn):
  File "/home/pitanga/.local/share/virtualenvs/situated-views-XI40jPuu/lib/python3.8/site-packages/dagster/core/execution/plan/compute.py", line 92, in _yield_compute_results
    user_event_generator = compute_fn(SolidExecutionContext(step_context), inputs)
  File "/home/pitanga/.local/share/virtualenvs/situated-views-XI40jPuu/lib/python3.8/site-packages/dagster/core/definitions/decorators/solid.py", line 329, in compute
    result = fn(context, **kwargs) if context_arg_provided else fn(**kwargs)
  File "/mnt/d/IMS/situated-views/bin/solids/camera.py", line 242, in create_geojson
    context.log.info(f"{collection}")
  File "/home/pitanga/.local/share/virtualenvs/situated-views-XI40jPuu/lib/python3.8/site-packages/geojson/base.py", line 27, in __repr__
    return geojson.dumps(self, sort_keys=True)
  File "/home/pitanga/.local/share/virtualenvs/situated-views-XI40jPuu/lib/python3.8/site-packages/geojson/codec.py", line 31, in dumps
    return json.dumps(to_mapping(obj),
  File "/usr/lib/python3.8/json/__init__.py", line 234, in dumps
    return cls(
  File "/usr/lib/python3.8/json/encoder.py", line 199, in encode
    chunks = self.iterencode(o, _one_shot=True)
  File "/usr/lib/python3.8/json/encoder.py", line 257, in iterencode
    return _iterencode(o, 0)
  File "/home/pitanga/.local/share/virtualenvs/situated-views-XI40jPuu/lib/python3.8/site-packages/geojson/codec.py", line 14, in default
    return geojson.factory.GeoJSON.to_instance(obj) # NOQA
  File "/home/pitanga/.local/share/virtualenvs/situated-views-XI40jPuu/lib/python3.8/site-packages/geojson/base.py", line 101, in to_instance
    mapping = to_mapping(ob)
  File "/home/pitanga/.local/share/virtualenvs/situated-views-XI40jPuu/lib/python3.8/site-packages/geojson/mapping.py", line 42, in to_mapping
    return json.loads(json.dumps(obj))
  File "/usr/lib/python3.8/json/__init__.py", line 231, in dumps
    return _default_encoder.encode(obj)
  File "/usr/lib/python3.8/json/encoder.py", line 199, in encode
    chunks = self.iterencode(o, _one_shot=True)
  File "/usr/lib/python3.8/json/encoder.py", line 257, in iterencode
    return _iterencode(o, 0)
  File "/usr/lib/python3.8/json/encoder.py", line 179, in default
    raise TypeError(f'Object of type {o.__class__.__name__} '
[0m
