[32m2021-12-21 18:04:40[0m - dagster - [34mDEBUG[0m - camera_pipeline - 5268b53c-d4b1-4396-a8c0-e68463149999 - 4871 - create_feature - LOGS_CAPTURED - Started capturing logs for solid: create_feature.
[32m2021-12-21 18:04:41[0m - dagster - [34mDEBUG[0m - camera_pipeline - 5268b53c-d4b1-4396-a8c0-e68463149999 - 4871 - create_feature - STEP_START - Started execution of step "create_feature".
[32m2021-12-21 18:04:41[0m - dagster - [34mDEBUG[0m - camera_pipeline - 5268b53c-d4b1-4396-a8c0-e68463149999 - 4871 - create_feature - LOADED_INPUT - Loaded input "kmls" using input manager "io_manager", from output "result" of step "correct_altitude_mode"
[32m2021-12-21 18:04:41[0m - dagster - [34mDEBUG[0m - camera_pipeline - 5268b53c-d4b1-4396-a8c0-e68463149999 - 4871 - create_feature - LOADED_INPUT - Loaded input "metadata" using input manager "metadata_root"
[32m2021-12-21 18:04:41[0m - dagster - [34mDEBUG[0m - camera_pipeline - 5268b53c-d4b1-4396-a8c0-e68463149999 - 4871 - create_feature - STEP_INPUT - Got input "kmls" of type "type_list_of_kmls". (Type check passed).
[32m2021-12-21 18:04:42[0m - dagster - [34mDEBUG[0m - camera_pipeline - 5268b53c-d4b1-4396-a8c0-e68463149999 - 4871 - create_feature - STEP_INPUT - Got input "metadata" of type "metadata_dataframe_types". (Type check passed).
KMLS:   0%|          | 0/10 [00:00<?, ?it/s][32m2021-12-21 18:04:43[0m - dagster - [34mINFO[0m - camera_pipeline - 5268b53c-d4b1-4396-a8c0-e68463149999 - create_feature - ERROR: 'NoneType' object has no attribute 'group' no ID: 0071824CX081-09
KMLS:  10%|█         | 1/10 [00:00<00:02,  3.62it/s][32m2021-12-21 18:04:43[0m - dagster - [34mINFO[0m - camera_pipeline - 5268b53c-d4b1-4396-a8c0-e68463149999 - create_feature - OK: 0073040AVULSOSCX001E050-12
KMLS:  20%|██        | 2/10 [00:00<00:02,  3.87it/s][32m2021-12-21 18:04:43[0m - dagster - [34mINFO[0m - camera_pipeline - 5268b53c-d4b1-4396-a8c0-e68463149999 - create_feature - ERROR: '007A5P4F01-36' no ID: 007A5P4F01-36
KMLS:  30%|███       | 3/10 [00:00<00:01,  4.07it/s][32m2021-12-21 18:04:43[0m - dagster - [34mINFO[0m - camera_pipeline - 5268b53c-d4b1-4396-a8c0-e68463149999 - create_feature - OK: 007CX025-06
KMLS:  40%|████      | 4/10 [00:01<00:01,  3.67it/s][32m2021-12-21 18:04:44[0m - dagster - [34mINFO[0m - camera_pipeline - 5268b53c-d4b1-4396-a8c0-e68463149999 - create_feature - OK: 007CX179-03
KMLS:  50%|█████     | 5/10 [00:01<00:01,  3.36it/s][32m2021-12-21 18:04:44[0m - dagster - [34mINFO[0m - camera_pipeline - 5268b53c-d4b1-4396-a8c0-e68463149999 - create_feature - ERROR: '02055REVDAARMADA084' no ID: 02055REVDAARMADA084
KMLS:  60%|██████    | 6/10 [00:01<00:01,  3.71it/s][32m2021-12-21 18:04:44[0m - dagster - [34mINFO[0m - camera_pipeline - 5268b53c-d4b1-4396-a8c0-e68463149999 - create_feature - ERROR: '2175340' no ID: 2175340
KMLS:  70%|███████   | 7/10 [00:01<00:00,  3.95it/s][32m2021-12-21 18:04:44[0m - dagster - [34mINFO[0m - camera_pipeline - 5268b53c-d4b1-4396-a8c0-e68463149999 - create_feature - ERROR: '2522145' no ID: 2522145
KMLS:  80%|████████  | 8/10 [00:02<00:00,  4.09it/s][32m2021-12-21 18:04:45[0m - dagster - [34mINFO[0m - camera_pipeline - 5268b53c-d4b1-4396-a8c0-e68463149999 - create_feature - ERROR: '2522172' no ID: 2522172
KMLS:  90%|█████████ | 9/10 [00:02<00:00,  4.30it/s][32m2021-12-21 18:04:45[0m - dagster - [34mINFO[0m - camera_pipeline - 5268b53c-d4b1-4396-a8c0-e68463149999 - create_feature - ERROR: 'NoneType' object has no attribute 'group' no ID: 31761910
KMLS: 100%|██████████| 10/10 [00:02<00:00,  4.16it/s]KMLS: 100%|██████████| 10/10 [00:02<00:00,  3.95it/s]
[32m2021-12-21 18:04:45[0m - dagster - [34mDEBUG[0m - camera_pipeline - 5268b53c-d4b1-4396-a8c0-e68463149999 - 4871 - create_feature - STEP_OUTPUT - Yielded output "result" of type "type_list_of_features". (Type check passed).
[32m2021-12-21 18:04:45[0m - dagster - [34mDEBUG[0m - camera_pipeline - 5268b53c-d4b1-4396-a8c0-e68463149999 - 4871 - create_feature - HANDLED_OUTPUT - Handled output "result" using IO manager "io_manager"
[32m2021-12-21 18:04:45[0m - dagster - [34mDEBUG[0m - camera_pipeline - 5268b53c-d4b1-4396-a8c0-e68463149999 - 4871 - create_feature - STEP_SUCCESS - Finished execution of step "create_feature" in 2.95s.
