OK: 001AAN005121
OK: 001AAN005122
OK: 001AAN005123
OK: 001AAN005124
OK: 001AAN005125
OK: 001AAN005126
OK: 001AAN005127
OK: 001AAN005128
OK: 001AAN005129
OK: 001AAN005135
OK: 001AAN005136
OK: 001AAN005137
OK: 001AAN005138
OK: 001AAN005139
OK: 001AAN005140
OK: 001AAN005141
OK: 001AAN005142
OK: 001AAN005143
OK: 001AAN005144
OK: 001AAN005145
OK: 001AAN005146
OK: 001AAN005147
OK: 001AAN005148
OK: 001AAN005149
OK: 001AAN005150
OK: 001AAN005151
OK: 001AAN014010
OK: 001AAN014011
OK: 001AAN014015
OK: 001AAN014016
OK: 001ACL017002
OK: 001ACL017006
OK: 001ACL017018
OK: 001ACL017022
OK: 001ACL018002
OK: 001ACL018004
OK: 001ACL019001
OK: 001ACL019003
OK: 001ACL019004
OK: 001ACL019005
OK: 001ACL019007
OK: 001ACL019009
OK: 001ACL019014
OK: 001ACL019026
OK: 001ACL019029
OK: 001ACL019030
OK: 001ACL019043
OK: 001ACL019053
OK: 001ACL019059
OK: 001ACL019093
OK: 001AE001001
OK: 001AE001002
OK: 001AE001003
OK: 001AF001001
OK: 001ALA011001
OK: 001ALA011002
OK: 001ALA011003
OK: 001ALA011004
OK: 001ALA011005
OK: 001ALA011006
OK: 001ALA011007
OK: 001ALA011008
OK: 001ALA011009
OK: 001ALA011010
OK: 001ALA011011
OK: 001ALA011012
OK: 001ALA011013
OK: 001ALA011014
OK: 001ALA011015
OK: 001ALA011016
OK: 001ALA011017
OK: 001ALA011018
OK: 001ALA011019
OK: 001ALA011020
OK: 001AM001001
OK: 001AM002001
OK: 001AM002002
OK: 001AM003
OK: 001AM004
OK: 001AM005001
OK: 001AM005002
OK: 001AM006
OK: 001AM008
OK: 001AM010
OK: 001AM011
OK: 001AM012001
OK: 001AM012002
OK: 001AM012003
OK: 001AM013
OK: 001AM014001
OK: 001AM014002
OK: 001AMF013001
OK: 001AMF013002
OK: 001AMF013003
OK: 001AMF013005
OK: 001AMF013007
OK: 001AMF013009
OK: 001AMF013010
OK: 001AMF015001
OK: 001AMF015002
OK: 001AMF015008
OK: 001AMF015015
OK: 001AMF015016
OK: 001AMF015020
OK: 001AMF015022
OK: 001AMF015024
OK: 001AMF015025
OK: 001AMF016001
OK: 001AMF016002
OK: 001AMF016005
OK: 001AMF016006
OK: 001AMF016008
OK: 001AMF016016
OK: 001AMF016025
OK: 001AMF016042
OK: 001AN01001001
OK: 001AN01001002
OK: 001AN01001003
OK: 001AN01001004
OK: 001AN01001006
OK: 001AN01001007
OK: 001AN01001008
OK: 001AN01001009
OK: 001AN01001010
OK: 001AN01001011
OK: 001AN01001018
OK: 001AN01001019
OK: 001AN01001020
OK: 001AN01001026
OK: 001AN01001027
OK: 001AN01001029
OK: 001AN01001030
OK: 001AN01001031
OK: 001AN01002001
OK: 001AN01002002
OK: 001AN01002003
OK: 001AN01002004
OK: 001AN01002005
OK: 001AN01002006
OK: 001AN01002007
OK: 001AN01002008
OK: 001AN01002009A
OK: 001AN01002009B
OK: 001AN01002010
OK: 001AN01002011
OK: 001AN01002012
OK: 001AN01002013
OK: 001AN01002014
OK: 001AN01002015
OK: 001AN01002016
OK: 001AN01002017A
OK: 001AN01002017B
OK: 001AN01002018
OK: 001AN01002019
OK: 001AN01002020
OK: 001AN01002021
OK: 001AN01002022
OK: 001AN01002023
OK: 001AN01002025
OK: 001AN01002026
OK: 001AN01002027
OK: 001AN01002028
OK: 001AN01002029
OK: 001AN01002030
OK: 001AN01002031
OK: 001AN01002032
OK: 001AN01002034
OK: 001AN01002035
OK: 001AN01002037
OK: 001AN01002038
OK: 001AN01002039
OK: 001AN01002040
OK: 001AN01002041
OK: 001AN01002045
OK: 001AN01002047
OK: 001AN01002048
OK: 001AN01002049
OK: 001AN01002050
OK: 001AN01002051
OK: 001AN01002052
OK: 001AN01002053
OK: 001AN01002054
OK: 001AN01002055
OK: 001AN01002056
OK: 001AN01002057
OK: 001AN01002059
OK: 001AN01002060
OK: 001AN01002067A
OK: 001AN01002067B
OK: 001AN01002074
OK: 001AN01002075
OK: 001AN01002076
OK: 001AN01002077
OK: 001AN01002078
OK: 001AN02001002
OK: 001AN02001004
OK: 001AN02001005
OK: 001AN02001006
OK: 001AN16001001
OK: 001AN16001002
OK: 001AN16001004
OK: 001AN16001006
OK: 001AN16001007
OK: 001AN16001008
OK: 001AN16001009
OK: 001AN16001012
OK: 001AN16001013
OK: 001AN24001003
OK: 001AN25001001
OK: 001AN25001002
OK: 001AN25001003
OK: 001AN29001001
OK: 001AN29001002
OK: 001AN29001003
OK: 001AN29001004
OK: 001AN30001001
OK: 001AN31001001
OK: 001AN31001002
OK: 001AN32001
OK: 001ANV022001
OK: 001ANV022002
OK: 001ANV022003
OK: 001ANV022004
OK: 001ANV022005
OK: 001ANV022006
OK: 001ANV022007
OK: 001ANV022009
OK: 001ANV022010
OK: 001ANV022011
OK: 001ANV022012
OK: 001ANV022013
OK: 001ANV022014
OK: 001ANV022015
OK: 001ANV022016
OK: 001ANV022017
OK: 001ANV022018
OK: 001ANV022019
OK: 001ANV022020
OK: 001ANV022021
OK: 001ANV022022
OK: 001ANV022023
OK: 001ANV022024
OK: 001AS001001
OK: 001AS001002
OK: 001AS001004
OK: 001ATK012001
OK: 001ATK012002
OK: 001ATK012003
OK: 001ATK012004
OK: 001ATK012005
OK: 001ATK012006
OK: 001ATK012007
OK: 001ATK012008
OK: 001ATK012009
OK: 001ATK012010
OK: 001ATK012011
OK: 001ATK012012
OK: 001ATK012013
OK: 001ATK012014
OK: 001ATK012015
OK: 001ATK012016
OK: 001ATK012017
OK: 001ATK012018
OK: 001ATK012019
OK: 001ATK012020
OK: 001ATK012021
OK: 001ATK012022
OK: 001ATK012023
OK: 001ATK012024
OK: 001AZ001
OK: 001BA001001
OK: 001BA001002
OK: 001BA001003
OK: 001BA002003
OK: 001BA002004
OK: 001BA003001
OK: 001BA003006
OK: 001BA003007
OK: 001BA003008
OK: 001BA003009
OK: 001BO001001
OK: 001BO002
OK: 001CC001024
OK: 001CC001027
OK: 001CC001032
OK: 001CC002
OK: 001CC003001
OK: 001CC006002
OK: 001CC007001
OK: 001CC007003
OK: 001CC007004
OK: 001CC007005
OK: 001CC007007
OK: 001CC007014
OK: 001CC007015
OK: 001CC007016
OK: 001CC007019
OK: 001CC007020
OK: 001CC007022
OK: 001CC007025
OK: 001CC008005
OK: 001CC008007
OK: 001CC011
OK: 001CC013
OK: 001CC015001
OK: 001CC015002
OK: 001CC015003
OK: 001CC015005
OK: 001CC016001
OK: 001CC016002
OK: 001CC016003
OK: 001CC017001
OK: 001CC017002
OK: 001CC018
OK: 001CC019001
OK: 001CC019002
OK: 001CC019005
OK: 001CC019007
OK: 001CC019008
OK: 001CC019010
OK: 001CC019011
OK: 001CC019012
OK: 001CC019013
OK: 001CC019014
OK: 001CC020001
OK: 001CC020002
OK: 001CC021
OK: 001CC023002
OK: 001CC023003
OK: 001CC025
OK: 001CC031
OK: 001CC032
OK: 001CC045
OK: 001CC047
OK: 001CE001
OK: 001CO001002
OK: 001CO001003
OK: 001CO001004
OK: 001CO001005
