Appended: 001AN30001003
Appended: 001BO001005
Appended: 001BO001007
Appended: 001BO001008
Updated: 001RR001004
Appended: 002080RJ2903
Appended: 002087BF009
Appended: 002095RJ005004
Updated: 0073040avulsoscx001e050-12
Updated: 007CX025-06
Appended: 007_IMG_2094
Appended: 007_IMG_2095
Appended: 007_IMG_2102
Appended: 007_IMG_2390
Appended: 007_IMG_3109
Appended: 007_IMG_3393
Appended: 007_IMG_3394
Appended: 007_IMG_3396
Updated: 007CX179-03
Appended: 007_IMG_3903
Appended: 007_IMG_3904
Appended: 007_IMG_3905
Appended: 007_IMG_3909
Appended: 007_IMG_3910
Appended: 013RJ007034
Appended: 013RJ012001
