Appended: 001ACL017029
Appended: 002001MF002003
Appended: 0072137cx018-02
Appended: 0073040cx023-01
Appended: 0073555cx006a007-03
Updated: 0073040avulsoscx001e050-12
Appended: 007A6P1A02-016
Appended: 007CX025-07
Appended: 007CX190-15
Appended: 007CX194-13
Appended: 007_IMG_1806
Updated: 007CX025-06
Appended: 007_IMG_2486
Appended: 007_IMG_2941
Appended: 007_IMG_3345
Appended: 007_IMG_3386
Appended: 007_IMG_3456
Updated: 007CX179-03
Appended: 007_IMG_3593
Appended: P002SAm52-0004
Appended: P002SAm52-0036
Appended: P002SAm52-0054
Appended: P002SAm52-0129
