OK: 001AAN005121
OK: 001AAN005122
OK: 001AAN005123
OK: 001AAN005124
OK: 001AAN005125
OK: 001AAN005126
OK: 001AAN005127
OK: 001AAN005128
OK: 001AAN005129
OK: 001AAN005135
OK: 001AAN005136
OK: 001AAN005137
OK: 001AAN005138
OK: 001AAN005139
OK: 001AAN005140
OK: 001AAN005141
OK: 001AAN005142
OK: 001AAN005143
OK: 001AAN005144
OK: 001AAN005145
OK: 001AAN005146
OK: 001AAN005147
OK: 001AAN005148
OK: 001AAN005149
OK: 001AAN005150
OK: 001AAN005151
OK: 001AAN014010
OK: 001AAN014011
OK: 001AAN014015
OK: 001AAN014016
OK: 001ACL017002
OK: 001ACL017006
OK: 001ACL017018
OK: 001ACL017022
OK: 001ACL018002
OK: 001ACL018004
OK: 001ACL019001
OK: 001ACL019003
OK: 001ACL019004
OK: 001ACL019005
OK: 001ACL019007
OK: 001ACL019009
OK: 001ACL019014
OK: 001ACL019026
OK: 001ACL019029
OK: 001ACL019030
OK: 001ACL019043
OK: 001ACL019053
OK: 001ACL019059
OK: 001ACL019093
OK: 001AE001001
OK: 001AE001002
OK: 001AE001003
OK: 001AF001001
OK: 001ALA011001
OK: 001ALA011002
OK: 001ALA011003
OK: 001ALA011004
OK: 001ALA011005
OK: 001ALA011006
OK: 001ALA011007
OK: 001ALA011008
OK: 001ALA011009
OK: 001ALA011010
OK: 001ALA011011
OK: 001ALA011012
OK: 001ALA011013
OK: 001ALA011014
OK: 001ALA011015
OK: 001ALA011016
OK: 001ALA011017
OK: 001ALA011018
OK: 001ALA011019
OK: 001ALA011020
OK: 001AM001001
OK: 001AM002001
OK: 001AM002002
OK: 001AM003
OK: 001AM004
OK: 001AM005001
OK: 001AM005002
OK: 001AM006
OK: 001AM008
OK: 001AM010
OK: 001AM011
OK: 001AM012001
OK: 001AM012002
OK: 001AM012003
OK: 001AM013
OK: 001AM014001
OK: 001AM014002
OK: 001AMF013001
OK: 001AMF013002
OK: 001AMF013003
OK: 001AMF013005
OK: 001AMF013007
OK: 001AMF013009
OK: 001AMF013010
OK: 001AMF015001
OK: 001AMF015002
OK: 001AMF015008
OK: 001AMF015015
OK: 001AMF015016
OK: 001AMF015020
OK: 001AMF015022
OK: 001AMF015024
OK: 001AMF015025
OK: 001AMF016001
OK: 001AMF016002
OK: 001AMF016005
OK: 001AMF016006
OK: 001AMF016008
OK: 001AMF016016
OK: 001AMF016025
OK: 001AMF016042
OK: 001AN01001001
OK: 001AN01001002
OK: 001AN01001003
OK: 001AN01001004
OK: 001AN01001006
OK: 001AN01001007
OK: 001AN01001008
OK: 001AN01001009
OK: 001AN01001010
OK: 001AN01001011
OK: 001AN01001018
OK: 001AN01001019
OK: 001AN01001020
OK: 001AN01001026
OK: 001AN01001027
OK: 001AN01001029
OK: 001AN01001030
OK: 001AN01001031
OK: 001AN01002001
OK: 001AN01002002
OK: 001AN01002003
OK: 001AN01002004
OK: 001AN01002005
OK: 001AN01002006
OK: 001AN01002007
OK: 001AN01002008
OK: 001AN01002009A
OK: 001AN01002009B
OK: 001AN01002010
OK: 001AN01002011
OK: 001AN01002012
OK: 001AN01002013
OK: 001AN01002014
OK: 001AN01002015
OK: 001AN01002016
OK: 001AN01002017A
OK: 001AN01002017B
OK: 001AN01002018
OK: 001AN01002019
OK: 001AN01002020
OK: 001AN01002021
OK: 001AN01002022
OK: 001AN01002023
OK: 001AN01002025
OK: 001AN01002026
OK: 001AN01002027
OK: 001AN01002028
OK: 001AN01002029
OK: 001AN01002030
OK: 001AN01002031
OK: 001AN01002032
OK: 001AN01002034
OK: 001AN01002035
OK: 001AN01002037
OK: 001AN01002038
OK: 001AN01002039
OK: 001AN01002040
OK: 001AN01002041
OK: 001AN01002045
OK: 001AN01002047
OK: 001AN01002048
OK: 001AN01002049
OK: 001AN01002050
OK: 001AN01002051
OK: 001AN01002052
OK: 001AN01002053
OK: 001AN01002054
OK: 001AN01002055
OK: 001AN01002056
OK: 001AN01002057
OK: 001AN01002059
OK: 001AN01002060
OK: 001AN01002067A
OK: 001AN01002067B
OK: 001AN01002074
OK: 001AN01002075
OK: 001AN01002076
OK: 001AN01002077
OK: 001AN01002078
OK: 001AN02001002
OK: 001AN02001004
OK: 001AN02001005
OK: 001AN02001006
OK: 001AN16001001
OK: 001AN16001002
OK: 001AN16001004
OK: 001AN16001006
OK: 001AN16001007
OK: 001AN16001008
OK: 001AN16001009
OK: 001AN16001012
OK: 001AN16001013
OK: 001AN24001003
OK: 001AN25001001
OK: 001AN25001002
OK: 001AN25001003
OK: 001AN29001001
OK: 001AN29001002
OK: 001AN29001003
OK: 001AN29001004
OK: 001AN30001001
OK: 001AN31001001
OK: 001AN31001002
OK: 001AN32001
OK: 001ANV022001
OK: 001ANV022002
OK: 001ANV022003
OK: 001ANV022004
OK: 001ANV022005
OK: 001ANV022006
OK: 001ANV022007
OK: 001ANV022009
OK: 001ANV022010
OK: 001ANV022011
OK: 001ANV022012
OK: 001ANV022013
OK: 001ANV022014
OK: 001ANV022015
OK: 001ANV022016
OK: 001ANV022017
OK: 001ANV022018
OK: 001ANV022019
OK: 001ANV022020
OK: 001ANV022021
OK: 001ANV022022
OK: 001ANV022023
OK: 001ANV022024
OK: 001AS001001
OK: 001AS001002
OK: 001AS001004
OK: 001ATK012001
OK: 001ATK012002
OK: 001ATK012003
OK: 001ATK012004
OK: 001ATK012005
OK: 001ATK012006
OK: 001ATK012007
OK: 001ATK012008
OK: 001ATK012009
OK: 001ATK012010
OK: 001ATK012011
OK: 001ATK012012
OK: 001ATK012013
OK: 001ATK012014
OK: 001ATK012015
OK: 001ATK012016
OK: 001ATK012017
OK: 001ATK012018
OK: 001ATK012019
OK: 001ATK012020
OK: 001ATK012021
OK: 001ATK012022
OK: 001ATK012023
OK: 001ATK012024
OK: 001AZ001
OK: 001BA001001
OK: 001BA001002
OK: 001BA001003
OK: 001BA002003
OK: 001BA002004
OK: 001BA003001
OK: 001BA003006
OK: 001BA003007
OK: 001BA003008
OK: 001BA003009
OK: 001BO001001
OK: 001BO002
OK: 001CC001024
OK: 001CC001027
OK: 001CC001032
OK: 001CC002
OK: 001CC003001
OK: 001CC006002
OK: 001CC007001
OK: 001CC007003
OK: 001CC007004
OK: 001CC007005
OK: 001CC007007
OK: 001CC007014
OK: 001CC007015
OK: 001CC007016
OK: 001CC007019
OK: 001CC007020
OK: 001CC007022
OK: 001CC007025
OK: 001CC008005
OK: 001CC008007
OK: 001CC011
OK: 001CC013
OK: 001CC015001
OK: 001CC015002
OK: 001CC015003
OK: 001CC015005
OK: 001CC016001
OK: 001CC016002
OK: 001CC016003
OK: 001CC017001
OK: 001CC017002
OK: 001CC018
OK: 001CC019001
OK: 001CC019002
OK: 001CC019005
OK: 001CC019007
OK: 001CC019008
OK: 001CC019010
OK: 001CC019011
OK: 001CC019012
OK: 001CC019013
OK: 001CC019014
OK: 001CC020001
OK: 001CC020002
OK: 001CC021
OK: 001CC023002
OK: 001CC023003
OK: 001CC025
OK: 001CC031
OK: 001CC032
OK: 001CC045
OK: 001CC047
OK: 001CE001
OK: 001CO001002
OK: 001CO001003
OK: 001CO001004
OK: 001CO001005
OK: 001CO001007
OK: 001FE001
OK: 001FM001001
OK: 001FM001002
OK: 001FM001003
OK: 001GU001001
OK: 001GU001002
OK: 001GU001003
OK: 001GU001005
OK: 001GU001006
OK: 001GU001007
OK: 001GU001008
OK: 001GU001009
OK: 001GU001010
OK: 001GU001011
OK: 001GU001012
OK: 001GU001013
OK: 001GU001014
OK: 001GU001015
OK: 001GU001016
OK: 001GU001017
OK: 001GU001018
OK: 001GU001019
OK: 001GU001020
OK: 001GU001021
OK: 001GU001022
OK: 001GU001023
OK: 001GU001024
OK: 001GU001025
OK: 001GU001026
OK: 001GU001027
OK: 001GU001028
OK: 001GU001029
OK: 001GU001030
OK: 001GU001031
OK: 001GU001032
OK: 001GU001033
OK: 001GU001034
OK: 001GU001035
OK: 001GU001036
OK: 001GU010001
OK: 001GU010002
OK: 001LE004001
OK: 001LN001001
OK: 001MC001001
OK: 001MF001001
OK: 001MF001002
OK: 001MF002001
OK: 001MF002003
OK: 001MF002004
OK: 001MF002005
OK: 001MF002006
OK: 001MF002007
OK: 001MF002008
OK: 001MF003001
OK: 001MF003002
OK: 001MF003003
OK: 001MF003004
OK: 001MF003005
OK: 001MF003007
OK: 001MF003008
OK: 001MF006001
OK: 001MF006002
OK: 001MF006003
OK: 001MF007001
OK: 001MF007002
OK: 001MF007003
OK: 001MF007004
OK: 001MF007005
OK: 001MF007007
OK: 001MF007008
OK: 001MF007010
OK: 001MF007011
OK: 001MF009
OK: 001MF011001
OK: 001MF011002
OK: 001MF012001
OK: 001MF012002
OK: 001MF012003
OK: 001MF012004
OK: 001MF014001
OK: 001MF014002
OK: 001MF014003
OK: 001MF014004
OK: 001MF014005
OK: 001MF015003
OK: 001MF015004
OK: 001MF015014
OK: 001MF015019
OK: 001MF017
OK: 001MF018001
OK: 001MF018002
OK: 001MF018003
OK: 001MF018005
OK: 001MF019
OK: 001MF020
OK: 001MF029014
OK: 001NV001001
OK: 001NV001002
OK: 001RJ001001
OK: 001RJ002
OK: 001RJ003
OK: 001RJ004003
OK: 001RJ005003
OK: 001RJ005004
OK: 001RJ005005
OK: 001RJ005006
OK: 001RJ007001
OK: 001RJ007002
OK: 001RJ007003
OK: 001RJ008001
OK: 001RO001002
OK: 001RO001003
OK: 001RO001004
OK: 001RO001006
OK: 001RO001007
OK: 001RO001008
OK: 001RO001009
OK: 001RO001010
OK: 001RO001011
OK: 001RO001013
OK: 001RO001014
OK: 001RO001015
OK: 001RO001025
OK: 001RO002001
OK: 001RO002002
OK: 001RO002003
OK: 001RO002004
OK: 001RO002005
OK: 001RO002006
OK: 001RO002007
OK: 001RO002008
OK: 001RO002009
OK: 001RO002010
OK: 001RO002011
OK: 001RO002012
OK: 001RO002013
OK: 001RO002014
OK: 001RO002016
OK: 001RO002017
OK: 001RO002018
OK: 001RO002019
OK: 001RO002020
OK: 001RO002021
OK: 001RO002022
OK: 001RO002023
OK: 001RO002024
OK: 001RO002025
OK: 001RO002026
OK: 001RO002027
OK: 001RO002029
OK: 001RO002032
OK: 001RO002033
OK: 001RO002034
OK: 001RO002035
OK: 001RO002036
OK: 001RO002037
OK: 001RO002038
OK: 001RO002039
OK: 001RR002
OK: 001RR004001
OK: 001RR004002
OK: 001RR004003
OK: 001RR004004
OK: 001RR004007
OK: 001RR005
OK: 001RR006001
OK: 001RR006002
OK: 001RR006003
OK: 001RR006004
OK: 001RR006006
OK: 001RR006007
OK: 001RR006008
OK: 001RR006009
OK: 001RR006010
OK: 001RR007001
OK: 001RR007002
OK: 001RR008
OK: 001SW001001
OK: 001SW001003
OK: 001SW001004
OK: 001SW001005
OK: 001TP001
OK: 002001MF002001
OK: 002002AMF002001
OK: 002002AMF002002
OK: 002002AMF002004
OK: 002002AMF002008
OK: 002003AM001
OK: 002003AM002
OK: 002003AM003
OK: 002003AM004
OK: 002008AV001
OK: 002008AV003
OK: 002008AV004
OK: 002008AV005-
OK: 002008AV006
OK: 002008AV007
OK: 002008AV008
OK: 002008AV009
OK: 002008AV010
OK: 002008AV011
OK: 002008AV012
OK: 002008AV013
OK: 002008AV014
OK: 002008AV015
OK: 002008AV018
OK: 002008AV019
OK: 002008AV020
OK: 002008AV021
OK: 002008AV022
OK: 002008AV023
OK: 002008AV025
OK: 002008AV026
OK: 002008AV028
OK: 002008AV029
OK: 002008AV030
OK: 002008AV032
OK: 002008CP001
OK: 002008CP005
OK: 002008CP009
OK: 002008DV001
OK: 002008DV002
OK: 002008DV003
OK: 002008DV004
OK: 002008OBAC001
OK: 002008OBAC002
OK: 002008OBAC003
OK: 002008OBAC005
OK: 002008OBAC007
OK: 002008OBAC008
OK: 002008OBAC009
OK: 002008OBAC010
OK: 002008OBAC011
OK: 002008OBAC014
OK: 002008OBAC015
OK: 002008OBAC016
OK: 002008OBAC017
OK: 002008OBAC020
OK: 002008OBAC021
OK: 002008OBAC022
OK: 002008OBAC023
OK: 002008OBAC024
OK: 002008OBAC025
OK: 002008OBAC026
OK: 002008OBAC027
OK: 002008OBAC028
OK: 002008OBAC029
OK: 002008OBAC031
OK: 002008OBAC032
OK: 002008OBAC035
OK: 002008OBAC036
OK: 002008OBAC037
OK: 002008OBAC038
OK: 002008OBAC039
OK: 002008OBAC040
OK: 002008OBAC041
OK: 002010TM003
OK: 002010TM007
OK: 002010TM014
OK: 002010TM015
OK: 002010TM016
OK: 002010TM026
OK: 002010TM027
OK: 002010TM028
OK: 002010TM030
OK: 002010TM031
OK: 002010TM032
OK: 002010TM033
OK: 002010TM035
OK: 002010TM036
OK: 002010TM037
OK: 002010TM038
OK: 002012AM001
OK: 002012AM002
OK: 002012AM003
OK: 002012AM004
OK: 002012AM005
OK: 002012LP001
OK: 002014RJRJ003
OK: 002014RJRJ004
OK: 002014RJRJ005
OK: 002014RJRJ006
OK: 002014RJRJ007
OK: 002014RJRJ008
OK: 002014RJRJ009
OK: 002014RJRJ010
OK: 002014RJRJ011
OK: 002014RJRJ012
OK: 002014RJRJ013
OK: 002014RJRJ015
OK: 002014RJRJ016
OK: 002016BI002
OK: 002016BI003
OK: 002016BI004
OK: 002016BI005
OK: 002016BI006
OK: 002016BI008
OK: 002021GU001
