17428.77432170987
17428.77432170987
17428.77432170987
None
None
11612.662905900168
11612.662905900168
11612.662905900168
752.6854334361667
752.6854334361667
752.6854334361667
None
None
None
None
None
None
559.0812256544267
559.0812256544267
559.0812256544267
794.3430549119031
794.3430549119031
794.3430549119031
44658.04287762158
44658.04287762158
44658.04287762158
None
None
None
None
None
None
None
None
None
None
None
None
None
None
None
None
505.2485875539745
505.2485875539745
505.2485875539745
None
None
17727.420756645508
17727.420756645508
17785.601354721024
17785.601354721024
17785.601354721024
15777.477446822537
15777.477446822537
15777.477446822537
18180.932867619038
18180.932867619038
18180.932867619038
None
None
18614.640737339276
18614.640737339276
18614.640737339276
None
None
349.0457533424439
349.0457533424439
349.0457533424439
