[32m2021-07-22 12:39:18[0m - dagster - [34mDEBUG[0m - apis_pipeline - f1583201-fb7f-47a3-ad6c-2c15859a74f1 - 585 - wikidata_dataframe - LOGS_CAPTURED - Started capturing logs for solid: wikidata_dataframe.
[32m2021-07-22 12:39:19[0m - dagster - [34mDEBUG[0m - apis_pipeline - f1583201-fb7f-47a3-ad6c-2c15859a74f1 - 585 - wikidata_dataframe - STEP_START - Started execution of step "wikidata_dataframe".
[32m2021-07-22 12:39:19[0m - dagster - [34mDEBUG[0m - apis_pipeline - f1583201-fb7f-47a3-ad6c-2c15859a74f1 - 585 - wikidata_dataframe - LOADED_INPUT - Loaded input "results" using input manager "io_manager", from output "result" of step "query_wikidata"
[32m2021-07-22 12:39:19[0m - dagster - [34mDEBUG[0m - apis_pipeline - f1583201-fb7f-47a3-ad6c-2c15859a74f1 - 585 - wikidata_dataframe - STEP_INPUT - Got input "results" of type "Any". (Type check passed).
[32m2021-07-22 12:39:19[0m - dagster - [34mERROR[0m - [31mapis_pipeline - f1583201-fb7f-47a3-ad6c-2c15859a74f1 - 585 - wikidata_dataframe - STEP_FAILURE - Execution of step "wikidata_dataframe" failed.

dagster.core.errors.DagsterExecutionStepExecutionError: Error occurred while executing solid "wikidata_dataframe"::

KeyError: 'Source ID'

Stack Trace:
  File "/home/pitanga/.local/share/virtualenvs/situated-views-etl-KhhASCmw/lib/python3.6/site-packages/dagster/core/execution/plan/utils.py", line 42, in solid_execution_error_boundary
    yield
  File "/home/pitanga/.local/share/virtualenvs/situated-views-etl-KhhASCmw/lib/python3.6/site-packages/dagster/utils/__init__.py", line 383, in iterate_with_context
    next_output = next(iterator)
  File "/home/pitanga/.local/share/virtualenvs/situated-views-etl-KhhASCmw/lib/python3.6/site-packages/dagster/core/execution/plan/compute_generator.py", line 65, in _coerce_solid_compute_fn_to_iterator
    result = fn(context, **kwargs) if context_arg_provided else fn(**kwargs)
  File "/mnt/e/situated-views-etl/solids/apis.py", line 137, in wikidata_dataframe
    wikidata_df = wikidata_df.groupby("Source ID", as_index=False).agg(
  File "/home/pitanga/.local/share/virtualenvs/situated-views-etl-KhhASCmw/lib/python3.6/site-packages/pandas/core/frame.py", line 6525, in groupby
    dropna=dropna,
  File "/home/pitanga/.local/share/virtualenvs/situated-views-etl-KhhASCmw/lib/python3.6/site-packages/pandas/core/groupby/groupby.py", line 533, in __init__
    dropna=self.dropna,
  File "/home/pitanga/.local/share/virtualenvs/situated-views-etl-KhhASCmw/lib/python3.6/site-packages/pandas/core/groupby/grouper.py", line 786, in get_grouper
    raise KeyError(gpr)
[0m
