Appended: 001AN02001001
Appended: 002073LM018
Appended: 002087BF013
Appended: 002095RJ005005
Appended: 002095RJ005006
Appended: 002095RJ005007
Appended: 0071824cx010-04
Appended: 007A5P3F04-045
Appended: 007A5P3F04-048
Updated: 0073040avulsoscx001e050-12
Appended: 007CX023-02
Appended: 007CX190-13
Updated: 007CX025-06
Appended: 007_IMG_2078
Appended: 007_IMG_2338
Appended: 007_IMG_2916
Appended: 007_IMG_3341
Updated: 007CX179-03
Appended: 007_IMG_3555
Appended: 007_IMG_3558
Appended: 007_IMG_3606
Appended: 007_IMG_3657
Appended: 007_IMG_3685
Appended: 007_IMG_3963
Appended: 007_IMG_4087
