[32m2021-07-23 16:15:19[0m - dagster - [34mDEBUG[0m - cumulus_pipeline - 94546498-8f5b-4ec9-8fb8-fca85bb9794d - 945 - create_columns - LOGS_CAPTURED - Started capturing logs for solid: create_columns.
[32m2021-07-23 16:15:19[0m - dagster - [34mDEBUG[0m - cumulus_pipeline - 94546498-8f5b-4ec9-8fb8-fca85bb9794d - 945 - create_columns - STEP_START - Started execution of step "create_columns".
[32m2021-07-23 16:15:20[0m - dagster - [34mDEBUG[0m - cumulus_pipeline - 94546498-8f5b-4ec9-8fb8-fca85bb9794d - 945 - create_columns - LOADED_INPUT - Loaded input "df_cumulus" using input manager "io_manager", from output "result" of step "format_date"
[32m2021-07-23 16:15:20[0m - dagster - [34mDEBUG[0m - cumulus_pipeline - 94546498-8f5b-4ec9-8fb8-fca85bb9794d - 945 - create_columns - STEP_INPUT - Got input "df_cumulus" of type "Any". (Type check passed).
/home/pitanga/.local/share/virtualenvs/situated-views-etl-KhhASCmw/lib/python3.6/site-packages/pandas/core/indexing.py:1763: SettingWithCopyWarning: 
A value is trying to be set on a copy of a slice from a DataFrame.
Try using .loc[row_indexer,col_indexer] = value instead

See the caveats in the documentation: https://pandas.pydata.org/pandas-docs/stable/user_guide/indexing.html#returning-a-view-versus-a-copy
  isetter(loc, value)
/home/pitanga/.local/share/virtualenvs/situated-views-etl-KhhASCmw/lib/python3.6/site-packages/pandas/core/indexing.py:1743: SettingWithCopyWarning: 
A value is trying to be set on a copy of a slice from a DataFrame.
Try using .loc[row_indexer,col_indexer] = value instead

See the caveats in the documentation: https://pandas.pydata.org/pandas-docs/stable/user_guide/indexing.html#returning-a-view-versus-a-copy
  isetter(ilocs[0], value)
/mnt/e/situated-views-etl/solids/cumulus.py:309: SettingWithCopyWarning: 
A value is trying to be set on a copy of a slice from a DataFrame.
Try using .loc[row_indexer,col_indexer] = value instead

See the caveats in the documentation: https://pandas.pydata.org/pandas-docs/stable/user_guide/indexing.html#returning-a-view-versus-a-copy
  df_cumulus["Description (English)"] = ""
/mnt/e/situated-views-etl/solids/cumulus.py:310: SettingWithCopyWarning: 
A value is trying to be set on a copy of a slice from a DataFrame.
Try using .loc[row_indexer,col_indexer] = value instead

See the caveats in the documentation: https://pandas.pydata.org/pandas-docs/stable/user_guide/indexing.html#returning-a-view-versus-a-copy
  df_cumulus["Type"] = "Photograph"
/mnt/e/situated-views-etl/solids/cumulus.py:311: SettingWithCopyWarning: 
A value is trying to be set on a copy of a slice from a DataFrame.
Try using .loc[row_indexer,col_indexer] = value instead

See the caveats in the documentation: https://pandas.pydata.org/pandas-docs/stable/user_guide/indexing.html#returning-a-view-versus-a-copy
  df_cumulus["Item Set"] = "all||views"
/mnt/e/situated-views-etl/solids/cumulus.py:312: SettingWithCopyWarning: 
A value is trying to be set on a copy of a slice from a DataFrame.
Try using .loc[row_indexer,col_indexer] = value instead

See the caveats in the documentation: https://pandas.pydata.org/pandas-docs/stable/user_guide/indexing.html#returning-a-view-versus-a-copy
  df_cumulus["Source"] = "Instituto Moreira Salles"
/mnt/e/situated-views-etl/solids/cumulus.py:313: SettingWithCopyWarning: 
A value is trying to be set on a copy of a slice from a DataFrame.
Try using .loc[row_indexer,col_indexer] = value instead

See the caveats in the documentation: https://pandas.pydata.org/pandas-docs/stable/user_guide/indexing.html#returning-a-view-versus-a-copy
  df_cumulus["License"] = ""
/mnt/e/situated-views-etl/solids/cumulus.py:314: SettingWithCopyWarning: 
A value is trying to be set on a copy of a slice from a DataFrame.
Try using .loc[row_indexer,col_indexer] = value instead

See the caveats in the documentation: https://pandas.pydata.org/pandas-docs/stable/user_guide/indexing.html#returning-a-view-versus-a-copy
  df_cumulus["Rights"] = ""
/mnt/e/situated-views-etl/solids/cumulus.py:315: SettingWithCopyWarning: 
A value is trying to be set on a copy of a slice from a DataFrame.
Try using .loc[row_indexer,col_indexer] = value instead

See the caveats in the documentation: https://pandas.pydata.org/pandas-docs/stable/user_guide/indexing.html#returning-a-view-versus-a-copy
  df_cumulus["Attribution"] = ""
/mnt/e/situated-views-etl/solids/cumulus.py:316: SettingWithCopyWarning: 
A value is trying to be set on a copy of a slice from a DataFrame.
Try using .loc[row_indexer,col_indexer] = value instead

See the caveats in the documentation: https://pandas.pydata.org/pandas-docs/stable/user_guide/indexing.html#returning-a-view-versus-a-copy
  df_cumulus["Smapshot ID"] = ""
[32m2021-07-23 16:15:20[0m - dagster - [34mDEBUG[0m - cumulus_pipeline - 94546498-8f5b-4ec9-8fb8-fca85bb9794d - 945 - create_columns - STEP_OUTPUT - Yielded output "result" of type "Any". (Type check passed).
[32m2021-07-23 16:15:20[0m - dagster - [34mDEBUG[0m - cumulus_pipeline - 94546498-8f5b-4ec9-8fb8-fca85bb9794d - 945 - create_columns - HANDLED_OUTPUT - Handled output "result" using IO manager "io_manager"
[32m2021-07-23 16:15:21[0m - dagster - [34mDEBUG[0m - cumulus_pipeline - 94546498-8f5b-4ec9-8fb8-fca85bb9794d - 945 - create_columns - STEP_SUCCESS - Finished execution of step "create_columns" in 475ms.
