OK: 001AAN005121
OK: 001AAN005122
OK: 001AAN005123
OK: 001AAN005124
OK: 001AAN005125
OK: 001AAN005126
OK: 001AAN005127
OK: 001AAN005128
OK: 001AAN005129
OK: 001AAN005135
OK: 001AAN005136
OK: 001AAN005137
OK: 001AAN005138
OK: 001AAN005139
OK: 001AAN005140
OK: 001AAN005141
OK: 001AAN005142
OK: 001AAN005143
OK: 001AAN005144
OK: 001AAN005145
OK: 001AAN005146
OK: 001AAN005147
OK: 001AAN005148
OK: 001AAN005149
OK: 001AAN005150
OK: 001AAN005151
OK: 001AAN014010
OK: 001AAN014011
OK: 001AAN014015
OK: 001AAN014016
OK: 001ACL017002
OK: 001ACL017006
OK: 001ACL017018
OK: 001ACL017022
OK: 001ACL018002
OK: 001ACL018004
OK: 001ACL019001
OK: 001ACL019003
OK: 001ACL019004
OK: 001ACL019005
OK: 001ACL019007
OK: 001ACL019009
OK: 001ACL019014
OK: 001ACL019026
OK: 001ACL019029
OK: 001ACL019030
OK: 001ACL019043
OK: 001ACL019053
OK: 001ACL019059
OK: 001ACL019093
OK: 001AE001001
OK: 001AE001002
OK: 001AE001003
OK: 001AF001001
OK: 001ALA011001
OK: 001ALA011002
OK: 001ALA011003
OK: 001ALA011004
OK: 001ALA011005
OK: 001ALA011006
OK: 001ALA011007
OK: 001ALA011008
OK: 001ALA011009
OK: 001ALA011010
OK: 001ALA011011
OK: 001ALA011012
OK: 001ALA011013
OK: 001ALA011014
OK: 001ALA011015
OK: 001ALA011016
OK: 001ALA011017
OK: 001ALA011018
OK: 001ALA011019
OK: 001ALA011020
OK: 001AM001001
OK: 001AM002001
OK: 001AM002002
OK: 001AM003
OK: 001AM004
OK: 001AM005001
OK: 001AM005002
OK: 001AM006
OK: 001AM008
OK: 001AM010
OK: 001AM011
OK: 001AM012001
OK: 001AM012002
OK: 001AM012003
OK: 001AM013
OK: 001AM014001
OK: 001AM014002
OK: 001AMF013001
OK: 001AMF013002
OK: 001AMF013003
OK: 001AMF013005
OK: 001AMF013007
OK: 001AMF013009
OK: 001AMF013010
OK: 001AMF015001
OK: 001AMF015002
OK: 001AMF015008
OK: 001AMF015015
OK: 001AMF015016
OK: 001AMF015020
OK: 001AMF015022
OK: 001AMF015024
OK: 001AMF015025
OK: 001AMF016001
OK: 001AMF016002
OK: 001AMF016005
OK: 001AMF016006
OK: 001AMF016008
OK: 001AMF016016
OK: 001AMF016025
OK: 001AMF016042
OK: 001AN01001001
OK: 001AN01001002
OK: 001AN01001003
OK: 001AN01001004
OK: 001AN01001006
OK: 001AN01001007
OK: 001AN01001008
OK: 001AN01001009
OK: 001AN01001010
OK: 001AN01001011
OK: 001AN01001018
OK: 001AN01001019
OK: 001AN01001020
OK: 001AN01001026
OK: 001AN01001027
OK: 001AN01001029
OK: 001AN01001030
