[32m2021-07-22 13:31:18[0m - dagster - [34mDEBUG[0m - cumulus_pipeline - 2833ddc8-7c02-480c-bffd-31500071fc75 - 2795 - select_columns - LOGS_CAPTURED - Started capturing logs for solid: select_columns.
[32m2021-07-22 13:31:18[0m - dagster - [34mDEBUG[0m - cumulus_pipeline - 2833ddc8-7c02-480c-bffd-31500071fc75 - 2795 - select_columns - STEP_START - Started execution of step "select_columns".
[32m2021-07-22 13:31:18[0m - dagster - [34mDEBUG[0m - cumulus_pipeline - 2833ddc8-7c02-480c-bffd-31500071fc75 - 2795 - select_columns - LOADED_INPUT - Loaded input "df_cumulus" using input manager "io_manager", from output "result" of step "format_date"
[32m2021-07-22 13:31:18[0m - dagster - [34mDEBUG[0m - cumulus_pipeline - 2833ddc8-7c02-480c-bffd-31500071fc75 - 2795 - select_columns - STEP_INPUT - Got input "df_cumulus" of type "Any". (Type check passed).
[32m2021-07-22 13:31:18[0m - dagster - [34mERROR[0m - [31mcumulus_pipeline - 2833ddc8-7c02-480c-bffd-31500071fc75 - 2795 - select_columns - STEP_FAILURE - Execution of step "select_columns" failed.

dagster.core.errors.DagsterExecutionStepExecutionError: Error occurred while executing solid "select_columns"::

KeyError: "['Item Set (text field)', 'License', 'Height (mm)', 'Attribution', 'Rights', 'Source ID', 'Smapshot ID', 'Source', 'Type', 'Description (English)', 'Item Set', 'Width (mm)'] not in index"

Stack Trace:
  File "/home/pitanga/.local/share/virtualenvs/situated-views-etl-KhhASCmw/lib/python3.6/site-packages/dagster/core/execution/plan/utils.py", line 42, in solid_execution_error_boundary
    yield
  File "/home/pitanga/.local/share/virtualenvs/situated-views-etl-KhhASCmw/lib/python3.6/site-packages/dagster/utils/__init__.py", line 383, in iterate_with_context
    next_output = next(iterator)
  File "/home/pitanga/.local/share/virtualenvs/situated-views-etl-KhhASCmw/lib/python3.6/site-packages/dagster/core/execution/plan/compute_generator.py", line 65, in _coerce_solid_compute_fn_to_iterator
    result = fn(context, **kwargs) if context_arg_provided else fn(**kwargs)
  File "/mnt/e/situated-views-etl/solids/cumulus.py", line 265, in select_columns
    "format",
  File "/home/pitanga/.local/share/virtualenvs/situated-views-etl-KhhASCmw/lib/python3.6/site-packages/pandas/core/frame.py", line 2912, in __getitem__
    indexer = self.loc._get_listlike_indexer(key, axis=1, raise_missing=True)[1]
  File "/home/pitanga/.local/share/virtualenvs/situated-views-etl-KhhASCmw/lib/python3.6/site-packages/pandas/core/indexing.py", line 1254, in _get_listlike_indexer
    self._validate_read_indexer(keyarr, indexer, axis, raise_missing=raise_missing)
  File "/home/pitanga/.local/share/virtualenvs/situated-views-etl-KhhASCmw/lib/python3.6/site-packages/pandas/core/indexing.py", line 1304, in _validate_read_indexer
    raise KeyError(f"{not_found} not in index")
[0m
