[32m2021-06-07 11:50:31[0m - dagster - [34mDEBUG[0m - camera_pipeline - 51b93697-41ce-4092-8827-4f21087dd8b3 - 846 - create_geojson - LOGS_CAPTURED - Started capturing logs for solid: create_geojson.
[32m2021-06-07 11:50:32[0m - dagster - [34mDEBUG[0m - camera_pipeline - 51b93697-41ce-4092-8827-4f21087dd8b3 - 846 - create_geojson - STEP_START - Started execution of step "create_geojson".
[32m2021-06-07 11:50:32[0m - dagster - [34mDEBUG[0m - camera_pipeline - 51b93697-41ce-4092-8827-4f21087dd8b3 - 846 - create_geojson - LOADED_INPUT - Loaded input "kmls" using input manager "io_manager", from output "result" of step "correct_altitude_mode"
[32m2021-06-07 11:50:32[0m - dagster - [34mDEBUG[0m - camera_pipeline - 51b93697-41ce-4092-8827-4f21087dd8b3 - 846 - create_geojson - STEP_INPUT - Got input "kmls" of type "Any". (Type check passed).
[32m2021-06-07 11:52:09[0m - dagster - [34mDEBUG[0m - camera_pipeline - 51b93697-41ce-4092-8827-4f21087dd8b3 - 846 - create_geojson - STEP_OUTPUT - Yielded output "camera" of type "Any". (Type check passed).
[32m2021-06-07 11:52:09[0m - dagster - [34mERROR[0m - [31mcamera_pipeline - 51b93697-41ce-4092-8827-4f21087dd8b3 - 846 - create_geojson - STEP_FAILURE - Execution of step "create_geojson" failed.

dagster.core.errors.DagsterExecutionHandleOutputError: Error occurred while handling output "camera" of step "create_geojson"::

TypeError: Object of type StringElement is not JSON serializable

Stack Trace:
  File "/home/pitanga/.local/share/virtualenvs/situated-views-XI40jPuu/lib/python3.8/site-packages/dagster/core/execution/plan/utils.py", line 42, in solid_execution_error_boundary
    yield
  File "/home/pitanga/.local/share/virtualenvs/situated-views-XI40jPuu/lib/python3.8/site-packages/dagster/utils/__init__.py", line 382, in iterate_with_context
    next_output = next(iterator)
  File "/mnt/d/IMS/situated-views/bin/solids/utils.py", line 42, in handle_output
    geojson.dump(feature_collection, f, ensure_ascii=False, indent=4)
  File "/home/pitanga/.local/share/virtualenvs/situated-views-XI40jPuu/lib/python3.8/site-packages/geojson/codec.py", line 26, in dump
    return json.dump(to_mapping(obj),
  File "/usr/lib/python3.8/json/__init__.py", line 179, in dump
    for chunk in iterable:
  File "/usr/lib/python3.8/json/encoder.py", line 431, in _iterencode
    yield from _iterencode_dict(o, _current_indent_level)
  File "/usr/lib/python3.8/json/encoder.py", line 405, in _iterencode_dict
    yield from chunks
  File "/usr/lib/python3.8/json/encoder.py", line 325, in _iterencode_list
    yield from chunks
  File "/usr/lib/python3.8/json/encoder.py", line 405, in _iterencode_dict
    yield from chunks
  File "/usr/lib/python3.8/json/encoder.py", line 405, in _iterencode_dict
    yield from chunks
  File "/usr/lib/python3.8/json/encoder.py", line 438, in _iterencode
    o = _default(o)
  File "/home/pitanga/.local/share/virtualenvs/situated-views-XI40jPuu/lib/python3.8/site-packages/geojson/codec.py", line 14, in default
    return geojson.factory.GeoJSON.to_instance(obj) # NOQA
  File "/home/pitanga/.local/share/virtualenvs/situated-views-XI40jPuu/lib/python3.8/site-packages/geojson/base.py", line 101, in to_instance
    mapping = to_mapping(ob)
  File "/home/pitanga/.local/share/virtualenvs/situated-views-XI40jPuu/lib/python3.8/site-packages/geojson/mapping.py", line 42, in to_mapping
    return json.loads(json.dumps(obj))
  File "/usr/lib/python3.8/json/__init__.py", line 231, in dumps
    return _default_encoder.encode(obj)
  File "/usr/lib/python3.8/json/encoder.py", line 199, in encode
    chunks = self.iterencode(o, _one_shot=True)
  File "/usr/lib/python3.8/json/encoder.py", line 257, in iterencode
    return _iterencode(o, 0)
  File "/usr/lib/python3.8/json/encoder.py", line 179, in default
    raise TypeError(f'Object of type {o.__class__.__name__} '
[0m
