[32m2021-06-07 16:10:13[0m - dagster - [34mDEBUG[0m - camera_pipeline - 1f55fa2a-fce6-4e1e-8edd-31c8e4f5f716 - 1914 - merge_dfs - LOGS_CAPTURED - Started capturing logs for solid: merge_dfs.
[32m2021-06-07 16:10:13[0m - dagster - [34mDEBUG[0m - camera_pipeline - 1f55fa2a-fce6-4e1e-8edd-31c8e4f5f716 - 1914 - merge_dfs - STEP_START - Started execution of step "merge_dfs".
[32m2021-06-07 16:10:13[0m - dagster - [34mDEBUG[0m - camera_pipeline - 1f55fa2a-fce6-4e1e-8edd-31c8e4f5f716 - 1914 - merge_dfs - LOADED_INPUT - Loaded input "df" using input manager "geojson", from output "camera" of step "create_geojson"
/home/pitanga/.local/share/virtualenvs/situated-views-XI40jPuu/lib/python3.8/site-packages/dagster/core/execution/plan/inputs.py:160: DtypeWarning: Columns (0,2,3,4,5,6,7,8,10,13,16,17,18,19,25,26,29,32,33,34,35,36,37) have mixed types.Specify dtype option on import or set low_memory=False.
  yield _load_input_with_input_manager(loader, load_input_context)
[32m2021-06-07 16:10:14[0m - dagster - [34mDEBUG[0m - camera_pipeline - 1f55fa2a-fce6-4e1e-8edd-31c8e4f5f716 - 1914 - merge_dfs - LOADED_INPUT - Loaded input "metadata" using input manager "metadata_root"
[32m2021-06-07 16:10:14[0m - dagster - [34mDEBUG[0m - camera_pipeline - 1f55fa2a-fce6-4e1e-8edd-31c8e4f5f716 - 1914 - merge_dfs - STEP_INPUT - Got input "df" of type "Any". (Type check passed).
[32m2021-06-07 16:10:15[0m - dagster - [34mDEBUG[0m - camera_pipeline - 1f55fa2a-fce6-4e1e-8edd-31c8e4f5f716 - 1914 - merge_dfs - STEP_INPUT - Got input "metadata" of type "Any". (Type check passed).
[32m2021-06-07 16:10:15[0m - dagster - [34mDEBUG[0m - camera_pipeline - 1f55fa2a-fce6-4e1e-8edd-31c8e4f5f716 - 1914 - merge_dfs - STEP_OUTPUT - Yielded output "metadata" of type "Any". (Type check passed).
/home/pitanga/.local/share/virtualenvs/situated-views-XI40jPuu/lib/python3.8/site-packages/dagster/core/execution/plan/execute_step.py:364: ExperimentalWarning: Yielding metadata from an IOManager's handle_output() function is currently experimental functionality. It may break in future versions, even between dot releases. To mute warnings for experimental functionality, invoke warnings.filterwarnings("ignore", category=dagster.ExperimentalWarning) or use one of the other methods described at https://docs.python.org/3/library/warnings.html#describing-warning-filters.
  for evt in _store_output(step_context, step_output_handle, output, input_lineage):
[32m2021-06-07 16:10:17[0m - dagster - [34mDEBUG[0m - camera_pipeline - 1f55fa2a-fce6-4e1e-8edd-31c8e4f5f716 - 1914 - merge_dfs - ASSET_MATERIALIZATION - saved csv
[32m2021-06-07 16:10:18[0m - dagster - [34mDEBUG[0m - camera_pipeline - 1f55fa2a-fce6-4e1e-8edd-31c8e4f5f716 - 1914 - merge_dfs - HANDLED_OUTPUT - Handled output "metadata" using IO manager "pandas_csv"
[32m2021-06-07 16:10:18[0m - dagster - [34mERROR[0m - [31mcamera_pipeline - 1f55fa2a-fce6-4e1e-8edd-31c8e4f5f716 - 1914 - merge_dfs - STEP_FAILURE - Execution of step "merge_dfs" failed.

dagster.core.errors.DagsterExecutionInterruptedError

Stack Trace:
  File "/home/pitanga/.local/share/virtualenvs/situated-views-XI40jPuu/lib/python3.8/site-packages/dagster/core/execution/plan/execute_plan.py", line 193, in _dagster_event_sequence_for_step
    for step_event in check.generator(step_events):
  File "/home/pitanga/.local/share/virtualenvs/situated-views-XI40jPuu/lib/python3.8/site-packages/dagster/core/execution/plan/execute_step.py", line 305, in core_dagster_event_sequence_for_step
    for user_event in check.generator(
  File "/home/pitanga/.local/share/virtualenvs/situated-views-XI40jPuu/lib/python3.8/site-packages/dagster/core/execution/plan/execute_step.py", line 64, in _step_output_error_checked_user_event_sequence
    for user_event in user_event_sequence:
  File "/home/pitanga/.local/share/virtualenvs/situated-views-XI40jPuu/lib/python3.8/site-packages/dagster/core/execution/plan/execute_step.py", line 599, in _user_event_sequence_for_step_compute_fn
    for event in iterate_with_context(
  File "/home/pitanga/.local/share/virtualenvs/situated-views-XI40jPuu/lib/python3.8/site-packages/dagster/utils/__init__.py", line 380, in iterate_with_context
    with context_fn():
  File "/usr/lib/python3.8/contextlib.py", line 113, in __enter__
    return next(self.gen)
  File "/home/pitanga/.local/share/virtualenvs/situated-views-XI40jPuu/lib/python3.8/site-packages/dagster/core/execution/plan/utils.py", line 40, in solid_execution_error_boundary
    with raise_execution_interrupts():
  File "/usr/lib/python3.8/contextlib.py", line 113, in __enter__
    return next(self.gen)
  File "/home/pitanga/.local/share/virtualenvs/situated-views-XI40jPuu/lib/python3.8/site-packages/dagster/core/errors.py", line 152, in raise_execution_interrupts
    with raise_interrupts_as(DagsterExecutionInterruptedError):
  File "/usr/lib/python3.8/contextlib.py", line 113, in __enter__
    return next(self.gen)
  File "/home/pitanga/.local/share/virtualenvs/situated-views-XI40jPuu/lib/python3.8/site-packages/dagster/utils/interrupts.py", line 73, in raise_interrupts_as
    raise error_cls()
[0m
