[32m2021-06-17 15:15:34[0m - dagster - [34mDEBUG[0m - export_pipeline - bbdc33af-0150-4077-8922-3031c91aacde - 30476 - organize_df_to_gis - LOGS_CAPTURED - Started capturing logs for solid: organize_df_to_gis.
[32m2021-06-17 15:15:34[0m - dagster - [34mDEBUG[0m - export_pipeline - bbdc33af-0150-4077-8922-3031c91aacde - 30476 - organize_df_to_gis - STEP_START - Started execution of step "organize_df_to_gis".
[32m2021-06-17 15:15:34[0m - dagster - [34mDEBUG[0m - export_pipeline - bbdc33af-0150-4077-8922-3031c91aacde - 30476 - organize_df_to_gis - LOADED_INPUT - Loaded input "df" using input manager "io_manager", from output "result" of step "load_metadata"
[32m2021-06-17 15:15:34[0m - dagster - [34mDEBUG[0m - export_pipeline - bbdc33af-0150-4077-8922-3031c91aacde - 30476 - organize_df_to_gis - STEP_INPUT - Got input "df" of type "Any". (Type check passed).
[32m2021-06-17 15:15:35[0m - dagster - [34mERROR[0m - [31mexport_pipeline - bbdc33af-0150-4077-8922-3031c91aacde - 30476 - organize_df_to_gis - STEP_FAILURE - Execution of step "organize_df_to_gis" failed.

dagster.core.errors.DagsterExecutionStepExecutionError: Error occurred while executing solid "organize_df_to_gis"::

AttributeError: 'DataFrame' object has no attribute 'dt'

Stack Trace:
  File "/home/pitanga/.local/share/virtualenvs/situated-views-XI40jPuu/lib/python3.8/site-packages/dagster/core/execution/plan/utils.py", line 42, in solid_execution_error_boundary
    yield
  File "/home/pitanga/.local/share/virtualenvs/situated-views-XI40jPuu/lib/python3.8/site-packages/dagster/utils/__init__.py", line 382, in iterate_with_context
    next_output = next(iterator)
  File "/home/pitanga/.local/share/virtualenvs/situated-views-XI40jPuu/lib/python3.8/site-packages/dagster/core/execution/plan/compute.py", line 126, in execute_core_compute
    for step_output in _yield_compute_results(step_context, inputs, compute_fn):
  File "/home/pitanga/.local/share/virtualenvs/situated-views-XI40jPuu/lib/python3.8/site-packages/dagster/core/execution/plan/compute.py", line 92, in _yield_compute_results
    user_event_generator = compute_fn(SolidExecutionContext(step_context), inputs)
  File "/home/pitanga/.local/share/virtualenvs/situated-views-XI40jPuu/lib/python3.8/site-packages/dagster/core/definitions/decorators/solid.py", line 329, in compute
    result = fn(context, **kwargs) if context_arg_provided else fn(**kwargs)
  File "/mnt/d/IMS/situated-views/bin/solids/export.py", line 138, in organize_df_to_gis
    gis_df["First Year"] = gis_df["First Year"].dt.strftime("%Y")
  File "/home/pitanga/.local/share/virtualenvs/situated-views-XI40jPuu/lib/python3.8/site-packages/pandas/core/generic.py", line 5465, in __getattr__
    return object.__getattribute__(self, name)
[0m
