[32m2021-06-17 15:15:31[0m - dagster - [34mDEBUG[0m - export_pipeline - bbdc33af-0150-4077-8922-3031c91aacde - 30476 - organize_columns_to_omeka - LOGS_CAPTURED - Started capturing logs for solid: organize_columns_to_omeka.
[32m2021-06-17 15:15:32[0m - dagster - [34mDEBUG[0m - export_pipeline - bbdc33af-0150-4077-8922-3031c91aacde - 30476 - organize_columns_to_omeka - STEP_START - Started execution of step "organize_columns_to_omeka".
[32m2021-06-17 15:15:32[0m - dagster - [34mDEBUG[0m - export_pipeline - bbdc33af-0150-4077-8922-3031c91aacde - 30476 - organize_columns_to_omeka - LOADED_INPUT - Loaded input "df" using input manager "io_manager", from output "result" of step "load_metadata"
[32m2021-06-17 15:15:32[0m - dagster - [34mDEBUG[0m - export_pipeline - bbdc33af-0150-4077-8922-3031c91aacde - 30476 - organize_columns_to_omeka - STEP_INPUT - Got input "df" of type "Any". (Type check passed).
[32m2021-06-17 15:15:33[0m - dagster - [34mERROR[0m - [31mexport_pipeline - bbdc33af-0150-4077-8922-3031c91aacde - 30476 - organize_columns_to_omeka - STEP_FAILURE - Execution of step "organize_columns_to_omeka" failed.

dagster.core.errors.DagsterExecutionStepExecutionError: Error occurred while executing solid "organize_columns_to_omeka"::

FileNotFoundError: [Errno 2] No such file or directory: 'data-out/smapshot.csv'

Stack Trace:
  File "/home/pitanga/.local/share/virtualenvs/situated-views-XI40jPuu/lib/python3.8/site-packages/dagster/core/execution/plan/utils.py", line 42, in solid_execution_error_boundary
    yield
  File "/home/pitanga/.local/share/virtualenvs/situated-views-XI40jPuu/lib/python3.8/site-packages/dagster/utils/__init__.py", line 382, in iterate_with_context
    next_output = next(iterator)
  File "/home/pitanga/.local/share/virtualenvs/situated-views-XI40jPuu/lib/python3.8/site-packages/dagster/core/execution/plan/compute.py", line 126, in execute_core_compute
    for step_output in _yield_compute_results(step_context, inputs, compute_fn):
  File "/home/pitanga/.local/share/virtualenvs/situated-views-XI40jPuu/lib/python3.8/site-packages/dagster/core/execution/plan/compute.py", line 92, in _yield_compute_results
    user_event_generator = compute_fn(SolidExecutionContext(step_context), inputs)
  File "/home/pitanga/.local/share/virtualenvs/situated-views-XI40jPuu/lib/python3.8/site-packages/dagster/core/definitions/decorators/solid.py", line 329, in compute
    result = fn(context, **kwargs) if context_arg_provided else fn(**kwargs)
  File "/mnt/d/IMS/situated-views/bin/solids/export.py", line 54, in organize_columns_to_omeka
    smapshot = pd.read_csv("data-out/smapshot.csv")
  File "/home/pitanga/.local/share/virtualenvs/situated-views-XI40jPuu/lib/python3.8/site-packages/pandas/io/parsers.py", line 610, in read_csv
    return _read(filepath_or_buffer, kwds)
  File "/home/pitanga/.local/share/virtualenvs/situated-views-XI40jPuu/lib/python3.8/site-packages/pandas/io/parsers.py", line 462, in _read
    parser = TextFileReader(filepath_or_buffer, **kwds)
  File "/home/pitanga/.local/share/virtualenvs/situated-views-XI40jPuu/lib/python3.8/site-packages/pandas/io/parsers.py", line 819, in __init__
    self._engine = self._make_engine(self.engine)
  File "/home/pitanga/.local/share/virtualenvs/situated-views-XI40jPuu/lib/python3.8/site-packages/pandas/io/parsers.py", line 1050, in _make_engine
    return mapping[engine](self.f, **self.options)  # type: ignore[call-arg]
  File "/home/pitanga/.local/share/virtualenvs/situated-views-XI40jPuu/lib/python3.8/site-packages/pandas/io/parsers.py", line 1867, in __init__
    self._open_handles(src, kwds)
  File "/home/pitanga/.local/share/virtualenvs/situated-views-XI40jPuu/lib/python3.8/site-packages/pandas/io/parsers.py", line 1362, in _open_handles
    self.handles = get_handle(
  File "/home/pitanga/.local/share/virtualenvs/situated-views-XI40jPuu/lib/python3.8/site-packages/pandas/io/common.py", line 642, in get_handle
    handle = open(
[0m
