[32m2021-06-04 13:06:07[0m - dagster - [34mDEBUG[0m - camera_pipeline - 2b20235f-47de-445c-8af3-53eecaa894c6 - 5358 - create_geojson - LOGS_CAPTURED - Started capturing logs for solid: create_geojson.
[32m2021-06-04 13:06:08[0m - dagster - [34mDEBUG[0m - camera_pipeline - 2b20235f-47de-445c-8af3-53eecaa894c6 - 5358 - create_geojson - STEP_START - Started execution of step "create_geojson".
[32m2021-06-04 13:06:08[0m - dagster - [34mDEBUG[0m - camera_pipeline - 2b20235f-47de-445c-8af3-53eecaa894c6 - 5358 - create_geojson - LOADED_INPUT - Loaded input "kmls" using input manager "io_manager", from output "result" of step "correct_altitude_mode"
[32m2021-06-04 13:06:09[0m - dagster - [34mDEBUG[0m - camera_pipeline - 2b20235f-47de-445c-8af3-53eecaa894c6 - 5358 - create_geojson - STEP_INPUT - Got input "kmls" of type "Any". (Type check passed).
/home/pitanga/.local/share/virtualenvs/situated-views-XI40jPuu/lib/python3.8/site-packages/pyproj/crs/crs.py:68: FutureWarning: '+init=<authority>:<code>' syntax is deprecated. '<authority>:<code>' is the preferred initialization method. When making the change, be mindful of axis order changes: https://pyproj4.github.io/pyproj/stable/gotchas.html#axis-order-changes-in-proj-6
  return _prepare_from_string(" ".join(pjargs))
/home/pitanga/.local/share/virtualenvs/situated-views-XI40jPuu/lib/python3.8/site-packages/pyproj/crs/crs.py:306: FutureWarning: '+init=<authority>:<code>' syntax is deprecated. '<authority>:<code>' is the preferred initialization method. When making the change, be mindful of axis order changes: https://pyproj4.github.io/pyproj/stable/gotchas.html#axis-order-changes-in-proj-6
  projstring = _prepare_from_string(" ".join((projstring, projkwargs)))
/home/pitanga/.local/share/virtualenvs/situated-views-XI40jPuu/lib/python3.8/site-packages/pyproj/crs/crs.py:68: FutureWarning: '+init=<authority>:<code>' syntax is deprecated. '<authority>:<code>' is the preferred initialization method. When making the change, be mindful of axis order changes: https://pyproj4.github.io/pyproj/stable/gotchas.html#axis-order-changes-in-proj-6
  return _prepare_from_string(" ".join(pjargs))
/home/pitanga/.local/share/virtualenvs/situated-views-XI40jPuu/lib/python3.8/site-packages/pyproj/crs/crs.py:306: FutureWarning: '+init=<authority>:<code>' syntax is deprecated. '<authority>:<code>' is the preferred initialization method. When making the change, be mindful of axis order changes: https://pyproj4.github.io/pyproj/stable/gotchas.html#axis-order-changes-in-proj-6
  projstring = _prepare_from_string(" ".join((projstring, projkwargs)))
/home/pitanga/.local/share/virtualenvs/situated-views-XI40jPuu/lib/python3.8/site-packages/pyproj/crs/crs.py:68: FutureWarning: '+init=<authority>:<code>' syntax is deprecated. '<authority>:<code>' is the preferred initialization method. When making the change, be mindful of axis order changes: https://pyproj4.github.io/pyproj/stable/gotchas.html#axis-order-changes-in-proj-6
  return _prepare_from_string(" ".join(pjargs))
/home/pitanga/.local/share/virtualenvs/situated-views-XI40jPuu/lib/python3.8/site-packages/pyproj/crs/crs.py:306: FutureWarning: '+init=<authority>:<code>' syntax is deprecated. '<authority>:<code>' is the preferred initialization method. When making the change, be mindful of axis order changes: https://pyproj4.github.io/pyproj/stable/gotchas.html#axis-order-changes-in-proj-6
  projstring = _prepare_from_string(" ".join((projstring, projkwargs)))
[32m2021-06-04 13:06:11[0m - dagster - [34mERROR[0m - [31mcamera_pipeline - 2b20235f-47de-445c-8af3-53eecaa894c6 - 5358 - create_geojson - STEP_FAILURE - Execution of step "create_geojson" failed.

dagster.core.errors.DagsterExecutionStepExecutionError: Error occurred while executing solid "create_geojson"::

AttributeError: 'float' object has no attribute 'split'

Stack Trace:
  File "/home/pitanga/.local/share/virtualenvs/situated-views-XI40jPuu/lib/python3.8/site-packages/dagster/core/execution/plan/utils.py", line 42, in solid_execution_error_boundary
    yield
  File "/home/pitanga/.local/share/virtualenvs/situated-views-XI40jPuu/lib/python3.8/site-packages/dagster/utils/__init__.py", line 382, in iterate_with_context
    next_output = next(iterator)
  File "/home/pitanga/.local/share/virtualenvs/situated-views-XI40jPuu/lib/python3.8/site-packages/dagster/core/execution/plan/compute.py", line 126, in execute_core_compute
    for step_output in _yield_compute_results(step_context, inputs, compute_fn):
  File "/home/pitanga/.local/share/virtualenvs/situated-views-XI40jPuu/lib/python3.8/site-packages/dagster/core/execution/plan/compute.py", line 92, in _yield_compute_results
    user_event_generator = compute_fn(SolidExecutionContext(step_context), inputs)
  File "/home/pitanga/.local/share/virtualenvs/situated-views-XI40jPuu/lib/python3.8/site-packages/dagster/core/definitions/decorators/solid.py", line 329, in compute
    result = fn(context, **kwargs) if context_arg_provided else fn(**kwargs)
  File "/mnt/d/IMS/situated-views/bin/solids/camera.py", line 223, in create_geojson
    radius = get_radius(kml)
  File "/mnt/d/IMS/situated-views/bin/solids/camera.py", line 68, in get_radius
    depicts = depicts.split("||")
[0m
