data-in/kml/001AAN005121.kml
                                              title  ...                                   omeka_url
id                                                   ...                                            
001AAN005121                 Vista do Pão de Açúcar  ...  https://images.imaginerio.org/api/items/19
001AAN005122                            Ilha Fiscal  ...  https://images.imaginerio.org/api/items/20
001AAN005123                        Ilha das Cobras  ...  https://images.imaginerio.org/api/items/21
001AAN005124                  Rua Primeiro de Março  ...  https://images.imaginerio.org/api/items/22
001AAN005125  Quartel Central do Corpo de Bombeiros  ...  https://images.imaginerio.org/api/items/23

[5 rows x 29 columns]
17428.77432170987
17428.77432170987
17428.77432170987
data-in/kml/001AAN005122.kml
                                              title  ...                                   omeka_url
id                                                   ...                                            
001AAN005121                 Vista do Pão de Açúcar  ...  https://images.imaginerio.org/api/items/19
001AAN005122                            Ilha Fiscal  ...  https://images.imaginerio.org/api/items/20
001AAN005123                        Ilha das Cobras  ...  https://images.imaginerio.org/api/items/21
001AAN005124                  Rua Primeiro de Março  ...  https://images.imaginerio.org/api/items/22
001AAN005125  Quartel Central do Corpo de Bombeiros  ...  https://images.imaginerio.org/api/items/23

[5 rows x 29 columns]
