OK: 001AAN005121
OK: 001AAN005122
OK: 001AAN005123
OK: 001AAN005124
OK: 001AAN005125
OK: 001AAN005126
OK: 001AAN005127
OK: 001AAN005128
OK: 001AAN005129
OK: 001AAN005135
OK: 001AAN005136
OK: 001AAN005137
OK: 001AAN005138
OK: 001AAN005139
OK: 001AAN005140
OK: 001AAN005141
OK: 001AAN005142
OK: 001AAN005143
OK: 001AAN005144
OK: 001AAN005145
OK: 001AAN005146
OK: 001AAN005147
OK: 001AAN005148
OK: 001AAN005149
OK: 001AAN005150
OK: 001AAN005151
OK: 001AAN014010
OK: 001AAN014011
OK: 001AAN014015
OK: 001AAN014016
OK: 001ACL017002
OK: 001ACL017006
OK: 001ACL017018
OK: 001ACL017022
OK: 001ACL018002
OK: 001ACL018004
OK: 001ACL019001
OK: 001ACL019003
OK: 001ACL019004
OK: 001ACL019005
OK: 001ACL019007
OK: 001ACL019009
OK: 001ACL019014
OK: 001ACL019026
OK: 001ACL019029
OK: 001ACL019030
OK: 001ACL019043
OK: 001ACL019053
OK: 001ACL019059
OK: 001ACL019093
OK: 001AE001001
OK: 001AE001002
OK: 001AE001003
OK: 001AF001001
OK: 001ALA011001
OK: 001ALA011002
OK: 001ALA011003
OK: 001ALA011004
OK: 001ALA011005
OK: 001ALA011006
OK: 001ALA011007
OK: 001ALA011008
OK: 001ALA011009
OK: 001ALA011010
OK: 001ALA011011
OK: 001ALA011012
OK: 001ALA011013
OK: 001ALA011014
OK: 001ALA011015
OK: 001ALA011016
OK: 001ALA011017
OK: 001ALA011018
OK: 001ALA011019
OK: 001ALA011020
OK: 001AM001001
OK: 001AM002001
OK: 001AM002002
OK: 001AM003
OK: 001AM004
OK: 001AM005001
OK: 001AM005002
OK: 001AM006
OK: 001AM008
OK: 001AM010
OK: 001AM011
OK: 001AM012001
OK: 001AM012002
OK: 001AM012003
OK: 001AM013
OK: 001AM014001
OK: 001AM014002
OK: 001AMF013001
OK: 001AMF013002
OK: 001AMF013003
OK: 001AMF013005
OK: 001AMF013007
OK: 001AMF013009
OK: 001AMF013010
OK: 001AMF015001
OK: 001AMF015002
OK: 001AMF015008
OK: 001AMF015015
OK: 001AMF015016
OK: 001AMF015020
OK: 001AMF015022
OK: 001AMF015024
OK: 001AMF015025
OK: 001AMF016001
OK: 001AMF016002
OK: 001AMF016005
OK: 001AMF016006
OK: 001AMF016008
OK: 001AMF016016
OK: 001AMF016025
OK: 001AMF016042
OK: 001AN01001001
OK: 001AN01001002
OK: 001AN01001003
OK: 001AN01001004
OK: 001AN01001006
OK: 001AN01001007
OK: 001AN01001008
OK: 001AN01001009
OK: 001AN01001010
OK: 001AN01001011
OK: 001AN01001018
OK: 001AN01001019
OK: 001AN01001020
OK: 001AN01001026
OK: 001AN01001027
OK: 001AN01001029
OK: 001AN01001030
OK: 001AN01001031
OK: 001AN01002001
OK: 001AN01002002
OK: 001AN01002003
OK: 001AN01002004
OK: 001AN01002005
OK: 001AN01002006
OK: 001AN01002007
OK: 001AN01002008
OK: 001AN01002009A
OK: 001AN01002009B
OK: 001AN01002010
OK: 001AN01002011
OK: 001AN01002012
OK: 001AN01002013
OK: 001AN01002014
OK: 001AN01002015
OK: 001AN01002016
OK: 001AN01002017A
OK: 001AN01002017B
OK: 001AN01002018
OK: 001AN01002019
OK: 001AN01002020
OK: 001AN01002021
OK: 001AN01002022
OK: 001AN01002023
OK: 001AN01002025
OK: 001AN01002026
OK: 001AN01002027
OK: 001AN01002028
OK: 001AN01002029
OK: 001AN01002030
OK: 001AN01002031
OK: 001AN01002032
OK: 001AN01002034
OK: 001AN01002035
OK: 001AN01002037
OK: 001AN01002038
OK: 001AN01002039
OK: 001AN01002040
OK: 001AN01002041
OK: 001AN01002045
OK: 001AN01002047
OK: 001AN01002048
OK: 001AN01002049
OK: 001AN01002050
OK: 001AN01002051
OK: 001AN01002052
OK: 001AN01002053
OK: 001AN01002054
OK: 001AN01002055
OK: 001AN01002056
OK: 001AN01002057
OK: 001AN01002059
OK: 001AN01002060
OK: 001AN01002067A
OK: 001AN01002067B
OK: 001AN01002074
OK: 001AN01002075
OK: 001AN01002076
OK: 001AN01002077
OK: 001AN01002078
OK: 001AN02001002
OK: 001AN02001004
OK: 001AN02001005
OK: 001AN02001006
OK: 001AN16001001
OK: 001AN16001002
OK: 001AN16001004
OK: 001AN16001006
OK: 001AN16001007
OK: 001AN16001008
OK: 001AN16001009
OK: 001AN16001012
OK: 001AN16001013
OK: 001AN24001003
OK: 001AN25001001
OK: 001AN25001002
OK: 001AN25001003
OK: 001AN29001001
OK: 001AN29001002
OK: 001AN29001003
OK: 001AN29001004
OK: 001AN30001001
OK: 001AN31001001
OK: 001AN31001002
OK: 001AN32001
OK: 001ANV022001
OK: 001ANV022002
OK: 001ANV022003
OK: 001ANV022004
OK: 001ANV022005
OK: 001ANV022006
OK: 001ANV022007
OK: 001ANV022009
OK: 001ANV022010
OK: 001ANV022011
OK: 001ANV022012
OK: 001ANV022013
OK: 001ANV022014
OK: 001ANV022015
OK: 001ANV022016
OK: 001ANV022017
OK: 001ANV022018
OK: 001ANV022019
OK: 001ANV022020
OK: 001ANV022021
OK: 001ANV022022
OK: 001ANV022023
OK: 001ANV022024
OK: 001AS001001
OK: 001AS001002
OK: 001AS001004
OK: 001ATK012001
OK: 001ATK012002
OK: 001ATK012003
OK: 001ATK012004
OK: 001ATK012005
OK: 001ATK012006
OK: 001ATK012007
OK: 001ATK012008
OK: 001ATK012009
OK: 001ATK012010
OK: 001ATK012011
OK: 001ATK012012
OK: 001ATK012013
OK: 001ATK012014
OK: 001ATK012015
OK: 001ATK012016
OK: 001ATK012017
OK: 001ATK012018
OK: 001ATK012019
OK: 001ATK012020
OK: 001ATK012021
OK: 001ATK012022
OK: 001ATK012023
OK: 001ATK012024
OK: 001AZ001
OK: 001BA001001
OK: 001BA001002
OK: 001BA001003
OK: 001BA002003
OK: 001BA002004
OK: 001BA003001
OK: 001BA003006
OK: 001BA003007
OK: 001BA003008
OK: 001BA003009
OK: 001BO001001
OK: 001BO002
OK: 001CC001024
OK: 001CC001027
OK: 001CC001032
OK: 001CC002
OK: 001CC003001
OK: 001CC006002
OK: 001CC007001
OK: 001CC007003
OK: 001CC007004
OK: 001CC007005
OK: 001CC007007
OK: 001CC007014
OK: 001CC007015
OK: 001CC007016
OK: 001CC007019
OK: 001CC007020
OK: 001CC007022
OK: 001CC007025
OK: 001CC008005
OK: 001CC008007
OK: 001CC011
OK: 001CC013
OK: 001CC015001
OK: 001CC015002
OK: 001CC015003
OK: 001CC015005
OK: 001CC016001
OK: 001CC016002
OK: 001CC016003
OK: 001CC017001
OK: 001CC017002
OK: 001CC018
OK: 001CC019001
OK: 001CC019002
OK: 001CC019005
OK: 001CC019007
OK: 001CC019008
OK: 001CC019010
OK: 001CC019011
OK: 001CC019012
OK: 001CC019013
OK: 001CC019014
OK: 001CC020001
OK: 001CC020002
OK: 001CC021
OK: 001CC023002
OK: 001CC023003
OK: 001CC025
OK: 001CC031
OK: 001CC032
OK: 001CC045
OK: 001CC047
OK: 001CE001
OK: 001CO001002
OK: 001CO001003
OK: 001CO001004
OK: 001CO001005
OK: 001CO001007
OK: 001FE001
OK: 001FM001001
OK: 001FM001002
OK: 001FM001003
OK: 001GU001001
OK: 001GU001002
OK: 001GU001003
OK: 001GU001005
OK: 001GU001006
OK: 001GU001007
OK: 001GU001008
OK: 001GU001009
OK: 001GU001010
OK: 001GU001011
OK: 001GU001012
OK: 001GU001013
OK: 001GU001014
OK: 001GU001015
OK: 001GU001016
OK: 001GU001017
OK: 001GU001018
OK: 001GU001019
OK: 001GU001020
OK: 001GU001021
OK: 001GU001022
OK: 001GU001023
OK: 001GU001024
OK: 001GU001025
OK: 001GU001026
OK: 001GU001027
OK: 001GU001028
OK: 001GU001029
OK: 001GU001030
OK: 001GU001031
OK: 001GU001032
OK: 001GU001033
OK: 001GU001034
OK: 001GU001035
OK: 001GU001036
OK: 001GU010001
OK: 001GU010002
OK: 001LE004001
OK: 001LN001001
OK: 001MC001001
OK: 001MF001001
OK: 001MF001002
OK: 001MF002001
OK: 001MF002003
OK: 001MF002004
OK: 001MF002005
OK: 001MF002006
OK: 001MF002007
OK: 001MF002008
OK: 001MF003001
OK: 001MF003002
OK: 001MF003003
OK: 001MF003004
OK: 001MF003005
OK: 001MF003007
OK: 001MF003008
OK: 001MF006001
OK: 001MF006002
OK: 001MF006003
OK: 001MF007001
OK: 001MF007002
OK: 001MF007003
OK: 001MF007004
OK: 001MF007005
OK: 001MF007007
OK: 001MF007008
OK: 001MF007010
OK: 001MF007011
OK: 001MF009
OK: 001MF011001
OK: 001MF011002
OK: 001MF012001
OK: 001MF012002
OK: 001MF012003
OK: 001MF012004
OK: 001MF014001
OK: 001MF014002
OK: 001MF014003
OK: 001MF014004
OK: 001MF014005
OK: 001MF015003
OK: 001MF015004
OK: 001MF015014
OK: 001MF015019
OK: 001MF017
OK: 001MF018001
OK: 001MF018002
OK: 001MF018003
OK: 001MF018005
OK: 001MF019
OK: 001MF020
OK: 001MF029014
OK: 001NV001001
OK: 001NV001002
OK: 001RJ001001
OK: 001RJ002
OK: 001RJ003
OK: 001RJ004003
OK: 001RJ005003
OK: 001RJ005004
OK: 001RJ005005
OK: 001RJ005006
OK: 001RJ007001
OK: 001RJ007002
OK: 001RJ007003
OK: 001RJ008001
OK: 001RO001002
OK: 001RO001003
OK: 001RO001004
OK: 001RO001006
OK: 001RO001007
OK: 001RO001008
OK: 001RO001009
OK: 001RO001010
OK: 001RO001011
OK: 001RO001013
OK: 001RO001014
OK: 001RO001015
OK: 001RO001025
OK: 001RO002001
OK: 001RO002002
OK: 001RO002003
OK: 001RO002004
OK: 001RO002005
OK: 001RO002006
OK: 001RO002007
OK: 001RO002008
OK: 001RO002009
OK: 001RO002010
OK: 001RO002011
OK: 001RO002012
OK: 001RO002013
OK: 001RO002014
OK: 001RO002016
OK: 001RO002017
OK: 001RO002018
OK: 001RO002019
OK: 001RO002020
OK: 001RO002021
OK: 001RO002022
OK: 001RO002023
OK: 001RO002024
OK: 001RO002025
OK: 001RO002026
OK: 001RO002027
OK: 001RO002029
OK: 001RO002032
OK: 001RO002033
OK: 001RO002034
OK: 001RO002035
OK: 001RO002036
OK: 001RO002037
OK: 001RO002038
OK: 001RO002039
OK: 001RR002
OK: 001RR004001
OK: 001RR004002
OK: 001RR004003
OK: 001RR004004
OK: 001RR004007
OK: 001RR005
OK: 001RR006001
OK: 001RR006002
OK: 001RR006003
OK: 001RR006004
OK: 001RR006006
OK: 001RR006007
OK: 001RR006008
OK: 001RR006009
OK: 001RR006010
OK: 001RR007001
OK: 001RR007002
OK: 001RR008
OK: 001SW001001
OK: 001SW001003
OK: 001SW001004
OK: 001SW001005
OK: 001TP001
OK: 002001MF002001
OK: 002002AMF002001
OK: 002002AMF002002
OK: 002002AMF002004
OK: 002002AMF002008
OK: 002003AM001
OK: 002003AM002
OK: 002003AM003
OK: 002003AM004
OK: 002008AV001
OK: 002008AV003
OK: 002008AV004
OK: 002008AV005-
OK: 002008AV006
OK: 002008AV007
OK: 002008AV008
OK: 002008AV009
OK: 002008AV010
OK: 002008AV011
OK: 002008AV012
OK: 002008AV013
OK: 002008AV014
OK: 002008AV015
OK: 002008AV018
OK: 002008AV019
OK: 002008AV020
OK: 002008AV021
OK: 002008AV022
OK: 002008AV023
OK: 002008AV025
OK: 002008AV026
OK: 002008AV028
OK: 002008AV029
OK: 002008AV030
OK: 002008AV032
OK: 002008CP001
OK: 002008CP005
OK: 002008CP009
OK: 002008DV001
OK: 002008DV002
OK: 002008DV003
OK: 002008DV004
OK: 002008OBAC001
OK: 002008OBAC002
OK: 002008OBAC003
OK: 002008OBAC005
OK: 002008OBAC007
OK: 002008OBAC008
OK: 002008OBAC009
OK: 002008OBAC010
OK: 002008OBAC011
OK: 002008OBAC014
OK: 002008OBAC015
OK: 002008OBAC016
OK: 002008OBAC017
OK: 002008OBAC020
OK: 002008OBAC021
OK: 002008OBAC022
OK: 002008OBAC023
OK: 002008OBAC024
OK: 002008OBAC025
OK: 002008OBAC026
OK: 002008OBAC027
OK: 002008OBAC028
OK: 002008OBAC029
OK: 002008OBAC031
OK: 002008OBAC032
OK: 002008OBAC035
OK: 002008OBAC036
OK: 002008OBAC037
OK: 002008OBAC038
OK: 002008OBAC039
OK: 002008OBAC040
OK: 002008OBAC041
OK: 002010TM003
OK: 002010TM007
OK: 002010TM014
OK: 002010TM015
OK: 002010TM016
OK: 002010TM026
OK: 002010TM027
OK: 002010TM028
OK: 002010TM030
OK: 002010TM031
OK: 002010TM032
OK: 002010TM033
OK: 002010TM035
OK: 002010TM036
OK: 002010TM037
OK: 002010TM038
OK: 002012AM001
OK: 002012AM002
OK: 002012AM003
OK: 002012AM004
OK: 002012AM005
OK: 002012LP001
OK: 002014RJRJ003
OK: 002014RJRJ004
OK: 002014RJRJ005
OK: 002014RJRJ006
OK: 002014RJRJ007
OK: 002014RJRJ008
OK: 002014RJRJ009
OK: 002014RJRJ010
OK: 002014RJRJ011
OK: 002014RJRJ012
OK: 002014RJRJ013
OK: 002014RJRJ015
OK: 002014RJRJ016
OK: 002016BI002
OK: 002016BI003
OK: 002016BI004
OK: 002016BI005
OK: 002016BI006
OK: 002016BI008
OK: 002021GU001
ERROR: 002029FPF004001
OK: 002037AAK5003
OK: 002037AAK5004
OK: 002037AAK5005
OK: 002037AAK5006
OK: 002037AAK5007
OK: 002037AAK5008
OK: 002037AAK5009
OK: 002037AAK5010
OK: 002037AAK5011
OK: 002037AAK5012
OK: 002037AAK5013
OK: 002037AAK5014
OK: 002037AAK5015
OK: 002037AAK5016
OK: 002037AAK5017
OK: 002037AAK5018
OK: 002037AAK5019
OK: 002037AAK5020
OK: 002037AAK5023
OK: 002037AAK5024
OK: 002037AAK5025
OK: 002037AAK5026
OK: 002037AAK5027
OK: 002037AAK5028
OK: 002037AAK5029
OK: 002037AAK5030
OK: 002037AAK5031
OK: 002037AAK5032
OK: 002037AAK5034
OK: 002037AAK5038
OK: 002037AAK5039
OK: 002037AAK5040
OK: 002037AAK5041
OK: 002037AAK5042
OK: 002037AAK5043
OK: 002037AAK5044
OK: 002037AAK5060
OK: 002037AAK5065
OK: 002037AAK5066
OK: 002037AAK5068
OK: 002037AAK5069
OK: 002037AAK5071
OK: 002037AAK5073
OK: 002037AAK5077
OK: 002037AAK5081
OK: 002051AM001001
OK: 002051AM001002
OK: 002051AM001003
OK: 002051AM001004
OK: 002051AM001005
OK: 002051AM001006
OK: 002051AM001007
OK: 002051AM002001
OK: 002051AM002002
OK: 002051AM002003
OK: 002051AM002004
OK: 002051AM002005
OK: 002051AM002006
OK: 002051AM002007
OK: 002051AM002008
OK: 002051AN009
OK: 002051AN010
OK: 002054VIAN000
OK: 002054VIAN001
OK: 002054VIAN003
OK: 002054VIAN004
OK: 002054VIAN005
OK: 002054VIAN006
OK: 002054VIAN007
OK: 002054VIAN008
OK: 002054VIAN009
OK: 002054VIAN010
OK: 002054VIAN011
OK: 002054VIAN012
OK: 002054VIAN014
OK: 002054VIAN015
OK: 002054VIAN016
OK: 002054VIAN018
OK: 002054VIAN021
OK: 002054VIAN023
OK: 002054VIAN024
OK: 002054VIAN028
OK: 002054VIAN030
OK: 002054VIAN031
OK: 002054VIAN039
OK: 002054VIAN040
OK: 002054VIAN041
OK: 002055REVDAARMADA006
OK: 002055REVDAARMADA039
OK: 002055REVDAARMADA055
OK: 002055REVDAARMADA067
OK: 002055REVDAARMADA072
OK: 002057TP001
OK: 002057TP002
OK: 002057TP004
OK: 002057TP005
OK: 002057TP006
OK: 002057TP007
OK: 002057TP008
OK: 002057TP009-010
OK: 002058AFR006
OK: 002058AFR007
OK: 002058AFR009
OK: 002058AFR015
OK: 002058AFR016
OK: 002058AFR017
OK: 002080BR0202
OK: 002080BR0203
OK: 002080BR0206
OK: 002080BR0207
OK: 002080BR0211
OK: 002080BR0212
OK: 002080BR0213
OK: 002080BR0214
OK: 002080BR0215
OK: 002080BR0218
OK: 002080RJ0101
OK: 002080RJ0102
OK: 002080RJ0103
OK: 002080RJ0104
OK: 002080RJ0105
OK: 002080RJ0106
OK: 002080RJ0107
OK: 002080RJ0112
OK: 002080RJ0114
OK: 002080RJ0117
OK: 002080RJ0120
OK: 002080RJ0121
OK: 002080RJ0122
OK: 002080RJ0202
OK: 002080RJ0208
OK: 002080RJ0209
OK: 002080RJ0210
OK: 002080RJ0211
OK: 002080RJ0212
OK: 002080RJ0214
OK: 002080RJ0215
OK: 002080RJ0217
OK: 002080RJ1212
OK: 002080RJ1213
OK: 002080RJ1215
OK: 002080RJ1216
OK: 002080RJ1217
OK: 002080RJ1218
OK: 002080RJ1219
OK: 002080RJ1407
OK: 002080RJ1410
OK: 002080RJ1412
OK: 002080RJ1503
OK: 002080RJ1504
OK: 002080RJ1505
OK: 002080RJ1506
OK: 002080RJ1512
OK: 002080RJ1514
OK: 002080RJ1702
OK: 002080RJ1708
OK: 002080RJ1709
OK: 002080RJ1711
OK: 002080RJ1712
OK: 002080RJ1713
OK: 002080RJ1816
OK: 002080RJ1902
OK: 002080RJ1907
OK: 002080RJ1909
OK: 002080RJ1910
OK: 002080RJ1913
OK: 002080RJ1914
OK: 002080RJ1918
OK: 002080RJ1919
OK: 002080RJ2201
OK: 002080RJ2202
OK: 002080RJ2203
OK: 002080RJ2205
OK: 002080RJ2208
OK: 002080RJ2209
OK: 002080RJ2214
OK: 002080RJ2401
OK: 002080RJ2411
OK: 002080RJ2413
OK: 002080RJ2510
OK: 002080RJ2512
OK: 002080RJ2519
OK: 002080RJ2520
OK: 002080RJ2702
OK: 002080RJ2703
OK: 002080RJ2711
OK: 002080RJ2712
OK: 002080RJ2713
OK: 002080RJ2714
OK: 002080RJ2717
OK: 002080RJ2718
OK: 002080RJ2719
OK: 002080RJ2804
OK: 002080RJ2805
OK: 002080RJ2807
OK: 002080RJ2808
OK: 002080RJ2809
OK: 002080RJ2810
OK: 002080RJ2813
OK: 002080RJ2815
OK: 002080RJ2816
OK: 002080RJ2902
OK: 002080RJ2904
OK: 002080RJ2907
OK: 002080RJ2913
OK: 002080RJ2916
OK: 002080RJ2918
OK: 002080RJ3204
OK: 002080RJ3215
OK: 002080RJ3217
OK: 002080RJ3501
OK: 002080RJ3503
OK: 002080RJ3504
OK: 002080RJ3505
OK: 002080RJ3512
OK: 002080RJ3517
OK: 002080RJ3602
OK: 002080RJ3605
OK: 002080RJ3606
OK: 002080RJ3607
OK: 002080RJ3608
OK: 002080RJ3801
OK: 002080RJ3804
OK: 002080RJ3818
OK: 002080RJ3819
OK: 002080RJ3902
OK: 002080RJ3903
OK: 002080RJ3912
OK: 002080RJ3913
OK: 002080RJ4201
OK: 002080RJ4202
OK: 002080RJ4203
OK: 002080RJ4208
OK: 002080RJ4210
OK: 002080RJ4215
OK: 002080RJ4216
OK: 002080RJ4218
OK: 002080RJ4219
OK: 002080RJ4220
OK: 002080RJ4619
OK: 002080RJ4701
OK: 002080RJ4702
OK: 002080RJ4703
OK: 002080RJ4704
OK: 002080RJ4706
OK: 002080RJ4707
OK: 002080RJ4708
OK: 002080RJ4709
OK: 002080RJ4714
OK: 002080RJ4715
OK: 002080RJ4716
OK: 002080RJ5004
OK: 002080RJ5105
OK: 002080RJ5901
OK: 002080RJ5902
OK: 002080RJ6402
OK: 002080RJ6414
OK: 002080RJ6415
OK: 002080RJ6502
OK: 002080RJ6505
OK: 002080RJ6511
OK: 002080RJ6512
OK: 002080RJ6603
OK: 002080RJ6611
OK: 002080RJ6706
OK: 002080RJ6708
OK: 002080RJ7301
OK: 002080RJ7303
OK: 002080RJ7304
OK: 002080RJ7306
OK: 002080RJ7308
OK: 002080RJ7309
OK: 002080RJ7311
OK: 002080RJ7312
OK: 002080RJ7313
OK: 002080RJ7314
OK: 002080RJ7315
OK: 002080RJ7317
OK: 002080RJ7320
OK: 002080RJ7402
OK: 002080RJ8102
OK: 002080RJ8103
OK: 002080RJ8108
OK: 002080RJ8109
OK: 002080RJ8121
OK: 002080RJ8204
OK: 002080RJ8211
OK: 002080RJ8218
OK: 002080RJ8304
OK: 002080RJ8402
OK: 002080RJ8403
OK: 002080RJ8908
OK: 002080RJ8913
OK: 002080RJ8914
OK: 002080RJ9019
OK: 002080RJ9101
OK: 002080RJ9102
OK: 002080RJ9103
OK: 002080RJ9104
OK: 002080RJ9105
OK: 002080RJ9107
OK: 002080RJ9110
OK: 002080RJF0204
OK: 002080RJF0208
OK: 002080RJN0201
OK: 002080RJN0205
OK: 002080RJN0206
OK: 002080RJN0208
OK: 002080RJN0210
OK: 002080RJN0324
OK: 002080RJN0409
OK: 002080RJN0413
OK: 002080RJN0416
OK: 002080RJN0422
OK: 002080RJN0425
OK: 002080RJN0427
OK: 002080RJN0502
OK: 002080RJN0503
OK: 002080RJN0506
OK: 002080RJN0705
OK: 002080RJN0707
OK: 002080RJN0708
OK: 002080RJN0709
OK: 002080RJN0710
OK: 002080RJN0712
OK: 002080RJN0715
OK: 002080RJN0717
OK: 002080RJN0901
OK: 002080RJN0902
OK: 002080RJN0903
OK: 002080RJN0904
OK: 002080RJN0905
OK: 002080RJN0906
OK: 002080RJN1213
OK: 002080RJSN01
OK: 002080RJSN02
OK: 002080RJSN03
OK: 002080RJSN04
OK: 002080RJSN06
OK: 002080RJSN07
OK: 002080RJSN08
OK: 002080RJSN10
OK: 002080RJSN11
OK: 002080RJSN12
OK: 002080RJSN14
OK: 002080RJSN15
OK: 002080RJSN16
OK: 002080RJSN17
OK: 002080VOL01CX0103
OK: 002080VOL01CX0104
OK: 002080VOL01CX0106
OK: 002080VOL01CX0111
OK: 002080VOL01CX0112
OK: 002080VOL01CX0115
OK: 002080VOL01CX0119
OK: 002080VOL01CX0120
OK: 002080VOL01CX0301
OK: 002080VOL01CX0302
OK: 002080VOL01CX0304
OK: 002080VOL01CX0305
OK: 002080VOL01CX0308
OK: 002080VOL01CX0309
OK: 002080VOL01CX0314
OK: 002080VOL01CX0316
OK: 002080VOL01CX0317
OK: 002080VOL01CX0321
OK: 002080VOL01CX0701
OK: 002080VOL01CX0702
OK: 002080VOL01CX0704
OK: 002080VOL01CX0705
OK: 002080VOL01CX0707
OK: 002080VOL01CX0708
OK: 002080VOL01CX0709
OK: 002080VOL01CX0710
OK: 002080VOL01CX0712
OK: 002080VOL01CX0713
OK: 002080VOL01CX0714
OK: 002080VOL01CX0717
OK: 002080VOL01CX0718
OK: 002080VOL02CX0105
OK: 002080VOL02CX0106
OK: 002080VOL02CX0202
OK: 002080VOL02CX0203
OK: 002080VOL02CX0207
OK: 002080VOL02CX0209
OK: 002080VOL02CX0210
OK: 002080VOL02CX0211
OK: 002080VOL02CX0212
OK: 002080VOL02CX0215
OK: 002080VOL02CX0216
OK: 002080VOL02CX0303
OK: 002080VOL02CX0305
OK: 002080VOL02CX0308
OK: 002080VOL02CX0312
OK: 002080VOL02CX0316
OK: 002080VOL02CX0413
OK: 002080VOL02CX0519
OK: 002080VOL02CX0601
OK: 002080VOL02CX0602
OK: 002080VOL02CX0605
OK: 002080VOL02CX0607
OK: 002080VOL02CX0611
OK: 002080VOL02CX0612
OK: 002080VOL02CX0614
OK: 002080VOL02CX0615
OK: 002080VOL02CX0616
OK: 002080VOL02CX0617
OK: 002080VOL02CX0702
OK: 002080VOL02CX0703
OK: 002080VOL02CX0707
OK: 002080VOL02CX0709
OK: 002080VOL02CX0711
OK: 002080VOL02CX0712
OK: 002080VOL02CX0713
OK: 002080VOL02CX0716
OK: 002080VOL02CX0717
OK: 002080VOL02CX0720
OK: 002080VOL05CX0105
OK: 002080VOL05CX0106
OK: 002080VOL05CX0110
OK: 002080VOL05CX0111
OK: 002080VOL05CX0112
OK: 002080VOL05CX0114
OK: 002080VOL05CX0116
OK: 002080VOL05CX0117
OK: 002080VOL05CX0118
OK: 002080VOL05CX0205
OK: 002080VOL05CX0207
OK: 002080VOL05CX0317
OK: 002080VOL05CX0321
OK: 002080VOL05CX0324
OK: 002080VOL05CX0401
OK: 002080VOL05CX0402
OK: 002080VOL05CX0403
OK: 002080VOL05CX0404
OK: 002080VOL05CX0405
OK: 002080VOL05CX0406
OK: 002080VOL05CX0407
OK: 002080VOL05CX0408
OK: 002080VOL05CX0409
OK: 002080VOL05CX0410
OK: 002080VOL05CX0411
OK: 002080VOL05CX0414
OK: 002080VOL05CX0415
OK: 002080VOL05CX0502
OK: 002080VOL05CX0505
OK: 002080VOL05CX0507
OK: 002080VOL05CX0508
OK: 002080VOL05CX0510
OK: 002080VOL05CX0511
OK: 002080VOL09ENV0301
OK: 002080VOL09ENV0302
OK: 002080VOL09ENV0304
OK: 002080VOL09ENV0305
OK: 002080VOL10CX0101
OK: 002080VOL10CX0111
OK: 002080VOL10CX0112
OK: 002080VOL10CX0114
OK: 002080VOL10CX0117
OK: 002086AMF01
OK: 002086AMF02
OK: 002086AMF03
OK: 002086AMF04
OK: 002086AMF06
OK: 002086AMF11
OK: 002086AMF12
OK: 0071530CX001-01
OK: 0071530CX001-02
OK: 0071530CX001-03
OK: 0071530CX001-05
OK: 0071530CX001-07
OK: 0071530CX001-09
OK: 0071530CX002-07
OK: 0071530CX002-10
OK: 0071530CX002-11
OK: 0071530CX003-01
OK: 0071530CX003-08
OK: 0071530CX003-09
OK: 0071530CX003-10
OK: 0071530CX004-03
OK: 0071530CX004-05
OK: 0071530CX005-01
OK: 0071530CX005-04
OK: 0071530CX005-06
OK: 0071530CX005-07
OK: 0071530CX005-12
OK: 0071824CX001-01
OK: 0071824CX001-02
OK: 0071824CX001-04
OK: 0071824CX001-05
OK: 0071824CX001-06
OK: 0071824CX001-07
OK: 0071824CX001-08
OK: 0071824CX001-09
OK: 0071824CX001-10
OK: 0071824CX001-11
OK: 0071824CX001-12
OK: 0071824CX001-13
OK: 0071824CX001-14
OK: 0071824CX001-15
OK: 0071824CX003A-04
OK: 0071824CX003A-05
OK: 0071824CX003A-06
OK: 0071824CX003A-08
OK: 0071824CX003A-09
OK: 0071824CX004-01
OK: 0071824CX004-02
OK: 0071824CX004-05
OK: 0071824CX006-01
OK: 0071824CX006-02
OK: 0071824CX006-03
OK: 0071824CX006-04
OK: 0071824CX006-12
OK: 0071824CX006-13
OK: 0071824CX006-15
OK: 0071824CX006-16
OK: 0071824CX007-01
OK: 0071824CX007-02
OK: 0071824CX007-03
OK: 0071824CX007-04
OK: 0071824CX007-05
OK: 0071824CX010-03
OK: 0071824CX010-10
OK: 0071824CX011-01
OK: 0071824CX011-02
OK: 0071824CX011-03
OK: 0071824CX011-04
OK: 0071824CX011-05
OK: 0071824CX011-06
OK: 0071824CX015A-01
OK: 0071824CX015A-02
OK: 0071824CX015A-04
OK: 0071824CX015A-10
OK: 0071824CX016-04
OK: 0071824CX016-07
OK: 0071824CX016-08
OK: 0071824CX016-10
OK: 0071824CX016-11
OK: 0071824CX016-12
OK: 0071824CX017A-02
OK: 0071824CX017A-04
OK: 0071824CX017A-05
OK: 0071824CX017A-06
OK: 0071824CX017A-07
OK: 0071824CX017A-08
OK: 0071824CX017A-09
OK: 0071824CX017A-10
OK: 0071824CX017A-11
OK: 0071824CX017A-12
OK: 0071824CX019-01
OK: 0071824CX019-02
OK: 0071824CX019-03
OK: 0071824CX019-04
OK: 0071824CX019-05
OK: 0071824CX019-06
OK: 0071824CX019-07
OK: 0071824CX019-08
OK: 0071824CX019-09
OK: 0071824CX019-10
OK: 0071824CX019-11
OK: 0071824CX019-12
OK: 0071824CX019-13
OK: 0071824CX019-14
OK: 0071824CX020-01
OK: 0071824CX020-02
OK: 0071824CX020-03
OK: 0071824CX020-04
OK: 0071824CX020-08
OK: 0071824CX020-09
OK: 0071824CX020-10
OK: 0071824CX020-11
OK: 0071824CX020-12
OK: 0071824CX021-01
OK: 0071824CX021-02
OK: 0071824CX021-03
OK: 0071824CX021-04
OK: 0071824CX021-05
OK: 0071824CX021-06
OK: 0071824CX021-07
OK: 0071824CX021-08
OK: 0071824CX021-09
OK: 0071824CX021-10
OK: 0071824CX021-11
OK: 0071824CX021-12
OK: 0071824CX021-13
OK: 0071824CX022-05
OK: 0071824CX022-07
OK: 0071824CX022-13
OK: 0071824CX022-14
OK: 0071824CX022-15
OK: 0071824CX023-01
OK: 0071824CX023-02
OK: 0071824CX023-04
OK: 0071824CX023-05
OK: 0071824CX023-06
OK: 0071824CX023-07
OK: 0071824CX023-08
OK: 0071824CX024-01
OK: 0071824CX024-02
OK: 0071824CX024-03
OK: 0071824CX024-04
OK: 0071824CX024-05
OK: 0071824CX024-07
OK: 0071824CX028-01
OK: 0071824CX028-02
OK: 0071824CX028-03
OK: 0071824CX028-05
OK: 0071824CX028-08
OK: 0071824CX028-09
OK: 0071824CX028-10
OK: 0071824CX028-11
OK: 0071824CX031-07
OK: 0071824CX031-08
OK: 0071824CX036A-01
OK: 0071824CX036A-02
OK: 0071824CX036A-03
OK: 0071824CX036A-04
OK: 0071824CX036A-05
OK: 0071824CX036A-06
OK: 0071824CX036A-08
OK: 0071824CX036A-09
OK: 0071824CX036B-01
OK: 0071824CX036B-02
OK: 0071824CX036B-03
OK: 0071824CX036B-04
OK: 0071824CX036B-05
OK: 0071824CX036B-06
OK: 0071824CX036B-07
OK: 0071824CX037-01
OK: 0071824CX037-02
OK: 0071824CX037-04
OK: 0071824CX037-05
OK: 0071824CX037-09
OK: 0071824CX037-10
OK: 0071824CX037-11
OK: 0071824CX037-12
OK: 0071824CX037-13
OK: 0071824CX037-14
OK: 0071824CX037-15
OK: 0071824CX038-09
OK: 0071824CX038-10
OK: 0071824CX038-11
OK: 0071824CX038-12
OK: 0071824CX038-13
OK: 0071824CX038-14
OK: 0071824CX039-04
OK: 0071824CX040-01
OK: 0071824CX040-03
OK: 0071824CX040-05
OK: 0071824CX040-07
OK: 0071824CX040-08
OK: 0071824CX040-09
OK: 0071824CX040-10
OK: 0071824CX040-11
OK: 0071824CX040-12
OK: 0071824CX040-13
OK: 0071824CX041-01
OK: 0071824CX041-02
OK: 0071824CX042-01
OK: 0071824CX042-02
OK: 0071824CX042-03
OK: 0071824CX042-06
OK: 0071824CX042-07
OK: 0071824CX042-08
OK: 0071824CX042-09
OK: 0071824CX042-10
OK: 0071824CX042-11
OK: 0071824CX042-13
OK: 0071824CX043A-01
OK: 0071824CX043A-03
OK: 0071824CX043A-11
OK: 0071824CX045-01
OK: 0071824CX045-02
OK: 0071824CX045-03
OK: 0071824CX045-04
OK: 0071824CX045-10
OK: 0071824CX045-11
OK: 0071824CX045-12
OK: 0071824CX046-02
OK: 0071824CX046-05
OK: 0071824CX046-06
OK: 0071824CX049B-02
OK: 0071824CX049B-06
OK: 0071824CX049B-08
OK: 0071824CX050-01
OK: 0071824CX050-06
OK: 0071824CX056-01
OK: 0071824CX056-02
OK: 0071824CX056-04
OK: 0071824CX056-05
OK: 0071824CX056-06
OK: 0071824CX056-07
OK: 0071824CX056-08
OK: 0071824CX057-03
OK: 0071824CX057-04
OK: 0071824CX057-09
OK: 0071824CX057-10
OK: 0071824CX057-11
OK: 0071824CX060-01
OK: 0071824CX060-04
OK: 0071824CX060-05
OK: 0071824CX060-06
OK: 0071824CX060-07
OK: 0071824CX063-02
OK: 0071824CX063-06
OK: 0071824CX063-08
OK: 0071824CX063-09
OK: 0071824CX063-10
OK: 0071824CX064-10
OK: 0071824CX064-11
OK: 0071824CX064-14
OK: 0071824CX065-01
OK: 0071824CX065-02
OK: 0071824CX065-03
OK: 0071824CX065-05
OK: 0071824CX065-06
OK: 0071824CX065-07
OK: 0071824CX065-08
OK: 0071824CX065-09
OK: 0071824CX065-10
OK: 0071824CX065-11
OK: 0071824CX065-12
OK: 0071824CX066-08
OK: 0071824CX066-12
OK: 0071824CX066-13
OK: 0071824CX066-14
OK: 0071824CX066-15
OK: 0071824CX066-16
OK: 0071824CX067-01
OK: 0071824CX067-02
OK: 0071824CX067-03
OK: 0071824CX067-04
OK: 0071824CX067-05
OK: 0071824CX068-01
OK: 0071824CX068-09
OK: 0071824CX068-10
OK: 0071824CX068-11
OK: 0071824CX068-12
OK: 0071824CX068-13
OK: 0071824CX068-16
OK: 0071824CX070-02
OK: 0071824CX070-03
OK: 0071824CX070-04
OK: 0071824CX070-08
OK: 0071824CX070-09
OK: 0071824CX070-10
OK: 0071824CX070-11
OK: 0071824CX070-12
OK: 0071824CX070-13
OK: 0071824CX071-03
OK: 0071824CX071-04
OK: 0071824CX071-05
OK: 0071824CX071-07
OK: 0071824CX071-09
OK: 0071824CX071-10
OK: 0071824CX072-01
OK: 0071824CX072-02
OK: 0071824CX072-04
OK: 0071824CX072-07
OK: 0071824CX072-08
OK: 0071824CX072-10
OK: 0071824CX081-01
OK: 0071824CX081-02
OK: 0071824CX081-05
OK: 0071824CX081-06
OK: 0071824CX081-08
OK: 0071824CX081-10
OK: 0071824CX083-15
OK: 0071824CX084-08
OK: 0071824CX084-09
OK: 0071824CX084-10
OK: 0071824CX092-04
OK: 0071824CX092-05
OK: 0071824CX092-06
OK: 0071824CX093-03
OK: 0071824CX096B-01
OK: 0071824CX096B-04
OK: 0071824CX096B-05
OK: 0071824CX098-02
OK: 0071824CX098-03
OK: 0071824CX098-06
OK: 0071824CX098-08
OK: 0071824CX098-11
OK: 0071824CX101-07
OK: 0071824CX101-09
OK: 0071824CX101-10
OK: 0071824CX101-11
OK: 0071824CX106-03
OK: 0071824CX106-04
OK: 0071824CX106-06
OK: 0071824CX106-07
OK: 0071824CX109A-06
OK: 0071824CX109A-07
OK: 0071824CX111-02
OK: 0071824CX111-05
OK: 0071824CX112-01
OK: 0071824CX112-02
OK: 0071824CX112-03
OK: 0071824CX112-04
OK: 0071824CX112-05
OK: 0071824CX112-06
OK: 0071824CX112-07
OK: 0071824CX112-08
OK: 0071824CX112-10
OK: 0071824CX112-11
OK: 0071824CX114-01
OK: 0071824CX114-02
OK: 0071824CX114-03
OK: 0071824CX114-04
OK: 0071824CX114-05
OK: 0071824CX114-06
OK: 0071824CX125-01
OK: 0071824CX126-01
OK: 0071824CX126-02
OK: 0071824CX126-05
OK: 0071824CX126-06
OK: 0071824CX126-07
OK: 0071824CX126-08
OK: 0071824CX126-09
OK: 0071824CX126-10
OK: 0071824CX126-11
OK: 0071824CX127-06
OK: 0071824CX127-07
OK: 0071824CX127-08
OK: 0071824CXAMBULANTESB-05
OK: 0071824CXAVULSOS2-03
OK: 0071824CXAVULSOS2-04
OK: 0071824CXJULIOFERREZ2-01
OK: 0071824CXMINAS3-07
OK: 0071824CXPINTCAND-01
OK: 0071824CXPINTCAND-03
OK: 0071824CXPINTCAND-04
OK: 0071824CXREP1-08
OK: 0071824CXRIO1-09
OK: 0071824CXRIO2-02_2
OK: 0071824CXRIO2-03
OK: 0071824CXRIO2-04
OK: 0071824CXRIO2-05
OK: 0071824CXRIO2-06
OK: 0071824CXRIO2-07
OK: 0071824CXRIO2-08
OK: 0071824CXRIO2-09
OK: 0071824CXRIO2-10
OK: 0071824CXRIO2-11
OK: 0071824CXRIO2-12
OK: 0071824CXRIO2-13
OK: 0071824CXRIO3-01
OK: 0071824CXRIO3-02
OK: 0071824CXRIO3-04
OK: 0071824CXRIO3-05
OK: 0071824CXRIO3-07
OK: 0071824CXRIO3-09
OK: 0071824CXRIO4-04
OK: 0071824CXRIO4-05
OK: 0071824CXSN1-04
OK: 0071824CXSN1-10
OK: 0071824CXSN1-12
OK: 0071824CXSN2-01
OK: 0071824CXSN2-02
OK: 0071824CXSN2-03
OK: 0071824CXSN2-04
OK: 0071824CXSN2-06
OK: 0071824CXSN2-08
OK: 0071824CXSN2-09
OK: 0071824CXSN2-10
OK: 0071824CXSN2-13
OK: 0071824CXVARIOS1-01
OK: 0071824CXVARIOS1-02
OK: 0071824CXVARIOS1-03
OK: 0071824CXVARIOS1-04
OK: 0071824CXVARIOS1-05
OK: 0071824CXVARIOS1-06
OK: 0072137CX001-01
OK: 0072137CX001-02
OK: 0072137CX001-03
OK: 0072137CX001-04
OK: 0072137CX001-05
OK: 0072137CX001-07
OK: 0072137CX001-08
OK: 0072137CX001-09
OK: 0072137CX001-10
OK: 0072137CX001-11
OK: 0072137CX001-12
OK: 0072137CX005-02
OK: 0072137CX005-06
OK: 0072137CX005-07
OK: 0072137CX005-09
OK: 0072137CX005-10
OK: 0072137CX006-02
OK: 0072137CX006-04
OK: 0072137CX006-05
OK: 0072137CX006-06
OK: 0072137CX006-08
OK: 0072137CX006-09
OK: 0072137CX006-10
OK: 0072137CX006-11
OK: 0072137CX007-14
OK: 0072137CX008-02
ERROR: 0072137CX008-04
OK: 0072137CX008-06
OK: 0072137CX010-01
OK: 0072137CX010-05
OK: 0072137CX010-07
OK: 0072137CX012-01
OK: 0072137CX012-03
OK: 0072137CX012-04
OK: 0072137CX012-05
OK: 0072137CX012-06
OK: 0072137CX012-08
OK: 0072137CX013-01
OK: 0072137CX013-02
OK: 0072137CX013-09
OK: 0072137CX013-10
OK: 0072137CX013-11
OK: 0072137CX013-12
OK: 0072137CX014-03
OK: 0072137CX014-04
OK: 0072137CX014-05
OK: 0072137CX014-06
OK: 0072137CX014-07
OK: 0072137CX014-09
OK: 0072137CX014-10
OK: 0072137CX015-01
OK: 0072137CX015-04
OK: 0072137CX015-05
OK: 0072137CX015-06
OK: 0072137CX015-09
OK: 0072137CX015-11
OK: 0072137CX015-12
OK: 0072137CX016-01
OK: 0072137CX016-02
OK: 0072137CX016-03
OK: 0072137CX016-05
OK: 0072137CX016-06
OK: 0072137CX016-09
OK: 0072137CX016-10
OK: 0072137CX016-11
OK: 0072137CX016-12
OK: 0072137CX017-02
OK: 0072137CX017-08
OK: 0072137CX018-01
OK: 0072137CX018-04
OK: 0072137CX018-06
OK: 0072137CX018-08
OK: 0072137CX018-11
OK: 0072137CX018-12
OK: 0072137CX019-01
OK: 0072137CX019-02
OK: 0072137CX019-03
OK: 0072137CX019-05
OK: 0072137CX019-07
OK: 0072137CX019-08
OK: 0072137CX019-09
OK: 0072137CX020-01
OK: 0072137CX020-02
OK: 0072137CX020-03
OK: 0072137CX020-04
OK: 0072137CX020-05
OK: 0072137CX020-06
OK: 0072137CX020-07
OK: 0072137CX020-08
OK: 0072137CX020-10
OK: 0072137CX021-01
OK: 0072137CX021-03
OK: 0072137CX021-08
OK: 0072137CX022-01
OK: 0072137CX022-02
OK: 0072137CX022-05
OK: 0072137CX022-06
OK: 0072430CX001-01
OK: 0072430CX001-02
OK: 0072430CX001-03
OK: 0072430CX001-04
OK: 0072430CX001-05
OK: 0072430CX001-06
OK: 0072430CX001-07
OK: 0072430CX001-08
OK: 0072430CX001-09
OK: 0072430CX003A-03
OK: 0072430CX003B-01
OK: 0072430CX003B-02
OK: 0072430CX003B-03
OK: 0072430CX003B-04
OK: 0072430CX003B-05
OK: 0072430CX003B-06
OK: 0072430CX003B-07
OK: 0072430CX003B-08
OK: 0072430CX003B-09
OK: 0072430CX003B-10
OK: 0072430CX003B-11
OK: 0072430CX004-01
OK: 0072430CX004-02
OK: 0072430CX004-03
OK: 0072430CX006-01
OK: 0072430CX006-03
OK: 0072430CX006-04
OK: 0072430CX006-05
OK: 0072430CX006-12
OK: 0072430CX007-02
OK: 0072430CX007-03
OK: 0072430CX007-05
OK: 0072430CX007-07
OK: 0072430CX007-10
OK: 0072430CX007-11
OK: 0072430CX007-13
OK: 0072430CX009-01
OK: 0072430CX009-02
OK: 0072430CX009-03
OK: 0072430CX009-04
OK: 0072430CX009-05
OK: 0072430CX009-06
OK: 0072430CX009-07
OK: 0072430CX009-08
OK: 0072430CX009-09
OK: 0072430CX010-03
OK: 0072430CX010-05
OK: 0072430CX010-06
OK: 0072430CX010-08
OK: 0072430CX011-01
OK: 0072430CX011-04
OK: 0072430CX011-05
OK: 0072430CX011-06
OK: 0072430CX013-01
OK: 0072430CX013-02
OK: 0072430CX013-05
OK: 0072430CX022-16
OK: 0072430CX023-04
OK: 0072430CX023-06
OK: 0072430CX023-07
OK: 0072430CX025-02
OK: 0072430CX027-01
OK: 0072430CX027-04
OK: 0072430CX027-05
OK: 0072430CX027-06
OK: 0072430CX027-07
OK: 0072430CX027-08
OK: 0072430CX027-09
OK: 0072430CX027-10
OK: 0072430CX027-11
OK: 0072430CX027-12
OK: 0072430CX028-01
OK: 0072430CX028-02
OK: 0072430CX028-03
OK: 0072430CX028-07
OK: 0072430CX028-10
OK: 0072430CX029-06
OK: 0072430CX029-09
OK: 0072430CX030-01
OK: 0072430CX030-04
OK: 0072430CX031-05
OK: 0072430CX031-07
OK: 0072430CX031-08
OK: 0072430CX031-11
OK: 0072430CX031-13
ERROR: 0072430CX032-01
OK: 0072430CX032A-06
OK: 0072430CX032B-06
OK: 0072430CX032B-07
OK: 0072430CX033B-01
OK: 0072430CX033B-02
OK: 0072430CX036-02
OK: 0072430CX036-10
OK: 0072430CX037-06
OK: 0072430CX040-01
OK: 0072430CX040-02
OK: 0072430CX040-03
OK: 0072430CX040-05
OK: 0072430CX040-06
OK: 0072430CX040-07
OK: 0072430CX040-08
OK: 0072430CX041-01
OK: 0072430CX043-02
OK: 0072430CX043-03
OK: 0072430CX043-05
OK: 0072430CX043-06
OK: 0072430CX043-07
OK: 0072430CX043-08
OK: 0072430CX043-09
OK: 0072430CX044A-01
OK: 0072430CX044A-04
OK: 0072430CX044A-05
OK: 0072430CX044A-07
OK: 0072430CX044A-08
OK: 0072430CX044A-09
OK: 0072430CX044B-02
OK: 0072430CX044B-03
OK: 0072430CX044B-04
OK: 0072430CX044B-05
OK: 0072430CX044B-10
OK: 0072430CX045A-04
OK: 0072430CX045A-05
OK: 0072430CX045A-06
OK: 0072430CX045A-07
OK: 0072430CX046-01
OK: 0072430CX046-02
OK: 0072430CX046-03
OK: 0072430CX046-06
OK: 0072430CX046-08
OK: 0072430CX046-09
OK: 0072430CX046-10
OK: 0072430CX046-11
OK: 0072430CX046-12
OK: 0072430CX046-13
OK: 0072430CX046-15
OK: 0072430CX046-16
OK: 0072430CX047-02
OK: 0072430CX047-03
OK: 0072430CX047-04
OK: 0072430CX047-07
OK: 0072430CX050-04
OK: 0072430CX050-05
OK: 0072430CX050-06
OK: 0072430CX053-02
OK: 0072430CX053-06
OK: 0072430CX055-04
OK: 0072430CX055-05
OK: 0072430CX055-06
OK: 0072430CX055-07
OK: 0072430CX055-08
OK: 0072430CX055-10
OK: 0072430CX055-11
OK: 0072430CX056A-01
OK: 0072430CX056A-02
OK: 0072430CX056A-04
OK: 0072430CX056A-07
OK: 0072430CX056A-08
OK: 0072430CX056A-11
OK: 0072430CX056A-12
OK: 0072430CX056B-01
OK: 0072430CX056B-02
OK: 0072430CX056B-03
OK: 0072430CX056B-04
OK: 0072430CX058-02
OK: 0072430CX058-03
OK: 0072430CX058-04
OK: 0072430CX058-05
OK: 0072430CX058-06
OK: 0072430CX058-07
OK: 0072430CX058-08
OK: 0072430CX058-09
OK: 0072430CX058-10
OK: 0072430CX058-11
OK: 0072430CX058-12
OK: 0072430CX058-13
OK: 0072430CX058-14
OK: 0072430CX061-03
OK: 0072430CX063-04
OK: 0072430CX066-01
OK: 0072430CX066-03
OK: 0072430CX066-04
OK: 0072430CX066-07
OK: 0072430CX066-08
OK: 0072430CX066-09
OK: 0072430CX066-10
OK: 0072430CX066-11
OK: 0072430CX066-12
OK: 0072430CX066-13
ERROR: 0072430CX067-01
OK: 0072430CX067-04
OK: 0072430CX067-05
OK: 0072430CX068-02
OK: 0072430CX068-03
OK: 0072430CX068-05
OK: 0072430CX068-08
OK: 0072430CX069-05
OK: 0072430CX069-06
OK: 0072430CX069-07
OK: 0072430CX069-08
OK: 0072430CX069-10
OK: 0072430CX097-05
OK: 0072430CX097-06
OK: 0072430CX097-08
OK: 0072430CX097-09
OK: 0072430CX097-10
ERROR: 0072430CX097-11
OK: 0072430CX097-12
OK: 0072430CX098-08
OK: 0072430CX098-09
OK: 0072430CX47-08
OK: 0072430CXABASTAGUA2-11
OK: 0072430CXABASTAGUA2-12
OK: 0072430CXSN1-07
OK: 0073040AVULSOSCX001E050-01
OK: 0073040CX002-01
OK: 0073040CX002-02
OK: 0073040CX002-03
OK: 0073040CX004-01
OK: 0073040CX004-02
OK: 0073040CX004-07
OK: 0073040CX005-05
OK: 0073040CX005-10
OK: 0073040CX005-11
OK: 0073040CX005-12
OK: 0073040CX005-14
OK: 0073040CX005-15
OK: 0073040CX009B-03
OK: 0073040CX009B-04
OK: 0073040CX013E042-06
OK: 0073040CX013E042-09
OK: 0073040CX014-02
OK: 0073040CX015-03
OK: 0073040CX020-06
OK: 0073040CX021-03
OK: 0073040CX021-05
OK: 0073040CX022A-07
OK: 0073040CX022A-09
OK: 0073040CX022B-01
OK: 0073040CX022B-02
OK: 0073040CX022B-04
OK: 0073040CX023-02
OK: 0073040CX023-03
OK: 0073040CX023-04
OK: 0073040CX023-05
OK: 0073040CX023-06
OK: 0073040CX024-07
OK: 0073040CX024-08
OK: 0073040CX026-03
OK: 0073040CX026-04
OK: 0073040CX030-07
OK: 0073040CX034-02
OK: 0073040CX034-03
OK: 0073040CX034-05
OK: 0073040CX034-06
OK: 0073040CX034-08
OK: 0073040CX035-01
OK: 0073040CX035-03
OK: 0073040CX035-04
OK: 0073040CX035-06
OK: 0073040CX035-07
OK: 0073040CX039-03
OK: 0073040CX039-05
OK: 0073040CX039-06
OK: 0073040CX047-01
OK: 0073040CX048-05
OK: 0073040CXSN-03
OK: 0073455CX006-01
OK: 0073555CX006A007-02
OK: 0073555CX006A007-05
OK: 0073555CX006A007-06
OK: 0074050CX003E004A-01
OK: 0074050CX003E004A-03
OK: 0074050CX003E004B-01
OK: 0074050CX003E004B-02
OK: 0074050CX005-01
OK: 0074050CX005-02
OK: 0074050CX005-03
OK: 0074050CX006E007-01
OK: 0074050CX006E007-04
OK: 0074050CX008E009-01
OK: 0074050CX008E009-02
OK: 0074050CX008E009-03
OK: 0074050CX008E009-04
OK: 0074050CX009-03
OK: 0074050CX009-04
OK: 0074050CXSN-06
OK: 0074050CXSN2-01
OK: 0074050CXSN2-03
OK: 007A5P3F03-011
OK: 007A5P3F03-012
OK: 007A5P3F03-013
OK: 007A5P3F03-015
OK: 007A5P3F03-016
OK: 007A5P3F03-017
OK: 007A5P3F04-015
OK: 007A5P3F04-023
OK: 007A5P3F04-047
OK: 007A5P3F05-003
OK: 007A5P3F05-005
OK: 007A5P3F05-006
OK: 007A5P3F05-007
OK: 007A5P3F05-008
OK: 007A5P3F05-009
OK: 007A5P3F05-014
OK: 007A5P3F05-015
OK: 007A5P3F05-016
OK: 007A5P3F05-023
OK: 007A5P3F05-032
OK: 007A5P3F09-036
OK: 007A5P3F10-003
OK: 007A5P3F10-004
OK: 007A5P3F10-005
OK: 007A5P3F10-013-014
OK: 007A5P3F10-015
OK: 007A5P3F10-016
OK: 007A5P3F10-019
OK: 007A5P3F10-020
OK: 007A5P3F10-021
OK: 007A5P3F10-022
OK: 007A5P3F10-023
OK: 007A5P3F10-024
OK: 007A5P3F10-025
OK: 007A5P3F10-026
OK: 007A5P3F10-027
OK: 007A5P3F10-028
OK: 007A5P3F10-029
OK: 007A5P3F10-030
OK: 007A5P3F10-031
OK: 007A5P3F10-032
OK: 007A5P3F10-033
OK: 007A5P3F10-034
OK: 007A5P3F10-035
OK: 007A5P3F10-036
OK: 007A5P3F10-037
OK: 007A5P3F10-039
OK: 007A5P3F10-040
OK: 007A5P3F10-041
OK: 007A5P3F10-042
OK: 007A5P3F10-043
OK: 007A5P3F10-044
OK: 007A5P3F10-045
OK: 007A5P3F10-048
OK: 007A5P3F10-051
ERROR: 007A5P3F10-052-053
OK: 007A5P3F10-054
OK: 007A5P3F10-055
OK: 007A5P3F10-057
OK: 007A5P3F10-058
OK: 007A5P3F10-059
OK: 007A5P3F10-061
OK: 007A5P3F10-062
OK: 007A5P3F10-063
OK: 007A5P3F10-064
OK: 007A5P3F10-068
OK: 007A5P3F10-069
OK: 007A5P3F10-070
OK: 007A5P3F10-071
OK: 007A5P3F10-073
OK: 007A5P3F10-074
OK: 007A5P3F10-075
OK: 007A5P3F10-076
OK: 007A5P3F10-077
OK: 007A5P3F10-078
OK: 007A5P3F10-081
OK: 007A5P3F10-084
OK: 007A5P3F10-085
OK: 007A5P3F10-086
OK: 007A5P3F10-087
OK: 007A5P3F10-089
OK: 007A5P3F10-090
OK: 007A5P3F10-091
OK: 007A5P3F10-092
OK: 007A5P3F10-093
OK: 007A5P3F10-094
OK: 007A5P3F13-001
OK: 007A5P3F13-002
OK: 007A5P3F13-004
OK: 007A5P3F13-005
OK: 007A5P3F13-006
OK: 007A5P3F13-007
OK: 007A5P3F13-008
OK: 007A5P3F13-009
OK: 007A5P3F13-010
OK: 007A5P3F13-011
OK: 007A5P3F13-012
OK: 007A5P3F13-013
OK: 007A5P3F13-014
OK: 007A5P3F13-015
OK: 007A5P3F13-016
OK: 007A5P3F13-017
OK: 007A5P3F13-018
OK: 007A5P3F13-019
OK: 007A5P3F13-021
OK: 007A5P3F13-022
OK: 007A5P3F13-026
OK: 007A5P3F13-029
OK: 007A5P3F13-030
OK: 007A5P3F13-031
OK: 007A5P3F13-032
OK: 007A5P3F13-033
OK: 007A5P3F13-034
OK: 007A5P3F13-035
OK: 007A5P3F13-036
OK: 007A5P3F13-037
OK: 007A5P3F13-038
OK: 007A5P3F13-039
OK: 007A5P3F13-040
OK: 007A5P3F13-041
OK: 007A5P3F13-042
OK: 007A5P3F13-043
OK: 007A5P3F13-044
OK: 007A5P3F13-045
OK: 007A5P3F13-046
OK: 007A5P3F13-047
OK: 007A5P3F13-048
OK: 007A5P3F13-050
OK: 007A5P3F13-051
OK: 007A5P3F13-052
OK: 007A5P3F14-001
OK: 007A5P3F14-004
OK: 007A5P3F14-005
OK: 007A5P3F14-006
OK: 007A5P3F14-011
OK: 007A5P3F14-014
ERROR: 007A5P3F14-026
ERROR: 007A5P3F14-032
ERROR: 007A5P3F14-033
ERROR: 007A5P3F14-034
OK: 007A5P3F14-035
OK: 007A5P3F14-036
OK: 007A5P3F14-037
OK: 007A5P3F14-038
OK: 007A5P3F14-039
OK: 007A5P3F14-040
OK: 007A5P3F14-041
OK: 007A5P3F14-042
OK: 007A5P3F14-043
OK: 007A5P3FG02-030-031
OK: 007A5P3FG02-040
OK: 007A5P3FG02-062-063
OK: 007A5P3FG02-064
OK: 007A5P3FG02-111-112
OK: 007A5P3FG03-005
OK: 007A5P3FG05-001
OK: 007A5P3FG05-002
OK: 007A5P3FG05-003
OK: 007A5P3FG05-008
OK: 007A5P3FG05-009
OK: 007A5P3FG05-012
OK: 007A5P3FG05-015
OK: 007A5P3FG05-021
OK: 007A5P3FG05-022
OK: 007A5P3FG2-065-066
OK: 007A5P3FG5-13
OK: 007A5P4F01-002
OK: 007A5P4F01-003
OK: 007A5P4F01-005
OK: 007A5P4F01-011
OK: 007A5P4F01-021
OK: 007A5P4F01-022
OK: 007A5P4F01-023
OK: 007A5P4F01-024
OK: 007A5P4F01-026
OK: 007A5P4F01-027
OK: 007A5P4F01-028
OK: 007A5P4F01-029
OK: 007A5P4F01-030
OK: 007A5P4F01-032
OK: 007A5P4F01-035
OK: 007A5P4F01-036
OK: 007A5P4F01-037
OK: 007A5P4F01-039
OK: 007A5P4F01-041
OK: 007A5P4F01-043
OK: 007A5P4F02-001
OK: 007A5P4F02-002
OK: 007A5P4F02-003
OK: 007A5P4F02-004
OK: 007A5P4F02-005
OK: 007A5P4F02-006
OK: 007A5P4F02-007
OK: 007A5P4F02-008
OK: 007A5P4F02-009
OK: 007A5P4F02-010
OK: 007A5P4F02-011
OK: 007A5P4F02-012
OK: 007A5P4F02-015
OK: 007A5P4F02-016
OK: 007A5P4F02-017
OK: 007A5P4F02-020
OK: 007A5P4F02-021
OK: 007A5P4F02-022
OK: 007A5P4F02-024
OK: 007A5P4F02-025
OK: 007A5P4F02-026
OK: 007A5P4F02-028
OK: 007A5P4F02-030
OK: 007A5P4F02-031
OK: 007A5P4F02-033
OK: 007A5P4F02-036
OK: 007A5P4F02-038
OK: 007A5P4F02-040
OK: 007A5P4F02-043
OK: 007A5P4F02-048
OK: 007A5P4F02-049
OK: 007A5P4F02-050
OK: 007A5P4F02-051
OK: 007A5P4F02-052
OK: 007A5P4F02-053
OK: 007A5P4F02-056
OK: 007A5P4F02-057
OK: 007A5P4F02-058
OK: 007A5P4F02-059
OK: 007A5P4F02-060
OK: 007A5P4F02-065
OK: 007A5P4F02-066
OK: 007A5P4F02-067
OK: 007A5P4F02-068
OK: 007A5P4F02-069
OK: 007A5P4F02-070
OK: 007A5P4F02-071
OK: 007A5P4F02-072
OK: 007A5P4F02-073
OK: 007A5P4F02-074
OK: 007A5P4F02-075
OK: 007A5P4F02-076
OK: 007A5P4F03-006
OK: 007A5P4F03-007
OK: 007A5P4F03-008
OK: 007A5P4F03-010
OK: 007A5P4F03-011
OK: 007A5P4F03-012
OK: 007A5P4F03-013
OK: 007A5P4F03-015
OK: 007A5P4F03-016
OK: 007A5P4F03-018
OK: 007A5P4F03-021
OK: 007A5P4F03-022
OK: 007A5P4F03-025
OK: 007A5P4F03-034
OK: 007A5P4F03-035
OK: 007A5P4F03-041
OK: 007A5P4F03-045
OK: 007A5P4F03-046
OK: 007A5P4F03-049
OK: 007A5P4F05-038-039
OK: 007A5P4F05-063
OK: 007A5P4F05-065
OK: 007A5P4F05-080
OK: 007A5P4F05-081-082
OK: 007A5P4F05-112-113
OK: 007A5P4F05-114-115
OK: 007A5P4F05-116-117
OK: 007A5P4FP04-016
OK: 007A5P4FP04-018
OK: 007A5P4FP04-020
OK: 007A5P4FP04-021
OK: 007A5P4FP04-022
OK: 007A6P3F02-010
OK: 007A6P3F03-020
OK: 007A6P3F03-024
OK: 007A6P3F03-029
OK: 007A6P3F03-041
OK: 007A6P3F03-049
OK: 007A6P3F07-019
OK: 007A6P3F07-020
OK: 007A6P3F07-023
OK: 007A6P3F07-025
OK: 007A6P3F07-026
OK: 007A6P4FP15-015
ERROR: 007A6P4FP27-010
OK: 007A6P4FP27-02
ERROR: 007A6P4FP27-033
ERROR: 007A6P4FP27-041
ERROR: 007A6P4FP27-046
OK: 007AFA01
OK: 007AFA02
OK: 007AFA03
OK: 007AFA04
OK: 007AFA06
OK: 007AFA08
OK: 007AFA09
OK: 007AFAV09-21
OK: 007ALA001
OK: 007ALA002
OK: 007ALA003
OK: 007ALA004
OK: 007ALA005
OK: 007ALA006
OK: 007ALA007
OK: 007ALA008
OK: 007ALA009
OK: 007ALA010
OK: 007ALA011
OK: 007ALA012
OK: 007ALA013
OK: 007ALA014
OK: 007ALA015
OK: 007ALA016
OK: 007ALA017
OK: 007ALA018
OK: 007ALA019
OK: 007ALA020
OK: 007ALA021
OK: 007ALA022
OK: 007ALA023
OK: 007ALA024
OK: 007ALA025
OK: 007ALA026
OK: 007ALA034
OK: 007ALA035
OK: 007ALA036
OK: 007ALA037
OK: 007ALA038
OK: 007ALA039
OK: 007ALA040
OK: 007ALA045
OK: 007ALA046
OK: 007ALA047
OK: 007ALA048
OK: 007ALA049
OK: 007ALA050
OK: 007ALA052
OK: 007ALA053
OK: 007ALA057
OK: 007ALA058
OK: 007ALA059
OK: 007ALA060
OK: 007ALA061
OK: 007ALA062
OK: 007ALA063
OK: 007ALA064
OK: 007ALA065
OK: 007ALA066
OK: 007ALA067
OK: 007ALA068
OK: 007ALA072
OK: 007ALA074
OK: 007ALA086
OK: 007ALA087
OK: 007ALA088
OK: 007ALA089
OK: 007ALA090
OK: 007ALA093
OK: 007ALA094
OK: 007ALA095
OK: 007ALA096
OK: 007ALA097
OK: 007ALA098
OK: 007ALA099
OK: 007ALA102
OK: 007ALA103
OK: 007ALA106
OK: 007ALA107
OK: 007ALA108
OK: 007ALA109
OK: 007ALA110
OK: 007ALA111
OK: 007ALA112
OK: 007ALA113
OK: 007ALA114
OK: 007ALA115
OK: 007ALA116
OK: 007ALA118
OK: 007ALA119
OK: 007CX019-09
OK: 007CX019-10
OK: 007CX019-11
OK: 007CX020-01
OK: 007CX020-03
OK: 007CX020-05
OK: 007CX020-06
OK: 007CX020-08
OK: 007CX021-01
OK: 007CX021-03
OK: 007CX021-05
OK: 007CX021-06
OK: 007CX022-01
OK: 007CX022-02
OK: 007CX022-03
OK: 007CX022-04
OK: 007CX022-05
OK: 007CX022-08
OK: 007CX022-09
OK: 007CX023-01
OK: 007CX023-03
OK: 007CX023-04
OK: 007CX023-07
OK: 007CX025-01
OK: 007CX025-03
OK: 007CX025-04
OK: 007CX025-05
OK: 007CX173-01
OK: 007CX173-04
OK: 007CX173-08
OK: 007CX178-04
OK: 007CX178-08
OK: 007CX179-07
OK: 007CX180-08
OK: 007CX180-09
OK: 007CX180-10
OK: 007CX182-01
OK: 007CX182-02
OK: 007CX183-01
OK: 007CX183-02
OK: 007CX183-04
OK: 007CX183-06
OK: 007CX184-01
OK: 007CX184-02
OK: 007CX184-03
OK: 007CX184-04
OK: 007CX184-05
OK: 007CX184-09
OK: 007CX185-02
OK: 007CX185-03
OK: 007CX185-06
OK: 007CX185-07
OK: 007CX185-08
OK: 007CX185-09
OK: 007CX189-01
OK: 007CX189-02
OK: 007CX189-03
OK: 007CX189-04
OK: 007CX189-05
OK: 007CX189-06
OK: 007CX189-07
OK: 007CX189-08
OK: 007CX189-10
OK: 007CX190-01
OK: 007CX190-05
OK: 007CX190-11
OK: 007CX190-14
OK: 007CX190-16
OK: 007CX191-07
OK: 007CX193-02
OK: 007CX193-03
OK: 007CX193-04
OK: 007CX193-05
OK: 007CX193-06
OK: 007CX194-04
OK: 007CX194-06
OK: 007CX194-08
OK: 007CX194-10
OK: 007CX196-02
OK: 007CX196-07
OK: 007CX196-09
OK: 007CX197-02
OK: 007CX197-05
OK: 007CX197-09
OK: 007CX197-10
OK: 007CX198-03
OK: 007CX199-03
OK: 007CX199-04
OK: 007CX214-12
OK: 007CX237-01
OK: 007CX237-78
OK: 007CX237-79
OK: 007CX237-80
ERROR: 007DSCN4372
OK: 007KLAV-02
ERROR: 007NGBMF1530CX02-10
ERROR: 007NGBMF2137CX014
ERROR: 007NGBMF2137CX16-02
ERROR: 007NGBMF4050CX05-01
OK: 007SN-10
OK: 007SN-12
OK: 007_IMG_1807
OK: 007_IMG_1809
OK: 007_IMG_1810
OK: 007_IMG_1811
OK: 007_IMG_1812
OK: 007_IMG_1813
OK: 007_IMG_1816
OK: 007_IMG_1855
OK: 007_IMG_1859
OK: 007_IMG_1969
OK: 007_IMG_1972
OK: 007_IMG_1973
OK: 007_IMG_1975
OK: 007_IMG_1979
OK: 007_IMG_1980
OK: 007_IMG_1981
OK: 007_IMG_1982
OK: 007_IMG_1988
OK: 007_IMG_1993
OK: 007_IMG_1996
OK: 007_IMG_2000
OK: 007_IMG_2006
OK: 007_IMG_2007
OK: 007_IMG_2010
OK: 007_IMG_2015
OK: 007_IMG_2020
OK: 007_IMG_2023
OK: 007_IMG_2052
OK: 007_IMG_2055
OK: 007_IMG_2056
OK: 007_IMG_2132
OK: 007_IMG_2133
OK: 007_IMG_2135
OK: 007_IMG_2136
OK: 007_IMG_2137
OK: 007_IMG_2138
OK: 007_IMG_2139
OK: 007_IMG_2140
OK: 007_IMG_2141
OK: 007_IMG_2172
OK: 007_IMG_2231
OK: 007_IMG_2239
OK: 007_IMG_2241
OK: 007_IMG_2242
OK: 007_IMG_2243
OK: 007_IMG_2245
OK: 007_IMG_2250
OK: 007_IMG_2252
OK: 007_IMG_2255
OK: 007_IMG_2256
OK: 007_IMG_2259
OK: 007_IMG_2260
OK: 007_IMG_2261
OK: 007_IMG_2262
OK: 007_IMG_2264
OK: 007_IMG_2265
OK: 007_IMG_2270
OK: 007_IMG_2271
OK: 007_IMG_2272
OK: 007_IMG_2277
OK: 007_IMG_2278
OK: 007_IMG_2279
OK: 007_IMG_2280
OK: 007_IMG_2287
OK: 007_IMG_2296
OK: 007_IMG_2319
OK: 007_IMG_2320
OK: 007_IMG_2321
OK: 007_IMG_2327
OK: 007_IMG_2329
OK: 007_IMG_2352
OK: 007_IMG_2353
OK: 007_IMG_2381
OK: 007_IMG_2385
OK: 007_IMG_2387
OK: 007_IMG_2388
OK: 007_IMG_2468
OK: 007_IMG_2472
OK: 007_IMG_2474
OK: 007_IMG_2478
OK: 007_IMG_2480
OK: 007_IMG_2491
OK: 007_IMG_2493
OK: 007_IMG_2497
OK: 007_IMG_2500
OK: 007_IMG_2502
OK: 007_IMG_2503
OK: 007_IMG_2509
OK: 007_IMG_2511
OK: 007_IMG_2516
OK: 007_IMG_2519
OK: 007_IMG_2520
OK: 007_IMG_2522
OK: 007_IMG_2525
OK: 007_IMG_2526
OK: 007_IMG_2527
OK: 007_IMG_2531
OK: 007_IMG_2825
OK: 007_IMG_2828
OK: 007_IMG_2829
OK: 007_IMG_2833
OK: 007_IMG_2836
OK: 007_IMG_2837
OK: 007_IMG_2838
OK: 007_IMG_2839
OK: 007_IMG_2897
OK: 007_IMG_2904
OK: 007_IMG_2912
OK: 007_IMG_2913
OK: 007_IMG_2914
OK: 007_IMG_2917
OK: 007_IMG_2920
OK: 007_IMG_2927
OK: 007_IMG_2934
OK: 007_IMG_2935
OK: 007_IMG_2944
OK: 007_IMG_2973
OK: 007_IMG_3108
OK: 007_IMG_3110
OK: 007_IMG_3113
OK: 007_IMG_3114
OK: 007_IMG_3119
OK: 007_IMG_3165
OK: 007_IMG_3168
OK: 007_IMG_3239
OK: 007_IMG_3259
OK: 007_IMG_3285
OK: 007_IMG_3299
OK: 007_IMG_3309
OK: 007_IMG_3316
OK: 007_IMG_3330
OK: 007_IMG_3332
OK: 007_IMG_3347
OK: 007_IMG_3350
OK: 007_IMG_3352
OK: 007_IMG_3353
OK: 007_IMG_3382
OK: 007_IMG_3420
OK: 007_IMG_3421
OK: 007_IMG_3422
OK: 007_IMG_3423
OK: 007_IMG_3424
OK: 007_IMG_3425
OK: 007_IMG_3426
OK: 007_IMG_3427
OK: 007_IMG_3428
OK: 007_IMG_3437
OK: 007_IMG_3451
OK: 007_IMG_3453
OK: 007_IMG_3454
OK: 007_IMG_3455
OK: 007_IMG_3469
OK: 007_IMG_3472
OK: 007_IMG_3527
OK: 007_IMG_3528
OK: 007_IMG_3533
OK: 007_IMG_3534
OK: 007_IMG_3535
OK: 007_IMG_3536
OK: 007_IMG_3539
OK: 007_IMG_3540
OK: 007_IMG_3541
OK: 007_IMG_3547
OK: 007_IMG_3559
OK: 007_IMG_3566
OK: 007_IMG_3567
OK: 007_IMG_3585
OK: 007_IMG_3588
OK: 007_IMG_3590
OK: 007_IMG_3594
OK: 007_IMG_3596
OK: 007_IMG_3597
OK: 007_IMG_3598
OK: 007_IMG_3601
OK: 007_IMG_3603
OK: 007_IMG_3607
OK: 007_IMG_3631
OK: 007_IMG_3634
OK: 007_IMG_3636
OK: 007_IMG_3639
OK: 007_IMG_3640
OK: 007_IMG_3642
OK: 007_IMG_3650
OK: 007_IMG_3651
OK: 007_IMG_3670
OK: 007_IMG_3739
OK: 007_IMG_3740
OK: 007_IMG_3742
OK: 007_IMG_3748
OK: 007_IMG_3749
OK: 007_IMG_3750
OK: 007_IMG_3752
OK: 007_IMG_3753
OK: 007_IMG_3756
ERROR: 007_IMG_3790
ERROR: 007_IMG_3791
ERROR: 007_IMG_3801
ERROR: 007_IMG_3839
ERROR: 007_IMG_3840
ERROR: 007_IMG_3841
ERROR: 007_IMG_3843
ERROR: 007_IMG_3877
OK: 007_IMG_3881
OK: 007_IMG_3883
OK: 007_IMG_3933
OK: 007_IMG_3937
OK: 007_IMG_3939
OK: 007_IMG_3956
OK: 007_IMG_3957
OK: 007_IMG_3970
OK: 007_IMG_4062
OK: 013RJ001002
ERROR: 013RJ001003
OK: 013RJ001004
OK: 013RJ001005
OK: 013RJ001008
OK: 013RJ001009
OK: 013RJ001010
OK: 013RJ001011
OK: 013RJ001012
OK: 013RJ001017
OK: 013RJ001018
OK: 013RJ001019
OK: 013RJ001020
OK: 013RJ001022
OK: 013RJ002001
OK: 013RJ002002
OK: 013RJ002003
OK: 013RJ004001
OK: 013RJ004014
OK: 013RJ004022
OK: 013RJ004024
OK: 013RJ004025
OK: 013RJ004027
OK: 013RJ004028
OK: 013RJ004029
OK: 013RJ004030
OK: 013RJ004031
OK: 013RJ006038
OK: 013RJ006042
OK: 013RJ007028
OK: 013RJ009013
OK: 013RJ011008
OK: 013RJ011009
OK: 013RJ011019
OK: 013RJ011039
OK: 013RJ011040
OK: 013RJ011054
OK: 013RJ012009
OK: 013RJ012036
OK: 013RJ012039
OK: 013RJ012066
OK: 013RJ016005
ERROR: 014AAN005003
ERROR: 014AAN005004
OK: 014AAN00501
ERROR: 014AAN005015
ERROR: 014AAN005019
OK: 014AAN00502
ERROR: 014AAN005022
ERROR: 014AAN005025
OK: 014AAN00503
OK: 014AAN00504
OK: 014AAN00506
OK: 014AAN00507
OK: 014AAN00508
OK: 014AAN00509
OK: 014AAN00510
OK: 014AAN00511
OK: 014AAN00512
OK: 014AAN00513
OK: 014AAN00514
OK: 014AAN00515
OK: 014AAN00516
OK: 014AAN00517
OK: 014AAN00518
OK: 014AAN00519
OK: 014AAN00520
OK: 014AAN00521
OK: 014AAN00522
OK: 014AAN00523
OK: 014AAN00524
OK: 014AAN00525
ERROR: 014AAN012009
ERROR: 014AAN012017
ERROR: 014AAN012018
ERROR: 014AAN012021
ERROR: 014AAN012023
ERROR: 014AAN012024
OK: 014AM001002
OK: 014AM001006
OK: 014AM001009
OK: 014AM001010
OK: 014AM001011
OK: 014AM001012
OK: 014AM001013
OK: 014AM001014
OK: 014AM002002
OK: 014AM002003
OK: 014AM002004
OK: 014AM002005
OK: 014AM002006
OK: 014AM002007
OK: 014AM002008
OK: 014AM002011
OK: 014AM002012
OK: 014AM002013
OK: 014AM002015
OK: 014AM002016
OK: 014AM002017
OK: 014AM002019
OK: 014AM003001
OK: 014AM003002
OK: 014AM003005
OK: 014AM003006
OK: 014AM003007
OK: 014AM003008
OK: 014AM003009
OK: 014AM003010
OK: 014AM003012
OK: 014AM003015
OK: 014AM003017
OK: 014AM003018
OK: 014AM003019
OK: 014AM003020
OK: 014AM004003
OK: 014AM005001
OK: 014AM005002
OK: 014AM005003
OK: 014AM005004
OK: 014AM005005
OK: 014AM005006
OK: 014AM005007
OK: 014AM005008
OK: 014AM005009
OK: 014AM005011
OK: 014AM005012
OK: 014AM005013
OK: 014AM005014
OK: 014AM005015
OK: 014AM005016
OK: 014AM005017
OK: 014AM005018
OK: 014AM005019
OK: 014AM005020
OK: 014AM005021
OK: 014AM005022
OK: 014AM005023
OK: 014AM005024
OK: 014AM005025
OK: 014AM005026
OK: 014AM005027
OK: 014AM005028
OK: 014AM005029
OK: 014AM005030
OK: 014AM005031
OK: 014AM005032
OK: 014AM005033
OK: 014AM005034
OK: 014AM006001
OK: 014AM006002
OK: 014AM006003
OK: 014AM006004
OK: 014AM006005
OK: 014AM006006
OK: 014AM006007
OK: 014AM006008
OK: 014AM006009
OK: 014AM006010
OK: 014AM006011
OK: 014AM007001
OK: 014AM007005
OK: 014AM008001
OK: 014AM008002
OK: 014AM008003
OK: 014AM008004
OK: 014AM010001
OK: 014AM010002
OK: 014AM010003
OK: 014AM010004
OK: 014AM010005
OK: 014AM010007
OK: 014AM010008
OK: 014AM010009
OK: 014AM010011
OK: 014AM010012
OK: 014AM010013
OK: 014AM010014
OK: 014AM010015
OK: 014AM010016
OK: 014AM010017
OK: 014AM010018
OK: 014AM010019
OK: 014AM010020
OK: 014AM010021
OK: 014AM010022
OK: 014AM012001
OK: 014AM012002
OK: 014AM012004
OK: 014AM012005
OK: 014AM012006
OK: 014AM012007
OK: 014AM012008
OK: 014AM012010
OK: 014AM012011
OK: 014AM012012
OK: 014AM012013
OK: 014AM012014
OK: 014AM012015
OK: 014AM012016
OK: 014AM012017
OK: 014AM012018
OK: 014AM012019
OK: 014AM012020
OK: 014AM012022
OK: 014AM012023
OK: 014AM012024
OK: 014AM012025
OK: 014AM012026
OK: 014AM012027
OK: 014AM012028
OK: 014AM012029
OK: 014AM012030
OK: 014AM012031
OK: 014AM012032
OK: 014AM012033
OK: 014AM012034
OK: 014AM012035
OK: 014AM012036
OK: 014AM012037
OK: 014AM012038
OK: 014AM012039
OK: 014AM012040
OK: 014AM012041
OK: 014AM012042
OK: 014AM012043
OK: 014AM012044
OK: 014AM012045
OK: 014AM012046
OK: 014AM012047
OK: 014AM012048
OK: 014AM012049
OK: 014AM012050
OK: 014AM012051
OK: 014AM012052
OK: 014AM012053
OK: 014AM012054
OK: 014AM012055
OK: 014AM012056
OK: 014AM012057
OK: 014AM012058
OK: 014AM012059
OK: 014AM012060
OK: 014AM012061
OK: 014AM012062
OK: 014AM012063
OK: 014AM012064
OK: 014AM012065
OK: 014AM012066
OK: 014AM012067
OK: 014AM012068
OK: 014AM012069
OK: 014AM012070
OK: 014AM012071
OK: 014AM012072
OK: 014AM012073
OK: 014AM012074
OK: 014AM012075
OK: 014AM012076
OK: 014AM014001
OK: 014AM014002
OK: 014AM015001
OK: 014AM015004
OK: 014AM015009
OK: 014AM015010
OK: 014AM015012
OK: 014AM016001
OK: 014AM016002
OK: 014AM016003
OK: 014AM016004
OK: 014AM016005
OK: 014AM017001
OK: 014AM017002
OK: 014AM017003
OK: 014AM017004
OK: 014AM017005
OK: 014AM017006
OK: 014AM018001
OK: 014AM018002
OK: 014AM018003
OK: 014AM018004
OK: 014AM019001
OK: 014AM019002
OK: 014AM019004
OK: 014AM019005
OK: 014AM019006
OK: 014AM019007
OK: 014AM019008
OK: 014AM019009
OK: 014AM019010
OK: 014AM019011
OK: 014AM019013
OK: 014AM019015
OK: 014AVULSA
OK: 014GL01-04
OK: 014GL02-03
OK: 014GL03-01
OK: 014GL03-02
OK: 014GL03-04
OK: 014GL03-05
OK: 014GL04-01
OK: 014GL04-02
OK: 014GL04-03
OK: 014GL05
OK: 014GL07
OK: 014GL09
OK: 014GL10
OK: 014GL11
OK: 014GL12
OK: 014GL13
OK: 014GL15
OK: 014GL17
OK: 014GL18
OK: 014GL19
OK: 014GL20
OK: 014GL21
OK: 014GL23
OK: 014GL24
OK: 014GL27
OK: 014GL28
OK: 014GL29
OK: 014GL30
OK: 014GL31
OK: 014GL32
OK: 014GL33
OK: 014GL34
OK: 014GL36
OK: 014GL39
OK: 014GL40
OK: 014GL42
OK: 014GL43
OK: 014GLAS001
OK: 014GLAS002
OK: 014GLAS003
OK: 014GLAS004
OK: 014GLAS005
OK: 014GLAS006
OK: 014GLAS008
OK: 014GLAS009
OK: 014GLAS010
OK: 014GLAS011
OK: 014GLAS012
OK: 014GLAS013
OK: 014GLAS014
OK: 014GLAS015
OK: 014GLAS018
OK: 014GLAS019
OK: 014GLAS020
OK: 014GLAS021
OK: 014GLAS023
OK: 014GLAS024
OK: 014GLAS025
OK: 014GLAS027
OK: 014GLAS028
OK: 014GLAS029
OK: 014GLAS030
OK: 014GLAS031
OK: 014GLAS032
OK: 014GLAS033
OK: 014GLAS034
OK: 014GLAS036
OK: 014GLAS037
OK: 014GLAS038
OK: 014GLAS039
OK: 014GLAS040
OK: 014GLAS041
OK: 014GLAS042
OK: 014GLAS043
OK: 014GLAS044
OK: 014GLAS045
OK: 014GLAS046
OK: 014GLAS047
OK: 014GLAS049
OK: 014GLAS050
OK: 014GLAS051
OK: 014GLAS052
OK: 014GLAS053
OK: 014GLAS054
OK: 014GLAS055
OK: 014GLAS056
OK: 014GLAS057
OK: 014GLAS058
OK: 014GLAS059
OK: 014GLAS061
OK: 014GLAS064
OK: 014GLAS065
OK: 014GLAS066
OK: 014GLAS067
OK: 014GLAS068
OK: 014GLAS070
OK: 014GLAS071
OK: 014GLAS072
OK: 014GLAS073
OK: 014GLAS074
OK: 014GLAS075
OK: 014GLAS076
OK: 014GLAS077
OK: 014GLAS078
OK: 014GLAS079
OK: 014GLAS080
OK: 014GLAS083
OK: 014GLAS084
OK: 014GLAS085
OK: 014GLAS086
OK: 014GLAS087
OK: 014GLAS088
OK: 014GLAS089
OK: 014GLAS090
OK: 014GLAS091
OK: 014GLAS092
OK: 014GLAS094
OK: 014GLAS095
OK: 014GLAS096
OK: 014GLAS097
OK: 014GLAS098
OK: 014GLAS099
OK: 014GLAS100
OK: 014GLAS101
OK: 014GLAS102
OK: 014GLAS103
OK: 014GLAS104
OK: 014GLAS105
OK: 014GLAS106
OK: 014GLAS107
OK: 014GLAS109
ERROR: 014GLAS111FRENTE
OK: 014GLAS111VERSO
ERROR: 014GLAS112FRENTE
OK: 014GLAS112VERSO
ERROR: 014GLAS113FRENTE
OK: 014GLAS113VERSO
OK: 014GLAS114VERSO
OK: 014IMS_014_81
OK: 014IMS_014_82
OK: 014MF002001
OK: 014MF002002
OK: 014MF002003
OK: 014MF002006
OK: 014MF002007
OK: 014MF002008
OK: 014MF002009
OK: 014MF002011
OK: 014MF002012
OK: 014MF002013
OK: 014MF014001
OK: 014MF014005
OK: 014MF014012
OK: 014MF014013
OK: 014MF014017
OK: 014MF014020
OK: 014PANORAMA1
OK: 014PANORAMA2
OK: 014PANORAMA3
OK: 037SL01001
OK: 037SL01002
OK: 037SL01003
OK: 037SL01004
OK: 037SL01023
OK: 037SL01035
OK: 037SL01039
OK: 037SL01041
OK: 037SL01042
OK: 037SL01044
OK: 037SL01045
OK: 037SL01046
OK: 037SL01047
OK: 037SL01049
OK: 037SL01051
OK: 037SL01053
OK: 037SL01055
OK: 037SL01059
OK: 037SL01063
OK: 037SL01064
OK: 037SL01066
OK: 037SL01068
OK: 037SL01069
OK: 037SL01070
OK: 037SL01071
OK: 037SL01072
OK: 037SL01073
OK: 037SL01074
OK: 037SL01075
OK: 037SL01076
OK: 037SL01077
OK: 037SL01078
OK: 037SL01079
OK: 037SL01081
OK: 037SL01082
OK: 037SL01084
OK: 037SL01085
OK: 037SL01086
OK: 037SL01087
OK: 037SL01088
OK: 037SL01089
OK: 037SL01090
OK: 037SL01091
OK: 037SL01092
OK: 037SL01094
OK: 037SL01095
OK: 037SL01096
OK: 037SL01098
OK: 037SL01105
OK: 037SL01106
OK: 037SL01107
OK: 037SL01109
OK: 037SL01113
OK: 037SL01114
OK: 037SL01122
OK: 037SL01123
OK: 037SL01124
OK: 037SL01125
OK: 037SL01129
OK: 037SL01130
OK: 037SL01132
OK: 037SL01134
OK: 037SL01135
OK: 037SL01137
OK: 037SL01138
OK: 037SL01139
OK: 037SL01141
OK: 037SL01143
OK: 037SL01145
OK: 037SL01146
OK: 037SL01147
OK: 037SL01148
OK: 037SL01151P
OK: 037SL01152
OK: 037SL02002
OK: 037SL02004
OK: 037SL02006
OK: 037SL02008
OK: 037SL02009
OK: 037SL02010
OK: 037SL02011
OK: 037SL02012
OK: 037SL02013
OK: 037SL02014
OK: 037SL02015
OK: 037SL02016
OK: 037SL02017
OK: 037SL03001
OK: 037SL03002
OK: 037SL03003
OK: 037SL03004
OK: 037SL03007
OK: 037SL03008
OK: 037SL03009
OK: 037SL03010
OK: 037SL03011
OK: 037SL03012
OK: 037SL03013
OK: 037SL03014
OK: 037SL03015
OK: 037SL03016
OK: 037SL03017
OK: 037SL03018
OK: 037SL03019
OK: 037SL03020
OK: 037SL03021
OK: 037SL03022
OK: 037SL03023
OK: 037SL03024
OK: 037SL03027
OK: 037SL03028
OK: 037SL03033
OK: 037SL03034
OK: 037SL03035
OK: 037SL03036
OK: 037SL03037
OK: 037SL03038
OK: 037SL03039
OK: 037SL03040
OK: 037SL03041
OK: 037SL03042
OK: 037SL03043
OK: 037SL03045
OK: 037SL03046
OK: 037SL03047
OK: 037SL03048
OK: 037SL03049
OK: 037SL03050
OK: 037SL03051
OK: 037SL03053
OK: 037SL03054
OK: 037SL03055
OK: 037SL03056
OK: 037SL03057
OK: 037SL03058
OK: 037SL03059
OK: 037SL03060
OK: 037SL03061
OK: 037SL03062
OK: 037SL03063
OK: 037SL03065
OK: 037SL03066
OK: 037SL03067
OK: 037SL03068
OK: 037SL03069
OK: 037SL03070
OK: 037SL03071
OK: 037SL03072
OK: 037SL03073
OK: 037SL03074
OK: 037SL03075
OK: 037SL03076
OK: 037SL03077
OK: 037SL03078
OK: 037SL03079
OK: 037SL03080
OK: 037SL03082
OK: 037SL03083
OK: 037SL03084
OK: 037SL03085
OK: 037SL03087
OK: 037SL03088
OK: 037SL03089
OK: 037SL03090
OK: 037SL03091
OK: 037SL03092
OK: 037SL03093
OK: 037SL03095
OK: 037SL03096
OK: 037SL03098
OK: 037SL03099
OK: 037SL03100
OK: 037SL03101
OK: 037SL03102
OK: 037SL03103
OK: 037SL03104
OK: 037SL03105
OK: 037SL03106
OK: 037SL03111
OK: 037SL03112
OK: 037SL03113
OK: 037SL03125
OK: 037SL03131
OK: 037SL03132
OK: 037SL03134
OK: 037SL03136
OK: 037SL03137
OK: 037SL03139
OK: 037SL03140
OK: 037SL04001
OK: 037SL04002
OK: 037SL04003
OK: 037SL05003
OK: 037SL05021
OK: 037SL05032
OK: 037SL05040
OK: 037SL05054
OK: 037SL05062
OK: 037SL05067
OK: 037SL05072
OK: 037SL05073
OK: 037SL05075
OK: 037SL05076
OK: 037SL05077
OK: 037SL05078
OK: 037SL05079
OK: 037SL06033
ERROR: 14AAN00505
OK: CJHF4004
OK: CJHF9003
OK: P002SAM52-0047
['002029FPF004001', '0072137CX008-04', '0072430CX032-01', '0072430CX067-01', '0072430CX097-11', '007A5P3F10-052-053', '007A5P3F14-026', '007A5P3F14-032', '007A5P3F14-033', '007A5P3F14-034', '007A6P4FP27-010', '007A6P4FP27-033', '007A6P4FP27-041', '007A6P4FP27-046', '007DSCN4372', '007NGBMF1530CX02-10', '007NGBMF2137CX014', '007NGBMF2137CX16-02', '007NGBMF4050CX05-01', '007_IMG_3790', '007_IMG_3791', '007_IMG_3801', '007_IMG_3839', '007_IMG_3840', '007_IMG_3841', '007_IMG_3843', '007_IMG_3877', '013RJ001003', '014AAN005003', '014AAN005004', '014AAN005015', '014AAN005019', '014AAN005022', '014AAN005025', '014AAN012009', '014AAN012017', '014AAN012018', '014AAN012021', '014AAN012023', '014AAN012024', '014GLAS111FRENTE', '014GLAS112FRENTE', '014GLAS113FRENTE', '14AAN00505']
