[32m2021-06-18 19:36:26[0m - dagster - [34mDEBUG[0m - metadata_pipeline - 7793b4cd-75f7-4157-b74b-adeb638fb3bc - 2199 - create_metadata - LOGS_CAPTURED - Started capturing logs for solid: create_metadata.
[32m2021-06-18 19:36:26[0m - dagster - [34mDEBUG[0m - metadata_pipeline - 7793b4cd-75f7-4157-b74b-adeb638fb3bc - 2199 - create_metadata - STEP_START - Started execution of step "create_metadata".
[32m2021-06-18 19:36:31[0m - dagster - [34mDEBUG[0m - metadata_pipeline - 7793b4cd-75f7-4157-b74b-adeb638fb3bc - 2199 - create_metadata - LOADED_INPUT - Loaded input "camera" using input manager "camera_root"
[32m2021-06-18 19:36:32[0m - dagster - [34mDEBUG[0m - metadata_pipeline - 7793b4cd-75f7-4157-b74b-adeb638fb3bc - 2199 - create_metadata - LOADED_INPUT - Loaded input "catalog" using input manager "catalog_root"
[32m2021-06-18 19:36:32[0m - dagster - [34mDEBUG[0m - metadata_pipeline - 7793b4cd-75f7-4157-b74b-adeb638fb3bc - 2199 - create_metadata - LOADED_INPUT - Loaded input "images" using input manager "images_root"
[32m2021-06-18 19:36:32[0m - dagster - [34mDEBUG[0m - metadata_pipeline - 7793b4cd-75f7-4157-b74b-adeb638fb3bc - 2199 - create_metadata - LOADED_INPUT - Loaded input "omeka" using input manager "omeka_root"
[32m2021-06-18 19:36:33[0m - dagster - [34mDEBUG[0m - metadata_pipeline - 7793b4cd-75f7-4157-b74b-adeb638fb3bc - 2199 - create_metadata - LOADED_INPUT - Loaded input "portals" using input manager "portals_root"
[32m2021-06-18 19:36:33[0m - dagster - [34mDEBUG[0m - metadata_pipeline - 7793b4cd-75f7-4157-b74b-adeb638fb3bc - 2199 - create_metadata - LOADED_INPUT - Loaded input "wikidata" using input manager "wikidata_root"
[32m2021-06-18 19:36:34[0m - dagster - [34mDEBUG[0m - metadata_pipeline - 7793b4cd-75f7-4157-b74b-adeb638fb3bc - 2199 - create_metadata - STEP_INPUT - Got input "camera" of type "Any". (Type check passed).
[32m2021-06-18 19:36:34[0m - dagster - [34mDEBUG[0m - metadata_pipeline - 7793b4cd-75f7-4157-b74b-adeb638fb3bc - 2199 - create_metadata - STEP_INPUT - Got input "catalog" of type "Any". (Type check passed).
[32m2021-06-18 19:36:34[0m - dagster - [34mDEBUG[0m - metadata_pipeline - 7793b4cd-75f7-4157-b74b-adeb638fb3bc - 2199 - create_metadata - STEP_INPUT - Got input "images" of type "Any". (Type check passed).
[32m2021-06-18 19:36:35[0m - dagster - [34mDEBUG[0m - metadata_pipeline - 7793b4cd-75f7-4157-b74b-adeb638fb3bc - 2199 - create_metadata - STEP_INPUT - Got input "omeka" of type "Any". (Type check passed).
[32m2021-06-18 19:36:35[0m - dagster - [34mDEBUG[0m - metadata_pipeline - 7793b4cd-75f7-4157-b74b-adeb638fb3bc - 2199 - create_metadata - STEP_INPUT - Got input "portals" of type "Any". (Type check passed).
[32m2021-06-18 19:36:35[0m - dagster - [34mDEBUG[0m - metadata_pipeline - 7793b4cd-75f7-4157-b74b-adeb638fb3bc - 2199 - create_metadata - STEP_INPUT - Got input "wikidata" of type "Any". (Type check passed).
[32m2021-06-18 19:36:36[0m - dagster - [34mERROR[0m - [31mmetadata_pipeline - 7793b4cd-75f7-4157-b74b-adeb638fb3bc - 2199 - create_metadata - STEP_FAILURE - Execution of step "create_metadata" failed.

dagster.core.errors.DagsterExecutionStepExecutionError: Error occurred while executing solid "create_metadata"::

KeyError: 'id'

Stack Trace:
  File "/home/pitanga/.local/share/virtualenvs/situated-views-XI40jPuu/lib/python3.8/site-packages/dagster/core/execution/plan/utils.py", line 42, in solid_execution_error_boundary
    yield
  File "/home/pitanga/.local/share/virtualenvs/situated-views-XI40jPuu/lib/python3.8/site-packages/dagster/utils/__init__.py", line 382, in iterate_with_context
    next_output = next(iterator)
  File "/home/pitanga/.local/share/virtualenvs/situated-views-XI40jPuu/lib/python3.8/site-packages/dagster/core/execution/plan/compute.py", line 126, in execute_core_compute
    for step_output in _yield_compute_results(step_context, inputs, compute_fn):
  File "/home/pitanga/.local/share/virtualenvs/situated-views-XI40jPuu/lib/python3.8/site-packages/dagster/core/execution/plan/compute.py", line 92, in _yield_compute_results
    user_event_generator = compute_fn(SolidExecutionContext(step_context), inputs)
  File "/home/pitanga/.local/share/virtualenvs/situated-views-XI40jPuu/lib/python3.8/site-packages/dagster/core/definitions/decorators/solid.py", line 329, in compute
    result = fn(context, **kwargs) if context_arg_provided else fn(**kwargs)
  File "bin/pipelines/metadata_pipeline.py", line 21, in create_metadata
    metadata = metadata.merge(df, how="outer", on="id")
  File "/home/pitanga/.local/share/virtualenvs/situated-views-XI40jPuu/lib/python3.8/site-packages/pandas/core/frame.py", line 8195, in merge
    return merge(
  File "/home/pitanga/.local/share/virtualenvs/situated-views-XI40jPuu/lib/python3.8/site-packages/pandas/core/reshape/merge.py", line 74, in merge
    op = _MergeOperation(
  File "/home/pitanga/.local/share/virtualenvs/situated-views-XI40jPuu/lib/python3.8/site-packages/pandas/core/reshape/merge.py", line 668, in __init__
    ) = self._get_merge_keys()
  File "/home/pitanga/.local/share/virtualenvs/situated-views-XI40jPuu/lib/python3.8/site-packages/pandas/core/reshape/merge.py", line 1033, in _get_merge_keys
    right_keys.append(right._get_label_or_level_values(rk))
  File "/home/pitanga/.local/share/virtualenvs/situated-views-XI40jPuu/lib/python3.8/site-packages/pandas/core/generic.py", line 1684, in _get_label_or_level_values
    raise KeyError(key)
[0m
