[32m2021-06-24 15:03:06[0m - dagster - [34mDEBUG[0m - metadata_pipeline - 3e3f41c4-71af-4bc5-a1f5-d04c0a08adbd - 15786 - create_metadata - LOGS_CAPTURED - Started capturing logs for solid: create_metadata.
[32m2021-06-24 15:03:06[0m - dagster - [34mDEBUG[0m - metadata_pipeline - 3e3f41c4-71af-4bc5-a1f5-d04c0a08adbd - 15786 - create_metadata - STEP_START - Started execution of step "create_metadata".
[32m2021-06-24 15:03:11[0m - dagster - [34mDEBUG[0m - metadata_pipeline - 3e3f41c4-71af-4bc5-a1f5-d04c0a08adbd - 15786 - create_metadata - LOADED_INPUT - Loaded input "camera" using input manager "camera_root"
[32m2021-06-24 15:03:11[0m - dagster - [34mDEBUG[0m - metadata_pipeline - 3e3f41c4-71af-4bc5-a1f5-d04c0a08adbd - 15786 - create_metadata - LOADED_INPUT - Loaded input "catalog" using input manager "catalog_root"
[32m2021-06-24 15:03:11[0m - dagster - [34mDEBUG[0m - metadata_pipeline - 3e3f41c4-71af-4bc5-a1f5-d04c0a08adbd - 15786 - create_metadata - LOADED_INPUT - Loaded input "images" using input manager "images_root"
[32m2021-06-24 15:03:12[0m - dagster - [34mDEBUG[0m - metadata_pipeline - 3e3f41c4-71af-4bc5-a1f5-d04c0a08adbd - 15786 - create_metadata - LOADED_INPUT - Loaded input "omeka" using input manager "omeka_root"
[32m2021-06-24 15:03:12[0m - dagster - [34mDEBUG[0m - metadata_pipeline - 3e3f41c4-71af-4bc5-a1f5-d04c0a08adbd - 15786 - create_metadata - LOADED_INPUT - Loaded input "portals" using input manager "portals_root"
[32m2021-06-24 15:03:12[0m - dagster - [34mDEBUG[0m - metadata_pipeline - 3e3f41c4-71af-4bc5-a1f5-d04c0a08adbd - 15786 - create_metadata - LOADED_INPUT - Loaded input "wikidata" using input manager "wikidata_root"
[32m2021-06-24 15:03:13[0m - dagster - [34mDEBUG[0m - metadata_pipeline - 3e3f41c4-71af-4bc5-a1f5-d04c0a08adbd - 15786 - create_metadata - STEP_INPUT - Got input "camera" of type "Any". (Type check passed).
[32m2021-06-24 15:03:13[0m - dagster - [34mDEBUG[0m - metadata_pipeline - 3e3f41c4-71af-4bc5-a1f5-d04c0a08adbd - 15786 - create_metadata - STEP_INPUT - Got input "catalog" of type "Any". (Type check passed).
[32m2021-06-24 15:03:13[0m - dagster - [34mDEBUG[0m - metadata_pipeline - 3e3f41c4-71af-4bc5-a1f5-d04c0a08adbd - 15786 - create_metadata - STEP_INPUT - Got input "images" of type "Any". (Type check passed).
[32m2021-06-24 15:03:13[0m - dagster - [34mDEBUG[0m - metadata_pipeline - 3e3f41c4-71af-4bc5-a1f5-d04c0a08adbd - 15786 - create_metadata - STEP_INPUT - Got input "omeka" of type "Any". (Type check passed).
[32m2021-06-24 15:03:14[0m - dagster - [34mDEBUG[0m - metadata_pipeline - 3e3f41c4-71af-4bc5-a1f5-d04c0a08adbd - 15786 - create_metadata - STEP_INPUT - Got input "portals" of type "Any". (Type check passed).
[32m2021-06-24 15:03:14[0m - dagster - [34mDEBUG[0m - metadata_pipeline - 3e3f41c4-71af-4bc5-a1f5-d04c0a08adbd - 15786 - create_metadata - STEP_INPUT - Got input "wikidata" of type "Any". (Type check passed).
[32m2021-06-24 15:03:14[0m - dagster - [34mDEBUG[0m - metadata_pipeline - 3e3f41c4-71af-4bc5-a1f5-d04c0a08adbd - 15786 - create_metadata - STEP_OUTPUT - Yielded output "metadata" of type "Any". (Type check passed).
/home/pitanga/.local/share/virtualenvs/situated-views-yLYNqPII/lib/python3.8/site-packages/dagster/core/execution/plan/execute_step.py:367: ExperimentalWarning: Yielding metadata from an IOManager's handle_output() function is currently experimental functionality. It may break in future versions, even between dot releases. To mute warnings for experimental functionality, invoke warnings.filterwarnings("ignore", category=dagster.ExperimentalWarning) or use one of the other methods described at https://docs.python.org/3/library/warnings.html#describing-warning-filters.
  for evt in _store_output(step_context, step_output_handle, output, input_lineage):
[32m2021-06-24 15:03:17[0m - dagster - [34mDEBUG[0m - metadata_pipeline - 3e3f41c4-71af-4bc5-a1f5-d04c0a08adbd - 15786 - create_metadata - ASSET_MATERIALIZATION - saved csv
[32m2021-06-24 15:03:18[0m - dagster - [34mDEBUG[0m - metadata_pipeline - 3e3f41c4-71af-4bc5-a1f5-d04c0a08adbd - 15786 - create_metadata - HANDLED_OUTPUT - Handled output "metadata" using IO manager "pandas_csv"
[32m2021-06-24 15:03:18[0m - dagster - [34mDEBUG[0m - metadata_pipeline - 3e3f41c4-71af-4bc5-a1f5-d04c0a08adbd - 15786 - create_metadata - STEP_SUCCESS - Finished execution of step "create_metadata" in 4.37s.
