[32m2021-06-24 15:18:20[0m - dagster - [34mDEBUG[0m - metadata_pipeline - 4b3d99a6-091c-466e-8743-e80adc3e553f - 15942 - create_metadata - LOGS_CAPTURED - Started capturing logs for solid: create_metadata.
[32m2021-06-24 15:18:20[0m - dagster - [34mDEBUG[0m - metadata_pipeline - 4b3d99a6-091c-466e-8743-e80adc3e553f - 15942 - create_metadata - STEP_START - Started execution of step "create_metadata".
[32m2021-06-24 15:18:25[0m - dagster - [34mDEBUG[0m - metadata_pipeline - 4b3d99a6-091c-466e-8743-e80adc3e553f - 15942 - create_metadata - LOADED_INPUT - Loaded input "camera" using input manager "camera_root"
[32m2021-06-24 15:18:25[0m - dagster - [34mDEBUG[0m - metadata_pipeline - 4b3d99a6-091c-466e-8743-e80adc3e553f - 15942 - create_metadata - LOADED_INPUT - Loaded input "catalog" using input manager "catalog_root"
[32m2021-06-24 15:18:26[0m - dagster - [34mDEBUG[0m - metadata_pipeline - 4b3d99a6-091c-466e-8743-e80adc3e553f - 15942 - create_metadata - LOADED_INPUT - Loaded input "images" using input manager "images_root"
[32m2021-06-24 15:18:26[0m - dagster - [34mDEBUG[0m - metadata_pipeline - 4b3d99a6-091c-466e-8743-e80adc3e553f - 15942 - create_metadata - LOADED_INPUT - Loaded input "omeka" using input manager "omeka_root"
[32m2021-06-24 15:18:26[0m - dagster - [34mDEBUG[0m - metadata_pipeline - 4b3d99a6-091c-466e-8743-e80adc3e553f - 15942 - create_metadata - LOADED_INPUT - Loaded input "portals" using input manager "portals_root"
[32m2021-06-24 15:18:27[0m - dagster - [34mDEBUG[0m - metadata_pipeline - 4b3d99a6-091c-466e-8743-e80adc3e553f - 15942 - create_metadata - LOADED_INPUT - Loaded input "wikidata" using input manager "wikidata_root"
[32m2021-06-24 15:18:27[0m - dagster - [34mDEBUG[0m - metadata_pipeline - 4b3d99a6-091c-466e-8743-e80adc3e553f - 15942 - create_metadata - STEP_INPUT - Got input "camera" of type "Any". (Type check passed).
[32m2021-06-24 15:18:27[0m - dagster - [34mDEBUG[0m - metadata_pipeline - 4b3d99a6-091c-466e-8743-e80adc3e553f - 15942 - create_metadata - STEP_INPUT - Got input "catalog" of type "Any". (Type check passed).
[32m2021-06-24 15:18:27[0m - dagster - [34mDEBUG[0m - metadata_pipeline - 4b3d99a6-091c-466e-8743-e80adc3e553f - 15942 - create_metadata - STEP_INPUT - Got input "images" of type "Any". (Type check passed).
[32m2021-06-24 15:18:28[0m - dagster - [34mDEBUG[0m - metadata_pipeline - 4b3d99a6-091c-466e-8743-e80adc3e553f - 15942 - create_metadata - STEP_INPUT - Got input "omeka" of type "Any". (Type check passed).
[32m2021-06-24 15:18:28[0m - dagster - [34mDEBUG[0m - metadata_pipeline - 4b3d99a6-091c-466e-8743-e80adc3e553f - 15942 - create_metadata - STEP_INPUT - Got input "portals" of type "Any". (Type check passed).
[32m2021-06-24 15:18:28[0m - dagster - [34mDEBUG[0m - metadata_pipeline - 4b3d99a6-091c-466e-8743-e80adc3e553f - 15942 - create_metadata - STEP_INPUT - Got input "wikidata" of type "Any". (Type check passed).
[32m2021-06-24 15:18:29[0m - dagster - [34mERROR[0m - [31mmetadata_pipeline - 4b3d99a6-091c-466e-8743-e80adc3e553f - 15942 - create_metadata - STEP_FAILURE - Execution of step "create_metadata" failed.

dagster.core.errors.DagsterExecutionStepExecutionError: Error occurred while executing solid "create_metadata"::

KeyError: 'id'

Stack Trace:
  File "/home/pitanga/.local/share/virtualenvs/situated-views-yLYNqPII/lib/python3.8/site-packages/dagster/core/execution/plan/utils.py", line 42, in solid_execution_error_boundary
    yield
  File "/home/pitanga/.local/share/virtualenvs/situated-views-yLYNqPII/lib/python3.8/site-packages/dagster/utils/__init__.py", line 382, in iterate_with_context
    next_output = next(iterator)
  File "/home/pitanga/.local/share/virtualenvs/situated-views-yLYNqPII/lib/python3.8/site-packages/dagster/core/definitions/decorators/solid.py", line 307, in _coerce_solid_compute_fn_to_iterator
    result = fn(context, **kwargs) if context_arg_provided else fn(**kwargs)
  File "bin/pipelines/metadata_pipeline.py", line 93, in create_metadata
    metadata = metadata_new.loc["id", isin_catalog]
  File "/home/pitanga/.local/share/virtualenvs/situated-views-yLYNqPII/lib/python3.8/site-packages/pandas/core/indexing.py", line 889, in __getitem__
    return self._getitem_tuple(key)
  File "/home/pitanga/.local/share/virtualenvs/situated-views-yLYNqPII/lib/python3.8/site-packages/pandas/core/indexing.py", line 1060, in _getitem_tuple
    return self._getitem_lowerdim(tup)
  File "/home/pitanga/.local/share/virtualenvs/situated-views-yLYNqPII/lib/python3.8/site-packages/pandas/core/indexing.py", line 807, in _getitem_lowerdim
    section = self._getitem_axis(key, axis=i)
  File "/home/pitanga/.local/share/virtualenvs/situated-views-yLYNqPII/lib/python3.8/site-packages/pandas/core/indexing.py", line 1124, in _getitem_axis
    return self._get_label(key, axis=axis)
  File "/home/pitanga/.local/share/virtualenvs/situated-views-yLYNqPII/lib/python3.8/site-packages/pandas/core/indexing.py", line 1073, in _get_label
    return self.obj.xs(label, axis=axis)
  File "/home/pitanga/.local/share/virtualenvs/situated-views-yLYNqPII/lib/python3.8/site-packages/pandas/core/generic.py", line 3739, in xs
    loc = index.get_loc(key)
  File "/home/pitanga/.local/share/virtualenvs/situated-views-yLYNqPII/lib/python3.8/site-packages/pandas/core/indexes/base.py", line 3082, in get_loc
    raise KeyError(key) from err

The above exception was the direct cause of the following exception:
KeyError: 'id'

Stack Trace:
  File "/home/pitanga/.local/share/virtualenvs/situated-views-yLYNqPII/lib/python3.8/site-packages/pandas/core/indexes/base.py", line 3080, in get_loc
    return self._engine.get_loc(casted_key)
  File "pandas/_libs/index.pyx", line 70, in pandas._libs.index.IndexEngine.get_loc
  File "pandas/_libs/index.pyx", line 98, in pandas._libs.index.IndexEngine.get_loc
  File "pandas/_libs/index_class_helper.pxi", line 89, in pandas._libs.index.Int64Engine._check_type
[0m
