OK: O Pão de Açúcar visto da entrada da Barra. 
Fotografia integra "Álbum de amador navegante ", formado por 200 fotografias, que retratam uma viagem de navio pelo Brasil e por outros países da América do Sul e Central.
OK: Vista da Ilha Fiscal. 
Fotografia integra "Álbum de amador navegante ", formado por 200 fotografias, que retratam uma viagem de navio pelo Brasil e por outros países da América do Sul e Central.
OK: Ilha das Cobras vista da baía. 
Fotografia integra "Álbum de amador navegante ", formado por 200 fotografias, que retratam uma viagem de navio pelo Brasil e por outros países da América do Sul e Central.
OK: Vista da rua Primeiro de Março, com a igreja do Carmo ao fundo. 
Fotografia integra "Álbum de amador navegante ", formado por 200 fotografias, que retratam uma viagem de navio pelo Brasil e por outros países da América do Sul e Central.
OK: Vista de edificações que compõem o Corpo de Bombeiros. 
Fotografia integra "Álbum de amador navegante ", formado por 200 fotografias, que retratam uma viagem de navio pelo Brasil e por outros países da América do Sul e Central.
OK: Aspecto de uma das edificações do Corpo de Bombeiros. 
Fotografia integra "Álbum de amador navegante ", formado por 200 fotografias, que retratam uma viagem de navio pelo Brasil e por outros países da América do Sul e Central.
OK: Vista das edificações que compõem o Corpo de Bombeiros. 
Fotografia integra "Álbum de amador navegante ", formado por 200 fotografias, que retratam uma viagem de navio pelo Brasil e por outros países da América do Sul e Central.
OK: Em estilo eclético, o Teatro Municipal foi desenhado por Francisco de Oliveira Passos, engenheiro e  filho do prefeito Pereira Passos. Foi inaugurado em 1909, como parte do conjunto arquitetônico das Obras de Reurbanização da Cidade do Rio de Janeiro, durante a prefeitura de Pereira Passos. 
Fotografia integra "Álbum de amador navegante ", formado por 200 fotografias, que retratam uma viagem de navio pelo Brasil e por outros países da América do Sul e Central.
OK: Fachada do Palácio Monroe, antiga sede do Senado Federal. 
Fotografia integra "Álbum de amador navegante ", formado por 200 fotografias, que retratam uma viagem de navio pelo Brasil e por outros países da América do Sul e Central.
OK: Vista do Palácio Municipal, atual prefeitura de Petrópolis. 
Fotografia integra "Álbum de amador navegante ", formado por 200 fotografias, que retratam uma viagem de navio pelo Brasil e por outros países da América do Sul e Central.
OK: Vegetação do Jardim Botânico. 
Fotografia integra "Álbum de amador navegante ", formado por 200 fotografias, que retratam uma viagem de navio pelo Brasil e por outros países da América do Sul e Central.
OK: Aléia de palmeiras no Jardim Botânico. 
Fotografia integra "Álbum de amador navegante ", formado por 200 fotografias, que retratam uma viagem de navio pelo Brasil e por outros países da América do Sul e Central.
OK: Aléia de palmeiras no Jardim Botânico. 
Fotografia integra "Álbum de amador navegante ", formado por 200 fotografias, que retratam uma viagem de navio pelo Brasil e por outros países da América do Sul e Central.
OK: Pequena edificação no interior do jardim Botânico. 
Fotografia integra "Álbum de amador navegante ", formado por 200 fotografias, que retratam uma viagem de navio pelo Brasil e por outros países da América do Sul e Central.
OK: Estátua no interior do Jardim Botânico. 
Fotografia integra "Álbum de amador navegante ", formado por 200 fotografias, que retratam uma viagem de navio pelo Brasil e por outros países da América do Sul e Central.
OK: Pão de Açúcar visto de Santa Tereza. 
Fotografia integra "Álbum de amador navegante ", formado por 200 fotografias, que retratam uma viagem de navio pelo Brasil e por outros países da América do Sul e Central.
OK: Vista a partir da Vista Chinesa, no Alto da Tijuca, com a lagoa Rodrigo de Freitas ao centro, Corcovado à esquerda e, ao fundo, o Pão de Açúcar e a enseada de Botafogo. 
Fotografia integra "Álbum de amador navegante ", formado por 200 fotografias, que retratam uma viagem de navio pelo Brasil e por outros países da América do Sul e Central.
OK: Vista a partir da Vista Chinesa, no Alto da Tijuca, com a lagoa Rodrigo de Freitas ao centro, Corcovado à esquerda e, ao fundo, o Pão de Açúcar e a enseada de Botafogo. 
Fotografia integra "Álbum de amador navegante ", formado por 200 fotografias, que retratam uma viagem de navio pelo Brasil e por outros países da América do Sul e Central.
OK: Fotografia integra "Álbum de amador navegante ", formado por 200 fotografias, que retratam uma viagem de navio pelo Brasil e por outros países da América do Sul e Central.
OK: Fotografia integra "Álbum de amador navegante ", formado por 200 fotografias, que retratam uma viagem de navio pelo Brasil e por outros países da América do Sul e Central.
OK: Fotografia integra "Álbum de amador navegante ", formado por 200 fotografias, que retratam uma viagem de navio pelo Brasil e por outros países da América do Sul e Central.
OK: O Pão de Açúcar visto da entrada da Baía de Guanabara. À esquerda, a antiga Escola Militar, já reformada, juntamente com outros pavilhões da Exposição de 1908 na praia Vermelha. 
Fotografia integra "Álbum de amador navegante ", formado por 200 fotografias, que retratam uma viagem de navio pelo Brasil e por outros países da América do Sul e Central.
OK: A entrada da Barra vista da Baía de Guanabara com Corcovado ao fundo. À esquerda, o forte de Santa Cruz. 
Fotografia integra "Álbum de amador navegante ", formado por 200 fotografias, que retratam uma viagem de navio pelo Brasil e por outros países da América do Sul e Central.
OK: O Pão de Açúcar visto da entrada da Baía de Guanabara. À esquerda, a antiga Escola Militar, já reformada, juntamente com outros pavilhões da Exposição de 1908 na praia Vermelha. 
Fotografia integra "Álbum de amador navegante ", formado por 200 fotografias, que retratam uma viagem de navio pelo Brasil e por outros países da América do Sul e Central.
OK: Vista da cidade a partir da baía de Guanabara. À direita, Ilha Fiscal, as torres sineiras e a cúpula da igreja da Candelária. 
Fotografia integra "Álbum de amador navegante ", formado por 200 fotografias, que retratam uma viagem de navio pelo Brasil e por outros países da América do Sul e Central.
OK: O Pão de Açúcar visto da entrada da Baía de Guanabara. À esquerda, a antiga Escola Militar, já reformada, juntamente com outros pavilhões da Exposição de 1908 na praia Vermelha. 
Fotografia integra "Álbum de amador navegante ", formado por 200 fotografias, que retratam uma viagem de navio pelo Brasil e por outros países da América do Sul e Central.
OK: Entrada externa da baía de Guanabara, vista de Niterói, tendo ao fundo a cadeia montanhosa da cidade.
OK: A Escola Militar tem suas origens relacionadas à Escola Politécnica, antiga Escola Central, localizada no Largo de São Francisco de Paula no prédio erguido especialmente para abrigar uma escola de ensino superior. A Escola Politécnica estava ligada a Academia Real Militar, depois Escola Militar, transferida em 1812 da Casa do Trem para o Largo de São Francisco. Em 1851 passou pela primeira grande reforma, que a dividiu em duas: a Escola Militar propriamente dita e a de Aplicação, instalada provisoriamente na fortaleza de São João. Posteriormente, graças à intervenção do Ministro da Guerra Jerônimo Coelho, a Escola Militar passou a denominar-se Central, dedicada especialmente ao aperfeiçoamento científico dos seus alunos, e a de Aplicação, na Praia Vermelha, transformou-se em 1859 em Militar e de Aplicação. Em 1874, a totalidade do ensino militar passou para a escola da Praia Vermelha.
OK: Vista da praça Dom Pedro II, atual XV de Novembro, e do porto da cidade, a partir do Morro do Castelo.
OK: A Praça D. Pedro II passou a ser assim chamada no Segundo Reinado. Apesar disso, a área era chamada pela população - até pelo menos o início do século XX -  Largo do Paço, por causa do palácio real, e depois imperial, mandado construir por Gomes Freire (futuro Conde de Bobadela) no século XVIII. Foi inicialmente destinado a ser sede do governo e casa dos governadores. Seus alicerces foram fincados em frente ao convento do Carmo, no lugar antes ocupado pela Casa da Moeda. A praça também já havia sido chamada Largo do Rócio e Terreiro da Polé (porque ali ficava o pelourinho, popularmente chamado polé). Em 1889, com a Proclamação da República, a praça passa definitivamente a chamar-se Praça XV de Novembro. A praça foi remodelada em 1894, ganhando um novo jardim com um monumento em homenagem à memória do General Osório, feita por Rodolfo Bernardelli.
OK: Fotografia integra o álbum "Rio de Janeiro e seus arredores" formado por 42 fotografias.
OK: A Academia que vemos ao centro foi criada em 1810 a partir de parte da obra inacabada da Sé da cidade, que começou a ser levantada em 1750. O próprio prédio militar só ficou pronto entre 1820 e 1830. Destinado a abrigar instituições educacionais do país, nos anos subseqüentes o espaço foi usado pela Escola Militar (1842), Escola Politécnica (1874) e durante todo o século XX e XXI pelo IFCS-UFRJ (Instituto de Filosofia e Ciências Sociais da Universidade Federal do Rio de Janeiro. 
Fotografia integra o álbum "Rio de Janeiro e seus arredores" formado por 42 fotografias.
OK: Botafogo, centro açucareiro no século XVIII, fazia parte da freguesia de São João Batista da Lagoa. Na foto vemos a rua General Polidoro, uma das primeiras do bairro, aberta junto ao Morro da Quinta do Vigário Geral (propriedade do padre Clemente de Matos). À General Polidoro foram acrescidos o Caminho Novo de São Joaquim (atual Voluntários da Pátria), em 1826; a rua Real Grandeza, paralela à moldura da foto; a rua de Todos os Santos (atual Mena Barreto); e a rua São João Batista. O Cemitério São João Batista foi construído em 1852. 
Fotografia integra o álbum "Rio de Janeiro e seus arredores" formado por 42 fotografias.
OK: Fotografia integra o álbum "Rio de Janeiro e seus arredores" formado por 42 fotografias.
OK: nan
OK: nan
OK: O palácio foi construído para residência do Barão de Nova Friburgo e sua família, entre 1866 e 1890, quando tornou-se o Palácio do Catete, residência dos presidentes republicanos, entre 1897 e 1960. Atualmente, ali funciona o Museu da República.
Integra o "Álbum da Família Leuzinger" formado por 162 itens diversos.
OK: Vista do Centro do Rio de Janeiro, da Ponta do Calabouço à Alfândega, a partir da Ilha das Cobras.
Integra o "Álbum da Família Leuzinger" formado por 162 itens diversos.
OK: Vista panorâmica da marinha da cidade, a partir da ilha das Cobras. Vê-se a igreja da Candelária, com a cúpula ainda em construção.
Integra o "Álbum da Família Leuzinger" formado por 162 itens diversos.
OK: O atual Museu da República está sediado em um prédio construído para servir de residência ao  Barão de Nova Friburgo, Antônio Clemente Pinto, comerciante e fazendeiro de café. A construção, iniciada em 1858, foi concluída nove anos depois. Mais tarde, com o advento da República, em 1897, o palacete tornou-se o símbolo da República brasileira ao servir de sede do Poder Executivo e palácio presidencial, logo sendo conhecido com Palácio do Catete. 
Integra o "Álbum da Família Leuzinger" formado por 162 itens diversos.
OK: Integra o "Álbum da Família Leuzinger" formado por 162 itens diversos.
OK: Pode-se ver o Quartel, a Estação da Central do Brasil e o Campo da Aclamação. 
Integra o "Álbum da Família Leuzinger" formado por 162 itens diversos.
OK: A Ilha da Boa Viagem localiza-se no interior da baía de Guanabara, na cidade de Niterói, estado do Rio de Janeiro, no Brasil. É ocupada pela Capela de Nossa Senhora da Boa Viagem, sobranceira às águas da Guanabara, erguida no século XVIII, no ponto mais elevado da ilha, pelo Provedor da Fazenda Real, Diogo Carvalho da Fontoura, fruto de uma promessa, em agradecimento por uma graça recebida. O dia da padroeira era festejado na capela votiva com celebração de missa e romaria tanto por marinheiros quanto por viajantes.
Integra o "Álbum da Família Leuzinger" formado por 162 itens diversos.
OK: Vista do Saco da Gamboa, vendo-se à direita o Mercado da Harmonia e, ao fundo, o Morro da Conceição. 
Integra o "Álbum da Família Leuzinger" formado por 162 itens diversos.
OK: Integra o "Álbum da Família Leuzinger" formado por 162 itens diversos.
OK: Integra o "Álbum da Família Leuzinger" formado por 162 itens diversos.
OK: Vista de casario (na atual rua Riachuelo) entre a sinuosa rua Monte Alegre, em Santa Teresa, e o morro do Senado (área da atual praça da Cruz Vermelha). 
Integra o "Álbum da Família Leuzinger" formado por 162 itens diversos.
OK: Bairro tradicional do Rio desde o século XIX, Botafogo cresceu muito depois de1880, estimulado pela inauguração dos bondes e abertura de novas ruas. A Praia de Botafogo foi primeiro chamada pelos franceses de "Le Lac" - o Lago. Por volta de 1641 passou a chamar-se Praia de Botafogo por causa de João de Souza Botafogo, que ali manteve residência depois que chegou ao Brasil fugindo de perseguições políticas em Portugal. Até o século XVIII o bairro era praticamente inabitado, e eram dois os caminhos que levavam à Praia: o Caminho Velho, atual Rua Senador Vergueiro, e o Caminho Novo, atual Rua Marquês de Abrantes. 
Integra o "Álbum da Família Leuzinger" formado por 162 itens diversos.
OK: Conhecido no século XIX ora como Largo do Paço, ora como Praça D. Pedro II, o logradouro abriga prédios importantes da arquitetura brasileira, como o Paço Imperial, o convento do Carmo, a Capela Imperial e a Igreja de Nossa Senhora do Carmo. Depois da proclamação da República passou a chamar-se Praça 15 de Novembro. Um dos destaques da praça é o Chafariz da Pirâmide, mandado construir por Gomes Freire de Andrade, o Conde de Bobadela, em 1747, só ficando pronto em 1752. Foi removido para junto do cais construído no vice-reinado de D. Luís de Vasconcelos e Souza, por volta de 1779, e passou por uma reforma feita por Mestre Valentim, que acrescentou adornos novos e mais vistosos (como as armas do vice-rei e a inscrição latina numa lápide). Pelo chafariz jorrava água fresca da fonte da Carioca para o povo e marinheiros.
Integra o "Álbum da Família Leuzinger" formado por 162 itens diversos.
OK: Localizado no Centro histórico do Rio de Janeiro, entre a Lapa e a Cinelândia, o Passeio Público é o primeiro parque ajardinado do Brasil, e foi concebido por um dos maiores artistas do período colonial brasileiro: Mestre Valentim da Fonseca e Silva. 
Integra o "Álbum da Família Leuzinger" formado por 162 itens diversos.
OK: Vista do Palácio Monroe com morro da Glória ao fundo.
OK: Vista da praia de Botafogo com Pão de Açúcar e pedra da Gávea ao fundo.
OK: Panorama da cidade do Rio com Pão de Açúcar ao fundo.
OK: nan
OK: Palácio Monroe, inaugurado em 1906 no final da Avenida Central (atual Avenida Rio Branco) para sede da Conferência Pan-Americana do Rio de Janeiro. Reprodução, com aproveitamento parcial de material original do Pavilhão Brasileiro na Exposição Internacional de 1904 em St.Louis (EUA), que recebeu o grande prêmio do júri da exposição. Projeto de uma  comissão chefiada pelo general engenheiro Francisco Marcelino de Souza  Aguiar. Utilizado inicialmente para exposições, em 1914, funcionou temporariamente como Câmara dos Deputados e,em 1922, serviu de sede para a Comissão Executiva da Exposição do Centenário da Independência do Brasil. Entre 1925 e 1960, funcionou como Senado Federal. Foi demolido na década de 1970. No primeiro plano, à esquerda, parte do Edifício Lafond, um dos primeiros prédios de apartamentos da cidade, na esquina com a Rua Santa Luzia. À direita do palácio está o Passeio Público. Ao fundo, à esquerda, o Outeiro da Glória e, à direita, os morros de Santa Teresa (à frente) e Nova Cintra (atrás).
OK: O Teatro Municipal do Rio de Janeiro foi inaugurado em 14 de julho de 1909, 4 anos e meio após o início de sua construção, nos primeiros dias de janeiro de 1905. Projetado pelo engenheiro Francisco de Oliveira Passos, filho do prefeito do Rio, Francisco Pereira Passos (1836 - 1913), e por Albert Guilberg, foi inspirado no Teatro da Ópera de Paris. O prédio é um dos mais bonitos e imponentes da cidade e sua história mistura-se com a trajetória cultural do Brasil. Artistas de renome como os irmãos Rodolfo Bernardelli (1852 – 1931) e Henrique Bernardelli (1857 – 1936), Eliseu Visconti (1866 – 1944) e Rodolfo Amoedo (1857 – 1941) participaram da decoração do teatro. Considerado uma das mais importantes salas de espetáculos da América do Sul, ao longo de seus 108 anos recebeu grandes artistas nacionais e internacionais, como as cantoras Bidu Sayão (1902 – 1999), Maria Callas (1923 – 1977) e Renalta Tebaldi (1922 – 2004); os maestros Arturo Toscanini (1867 – 1957), Igor Stravinsky (1882 – 1971) e Heitor Villa-Lobos (1887 – 1959); a atriz Sarah Bernhardt (1844 – 1923) e os bailarinos Margot Fonteyn (1919 – 1991), Rudolf Nureyev (1938 – 1993), Ana Botafogo (1957-) e Mikhail Baryshnikov (1948-); além de importantes personalidades como o papa Francisco (1936-) e o ex-presidente dos Estados Unidos, Barack Obama (1961-).
À direita a Avenida Rio Branco (antiga Avenida Central) e, à esquerda, edificações nas faldas do Morro de Santo Antonio.
OK: Vista geral da Avenida Rio Branco (antiga Avenida Central, até 1912), em direção à Praça Mauá. À esquerda, na altura da bifurcação com a Rua Miguel Couto (antiga dos Ourives), esquina da Rua do Rosário, está a Igreja de Nossa Senhora da Conceição e Boa Morte. Projetada pelo brigadeiro português José Fernandes Pinto Alpoim, levou longos 100 anos para ser concluída: iniciada em 1735, só foi definitivamente terminada em 1835. À direita, no primeiro plano, na esquina com a Rua do Ouvidor, o magazine Colombo, primeira casa comercial da avenida. No mesmo lado, entre as duas torres, a cúpula da Igreja da Candelária.
OK: A avenida Niemeyer, inaugurada oficialmente em 27 de setembro de 1920 durante visita do rei Alberto I da Bélgica (1875 – 1934) ao Brasil; com a Pedra da Gávea, localizada entre as praias de São Conrado e da Barra da Tijuca, ao fundo.
OK: Vista do Pão de Açúcar e estações do bondinho do Caminho Aéreo a partir do Morro da Urca. Em destaque à direita, a estação Urca. Ao centro e à esquerda, cadeia de morros de Niterói terminando no Forte de Nossa Senhora da Guia. Em 27 de outubro de 1912, foi inaugurado um caminho aéreo no Rio de Janeiro, entre a Praia Vermelha e o Morro da Urca, que se tornaria o mundialmente famoso Bondinho do Pão de Açúcar. Em 1º de dezembro, foi inaugurada a iluminação elétrica no caminho aéreo. O bondinho no segundo trecho, entre o Morro da Urca e o Pão de Açúcar, numa extensão de 750 metros e 396 metros de altura, começou a funcionar no dia 18 de janeiro de 1913, completando a ligação até o alto do pico do Pão de Açúcar. é um dos mais famosos cartões postais do Rio de Janeiro.
OK: Vista panorâmica da zona sul da cidade, a partir do Pão de Açúcar. À direita, no topo do morro da Urca, a estação do bondinho do Caminho Aéreo; acima o bairro de Botafogo e, ao fundo, a Lagoa Rodrigo de Freitas. Ao centro, entre os morros da Urca e da Babilônia, o prédio da Escola Militar seguido de outros edifícios da Praia da Saudade. À esquerda, a praia do Leme seguida da praia e do bairro de Copacabana. No horizonte, o Morro Dois Irmãos e a Pedra da Gávea.
OK: Estação do Pão de Açúcar e bondinho do Caminho Aéreo, ponto final do trecho que se inicia no Morro da Urca. Este segundo trecho foi construído por iniciativa dos industriais Augusto Ferreira Ramos e Manuel Galvão. O projeto foi  do engenheiro Fredolino Cardoso 
Em 27 de outubro de 1912, foi inaugurado um caminho aéreo no Rio de Janeiro, entre a Praia Vermelha e o Morro da Urca, que se tornaria o mundialmente famoso Bondinho do Pão de Açúcar. Em 1º de dezembro, foi inaugurada a iluminação elétrica no caminho aéreo. O bondinho no segundo trecho, entre o Morro da Urca e o Pão de Açúcar, numa extensão de 750 metros e 396 metros de altura, começou a funcionar no dia 18 de janeiro de 1913, completando a ligação até o alto do pico do Pão de Açúcar. é um dos mais famosos cartões postais do Rio de Janeiro.
OK: Em 27 de outubro de 1912, foi inaugurado um caminho aéreo no Rio de Janeiro, entre a Praia Vermelha e o Morro da Urca, que se tornaria o mundialmente famoso Bondinho do Pão de Açúcar. Em 1º de dezembro, foi inaugurada a iluminação elétrica no caminho aéreo. O bondinho no segundo trecho, entre o Morro da Urca e o Pão de Açúcar, numa extensão de 750 metros e 396 metros de altura, começou a funcionar no dia 18 de janeiro de 1913, completando a ligação até o alto do pico do Pão de Açúcar. é um dos mais famosos cartões postais do Rio de Janeiro.
OK: A Avenida Niemeyer foi cortada pela Companhia Via Férrea Sapucaí para dar lugar a uma ferrovia (nunca construída), que ligaria o bairro de Botafogo a Angra dos Reis. Via à beira-mar, no sopé do morro, ladeada por coqueiros esparsos e com a Pedra da Gávea ao fundo. Pode-se ver um homem observando o fotógrafo, apoiado na mureta. Apresenta postes com fiação elétrica.
OK: Atualmente conhecida como praia de São Conrado, a Praia da Gávea era assim chamada devido à Pedra da Gávea.
OK: Copacabana é um dos mais emblemáticos bairros do Rio de Janeiro e Delfim Moreira é o nome da avenida da orla do Leblon.
OK: A Praia de Botafogo foi primeiro chamada pelos franceses de "Le Lac" - o Lago. Os portugueses deram o nome de Francisco Velho, um dos companheiros de Estácio de Sá no Morro Cara de Cão, que se estabeleceu na praia e começou ali uma lavoura. Por volta de 1641 passou a chamar-se Praia de Botafogo por causa de João de Souza Botafogo, que ali manteve residência depois que chegou ao Brasil fugindo de perseguições políticas em Portugal.  Até o século XVIII o bairro era praticamente inabitado, e eram dois os caminhos que levavam à Praia: o Caminho Velho, atual Rua Senador Vergueiro, e o Caminho Novo, atual Rua Marquês de Abrantes.
OK: A Praia da Saudade ficava localizada no que é hoje a entrada do bairro da Urca, no Rio de Janeiro. Na década de 1930,  foi totalmente aterrada para a construção do Iate Clube do Rio de Janeiro.
OK: Vista panorâmica da enseada e do bairro de Botafogo a partir do Pão de Açúcar. No horizonte, em destaque próximo à lua, o Pico do Corcovado.
OK: Vista noturna das praias de Copacabana e Leme, ao centro da imagem, em primeiro plano, o obelisco comemorativo da inauguração da Avenida Atlântica, em  22 de julho de 1919.
OK: Vista noturna da Praia de Botafogo, a partir do Morro da Viúva. No centro da imagem pode-se ver a torre da Igreja Imaculada Conceição. No horizonte, a Pedra da Gávea e o Pico do Corcovado iluminado
OK: O Hotel Central ficava na Praia do Flamengo, esquina com a rua Barão do Flamengo. Foi construído em 1915, no lugar do balneário High-Life, e era também uma casa de banho, contando com pequenos quartos onde os banhistas trocavam de roupa. Foi demolido em 1951 e em seu lugar erguido o edifício Conde de Nassau.
OK: Avenida Rio Branco, antiga Avenida Central, até 1912, tomada da Cinelândia em direção à Praça Mauá. No centro e ao fundo, o Theatro Municipal.
OK: Vista noturna da Avenida Central. No centro, ao fundo, o obelisco comemorativo da conclusão das obras da avenida duplamente inaugurada: o primeiro trecho em 07 de setembro de1904. Passou a chamar-se Rio Branco em 10 de março de 1912, um mês após a morte do barão homenageado. À esquerda, no primeiro plano, a Escola de Belas Artes seguida da Biblioteca Nacional.
OK: Vista noturna da Avenida Rio Branco, antiga Avenida Central, até 1912. Totalmente iluminada, a avenida recebeu 55 lâmpadários de luz elétrica, instalados pela Light em 15 de novembro de 1905, por ocasião da inauguração do segundo trecho da avenida. Nas calçadas foram instalados lampiões à gás. À esquerda da imagem, parte do Teatro Municipal e da Praça Marechal Floriano.
OK: Fachada do Palácio Guanabara, vista frontal. Vê-se bandeira hasteada no centro da edificação.
OK: Vista da rua Paissandu em toda a sua extensão, a partir do terraço do palácio Guanabara.
OK: Dois homens no terraço do Palácio Guanabara.
OK: Fachada da escola Estácio de Sá, fundada em 1911 na Fortaleza de São João.
OK: O Templo da Humanidade é a sede da Igreja Positivista do Brasil, fica na rua Benjamin Constant, fundado em 1881 no bairro da Glória.
OK: Inaugurado em 4 de julho de 1931, o monumento à amizade Brasil-Estados Unidos nos foi presenteado por uma iniciativa da Câmara Americana de Comércio, por conta da comemoração do primeiro centenário da emancipação política do Brasil. Localizava-se inicialmente na Praça Estados Unidos, tendo sido reinaugurada em 1942 na Praça 4 de Julho, em frente à Embaixada Americana. O monumento, obra do escultor Charles Keeke, representa uma mulher de pé sustentando com a mão direita uma palma de louros e com a esquerda as bandeiras brasileira e norte-americana. No pedestal do monumento há dois medalhões e logo abaixo a inscrição "Amizade do povo americano ao povo brasileiro 07/09/1822- 07/09/1922".
OK: Inaugurado em 4 de julho de 1931, o monumento à amizade Brasil-Estados Unidos nos foi presenteado por uma iniciativa da Câmara Americana de Comércio, por conta da comemoração do primeiro centenário da emancipação política do Brasil. Localizava-se inicialmente na Praça Estados Unidos, tendo sido reinaugurada em 1942 na Praça 4 de Julho, em frente à Embaixada Americana. O monumento, obra do escultor Charles Keeke, representa uma mulher de pé sustentando com a mão direita uma palma de louros e com a esquerda as bandeiras brasileira e norte-americana. No pedestal do monumento há dois medalhões e logo abaixo a inscrição "Amizade do povo americano ao povo brasileiro 07/09/1822- 07/09/1922".
OK: nan
OK: Jardim interno do Jockey Club.
OK: Vista do Teatro Municipal, Escola Nacional de Belas Artes (atual Museu Nacional de Belas Artes), trecho da  Avenida Rio Branco e parte da Praça Marechal Floriano.
OK: Aspecto das imediações da praça Tiradentes. Rua com transeuntes, carros e bondes, um deles em direção a Engenho de Dentro.
OK: Bonde 20 para Arsenal da Marinha.
OK: Bonde 564, da linha Largo de São Francisco.
OK: Bonde 399 em direção à rua Rodrigues Alves.
OK: Bonde de linha não identificada, com inscrição lateral de número 449.
OK: Vista geral da Exposição de 1908, em comemoração ao centenário da Abertura dos Portos às Nações Amigas, em fase final de construção.
OK: Vista geral da Exposição de 1908, em comemoração ao centenário da Abertura dos Portos às Nações Amigas.
OK: Vista da enseada de Botafogo, com o Pão de Açúcar ao fundo.
OK: O Passeio Público é o primeiro parque público do Brasil, uma imensa área verde bem no centro da cidade. Originalmente obra urbanística de Mestre Valentim.
OK: Estátua de D. Pedro I na Praça da Constituição, atual Praça Tiradentes.
OK: À esquerda da imagem vemos o Convento do Carmo, seguido pela Capela Imperial e pela Igreja do Carmo. Tanto a Capela Imperial como a Igreja do Carmo surgiram no século XVIII, e juntamente com o Paço compõem o largo Dom Pedro II. A capela foi palco do casamento de Pedro I com Leopoldina e da sagração do próprio Pedro I e de seu filho, Pedro II. No século XX tornou-se a catedral metropolitana do Rio de Janeiro. Ali perto também morou o rico comerciante Francisco Telles de Menezes, que deu origem ao Arco do Telles.
OK: Homem pescando na Praia de Botafogo, tendo ao fundo o Morro do Corcovado.
OK: Pedra de Itapuca, que significa "pedra furada", na praia de Itapuca, em Icaraí, Niterói.
OK: nan
OK: nan
OK: Vista do bairro da Glória a partir de Santa Teresa. À esquerda, vê-se a a alta chaminé da The Rio de Janeiro City Improvements Limited (ou simplesmente City), empresa responsável pelo tratamento de esgotos da cidade na época, inaugurada em 1864. Ao lado da chaminé da City está o mercado da Glória, inaugurado pelo vereador Haddock Lobo em 1857. Também destaca-se na imagem a Igreja de Nossa Senhora da Glória do Outeiro, inaugurada por volta de 1740 para substituir a frágil ermida original. Ao fundo, à direita, está o Pão de Açúcar.
OK: À esquerda vê-se o Aqueduto da Carioca, mais conhecido como Arcos da Lapa, construído no século XVIII com a função inicial de captar água do rio Carioca para resolver o crônico problema de abastecimento da cidade. No século XVIII o monumento perdeu sua função original para servir de viaduto para os bondes. Também à esquerda está o Morro de Santo Antônio e o convento de mesmo nome, construído no início do século XVII. À direita vemos o Morro do Castelo, um dos  marcos iniciais da cidade colonial.
OK: A Glória surgiu por mando do vice-rei Marquês do Lavradio para preparar feiras livres de impostos e normalizar, assim, o abastecimento das capitanias do Rio e de Minas no século XVIII. Em 1857 o bairro foi totalmente remodelado pelo Vereador Haddock Lobo, a fim de dar melhor aparência ao logradouro.
OK: As origens do Catete nos remetem ao quinhentismo, quando governava a cidade o português Antônio Salema. Foi ele quem integrou o bairro na vida dos colonizadores, tornando-o  passagem para o engenho de açúcar d'El Rei, que havia sido fundado na lagoa Rodrigo de Freitas. No século XVI, chácaras e olarias começaram a aparecer nas proximidades de um dos braços do rio Carioca. Segundo o historiador Felisbelo Freire, a partir de documentos de arquivos, o nome Catete significava "mato escondido" ou "mato cerrado", mas também pode ser o nome de um pássaro e de uma vila de Angola.
OK: Panorama da zona portuária da cidade, tirado provavelmente do Morro do Castelo. Ao fundo, vemos a cadeia montanhosa da cidade.
OK: Vista panorâmica da enseada de Botafogo, a partir do topo do Corcovado
OK: nan
OK: nan
OK: nan
OK: nan
OK: nan
OK: nan
OK: nan
OK: nan
OK: nan
OK: nan
OK: Vista da Praia de Botafogo, tomada do Morro da Viúva. À direita vê-se a torre sineira da Igreja da Imaculada Conceição e, no horizonte, o Morro Dois Irmãos, a Pedra da Gávea e o Corcovado.
OK: Vista da praia de Botafogo a partir do morro da Viúva, com morro do Corcovado ao fundo.
OK: nan
OK: nan
OK: Vista do morro do Corcovado ainda com o mirante Chapéu de Sol, substituído em 1931 pela estátua do Cristo Redentor.
OK: nan
OK: nan
OK: nan
OK: nan
ERRO: 001AN01001011
OK: nan
OK: nan
OK: nan
OK: nan
OK: nan
OK: nan
OK: nan
OK: nan
