Point(-43.155669444 -22.790427777)
001AAN005121
001AAN005122
Point(-43.155669444 -22.790427777)
001AAN005123
Point(-43.17666667 -22.90805556)
001AAN005124
001AAN005125
001AAN005126
001AAN005127
Point(-43.1775 -22.90472222)
001AAN005128
Point(-43.1775 -22.90472222)
001AAN005129
Point(-43.17666667 -22.90805556)
001AAN005135
001AAN005136
001AAN005137
001AAN005138
001AAN005139
001AAN005140
001AAN005141
001AAN005142
001AAN005143
Point(-43.17666667 -22.90805556)
001AAN005144
001AAN005145
001AAN005146
Point(-43.155669444 -22.790427777)
001AAN005147
Point(-43.155669444 -22.790427777)
001AAN005148
Point(-43.155669444 -22.790427777)
001AAN005149
001AAN005150
Point(-43.155669444 -22.790427777)
001AAN005151
001AAN014010
Point(-43.16472222 -22.95527778)
001AAN014011
001AAN014015
Point(-43.17666667 -22.90805556)
001AAN014016
Point(-43.178051 -22.8970349)
Point(-43.178051 -22.8970349)
Point(-43.175553 -22.903371)
Point(-43.178051 -22.8970349)
Point(-43.175553 -22.903371)
Point(-43.17423333 -22.90350833)
Point(-43.178051 -22.8970349)
Point(-43.175553 -22.903371)
Point(-43.17423333 -22.90350833)
Point(-43.1754 -22.9034)
Point(-43.178051 -22.8970349)
Point(-43.175553 -22.903371)
Point(-43.17423333 -22.90350833)
Point(-43.1754 -22.9034)
Point(-43.173260092 -22.900749505)
Point(-43.178051 -22.8970349)
Point(-43.175553 -22.903371)
Point(-43.17423333 -22.90350833)
Point(-43.1754 -22.9034)
Point(-43.173260092 -22.900749505)
Point(-43.176353055 -22.900285)
Point(-43.178051 -22.8970349)
Point(-43.175553 -22.903371)
Point(-43.17423333 -22.90350833)
Point(-43.1754 -22.9034)
Point(-43.173260092 -22.900749505)
Point(-43.176353055 -22.900285)
Point(-43.17555833 -22.90309444)
Point(-43.178051 -22.8970349)
Point(-43.175553 -22.903371)
Point(-43.17423333 -22.90350833)
Point(-43.1754 -22.9034)
Point(-43.173260092 -22.900749505)
Point(-43.176353055 -22.900285)
Point(-43.17555833 -22.90309444)
Point(-43.173694444 -22.903)
Point(-43.178051 -22.8970349)
Point(-43.175553 -22.903371)
Point(-43.17423333 -22.90350833)
Point(-43.1754 -22.9034)
Point(-43.173260092 -22.900749505)
Point(-43.176353055 -22.900285)
Point(-43.17555833 -22.90309444)
Point(-43.173694444 -22.903)
Point(-43.1738532 -22.902706)
Point(-43.178051 -22.8970349)
Point(-43.175553 -22.903371)
Point(-43.17423333 -22.90350833)
Point(-43.1754 -22.9034)
Point(-43.173260092 -22.900749505)
Point(-43.176353055 -22.900285)
Point(-43.17555833 -22.90309444)
Point(-43.173694444 -22.903)
Point(-43.1738532 -22.902706)
Point(-43.17498 -22.90273)
Point(-43.178051 -22.8970349)
Point(-43.175553 -22.903371)
Point(-43.17423333 -22.90350833)
Point(-43.1754 -22.9034)
Point(-43.173260092 -22.900749505)
Point(-43.176353055 -22.900285)
Point(-43.17555833 -22.90309444)
Point(-43.173694444 -22.903)
Point(-43.1738532 -22.902706)
Point(-43.17498 -22.90273)
Point(-43.171666666 -22.895833333)
001ACL017002
Point(-46.636972222 -23.549694444)
001ACL017006
001ACL017018
Point(-43.245 -22.963)
001ACL017022
001ACL018002
001ACL018004
001ACL019001
001ACL019003
Point(-43.171666666 -22.895833333)
001ACL019004
001ACL019005
001ACL019007
Point(-43.17666667 -22.90805556)
001ACL019009
001ACL019014
Point(-43.19277778 -22.8975)
001ACL019026
001ACL019029
001ACL019030
Point(-43.188243 -22.917528)
001ACL019043
001ACL019053
001ACL019059
Point(-43.17666667 -22.90805556)
001ACL019093
Point(-43.17666667 -22.90805556)
001AE001001
Point(-43.19 -22.953338888)
001AE001002
001AE001003
001AF001001
Point(-43.17666667 -22.90805556)
001ALA011001
Point(-43.175725 -22.91100833)
001ALA011002
Point(-43.17666667 -22.90805556)
001ALA011003
001ALA011004
Point(-43.16472222 -22.95527778)
001ALA011005
001ALA011006
001ALA011007
Point(-43.19 -22.953338888)
001ALA011008
001ALA011009
001ALA011010
001ALA011011
001ALA011012
001ALA011013
001ALA011014
001ALA011015
001ALA011016
001ALA011017
Point(-43.17666667 -22.90805556)
001ALA011018
001ALA011019
Point(-43.17666667 -22.90805556)
001ALA011020
001AM001001
001AM002001
001AM002002
001AM003
001AM004
Point(-43.17666667 -22.90805556)
001AM005001
001AM005002
001AM006
001AM008
Point(-43.17666667 -22.90805556)
001AM010
001AM011
001AM012001
001AM012002
001AM012003
001AM013
001AM014001
001AM014002
Point(-43.19 -22.953338888)
001AMF013001
001AMF013002
001AMF013003
001AMF013005
001AMF013007
001AMF013009
001AMF013010
001AMF015001
Point(-43.17349722 -22.92086389)
001AMF015002
001AMF015008
001AMF015015
001AMF015016
001AMF015020
001AMF015022
001AMF015024
001AMF015025
Point(-43.17349722 -22.92086389)
001AMF016001
001AMF016002
001AMF016005
001AMF016006
001AMF016008
001AMF016016
001AMF016025
001AMF016042
Point(-43.19 -22.953338888)
001AN01001001
Point(-43.19 -22.953338888)
001AN01001002
Point(-43.19 -22.953338888)
001AN01001003
001AN01001004
001AN01001006
Point(-43.180697222 -22.967033333)
001AN01001007
Point(-43.204527777 -22.983819444)
001AN01001008
001AN01001009
001AN01001010
Point(-43.204527777 -22.983819444)
001AN01001011
001AN01001018
001AN01001019
001AN01001020
001AN01001026
001AN01001027
001AN01001029
001AN01001030
001AN01001031
001AN01002001
001AN01002002
001AN01002003
001AN01002004
001AN01002005
001AN01002006
Point(-43.17666667 -22.90805556)
001AN01002007
001AN01002008
001AN01002009A
001AN01002009B
Point(-43.17349722 -22.92086389)
001AN01002010
001AN01002011
001AN01002012
001AN01002013
001AN01002014
001AN01002015
Point(-43.19 -22.953338888)
001AN01002016
001AN01002017A
001AN01002017B
001AN01002018
001AN01002019
001AN01002020
001AN01002021
001AN01002022
001AN01002023
001AN01002025
001AN01002026
001AN01002027
001AN01002028
001AN01002029
001AN01002030
001AN01002031
001AN01002032
Point(-43.266666666 -23.0)
001AN01002034
001AN01002035
001AN01002037
001AN01002038
Point(-43.17666667 -22.90805556)
001AN01002039
001AN01002040
001AN01002041
001AN01002045
001AN01002047
001AN01002048
001AN01002049
001AN01002050
001AN01002051
001AN01002052
001AN01002053
001AN01002054
001AN01002055
001AN01002056
001AN01002057
001AN01002059
001AN01002060
001AN01002067A
001AN01002067B
001AN01002074
Point(-43.171666666 -22.895833333)
001AN01002075
001AN01002076
001AN01002077
001AN01002078
001AN02001002
Point(-43.17349722 -22.92086389)
001AN02001004
001AN02001005
Point(-43.17349722 -22.92086389)
001AN02001006
001AN16001001
001AN16001002
001AN16001004
001AN16001006
001AN16001007
001AN16001008
001AN16001009
001AN16001012
001AN16001013
001AN24001003
001AN25001001
001AN25001002
Point(-43.173055555 -22.94)
Point(-43.173055555 -22.94)
Point(-43.15516 -22.94949)
Point(-43.173055555 -22.94)
Point(-43.15516 -22.94949)
Point(-43.17 -22.921)
001AN25001003
001AN29001001
001AN29001002
Point(-43.17349722 -22.92086389)
001AN29001003
001AN29001004
Point(-43.19 -22.953338888)
001AN30001001
Point(-43.1809 -22.94437)
001AN31001001
001AN31001002
001AN32001
001ANV022001
001ANV022002
001ANV022003
001ANV022004
001ANV022005
001ANV022006
001ANV022007
001ANV022009
001ANV022010
001ANV022011
001ANV022012
001ANV022013
001ANV022014
001ANV022015
001ANV022016
001ANV022017
001ANV022018
001ANV022019
001ANV022020
001ANV022021
001ANV022022
001ANV022023
Point(-43.19 -22.953338888)
001ANV022024
001AS001001
Point(-43.17349722 -22.92086389)
001AS001002
001AS001004
001ATK012001
001ATK012002
001ATK012003
001ATK012004
001ATK012005
001ATK012006
001ATK012007
001ATK012008
001ATK012009
Point(-43.17666667 -22.90805556)
001ATK012010
001ATK012011
001ATK012012
001ATK012013
001ATK012014
001ATK012015
001ATK012016
001ATK012017
001ATK012018
001ATK012019
001ATK012020
001ATK012021
001ATK012022
001ATK012023
Point(-43.1809 -22.94437)
001ATK012024
001AZ001
001BA001001
001BA001002
001BA001003
001BA002003
001BA002004
001BA003001
001BA003006
001BA003007
001BA003008
001BA003009
Point(-43.19 -22.953338888)
001BO001001
001BO002
001CC001024
001CC001027
001CC001032
001CC002
001CC003001
001CC006002
001CC007001
001CC007003
001CC007004
001CC007005
001CC007007
001CC007014
001CC007015
001CC007016
001CC007019
001CC007020
001CC007022
001CC007025
001CC008005
001CC008007
001CC011
001CC013
001CC015001
001CC015002
001CC015003
001CC015005
001CC016001
001CC016002
001CC016003
001CC017001
001CC017002
001CC018
001CC019001
001CC019002
001CC019005
001CC019007
001CC019008
001CC019010
001CC019011
001CC019012
001CC019013
001CC019014
001CC020001
001CC020002
001CC021
001CC023002
001CC023003
001CC025
001CC031
001CC032
001CC045
001CC047
001CE001
001CO001002
001CO001003
001CO001004
Point(-43.17349722 -22.92086389)
001CO001005
001CO001007
001FE001
Point(-43.17349722 -22.92086389)
001FM001001
001FM001002
001FM001003
001GU001001
Point(-43.19 -22.953338888)
001GU001002
001GU001003
001GU001005
001GU001006
001GU001007
001GU001008
001GU001009
Point(-43.17666667 -22.90805556)
001GU001010
001GU001011
001GU001012
001GU001013
001GU001014
001GU001015
001GU001016
001GU001017
001GU001018
001GU001019
001GU001020
001GU001021
001GU001022
001GU001023
001GU001024
001GU001025
001GU001026
001GU001027
001GU001028
001GU001029
001GU001030
001GU001031
001GU001032
001GU001033
001GU001034
001GU001035
001GU001036
001GU010001
001GU010002
001LE004001
001LN001001
Point(-43.19 -22.953338888)
001MC001001
001MF001001
001MF001002
001MF002001
001MF002003
001MF002004
001MF002005
001MF002006
001MF002007
001MF002008
001MF003001
001MF003002
001MF003003
001MF003004
001MF003005
001MF003007
001MF003008
001MF006001
001MF006002
001MF006003
001MF007001
001MF007002
Point(-43.17349722 -22.92086389)
001MF007003
001MF007004
001MF007005
001MF007007
001MF007008
001MF007010
001MF007011
001MF009
001MF011001
Point(-43.17349722 -22.92086389)
001MF011002
001MF012001
001MF012002
001MF012003
001MF012004
Point(-43.19 -22.953338888)
001MF014001
001MF014002
Point(-43.180697222 -22.967033333)
001MF014003
001MF014004
Point(-43.223889 -22.9675)
001MF014005
001MF015003
Point(-43.19 -22.953338888)
001MF015004
001MF015014
001MF015019
001MF017
001MF018001
001MF018002
001MF018003
001MF018005
001MF019
001MF020
Point(-43.155669444 -22.790427777)
001MF029014
001NV001001
001NV001002
Point(-43.19 -22.953338888)
001RJ001001
Point(-43.19 -22.953338888)
001RJ002
001RJ003
001RJ004003
001RJ005003
001RJ005004
001RJ005005
001RJ005006
001RJ007001
001RJ007002
001RJ007003
Point(-43.19 -22.953338888)
001RJ008001
001RO001002
001RO001003
001RO001004
001RO001006
001RO001007
001RO001008
001RO001009
001RO001010
001RO001011
001RO001013
001RO001014
001RO001015
001RO001025
001RO002001
001RO002002
001RO002003
001RO002004
001RO002005
001RO002006
Point(-43.19 -22.953338888)
001RO002007
Point(-43.19 -22.953338888)
001RO002008
Point(-43.17666667 -22.90805556)
001RO002009
001RO002010
Point(-43.180697222 -22.967033333)
001RO002011
001RO002012
001RO002013
Point(-43.180697222 -22.967033333)
001RO002014
001RO002016
001RO002017
001RO002018
001RO002019
001RO002020
001RO002021
001RO002022
Point(-43.17666667 -22.90805556)
001RO002023
001RO002024
Point(-43.18861111 -22.90666667)
001RO002025
001RO002026
001RO002027
001RO002029
001RO002032
Point(-43.17666667 -22.90805556)
001RO002033
001RO002034
001RO002035
001RO002036
001RO002037
001RO002038
001RO002039
001RR002
001RR004001
001RR004002
001RR004003
001RR004004
001RR004007
001RR005
001RR006001
001RR006002
001RR006003
001RR006004
001RR006006
001RR006007
001RR006008
001RR006009
001RR006010
001RR007001
001RR007002
001RR008
001SW001001
001SW001003
001SW001004
001SW001005
001TP001
002001MF002001
002002AMF002001
002002AMF002002
002002AMF002004
002002AMF002008
002003AM001
002003AM002
002003AM003
002003AM004
002008AV001
002008AV003
002008AV004
002008AV005-
002008AV006
002008AV007
002008AV008
002008AV009
002008AV010
002008AV011
002008AV012
002008AV013
002008AV014
002008AV015
002008AV018
002008AV019
Point(-43.17349722 -22.92086389)
002008AV020
002008AV021
Point(-43.17349722 -22.92086389)
002008AV022
002008AV023
Point(-43.19 -22.953338888)
002008AV025
002008AV026
002008AV028
002008AV029
002008AV030
Point(-43.19 -22.953338888)
002008AV032
002008CP001
002008CP005
002008CP009
002008DV001
002008DV002
002008DV003
002008DV004
002008OBAC001
002008OBAC002
002008OBAC003
002008OBAC005
002008OBAC007
002008OBAC008
002008OBAC009
002008OBAC010
002008OBAC011
002008OBAC014
002008OBAC015
002008OBAC016
002008OBAC017
002008OBAC020
002008OBAC021
002008OBAC022
002008OBAC023
002008OBAC024
002008OBAC025
002008OBAC026
002008OBAC027
002008OBAC028
002008OBAC029
002008OBAC031
002008OBAC032
002008OBAC035
002008OBAC036
002008OBAC037
002008OBAC038
002008OBAC039
002008OBAC040
002008OBAC041
002010TM003
002010TM007
002010TM014
002010TM015
002010TM016
002010TM026
002010TM027
002010TM028
002010TM030
002010TM031
002010TM032
002010TM033
002010TM035
002010TM036
002010TM037
002010TM038
002012AM001
002012AM002
002012AM003
002012AM004
002012AM005
002012LP001
002014RJRJ003
Point(-43.19 -22.953338888)
002014RJRJ004
002014RJRJ005
Point(-43.19 -22.953338888)
002014RJRJ006
Point(-43.19 -22.953338888)
002014RJRJ007
002014RJRJ008
002014RJRJ009
002014RJRJ010
Point(-43.17349722 -22.92086389)
002014RJRJ011
002014RJRJ012
002014RJRJ013
002014RJRJ015
002014RJRJ016
002016BI002
Point(-43.1809 -22.94437)
002016BI003
Point(-43.17349722 -22.92086389)
002016BI004
Point(-43.1809 -22.94437)
002016BI005
Point(-43.17349722 -22.92086389)
002016BI006
002016BI008
002021GU001
