[32m2021-06-08 12:11:58[0m - dagster - [34mDEBUG[0m - calatog_main - ca67dd6b-f192-44ef-b6e9-b9d1837e393f - 4192 - dates_accuracy - LOGS_CAPTURED - Started capturing logs for solid: dates_accuracy.
[32m2021-06-08 12:11:58[0m - dagster - [34mDEBUG[0m - calatog_main - ca67dd6b-f192-44ef-b6e9-b9d1837e393f - 4192 - dates_accuracy - STEP_START - Started execution of step "dates_accuracy".
[32m2021-06-08 12:11:59[0m - dagster - [34mDEBUG[0m - calatog_main - ca67dd6b-f192-44ef-b6e9-b9d1837e393f - 4192 - dates_accuracy - LOADED_INPUT - Loaded input "df" using input manager "io_manager", from output "result" of step "organize_columns"
[32m2021-06-08 12:11:59[0m - dagster - [34mDEBUG[0m - calatog_main - ca67dd6b-f192-44ef-b6e9-b9d1837e393f - 4192 - dates_accuracy - STEP_INPUT - Got input "df" of type "Any". (Type check passed).
[32m2021-06-08 12:12:01[0m - dagster - [34mERROR[0m - [31mcalatog_main - ca67dd6b-f192-44ef-b6e9-b9d1837e393f - 4192 - dates_accuracy - STEP_FAILURE - Execution of step "dates_accuracy" failed.

dagster.core.errors.DagsterExecutionStepExecutionError: Error occurred while executing solid "dates_accuracy"::

KeyError: False

Stack Trace:
  File "/home/pitanga/.local/share/virtualenvs/situated-views-XI40jPuu/lib/python3.8/site-packages/dagster/core/execution/plan/utils.py", line 42, in solid_execution_error_boundary
    yield
  File "/home/pitanga/.local/share/virtualenvs/situated-views-XI40jPuu/lib/python3.8/site-packages/dagster/utils/__init__.py", line 382, in iterate_with_context
    next_output = next(iterator)
  File "/home/pitanga/.local/share/virtualenvs/situated-views-XI40jPuu/lib/python3.8/site-packages/dagster/core/execution/plan/compute.py", line 126, in execute_core_compute
    for step_output in _yield_compute_results(step_context, inputs, compute_fn):
  File "/home/pitanga/.local/share/virtualenvs/situated-views-XI40jPuu/lib/python3.8/site-packages/dagster/core/execution/plan/compute.py", line 92, in _yield_compute_results
    user_event_generator = compute_fn(SolidExecutionContext(step_context), inputs)
  File "/home/pitanga/.local/share/virtualenvs/situated-views-XI40jPuu/lib/python3.8/site-packages/dagster/core/definitions/decorators/solid.py", line 329, in compute
    result = fn(context, **kwargs) if context_arg_provided else fn(**kwargs)
  File "/mnt/d/IMS/situated-views/bin/solids/catalog.py", line 143, in dates_accuracy
    print((df.loc[startna, "id"]).tolist())
  File "/home/pitanga/.local/share/virtualenvs/situated-views-XI40jPuu/lib/python3.8/site-packages/pandas/core/indexing.py", line 889, in __getitem__
    return self._getitem_tuple(key)
  File "/home/pitanga/.local/share/virtualenvs/situated-views-XI40jPuu/lib/python3.8/site-packages/pandas/core/indexing.py", line 1060, in _getitem_tuple
    return self._getitem_lowerdim(tup)
  File "/home/pitanga/.local/share/virtualenvs/situated-views-XI40jPuu/lib/python3.8/site-packages/pandas/core/indexing.py", line 807, in _getitem_lowerdim
    section = self._getitem_axis(key, axis=i)
  File "/home/pitanga/.local/share/virtualenvs/situated-views-XI40jPuu/lib/python3.8/site-packages/pandas/core/indexing.py", line 1124, in _getitem_axis
    return self._get_label(key, axis=axis)
  File "/home/pitanga/.local/share/virtualenvs/situated-views-XI40jPuu/lib/python3.8/site-packages/pandas/core/indexing.py", line 1073, in _get_label
    return self.obj.xs(label, axis=axis)
  File "/home/pitanga/.local/share/virtualenvs/situated-views-XI40jPuu/lib/python3.8/site-packages/pandas/core/generic.py", line 3739, in xs
    loc = index.get_loc(key)
  File "/home/pitanga/.local/share/virtualenvs/situated-views-XI40jPuu/lib/python3.8/site-packages/pandas/core/indexes/base.py", line 3082, in get_loc
    raise KeyError(key) from err

The above exception was the direct cause of the following exception:
KeyError: False

Stack Trace:
  File "/home/pitanga/.local/share/virtualenvs/situated-views-XI40jPuu/lib/python3.8/site-packages/pandas/core/indexes/base.py", line 3080, in get_loc
    return self._engine.get_loc(casted_key)
  File "pandas/_libs/index.pyx", line 70, in pandas._libs.index.IndexEngine.get_loc
  File "pandas/_libs/index.pyx", line 98, in pandas._libs.index.IndexEngine.get_loc
  File "pandas/_libs/index_class_helper.pxi", line 89, in pandas._libs.index.Int64Engine._check_type
[0m
