[32m2021-07-22 15:50:13[0m - dagster - [34mDEBUG[0m - cumulus_pipeline - 028fab94-0e43-4578-bfeb-9c561262926e - 4323 - format_date - LOGS_CAPTURED - Started capturing logs for solid: format_date.
[32m2021-07-22 15:50:14[0m - dagster - [34mDEBUG[0m - cumulus_pipeline - 028fab94-0e43-4578-bfeb-9c561262926e - 4323 - format_date - STEP_START - Started execution of step "format_date".
[32m2021-07-22 15:50:14[0m - dagster - [34mDEBUG[0m - cumulus_pipeline - 028fab94-0e43-4578-bfeb-9c561262926e - 4323 - format_date - LOADED_INPUT - Loaded input "df" using input manager "io_manager", from output "result" of step "extract_dimensions"
[32m2021-07-22 15:50:14[0m - dagster - [34mDEBUG[0m - cumulus_pipeline - 028fab94-0e43-4578-bfeb-9c561262926e - 4323 - format_date - STEP_INPUT - Got input "df" of type "Any". (Type check passed).
[32m2021-07-22 15:50:16[0m - dagster - [34mERROR[0m - [31mcumulus_pipeline - 028fab94-0e43-4578-bfeb-9c561262926e - 4323 - format_date - STEP_FAILURE - Execution of step "format_date" failed.

dagster.core.errors.DagsterExecutionStepExecutionError: Error occurred while executing solid "format_date"::

ValueError: NaTType does not support strftime

Stack Trace:
  File "/home/pitanga/.local/share/virtualenvs/situated-views-etl-KhhASCmw/lib/python3.6/site-packages/dagster/core/execution/plan/utils.py", line 42, in solid_execution_error_boundary
    yield
  File "/home/pitanga/.local/share/virtualenvs/situated-views-etl-KhhASCmw/lib/python3.6/site-packages/dagster/utils/__init__.py", line 383, in iterate_with_context
    next_output = next(iterator)
  File "/home/pitanga/.local/share/virtualenvs/situated-views-etl-KhhASCmw/lib/python3.6/site-packages/dagster/core/execution/plan/compute_generator.py", line 65, in _coerce_solid_compute_fn_to_iterator
    result = fn(context, **kwargs) if context_arg_provided else fn(**kwargs)
  File "/mnt/e/situated-views-etl/solids/cumulus.py", line 192, in format_date
    df = df.apply(date_to_string, axis=1)
  File "/home/pitanga/.local/share/virtualenvs/situated-views-etl-KhhASCmw/lib/python3.6/site-packages/pandas/core/frame.py", line 7552, in apply
    return op.get_result()
  File "/home/pitanga/.local/share/virtualenvs/situated-views-etl-KhhASCmw/lib/python3.6/site-packages/pandas/core/apply.py", line 185, in get_result
    return self.apply_standard()
  File "/home/pitanga/.local/share/virtualenvs/situated-views-etl-KhhASCmw/lib/python3.6/site-packages/pandas/core/apply.py", line 276, in apply_standard
    results, res_index = self.apply_series_generator()
  File "/home/pitanga/.local/share/virtualenvs/situated-views-etl-KhhASCmw/lib/python3.6/site-packages/pandas/core/apply.py", line 305, in apply_series_generator
    results[i] = self.f(v)
  File "/mnt/e/situated-views-etl/solids/cumulus.py", line 184, in date_to_string
    return row["Date"].strftime("%Y") + " circa"
  File "pandas/_libs/tslibs/nattype.pyx", line 69, in pandas._libs.tslibs.nattype._make_error_func.f
[0m
