[32m2021-12-22 18:59:55[0m - dagster - [34mDEBUG[0m - camera_pipeline - 4682c967-ac6d-4aa7-abaa-d0d70d441848 - 1751 - create_feature - LOGS_CAPTURED - Started capturing logs for solid: create_feature.
[32m2021-12-22 18:59:55[0m - dagster - [34mDEBUG[0m - camera_pipeline - 4682c967-ac6d-4aa7-abaa-d0d70d441848 - 1751 - create_feature - STEP_START - Started execution of step "create_feature".
[32m2021-12-22 18:59:56[0m - dagster - [34mDEBUG[0m - camera_pipeline - 4682c967-ac6d-4aa7-abaa-d0d70d441848 - 1751 - create_feature - LOADED_INPUT - Loaded input "kmls" using input manager "io_manager", from output "result" of step "correct_altitude_mode"
[32m2021-12-22 18:59:56[0m - dagster - [34mDEBUG[0m - camera_pipeline - 4682c967-ac6d-4aa7-abaa-d0d70d441848 - 1751 - create_feature - LOADED_INPUT - Loaded input "metadata" using input manager "metadata_root"
[32m2021-12-22 18:59:56[0m - dagster - [34mDEBUG[0m - camera_pipeline - 4682c967-ac6d-4aa7-abaa-d0d70d441848 - 1751 - create_feature - STEP_INPUT - Got input "kmls" of type "type_list_of_kmls". (Type check passed).
[32m2021-12-22 18:59:57[0m - dagster - [34mDEBUG[0m - camera_pipeline - 4682c967-ac6d-4aa7-abaa-d0d70d441848 - 1751 - create_feature - STEP_INPUT - Got input "metadata" of type "metadata_dataframe_types". (Type check passed).
KMLS:   0%|          | 0/12 [00:00<?, ?it/s][32m2021-12-22 18:59:57[0m - dagster - [34mINFO[0m - camera_pipeline - 4682c967-ac6d-4aa7-abaa-d0d70d441848 - create_feature - ERROR: '2093005' no ID: 2093005
KMLS:   8%|â–Š         | 1/12 [00:00<00:02,  5.01it/s][32m2021-12-22 18:59:58[0m - dagster - [34mINFO[0m - camera_pipeline - 4682c967-ac6d-4aa7-abaa-d0d70d441848 - create_feature - ERROR: 'NoneType' object has no attribute 'group' no ID: 0071824CX081-09
KMLS:  17%|â–ˆâ–‹        | 2/12 [00:00<00:02,  3.58it/s][32m2021-12-22 18:59:58[0m - dagster - [34mINFO[0m - camera_pipeline - 4682c967-ac6d-4aa7-abaa-d0d70d441848 - create_feature - OK: 0073040AVULSOSCX001E050-12
KMLS:  25%|â–ˆâ–ˆâ–Œ       | 3/12 [00:00<00:02,  3.84it/s][32m2021-12-22 18:59:58[0m - dagster - [34mINFO[0m - camera_pipeline - 4682c967-ac6d-4aa7-abaa-d0d70d441848 - create_feature - ERROR: '007A5P3FG2-069-070' no ID: 007A5P3FG2-069-070
KMLS:  33%|â–ˆâ–ˆâ–ˆâ–Ž      | 4/12 [00:01<00:02,  3.66it/s][32m2021-12-22 18:59:58[0m - dagster - [34mINFO[0m - camera_pipeline - 4682c967-ac6d-4aa7-abaa-d0d70d441848 - create_feature - ERROR: '007A5P4F01-36' no ID: 007A5P4F01-36
KMLS:  42%|â–ˆâ–ˆâ–ˆâ–ˆâ–     | 5/12 [00:01<00:01,  3.83it/s][32m2021-12-22 18:59:59[0m - dagster - [34mINFO[0m - camera_pipeline - 4682c967-ac6d-4aa7-abaa-d0d70d441848 - create_feature - OK: 007CX025-06
KMLS:  50%|â–ˆâ–ˆâ–ˆâ–ˆâ–ˆ     | 6/12 [00:01<00:01,  3.83it/s][32m2021-12-22 18:59:59[0m - dagster - [34mINFO[0m - camera_pipeline - 4682c967-ac6d-4aa7-abaa-d0d70d441848 - create_feature - OK: 007CX179-03
KMLS:  58%|â–ˆâ–ˆâ–ˆâ–ˆâ–ˆâ–Š    | 7/12 [00:01<00:01,  3.50it/s][32m2021-12-22 18:59:59[0m - dagster - [34mINFO[0m - camera_pipeline - 4682c967-ac6d-4aa7-abaa-d0d70d441848 - create_feature - ERROR: '02055REVDAARMADA084' no ID: 02055REVDAARMADA084
KMLS:  67%|â–ˆâ–ˆâ–ˆâ–ˆâ–ˆâ–ˆâ–‹   | 8/12 [00:02<00:01,  3.58it/s][32m2021-12-22 19:00:00[0m - dagster - [34mINFO[0m - camera_pipeline - 4682c967-ac6d-4aa7-abaa-d0d70d441848 - create_feature - ERROR: '2175340' no ID: 2175340
KMLS:  75%|â–ˆâ–ˆâ–ˆâ–ˆâ–ˆâ–ˆâ–ˆâ–Œ  | 9/12 [00:02<00:00,  3.92it/s][32m2021-12-22 19:00:00[0m - dagster - [34mINFO[0m - camera_pipeline - 4682c967-ac6d-4aa7-abaa-d0d70d441848 - create_feature - ERROR: '2522145' no ID: 2522145
KMLS:  83%|â–ˆâ–ˆâ–ˆâ–ˆâ–ˆâ–ˆâ–ˆâ–ˆâ–Ž | 10/12 [00:02<00:00,  3.53it/s][32m2021-12-22 19:00:00[0m - dagster - [34mINFO[0m - camera_pipeline - 4682c967-ac6d-4aa7-abaa-d0d70d441848 - create_feature - ERROR: '2522172' no ID: 2522172
KMLS:  92%|â–ˆâ–ˆâ–ˆâ–ˆâ–ˆâ–ˆâ–ˆâ–ˆâ–ˆâ–| 11/12 [00:03<00:00,  3.50it/s][32m2021-12-22 19:00:01[0m - dagster - [34mINFO[0m - camera_pipeline - 4682c967-ac6d-4aa7-abaa-d0d70d441848 - create_feature - ERROR: 'NoneType' object has no attribute 'group' no ID: 31761910
KMLS: 100%|â–ˆâ–ˆâ–ˆâ–ˆâ–ˆâ–ˆâ–ˆâ–ˆâ–ˆâ–ˆ| 12/12 [00:03<00:00,  3.31it/s]KMLS: 100%|â–ˆâ–ˆâ–ˆâ–ˆâ–ˆâ–ˆâ–ˆâ–ˆâ–ˆâ–ˆ| 12/12 [00:03<00:00,  3.58it/s]
[32m2021-12-22 19:00:01[0m - dagster - [34mDEBUG[0m - camera_pipeline - 4682c967-ac6d-4aa7-abaa-d0d70d441848 - 1751 - create_feature - STEP_OUTPUT - Yielded output "result" of type "type_list_of_features". (Type check passed).
[32m2021-12-22 19:00:01[0m - dagster - [34mDEBUG[0m - camera_pipeline - 4682c967-ac6d-4aa7-abaa-d0d70d441848 - 1751 - create_feature - HANDLED_OUTPUT - Handled output "result" using IO manager "io_manager"
[32m2021-12-22 19:00:01[0m - dagster - [34mDEBUG[0m - camera_pipeline - 4682c967-ac6d-4aa7-abaa-d0d70d441848 - 1751 - create_feature - STEP_SUCCESS - Finished execution of step "create_feature" in 3.83s.
